2021-11-23 10:58:20.405  INFO 12192 --- [main] f.d.A.AppliCfaBackApplication            : Starting AppliCfaBackApplication on PG77700-8SWHHX2 with PID 12192 (C:\Users\Admin stagiaire.DESKTOP-8967908\Desktop\Projet_CFA\AppliCFA_Back\cfa-portal-api\target\classes started by Admin stagiaire in C:\Users\Admin stagiaire.DESKTOP-8967908\Desktop\Projet_CFA\AppliCFA_Back\cfa-portal-api)
2021-11-23 10:58:20.408  INFO 12192 --- [main] f.d.A.AppliCfaBackApplication            : No active profile set, falling back to default profiles: default
2021-11-23 10:58:21.345  INFO 12192 --- [main] .s.d.r.c.RepositoryConfigurationDelegate : Bootstrapping Spring Data JPA repositories in DEFERRED mode.
2021-11-23 10:58:21.468  INFO 12192 --- [main] .s.d.r.c.RepositoryConfigurationDelegate : Finished Spring Data repository scanning in 115ms. Found 26 JPA repository interfaces.
2021-11-23 10:58:21.871  INFO 12192 --- [main] o.s.b.w.embedded.tomcat.TomcatWebServer  : Tomcat initialized with port(s): 8080 (http)
2021-11-23 10:58:21.879  INFO 12192 --- [main] o.apache.catalina.core.StandardService   : Starting service [Tomcat]
2021-11-23 10:58:21.880  INFO 12192 --- [main] org.apache.catalina.core.StandardEngine  : Starting Servlet engine: [Apache Tomcat/9.0.36]
2021-11-23 10:58:21.975  INFO 12192 --- [main] o.a.c.c.C.[Tomcat].[localhost].[/]       : Initializing Spring embedded WebApplicationContext
2021-11-23 10:58:21.975  INFO 12192 --- [main] w.s.c.ServletWebServerApplicationContext : Root WebApplicationContext: initialization completed in 1524 ms
2021-11-23 10:58:22.178  INFO 12192 --- [main] o.s.s.concurrent.ThreadPoolTaskExecutor  : Initializing ExecutorService 'applicationTaskExecutor'
2021-11-23 10:58:22.221  INFO 12192 --- [task-1] o.hibernate.jpa.internal.util.LogHelper  : HHH000204: Processing PersistenceUnitInfo [name: default]
2021-11-23 10:58:22.269  INFO 12192 --- [task-1] org.hibernate.Version                    : HHH000412: Hibernate ORM core version 5.4.17.Final
2021-11-23 10:58:22.398  INFO 12192 --- [task-1] o.hibernate.annotations.common.Version   : HCANN000001: Hibernate Commons Annotations {5.1.0.Final}
2021-11-23 10:58:22.483  INFO 12192 --- [task-1] com.zaxxer.hikari.HikariDataSource       : HikariPool-1 - Starting...
2021-11-23 10:58:22.493  WARN 12192 --- [main] JpaBaseConfiguration$JpaWebConfiguration : spring.jpa.open-in-view is enabled by default. Therefore, database queries may be performed during view rendering. Explicitly configure spring.jpa.open-in-view to disable this warning
2021-11-23 10:58:22.546  INFO 12192 --- [task-1] com.zaxxer.hikari.HikariDataSource       : HikariPool-1 - Start completed.
2021-11-23 10:58:22.564  INFO 12192 --- [task-1] org.hibernate.dialect.Dialect            : HHH000400: Using dialect: org.hibernate.dialect.MariaDBDialect
2021-11-23 10:58:23.736  INFO 12192 --- [task-1] o.h.e.t.j.p.i.JtaPlatformInitiator       : HHH000490: Using JtaPlatform implementation: [org.hibernate.engine.transaction.jta.platform.internal.NoJtaPlatform]
2021-11-23 10:58:23.741  INFO 12192 --- [task-1] j.LocalContainerEntityManagerFactoryBean : Initialized JPA EntityManagerFactory for persistence unit 'default'
2021-11-23 10:58:23.772  INFO 12192 --- [main] o.s.b.a.e.web.EndpointLinksResolver      : Exposing 14 endpoint(s) beneath base path '/actuator'
2021-11-23 10:58:23.820  INFO 12192 --- [main] o.s.b.w.embedded.tomcat.TomcatWebServer  : Tomcat started on port(s): 8080 (http) with context path ''
2021-11-23 10:58:23.821  INFO 12192 --- [main] DeferredRepositoryInitializationListener : Triggering deferred initialization of Spring Data repositories…
2021-11-23 10:58:24.560  INFO 12192 --- [main] DeferredRepositoryInitializationListener : Spring Data repositories initialized!
2021-11-23 10:58:24.571  INFO 12192 --- [main] f.d.A.AppliCfaBackApplication            : Started AppliCfaBackApplication in 4.464 seconds (JVM running for 5.356)
2021-11-23 10:58:26.079  INFO 12192 --- [RMI TCP Connection(3)-127.0.0.1] o.a.c.c.C.[Tomcat].[localhost].[/]       : Initializing Spring DispatcherServlet 'dispatcherServlet'
2021-11-23 10:58:26.079  INFO 12192 --- [RMI TCP Connection(3)-127.0.0.1] o.s.web.servlet.DispatcherServlet        : Initializing Servlet 'dispatcherServlet'
2021-11-23 10:58:26.083  INFO 12192 --- [RMI TCP Connection(3)-127.0.0.1] o.s.web.servlet.DispatcherServlet        : Completed initialization in 4 ms
