#
# There is insufficient memory for the Java Runtime Environment to continue.
# Native memory allocation (mmap) failed to map 167772160 bytes for G1 virtual space
# Possible reasons:
#   The system is out of physical RAM or swap space
#   The process is running with CompressedOops enabled, and the Java Heap may be blocking the growth of the native heap
# Possible solutions:
#   Reduce memory load on the system
#   Increase physical memory or swap space
#   Check if swap backing store is full
#   Decrease Java heap size (-Xmx/-Xms)
#   Decrease number of Java threads
#   Decrease Java thread stack sizes (-Xss)
#   Set larger code cache with -XX:ReservedCodeCacheSize=
#   JVM is running with Zero Based Compressed Oops mode in which the Java heap is
#     placed in the first 32GB address space. The Java Heap base address is the
#     maximum limit for the native heap growth. Please use -XX:HeapBaseMinAddress
#     to set the Java Heap base and to place the Java Heap above 32GB virtual address.
# This output file may be truncated or incomplete.
#
#  Out of Memory Error (os_windows.cpp:3469), pid=7864, tid=22284
#
# JRE version: OpenJDK Runtime Environment Temurin-17.0.1+12 (17.0.1+12) (build 17.0.1+12)
# Java VM: OpenJDK 64-Bit Server VM Temurin-17.0.1+12 (17.0.1+12, mixed mode, emulated-client, tiered, compressed oops, compressed class ptrs, g1 gc, windows-amd64)
# No core dump will be written. Minidumps are not enabled by default on client versions of Windows
#

---------------  S U M M A R Y ------------

Command Line: -Dcom.sun.management.jmxremote -Dcom.sun.management.jmxremote.port=52551 -Dcom.sun.management.jmxremote.authenticate=false -Dcom.sun.management.jmxremote.ssl=false -Djava.rmi.server.hostname=localhost -Dspring.jmx.enabled=true -Dspring.application.admin.enabled=true -XX:TieredStopAtLevel=1 -Dspring.boot.project.name=AppliCFABack_AppliCFABack -Dfile.encoding=UTF-8 -XX:+ShowCodeDetailsInExceptionMessages fr.dawan.AppliCFABack.AppliCfaBackApplication --spring.output.ansi.enabled=always --spring.config.location=classpath:application-dev.properties

Host: Intel(R) Core(TM) i7-10750H CPU @ 2.60GHz, 12 cores, 15G,  Windows 10 , 64 bit Build 19041 (10.0.19041.2251)
Time: Sat Dec 10 12:00:20 2022 Paris, Madrid elapsed time: 1405.530092 seconds (0d 0h 23m 25s)

---------------  T H R E A D  ---------------

Current thread (0x0000021b1802b260):  VMThread "VM Thread" [stack: 0x00000092d4500000,0x00000092d4600000] [id=22284]

Stack: [0x00000092d4500000,0x00000092d4600000]
Native frames: (J=compiled Java code, j=interpreted, Vv=VM code, C=native code)
V  [jvm.dll+0x6744da]
V  [jvm.dll+0x82e144]
V  [jvm.dll+0x82f8ee]
V  [jvm.dll+0x82ff53]
V  [jvm.dll+0x245175]
V  [jvm.dll+0x6714c9]
V  [jvm.dll+0x665f92]
V  [jvm.dll+0x303c3b]
V  [jvm.dll+0x30b176]
V  [jvm.dll+0x35af1e]
V  [jvm.dll+0x35b14f]
V  [jvm.dll+0x2dab78]
V  [jvm.dll+0x2d8e2c]
V  [jvm.dll+0x2d83fc]
V  [jvm.dll+0x31c24b]
V  [jvm.dll+0x8343bb]
V  [jvm.dll+0x8350f4]
V  [jvm.dll+0x83560c]
V  [jvm.dll+0x8359e4]
V  [jvm.dll+0x835ab0]
V  [jvm.dll+0x7de51a]
V  [jvm.dll+0x673305]
C  [ucrtbase.dll+0x21bb2]
C  [KERNEL32.DLL+0x174b4]
C  [ntdll.dll+0x526a1]

VM_Operation (0x00000092d7afb6d0): G1CollectForAllocation, mode: safepoint, requested by thread 0x0000021b1e70b3c0


---------------  P R O C E S S  ---------------

Threads class SMR info:
_java_thread_list=0x0000021b24d4e950, length=54, elements={
0x0000021b18051260, 0x0000021b18052780, 0x0000021b180784c0, 0x0000021b1807ad90,
0x0000021b1807bdf0, 0x0000021b18080350, 0x0000021b180833d0, 0x0000021b18088840,
0x0000021b1817e7e0, 0x0000021b182647d0, 0x0000021b18a1f480, 0x0000021b18a1f950,
0x0000021b18a68ce0, 0x0000021b18add840, 0x0000021b18af6b20, 0x0000021b19badee0,
0x0000021b19bae3b0, 0x0000021b19bad540, 0x0000021b19bad070, 0x0000021b19bada10,
0x0000021b19bae880, 0x0000021b1a7fe520, 0x0000021b1a801070, 0x0000021b1a800ba0,
0x0000021b1a801540, 0x0000021b1a7fe9f0, 0x0000021b1a7fdb80, 0x0000021b1a7fe050,
0x0000021b1e70df10, 0x0000021b1e70d0a0, 0x0000021b1e70e3e0, 0x0000021b1e70b3c0,
0x0000021b1e70aef0, 0x0000021b1e70a080, 0x0000021b1e70cbd0, 0x0000021b1e70d570,
0x0000021b1e70da40, 0x0000021b1e70e8b0, 0x0000021b1e70b890, 0x0000021b1e70bd60,
0x0000021b1e7096e0, 0x0000021b1e70aa20, 0x0000021b1e707a00, 0x0000021b1e70a550,
0x0000021b1e70c230, 0x0000021b1e7083a0, 0x0000021b1e707ed0, 0x0000021b1e707060,
0x0000021b1e70c700, 0x0000021b1e707530, 0x0000021b1e709bb0, 0x0000021b1e708870,
0x0000021b1e709210, 0x0000021b1e4df3e0
}

Java Threads: ( => current thread )
  0x0000021b18051260 JavaThread "Reference Handler" daemon [_thread_blocked, id=28384, stack(0x00000092d4600000,0x00000092d4700000)]
  0x0000021b18052780 JavaThread "Finalizer" daemon [_thread_blocked, id=13200, stack(0x00000092d4700000,0x00000092d4800000)]
  0x0000021b180784c0 JavaThread "Signal Dispatcher" daemon [_thread_blocked, id=24188, stack(0x00000092d4800000,0x00000092d4900000)]
  0x0000021b1807ad90 JavaThread "Attach Listener" daemon [_thread_blocked, id=25056, stack(0x00000092d4900000,0x00000092d4a00000)]
  0x0000021b1807bdf0 JavaThread "Service Thread" daemon [_thread_blocked, id=16196, stack(0x00000092d4a00000,0x00000092d4b00000)]
  0x0000021b18080350 JavaThread "Monitor Deflation Thread" daemon [_thread_blocked, id=2552, stack(0x00000092d4b00000,0x00000092d4c00000)]
  0x0000021b180833d0 JavaThread "C1 CompilerThread0" daemon [_thread_blocked, id=22544, stack(0x00000092d4c00000,0x00000092d4d00000)]
  0x0000021b18088840 JavaThread "Sweeper thread" daemon [_thread_blocked, id=2748, stack(0x00000092d4d00000,0x00000092d4e00000)]
  0x0000021b1817e7e0 JavaThread "Common-Cleaner" daemon [_thread_blocked, id=27588, stack(0x00000092d4e00000,0x00000092d4f00000)]
  0x0000021b182647d0 JavaThread "Notification Thread" daemon [_thread_blocked, id=25948, stack(0x00000092d5000000,0x00000092d5100000)]
  0x0000021b18a1f480 JavaThread "RMI TCP Accept-0" daemon [_thread_in_native, id=28212, stack(0x00000092d5300000,0x00000092d5400000)]
  0x0000021b18a1f950 JavaThread "RMI TCP Accept-52551" daemon [_thread_in_native, id=26500, stack(0x00000092d5400000,0x00000092d5500000)]
  0x0000021b18a68ce0 JavaThread "RMI TCP Accept-0" daemon [_thread_in_native, id=11732, stack(0x00000092d5a00000,0x00000092d5b00000)]
  0x0000021b18add840 JavaThread "RMI Scheduler(0)" daemon [_thread_blocked, id=27912, stack(0x00000092d5d00000,0x00000092d5e00000)]
  0x0000021b18af6b20 JavaThread "JMX server connection timeout 22" daemon [_thread_blocked, id=27944, stack(0x00000092d5f00000,0x00000092d6000000)]
  0x0000021b19badee0 JavaThread "logback-1" daemon [_thread_blocked, id=28676, stack(0x00000092d6700000,0x00000092d6800000)]
  0x0000021b19bae3b0 JavaThread "RMI TCP Connection(3)-127.0.0.1" daemon [_thread_in_native, id=27268, stack(0x00000092d6400000,0x00000092d6500000)]
  0x0000021b19bad540 JavaThread "JMX server connection timeout 372" daemon [_thread_blocked, id=28420, stack(0x00000092d6800000,0x00000092d6900000)]
  0x0000021b19bad070 JavaThread "Catalina-utility-1" [_thread_blocked, id=2364, stack(0x00000092d6900000,0x00000092d6a00000)]
  0x0000021b19bada10 JavaThread "Catalina-utility-2" [_thread_blocked, id=13352, stack(0x00000092d6a00000,0x00000092d6b00000)]
  0x0000021b19bae880 JavaThread "container-0" [_thread_blocked, id=16616, stack(0x00000092d6b00000,0x00000092d6c00000)]
  0x0000021b1a7fe520 JavaThread "mysql-cj-abandoned-connection-cleanup" daemon [_thread_blocked, id=16788, stack(0x00000092d6d00000,0x00000092d6e00000)]
  0x0000021b1a801070 JavaThread "HikariPool-1 housekeeper" daemon [_thread_blocked, id=28460, stack(0x00000092d6f00000,0x00000092d7000000)]
  0x0000021b1a800ba0 JavaThread "http-nio-8085-BlockPoller" daemon [_thread_in_native, id=13180, stack(0x00000092d7200000,0x00000092d7300000)]
  0x0000021b1a801540 JavaThread "http-nio-8085-exec-1" daemon [_thread_blocked, id=28520, stack(0x00000092d7300000,0x00000092d7400000)]
  0x0000021b1a7fe9f0 JavaThread "http-nio-8085-exec-2" daemon [_thread_blocked, id=28476, stack(0x00000092d7400000,0x00000092d7500000)]
  0x0000021b1a7fdb80 JavaThread "http-nio-8085-exec-3" daemon [_thread_blocked, id=25280, stack(0x00000092d7500000,0x00000092d7600000)]
  0x0000021b1a7fe050 JavaThread "http-nio-8085-exec-4" daemon [_thread_blocked, id=25696, stack(0x00000092d7600000,0x00000092d7700000)]
  0x0000021b1e70df10 JavaThread "http-nio-8085-exec-5" daemon [_thread_blocked, id=29408, stack(0x00000092d7700000,0x00000092d7800000)]
  0x0000021b1e70d0a0 JavaThread "http-nio-8085-exec-6" daemon [_thread_blocked, id=23576, stack(0x00000092d7800000,0x00000092d7900000)]
  0x0000021b1e70e3e0 JavaThread "http-nio-8085-exec-7" daemon [_thread_blocked, id=27240, stack(0x00000092d7900000,0x00000092d7a00000)]
  0x0000021b1e70b3c0 JavaThread "http-nio-8085-exec-8" daemon [_thread_blocked, id=27668, stack(0x00000092d7a00000,0x00000092d7b00000)]
  0x0000021b1e70aef0 JavaThread "http-nio-8085-exec-9" daemon [_thread_blocked, id=24960, stack(0x00000092d7b00000,0x00000092d7c00000)]
  0x0000021b1e70a080 JavaThread "http-nio-8085-exec-10" daemon [_thread_blocked, id=16256, stack(0x00000092d7c00000,0x00000092d7d00000)]
  0x0000021b1e70cbd0 JavaThread "http-nio-8085-ClientPoller" daemon [_thread_in_native, id=17208, stack(0x00000092d7d00000,0x00000092d7e00000)]
  0x0000021b1e70d570 JavaThread "http-nio-8085-Acceptor" daemon [_thread_in_native, id=24836, stack(0x00000092d7e00000,0x00000092d7f00000)]
  0x0000021b1e70da40 JavaThread "Catalina-utility-1" [_thread_blocked, id=8164, stack(0x00000092d7f00000,0x00000092d8000000)]
  0x0000021b1e70e8b0 JavaThread "Catalina-utility-2" [_thread_blocked, id=9464, stack(0x00000092d8000000,0x00000092d8100000)]
  0x0000021b1e70b890 JavaThread "container-1" [_thread_blocked, id=26248, stack(0x00000092d8100000,0x00000092d8200000)]
  0x0000021b1e70bd60 JavaThread "http-nio-8086-BlockPoller" daemon [_thread_in_native, id=9200, stack(0x00000092d8200000,0x00000092d8300000)]
  0x0000021b1e7096e0 JavaThread "http-nio-8086-exec-1" daemon [_thread_blocked, id=13232, stack(0x00000092d8300000,0x00000092d8400000)]
  0x0000021b1e70aa20 JavaThread "http-nio-8086-exec-2" daemon [_thread_blocked, id=4584, stack(0x00000092d8600000,0x00000092d8700000)]
  0x0000021b1e707a00 JavaThread "http-nio-8086-exec-3" daemon [_thread_blocked, id=12920, stack(0x00000092d8700000,0x00000092d8800000)]
  0x0000021b1e70a550 JavaThread "http-nio-8086-exec-4" daemon [_thread_blocked, id=21668, stack(0x00000092d8800000,0x00000092d8900000)]
  0x0000021b1e70c230 JavaThread "http-nio-8086-exec-5" daemon [_thread_blocked, id=14236, stack(0x00000092d8900000,0x00000092d8a00000)]
  0x0000021b1e7083a0 JavaThread "http-nio-8086-exec-6" daemon [_thread_blocked, id=19988, stack(0x00000092d8a00000,0x00000092d8b00000)]
  0x0000021b1e707ed0 JavaThread "http-nio-8086-exec-7" daemon [_thread_blocked, id=14588, stack(0x00000092d8b00000,0x00000092d8c00000)]
  0x0000021b1e707060 JavaThread "http-nio-8086-exec-8" daemon [_thread_blocked, id=24672, stack(0x00000092d8c00000,0x00000092d8d00000)]
  0x0000021b1e70c700 JavaThread "http-nio-8086-exec-9" daemon [_thread_blocked, id=29304, stack(0x00000092d8d00000,0x00000092d8e00000)]
  0x0000021b1e707530 JavaThread "http-nio-8086-exec-10" daemon [_thread_blocked, id=29328, stack(0x00000092d8e00000,0x00000092d8f00000)]
  0x0000021b1e709bb0 JavaThread "http-nio-8086-ClientPoller" daemon [_thread_in_native, id=12544, stack(0x00000092d8f00000,0x00000092d9000000)]
  0x0000021b1e708870 JavaThread "http-nio-8086-Acceptor" daemon [_thread_in_native, id=6316, stack(0x00000092d9000000,0x00000092d9100000)]
  0x0000021b1e709210 JavaThread "RMI TCP Connection(idle)" daemon [_thread_blocked, id=8124, stack(0x00000092d9100000,0x00000092d9200000)]
  0x0000021b1e4df3e0 JavaThread "DestroyJavaVM" [_thread_blocked, id=23140, stack(0x00000092d3f00000,0x00000092d4000000)]

Other Threads:
=>0x0000021b1802b260 VMThread "VM Thread" [stack: 0x00000092d4500000,0x00000092d4600000] [id=22284]
  0x0000021b049784d0 WatcherThread [stack: 0x00000092d5b00000,0x00000092d5c00000] [id=26852]
  0x0000021b04960550 GCTaskThread "GC Thread#0" [stack: 0x00000092d4000000,0x00000092d4100000] [id=23652]
  0x0000021b18a1fe20 GCTaskThread "GC Thread#1" [stack: 0x00000092d5500000,0x00000092d5600000] [id=28404]
  0x0000021b189b4a70 GCTaskThread "GC Thread#2" [stack: 0x00000092d5600000,0x00000092d5700000] [id=3388]
  0x0000021b189b4d20 GCTaskThread "GC Thread#3" [stack: 0x00000092d5700000,0x00000092d5800000] [id=14916]
  0x0000021b189b4fd0 GCTaskThread "GC Thread#4" [stack: 0x00000092d5800000,0x00000092d5900000] [id=22496]
  0x0000021b189b5280 GCTaskThread "GC Thread#5" [stack: 0x00000092d5900000,0x00000092d5a00000] [id=16988]
  0x0000021b19c1c020 GCTaskThread "GC Thread#6" [stack: 0x00000092d6000000,0x00000092d6100000] [id=12620]
  0x0000021b19c49b90 GCTaskThread "GC Thread#7" [stack: 0x00000092d6100000,0x00000092d6200000] [id=26316]
  0x0000021b19c49e40 GCTaskThread "GC Thread#8" [stack: 0x00000092d6200000,0x00000092d6300000] [id=26484]
  0x0000021b19c4a0f0 GCTaskThread "GC Thread#9" [stack: 0x00000092d6300000,0x00000092d6400000] [id=27984]
  0x0000021b04971790 ConcurrentGCThread "G1 Main Marker" [stack: 0x00000092d4100000,0x00000092d4200000] [id=4908]
  0x0000021b049720b0 ConcurrentGCThread "G1 Conc#0" [stack: 0x00000092d4200000,0x00000092d4300000] [id=25424]
  0x0000021b19d7d1e0 ConcurrentGCThread "G1 Conc#1" [stack: 0x00000092d6500000,0x00000092d6600000] [id=25420]
  0x0000021b19dea450 ConcurrentGCThread "G1 Conc#2" [stack: 0x00000092d6600000,0x00000092d6700000] [id=26788]
  0x0000021b049cde60 ConcurrentGCThread "G1 Refine#0" [stack: 0x00000092d4300000,0x00000092d4400000] [id=18036]
  0x0000021b1a75dbe0 ConcurrentGCThread "G1 Refine#1" [stack: 0x00000092d8400000,0x00000092d8500000] [id=27088]
  0x0000021b1a75d900 ConcurrentGCThread "G1 Refine#2" [stack: 0x00000092d8500000,0x00000092d8600000] [id=21456]
  0x0000021b049ce790 ConcurrentGCThread "G1 Service" [stack: 0x00000092d4400000,0x00000092d4500000] [id=14420]

Threads with active compile tasks:

VM state: at safepoint (normal execution)

VM Mutex/Monitor currently owned by a thread:  ([mutex/lock_event])
[0x0000021b0280b4b0] Threads_lock - owner thread: 0x0000021b1802b260
[0x0000021b0280bf60] Heap_lock - owner thread: 0x0000021b1e70b3c0

Heap address: 0x0000000703a00000, size: 4038 MB, Compressed Oops mode: Zero based, Oop shift amount: 3

CDS archive(s) not mapped
Compressed class space mapped at: 0x0000000800000000-0x0000000840000000, reserved size: 1073741824
Narrow klass base: 0x0000000800000000, Narrow klass shift: 0, Narrow klass range: 0x40000000

GC Precious Log:
 CPUs: 12 total, 12 available
 Memory: 16145M
 Large Page Support: Disabled
 NUMA Support: Disabled
 Compressed Oops: Enabled (Zero based)
 Heap Region Size: 2M
 Heap Min Capacity: 8M
 Heap Initial Capacity: 254M
 Heap Max Capacity: 4038M
 Pre-touch: Disabled
 Parallel Workers: 10
 Concurrent Workers: 3
 Concurrent Refinement Workers: 10
 Periodic GC: Disabled

Heap:
 garbage-first heap   total 634880K, used 159630K [0x0000000703a00000, 0x0000000800000000)
  region size 2048K, 15 young (30720K), 15 survivors (30720K)
 Metaspace       used 229840K, committed 238400K, reserved 1261568K
  class space    used 25154K, committed 30464K, reserved 1048576K

Heap Regions: E=young(eden), S=young(survivor), O=old, HS=humongous(starts), HC=humongous(continues), CS=collection set, F=free, OA=open archive, CA=closed archive, TAMS=top-at-mark-start (previous, next)
|   0|0x0000000703a00000, 0x0000000703c00000, 0x0000000703c00000|100%| O|  |TAMS 0x0000000703c00000, 0x0000000703a00000| Untracked 
|   1|0x0000000703c00000, 0x0000000703e00000, 0x0000000703e00000|100%| O|  |TAMS 0x0000000703e00000, 0x0000000703c00000| Untracked 
|   2|0x0000000703e00000, 0x0000000704000000, 0x0000000704000000|100%| O|  |TAMS 0x0000000704000000, 0x0000000703e00000| Untracked 
|   3|0x0000000704000000, 0x0000000704200000, 0x0000000704200000|100%| O|  |TAMS 0x0000000704200000, 0x0000000704000000| Untracked 
|   4|0x0000000704200000, 0x0000000704400000, 0x0000000704400000|100%| O|  |TAMS 0x0000000704400000, 0x0000000704200000| Untracked 
|   5|0x0000000704400000, 0x0000000704600000, 0x0000000704600000|100%| O|  |TAMS 0x0000000704600000, 0x0000000704400000| Untracked 
|   6|0x0000000704600000, 0x0000000704800000, 0x0000000704800000|100%| O|  |TAMS 0x0000000704800000, 0x0000000704600000| Untracked 
|   7|0x0000000704800000, 0x0000000704a00000, 0x0000000704a00000|100%| O|  |TAMS 0x0000000704a00000, 0x0000000704800000| Untracked 
|   8|0x0000000704a00000, 0x0000000704c00000, 0x0000000704c00000|100%| O|  |TAMS 0x0000000704c00000, 0x0000000704a00000| Untracked 
|   9|0x0000000704c00000, 0x0000000704e00000, 0x0000000704e00000|100%| O|  |TAMS 0x0000000704e00000, 0x0000000704c00000| Untracked 
|  10|0x0000000704e00000, 0x0000000705000000, 0x0000000705000000|100%| O|  |TAMS 0x0000000705000000, 0x0000000704e00000| Untracked 
|  11|0x0000000705000000, 0x0000000705200000, 0x0000000705200000|100%| O|  |TAMS 0x0000000705200000, 0x0000000705000000| Untracked 
|  12|0x0000000705200000, 0x0000000705400000, 0x0000000705400000|100%| O|  |TAMS 0x0000000705400000, 0x0000000705200000| Untracked 
|  13|0x0000000705400000, 0x0000000705600000, 0x0000000705600000|100%| O|  |TAMS 0x0000000705600000, 0x0000000705400000| Untracked 
|  14|0x0000000705600000, 0x0000000705800000, 0x0000000705800000|100%| O|  |TAMS 0x0000000705800000, 0x0000000705600000| Untracked 
|  15|0x0000000705800000, 0x0000000705a00000, 0x0000000705a00000|100%| O|  |TAMS 0x0000000705a00000, 0x0000000705800000| Untracked 
|  16|0x0000000705a00000, 0x0000000705c00000, 0x0000000705c00000|100%| O|  |TAMS 0x0000000705c00000, 0x0000000705a00000| Untracked 
|  17|0x0000000705c00000, 0x0000000705e00000, 0x0000000705e00000|100%| O|  |TAMS 0x0000000705e00000, 0x0000000705c00000| Untracked 
|  18|0x0000000705e00000, 0x0000000706000000, 0x0000000706000000|100%| O|  |TAMS 0x0000000705f21600, 0x0000000705e00000| Untracked 
|  19|0x0000000706000000, 0x0000000706200000, 0x0000000706200000|100%| O|  |TAMS 0x0000000706200000, 0x0000000706000000| Untracked 
|  20|0x0000000706200000, 0x0000000706400000, 0x0000000706400000|100%| O|  |TAMS 0x0000000706400000, 0x0000000706200000| Untracked 
|  21|0x0000000706400000, 0x0000000706600000, 0x0000000706600000|100%| O|  |TAMS 0x0000000706400000, 0x0000000706400000| Untracked 
|  22|0x0000000706600000, 0x0000000706800000, 0x0000000706800000|100%| O|  |TAMS 0x0000000706800000, 0x0000000706600000| Untracked 
|  23|0x0000000706800000, 0x0000000706a00000, 0x0000000706a00000|100%| O|  |TAMS 0x0000000706a00000, 0x0000000706800000| Untracked 
|  24|0x0000000706a00000, 0x0000000706c00000, 0x0000000706c00000|100%| O|  |TAMS 0x0000000706c00000, 0x0000000706a00000| Untracked 
|  25|0x0000000706c00000, 0x0000000706e00000, 0x0000000706e00000|100%| O|  |TAMS 0x0000000706e00000, 0x0000000706c00000| Untracked 
|  26|0x0000000706e00000, 0x0000000707000000, 0x0000000707000000|100%| O|  |TAMS 0x0000000707000000, 0x0000000706e00000| Untracked 
|  27|0x0000000707000000, 0x0000000707200000, 0x0000000707200000|100%| O|  |TAMS 0x0000000707200000, 0x0000000707000000| Untracked 
|  28|0x0000000707200000, 0x0000000707400000, 0x0000000707400000|100%| O|  |TAMS 0x0000000707400000, 0x0000000707200000| Untracked 
|  29|0x0000000707400000, 0x0000000707600000, 0x0000000707600000|100%| O|  |TAMS 0x0000000707600000, 0x0000000707400000| Untracked 
|  30|0x0000000707600000, 0x0000000707800000, 0x0000000707800000|100%| O|  |TAMS 0x0000000707800000, 0x0000000707600000| Untracked 
|  31|0x0000000707800000, 0x0000000707a00000, 0x0000000707a00000|100%| O|  |TAMS 0x0000000707a00000, 0x0000000707800000| Untracked 
|  32|0x0000000707a00000, 0x0000000707c00000, 0x0000000707c00000|100%| O|  |TAMS 0x0000000707c00000, 0x0000000707a00000| Untracked 
|  33|0x0000000707c00000, 0x0000000707e00000, 0x0000000707e00000|100%| O|  |TAMS 0x0000000707e00000, 0x0000000707c00000| Untracked 
|  34|0x0000000707e00000, 0x0000000708000000, 0x0000000708000000|100%| O|  |TAMS 0x0000000707e00000, 0x0000000707e00000| Untracked 
|  35|0x0000000708000000, 0x0000000708200000, 0x0000000708200000|100%| O|  |TAMS 0x0000000708200000, 0x0000000708000000| Untracked 
|  36|0x0000000708200000, 0x0000000708400000, 0x0000000708400000|100%| O|  |TAMS 0x0000000708400000, 0x0000000708200000| Untracked 
|  37|0x0000000708400000, 0x0000000708600000, 0x0000000708600000|100%| O|  |TAMS 0x0000000708400000, 0x0000000708400000| Untracked 
|  38|0x0000000708600000, 0x0000000708800000, 0x0000000708800000|100%| O|  |TAMS 0x0000000708800000, 0x0000000708600000| Untracked 
|  39|0x0000000708800000, 0x0000000708a00000, 0x0000000708a00000|100%| O|  |TAMS 0x0000000708a00000, 0x0000000708800000| Untracked 
|  40|0x0000000708a00000, 0x0000000708c00000, 0x0000000708c00000|100%| O|  |TAMS 0x0000000708c00000, 0x0000000708a00000| Untracked 
|  41|0x0000000708c00000, 0x0000000708da0e00, 0x0000000708e00000| 81%| O|  |TAMS 0x0000000708c00000, 0x0000000708c00000| Untracked 
|  42|0x0000000708e00000, 0x0000000709000000, 0x0000000709000000|100%| O|  |TAMS 0x0000000708e00000, 0x0000000708e00000| Untracked 
|  43|0x0000000709000000, 0x0000000709200000, 0x0000000709200000|100%| O|  |TAMS 0x0000000709000000, 0x0000000709000000| Untracked 
|  44|0x0000000709200000, 0x0000000709400000, 0x0000000709400000|100%| O|  |TAMS 0x0000000709200000, 0x0000000709200000| Untracked 
|  45|0x0000000709400000, 0x0000000709600000, 0x0000000709600000|100%| O|  |TAMS 0x0000000709400000, 0x0000000709400000| Untracked 
|  46|0x0000000709600000, 0x0000000709800000, 0x0000000709800000|100%| O|  |TAMS 0x0000000709600000, 0x0000000709600000| Untracked 
|  47|0x0000000709800000, 0x0000000709a00000, 0x0000000709a00000|100%| O|  |TAMS 0x0000000709800000, 0x0000000709800000| Untracked 
|  48|0x0000000709a00000, 0x0000000709c00000, 0x0000000709c00000|100%| O|  |TAMS 0x0000000709a00000, 0x0000000709a00000| Untracked 
|  49|0x0000000709c00000, 0x0000000709e00000, 0x0000000709e00000|100%| O|  |TAMS 0x0000000709c00000, 0x0000000709c00000| Untracked 
|  50|0x0000000709e00000, 0x000000070a000000, 0x000000070a000000|100%| O|  |TAMS 0x0000000709e00000, 0x0000000709e00000| Untracked 
|  51|0x000000070a000000, 0x000000070a200000, 0x000000070a200000|100%| O|  |TAMS 0x000000070a000000, 0x000000070a000000| Untracked 
|  52|0x000000070a200000, 0x000000070a400000, 0x000000070a400000|100%| O|  |TAMS 0x000000070a200000, 0x000000070a200000| Untracked 
|  53|0x000000070a400000, 0x000000070a600000, 0x000000070a600000|100%| O|  |TAMS 0x000000070a400000, 0x000000070a400000| Untracked 
|  54|0x000000070a600000, 0x000000070a800000, 0x000000070a800000|100%| O|  |TAMS 0x000000070a600000, 0x000000070a600000| Untracked 
|  55|0x000000070a800000, 0x000000070aa00000, 0x000000070aa00000|100%| O|  |TAMS 0x000000070a800000, 0x000000070a800000| Untracked 
|  56|0x000000070aa00000, 0x000000070ac00000, 0x000000070ac00000|100%| O|  |TAMS 0x000000070aa00000, 0x000000070aa00000| Untracked 
|  57|0x000000070ac00000, 0x000000070ae00000, 0x000000070ae00000|100%| O|  |TAMS 0x000000070ac00000, 0x000000070ac00000| Untracked 
|  58|0x000000070ae00000, 0x000000070b000000, 0x000000070b000000|100%| O|  |TAMS 0x000000070ae00000, 0x000000070ae00000| Untracked 
|  59|0x000000070b000000, 0x000000070b200000, 0x000000070b200000|100%| O|  |TAMS 0x000000070b000000, 0x000000070b000000| Untracked 
|  60|0x000000070b200000, 0x000000070b400000, 0x000000070b400000|100%| O|  |TAMS 0x000000070b200000, 0x000000070b200000| Untracked 
|  61|0x000000070b400000, 0x000000070b600000, 0x000000070b600000|100%| O|  |TAMS 0x000000070b400000, 0x000000070b400000| Untracked 
|  62|0x000000070b600000, 0x000000070b800000, 0x000000070b800000|100%| O|  |TAMS 0x000000070b600000, 0x000000070b600000| Untracked 
|  63|0x000000070b800000, 0x000000070b85bc00, 0x000000070ba00000| 17%| O|  |TAMS 0x000000070b800000, 0x000000070b800000| Untracked 
|  64|0x000000070ba00000, 0x000000070ba00000, 0x000000070bc00000|  0%| F|  |TAMS 0x000000070ba00000, 0x000000070ba00000| Untracked 
|  65|0x000000070bc00000, 0x000000070bc00000, 0x000000070be00000|  0%| F|  |TAMS 0x000000070bc00000, 0x000000070bc00000| Untracked 
|  66|0x000000070be00000, 0x000000070be00000, 0x000000070c000000|  0%| F|  |TAMS 0x000000070be00000, 0x000000070be00000| Untracked 
|  67|0x000000070c000000, 0x000000070c000000, 0x000000070c200000|  0%| F|  |TAMS 0x000000070c000000, 0x000000070c000000| Untracked 
|  68|0x000000070c200000, 0x000000070c200000, 0x000000070c400000|  0%| F|  |TAMS 0x000000070c200000, 0x000000070c200000| Untracked 
|  69|0x000000070c400000, 0x000000070c400000, 0x000000070c600000|  0%| F|  |TAMS 0x000000070c400000, 0x000000070c400000| Untracked 
|  70|0x000000070c600000, 0x000000070c600000, 0x000000070c800000|  0%| F|  |TAMS 0x000000070c600000, 0x000000070c600000| Untracked 
|  71|0x000000070c800000, 0x000000070c800000, 0x000000070ca00000|  0%| F|  |TAMS 0x000000070c800000, 0x000000070c800000| Untracked 
|  72|0x000000070ca00000, 0x000000070ca00000, 0x000000070cc00000|  0%| F|  |TAMS 0x000000070ca00000, 0x000000070ca00000| Untracked 
|  73|0x000000070cc00000, 0x000000070cc00000, 0x000000070ce00000|  0%| F|  |TAMS 0x000000070cc00000, 0x000000070cc00000| Untracked 
|  74|0x000000070ce00000, 0x000000070ce00000, 0x000000070d000000|  0%| F|  |TAMS 0x000000070ce00000, 0x000000070ce00000| Untracked 
|  75|0x000000070d000000, 0x000000070d000000, 0x000000070d200000|  0%| F|  |TAMS 0x000000070d000000, 0x000000070d000000| Untracked 
|  76|0x000000070d200000, 0x000000070d200000, 0x000000070d400000|  0%| F|  |TAMS 0x000000070d200000, 0x000000070d200000| Untracked 
|  77|0x000000070d400000, 0x000000070d400000, 0x000000070d600000|  0%| F|  |TAMS 0x000000070d400000, 0x000000070d400000| Untracked 
|  78|0x000000070d600000, 0x000000070d600000, 0x000000070d800000|  0%| F|  |TAMS 0x000000070d600000, 0x000000070d600000| Untracked 
|  79|0x000000070d800000, 0x000000070d800000, 0x000000070da00000|  0%| F|  |TAMS 0x000000070d800000, 0x000000070d800000| Untracked 
|  80|0x000000070da00000, 0x000000070da00000, 0x000000070dc00000|  0%| F|  |TAMS 0x000000070da00000, 0x000000070da00000| Untracked 
|  81|0x000000070dc00000, 0x000000070dc00000, 0x000000070de00000|  0%| F|  |TAMS 0x000000070dc00000, 0x000000070dc00000| Untracked 
|  82|0x000000070de00000, 0x000000070de00000, 0x000000070e000000|  0%| F|  |TAMS 0x000000070de00000, 0x000000070de00000| Untracked 
|  83|0x000000070e000000, 0x000000070e000000, 0x000000070e200000|  0%| F|  |TAMS 0x000000070e000000, 0x000000070e000000| Untracked 
|  84|0x000000070e200000, 0x000000070e200000, 0x000000070e400000|  0%| F|  |TAMS 0x000000070e200000, 0x000000070e200000| Untracked 
|  85|0x000000070e400000, 0x000000070e400000, 0x000000070e600000|  0%| F|  |TAMS 0x000000070e400000, 0x000000070e400000| Untracked 
|  86|0x000000070e600000, 0x000000070e600000, 0x000000070e800000|  0%| F|  |TAMS 0x000000070e600000, 0x000000070e600000| Untracked 
|  87|0x000000070e800000, 0x000000070e800000, 0x000000070ea00000|  0%| F|  |TAMS 0x000000070e800000, 0x000000070e800000| Untracked 
|  88|0x000000070ea00000, 0x000000070ea00000, 0x000000070ec00000|  0%| F|  |TAMS 0x000000070ea00000, 0x000000070ea00000| Untracked 
|  89|0x000000070ec00000, 0x000000070ec00000, 0x000000070ee00000|  0%| F|  |TAMS 0x000000070ec00000, 0x000000070ec00000| Untracked 
|  90|0x000000070ee00000, 0x000000070ee00000, 0x000000070f000000|  0%| F|  |TAMS 0x000000070ee00000, 0x000000070ee00000| Untracked 
|  91|0x000000070f000000, 0x000000070f000000, 0x000000070f200000|  0%| F|  |TAMS 0x000000070f000000, 0x000000070f000000| Untracked 
|  92|0x000000070f200000, 0x000000070f200000, 0x000000070f400000|  0%| F|  |TAMS 0x000000070f200000, 0x000000070f200000| Untracked 
|  93|0x000000070f400000, 0x000000070f400000, 0x000000070f600000|  0%| F|  |TAMS 0x000000070f400000, 0x000000070f400000| Untracked 
|  94|0x000000070f600000, 0x000000070f600000, 0x000000070f800000|  0%| F|  |TAMS 0x000000070f600000, 0x000000070f600000| Untracked 
|  95|0x000000070f800000, 0x000000070f800000, 0x000000070fa00000|  0%| F|  |TAMS 0x000000070f800000, 0x000000070f800000| Untracked 
|  96|0x000000070fa00000, 0x000000070fa00000, 0x000000070fc00000|  0%| F|  |TAMS 0x000000070fa00000, 0x000000070fa00000| Untracked 
|  97|0x000000070fc00000, 0x000000070fc00000, 0x000000070fe00000|  0%| F|  |TAMS 0x000000070fc00000, 0x000000070fc00000| Untracked 
|  98|0x000000070fe00000, 0x000000070fe00000, 0x0000000710000000|  0%| F|  |TAMS 0x000000070fe00000, 0x000000070fe00000| Untracked 
|  99|0x0000000710000000, 0x0000000710000000, 0x0000000710200000|  0%| F|  |TAMS 0x0000000710000000, 0x0000000710000000| Untracked 
| 100|0x0000000710200000, 0x0000000710200000, 0x0000000710400000|  0%| F|  |TAMS 0x0000000710200000, 0x0000000710200000| Untracked 
| 101|0x0000000710400000, 0x0000000710400000, 0x0000000710600000|  0%| F|  |TAMS 0x0000000710400000, 0x0000000710400000| Untracked 
| 102|0x0000000710600000, 0x0000000710600000, 0x0000000710800000|  0%| F|  |TAMS 0x0000000710600000, 0x0000000710600000| Untracked 
| 103|0x0000000710800000, 0x0000000710800000, 0x0000000710a00000|  0%| F|  |TAMS 0x0000000710800000, 0x0000000710800000| Untracked 
| 104|0x0000000710a00000, 0x0000000710a00000, 0x0000000710c00000|  0%| F|  |TAMS 0x0000000710a00000, 0x0000000710a00000| Untracked 
| 105|0x0000000710c00000, 0x0000000710c00000, 0x0000000710e00000|  0%| F|  |TAMS 0x0000000710c00000, 0x0000000710c00000| Untracked 
| 106|0x0000000710e00000, 0x0000000710e00000, 0x0000000711000000|  0%| F|  |TAMS 0x0000000710e00000, 0x0000000710e00000| Untracked 
| 107|0x0000000711000000, 0x0000000711000000, 0x0000000711200000|  0%| F|  |TAMS 0x0000000711000000, 0x0000000711000000| Untracked 
| 108|0x0000000711200000, 0x0000000711200000, 0x0000000711400000|  0%| F|  |TAMS 0x0000000711200000, 0x0000000711200000| Untracked 
| 109|0x0000000711400000, 0x00000007115e6f80, 0x0000000711600000| 95%| S|CS|TAMS 0x0000000711400000, 0x0000000711400000| Complete 
| 110|0x0000000711600000, 0x0000000711800000, 0x0000000711800000|100%| S|CS|TAMS 0x0000000711600000, 0x0000000711600000| Complete 
| 111|0x0000000711800000, 0x0000000711a00000, 0x0000000711a00000|100%| S|CS|TAMS 0x0000000711800000, 0x0000000711800000| Complete 
| 112|0x0000000711a00000, 0x0000000711c00000, 0x0000000711c00000|100%| S|CS|TAMS 0x0000000711a00000, 0x0000000711a00000| Complete 
| 113|0x0000000711c00000, 0x0000000711e00000, 0x0000000711e00000|100%| S|CS|TAMS 0x0000000711c00000, 0x0000000711c00000| Complete 
| 114|0x0000000711e00000, 0x0000000712000000, 0x0000000712000000|100%| S|CS|TAMS 0x0000000711e00000, 0x0000000711e00000| Complete 
| 115|0x0000000712000000, 0x0000000712200000, 0x0000000712200000|100%| S|CS|TAMS 0x0000000712000000, 0x0000000712000000| Complete 
| 116|0x0000000712200000, 0x0000000712400000, 0x0000000712400000|100%| S|CS|TAMS 0x0000000712200000, 0x0000000712200000| Complete 
| 117|0x0000000712400000, 0x0000000712600000, 0x0000000712600000|100%| S|CS|TAMS 0x0000000712400000, 0x0000000712400000| Complete 
| 118|0x0000000712600000, 0x0000000712800000, 0x0000000712800000|100%| S|CS|TAMS 0x0000000712600000, 0x0000000712600000| Complete 
| 119|0x0000000712800000, 0x0000000712a00000, 0x0000000712a00000|100%| S|CS|TAMS 0x0000000712800000, 0x0000000712800000| Complete 
| 120|0x0000000712a00000, 0x0000000712c00000, 0x0000000712c00000|100%| S|CS|TAMS 0x0000000712a00000, 0x0000000712a00000| Complete 
| 121|0x0000000712c00000, 0x0000000712e00000, 0x0000000712e00000|100%| S|CS|TAMS 0x0000000712c00000, 0x0000000712c00000| Complete 
| 122|0x0000000712e00000, 0x0000000712e00000, 0x0000000713000000|  0%| F|  |TAMS 0x0000000712e00000, 0x0000000712e00000| Untracked 
| 123|0x0000000713000000, 0x0000000713000000, 0x0000000713200000|  0%| F|  |TAMS 0x0000000713000000, 0x0000000713000000| Untracked 
| 124|0x0000000713200000, 0x0000000713200000, 0x0000000713400000|  0%| F|  |TAMS 0x0000000713200000, 0x0000000713200000| Untracked 
| 125|0x0000000713400000, 0x0000000713400000, 0x0000000713600000|  0%| F|  |TAMS 0x0000000713400000, 0x0000000713400000| Untracked 
| 126|0x0000000713600000, 0x0000000713600000, 0x0000000713800000|  0%| F|  |TAMS 0x0000000713600000, 0x0000000713600000| Untracked 
| 127|0x0000000713800000, 0x0000000713800000, 0x0000000713a00000|  0%| F|  |TAMS 0x0000000713800000, 0x0000000713800000| Untracked 
| 128|0x0000000713a00000, 0x0000000713a00000, 0x0000000713c00000|  0%| F|  |TAMS 0x0000000713a00000, 0x0000000713a00000| Untracked 
| 129|0x0000000713c00000, 0x0000000713c00000, 0x0000000713e00000|  0%| F|  |TAMS 0x0000000713c00000, 0x0000000713c00000| Untracked 
| 130|0x0000000713e00000, 0x0000000713e00000, 0x0000000714000000|  0%| F|  |TAMS 0x0000000713e00000, 0x0000000713e00000| Untracked 
| 131|0x0000000714000000, 0x0000000714000000, 0x0000000714200000|  0%| F|  |TAMS 0x0000000714000000, 0x0000000714000000| Untracked 
| 132|0x0000000714200000, 0x0000000714200000, 0x0000000714400000|  0%| F|  |TAMS 0x0000000714200000, 0x0000000714200000| Untracked 
| 133|0x0000000714400000, 0x0000000714400000, 0x0000000714600000|  0%| F|  |TAMS 0x0000000714400000, 0x0000000714400000| Untracked 
| 134|0x0000000714600000, 0x0000000714800000, 0x0000000714800000|100%| S|CS|TAMS 0x0000000714600000, 0x0000000714600000| Complete 
| 135|0x0000000714800000, 0x0000000714a00000, 0x0000000714a00000|100%| S|CS|TAMS 0x0000000714800000, 0x0000000714800000| Complete 
| 136|0x0000000714a00000, 0x0000000714a00000, 0x0000000714c00000|  0%| F|  |TAMS 0x0000000714a00000, 0x0000000714a00000| Untracked 
| 137|0x0000000714c00000, 0x0000000714c00000, 0x0000000714e00000|  0%| F|  |TAMS 0x0000000714c00000, 0x0000000714c00000| Untracked 
| 138|0x0000000714e00000, 0x0000000714e00000, 0x0000000715000000|  0%| F|  |TAMS 0x0000000714e00000, 0x0000000714e00000| Untracked 
| 139|0x0000000715000000, 0x0000000715000000, 0x0000000715200000|  0%| F|  |TAMS 0x0000000715000000, 0x0000000715000000| Untracked 
| 140|0x0000000715200000, 0x0000000715200000, 0x0000000715400000|  0%| F|  |TAMS 0x0000000715200000, 0x0000000715200000| Untracked 
| 141|0x0000000715400000, 0x0000000715400000, 0x0000000715600000|  0%| F|  |TAMS 0x0000000715400000, 0x0000000715400000| Untracked 
| 142|0x0000000715600000, 0x0000000715600000, 0x0000000715800000|  0%| F|  |TAMS 0x0000000715600000, 0x0000000715600000| Untracked 
| 143|0x0000000715800000, 0x0000000715800000, 0x0000000715a00000|  0%| F|  |TAMS 0x0000000715800000, 0x0000000715800000| Untracked 
| 144|0x0000000715a00000, 0x0000000715a00000, 0x0000000715c00000|  0%| F|  |TAMS 0x0000000715a00000, 0x0000000715a00000| Untracked 
| 145|0x0000000715c00000, 0x0000000715c00000, 0x0000000715e00000|  0%| F|  |TAMS 0x0000000715c00000, 0x0000000715c00000| Untracked 
| 146|0x0000000715e00000, 0x0000000715e00000, 0x0000000716000000|  0%| F|  |TAMS 0x0000000715e00000, 0x0000000715e00000| Untracked 
| 147|0x0000000716000000, 0x0000000716000000, 0x0000000716200000|  0%| F|  |TAMS 0x0000000716000000, 0x0000000716000000| Untracked 
| 148|0x0000000716200000, 0x0000000716200000, 0x0000000716400000|  0%| F|  |TAMS 0x0000000716200000, 0x0000000716200000| Untracked 
| 149|0x0000000716400000, 0x0000000716400000, 0x0000000716600000|  0%| F|  |TAMS 0x0000000716400000, 0x0000000716400000| Untracked 
| 150|0x0000000716600000, 0x0000000716600000, 0x0000000716800000|  0%| F|  |TAMS 0x0000000716600000, 0x0000000716600000| Untracked 
| 151|0x0000000716800000, 0x0000000716800000, 0x0000000716a00000|  0%| F|  |TAMS 0x0000000716800000, 0x0000000716800000| Untracked 
| 152|0x0000000716a00000, 0x0000000716a00000, 0x0000000716c00000|  0%| F|  |TAMS 0x0000000716a00000, 0x0000000716a00000| Untracked 
| 153|0x0000000716c00000, 0x0000000716c00000, 0x0000000716e00000|  0%| F|  |TAMS 0x0000000716c00000, 0x0000000716c00000| Untracked 
| 154|0x0000000716e00000, 0x0000000716e00000, 0x0000000717000000|  0%| F|  |TAMS 0x0000000716e00000, 0x0000000716e00000| Untracked 
| 155|0x0000000717000000, 0x0000000717000000, 0x0000000717200000|  0%| F|  |TAMS 0x0000000717000000, 0x0000000717000000| Untracked 
| 156|0x0000000717200000, 0x0000000717200000, 0x0000000717400000|  0%| F|  |TAMS 0x0000000717200000, 0x0000000717200000| Untracked 
| 157|0x0000000717400000, 0x0000000717400000, 0x0000000717600000|  0%| F|  |TAMS 0x0000000717400000, 0x0000000717400000| Untracked 
| 158|0x0000000717600000, 0x0000000717600000, 0x0000000717800000|  0%| F|  |TAMS 0x0000000717600000, 0x0000000717600000| Untracked 
| 159|0x0000000717800000, 0x0000000717800000, 0x0000000717a00000|  0%| F|  |TAMS 0x0000000717800000, 0x0000000717800000| Untracked 
| 160|0x0000000717a00000, 0x0000000717a00000, 0x0000000717c00000|  0%| F|  |TAMS 0x0000000717a00000, 0x0000000717a00000| Untracked 
| 161|0x0000000717c00000, 0x0000000717c00000, 0x0000000717e00000|  0%| F|  |TAMS 0x0000000717c00000, 0x0000000717c00000| Untracked 
| 162|0x0000000717e00000, 0x0000000717e00000, 0x0000000718000000|  0%| F|  |TAMS 0x0000000717e00000, 0x0000000717e00000| Untracked 
| 163|0x0000000718000000, 0x0000000718000000, 0x0000000718200000|  0%| F|  |TAMS 0x0000000718000000, 0x0000000718000000| Untracked 
| 164|0x0000000718200000, 0x0000000718200000, 0x0000000718400000|  0%| F|  |TAMS 0x0000000718200000, 0x0000000718200000| Untracked 
| 165|0x0000000718400000, 0x0000000718400000, 0x0000000718600000|  0%| F|  |TAMS 0x0000000718400000, 0x0000000718400000| Untracked 
| 166|0x0000000718600000, 0x0000000718600000, 0x0000000718800000|  0%| F|  |TAMS 0x0000000718600000, 0x0000000718600000| Untracked 
| 167|0x0000000718800000, 0x0000000718800000, 0x0000000718a00000|  0%| F|  |TAMS 0x0000000718800000, 0x0000000718800000| Untracked 
| 168|0x0000000718a00000, 0x0000000718a00000, 0x0000000718c00000|  0%| F|  |TAMS 0x0000000718a00000, 0x0000000718a00000| Untracked 
| 169|0x0000000718c00000, 0x0000000718c00000, 0x0000000718e00000|  0%| F|  |TAMS 0x0000000718c00000, 0x0000000718c00000| Untracked 
| 170|0x0000000718e00000, 0x0000000718e00000, 0x0000000719000000|  0%| F|  |TAMS 0x0000000718e00000, 0x0000000718e00000| Untracked 
| 171|0x0000000719000000, 0x0000000719000000, 0x0000000719200000|  0%| F|  |TAMS 0x0000000719000000, 0x0000000719000000| Untracked 
| 172|0x0000000719200000, 0x0000000719200000, 0x0000000719400000|  0%| F|  |TAMS 0x0000000719200000, 0x0000000719200000| Untracked 
| 173|0x0000000719400000, 0x0000000719400000, 0x0000000719600000|  0%| F|  |TAMS 0x0000000719400000, 0x0000000719400000| Untracked 
| 174|0x0000000719600000, 0x0000000719600000, 0x0000000719800000|  0%| F|  |TAMS 0x0000000719600000, 0x0000000719600000| Untracked 
| 175|0x0000000719800000, 0x0000000719800000, 0x0000000719a00000|  0%| F|  |TAMS 0x0000000719800000, 0x0000000719800000| Untracked 
| 176|0x0000000719a00000, 0x0000000719a00000, 0x0000000719c00000|  0%| F|  |TAMS 0x0000000719a00000, 0x0000000719a00000| Untracked 
| 177|0x0000000719c00000, 0x0000000719c00000, 0x0000000719e00000|  0%| F|  |TAMS 0x0000000719c00000, 0x0000000719c00000| Untracked 
| 178|0x0000000719e00000, 0x0000000719e00000, 0x000000071a000000|  0%| F|  |TAMS 0x0000000719e00000, 0x0000000719e00000| Untracked 
| 179|0x000000071a000000, 0x000000071a000000, 0x000000071a200000|  0%| F|  |TAMS 0x000000071a000000, 0x000000071a000000| Untracked 
| 180|0x000000071a200000, 0x000000071a200000, 0x000000071a400000|  0%| F|  |TAMS 0x000000071a200000, 0x000000071a200000| Untracked 
| 181|0x000000071a400000, 0x000000071a400000, 0x000000071a600000|  0%| F|  |TAMS 0x000000071a400000, 0x000000071a400000| Untracked 
| 182|0x000000071a600000, 0x000000071a600000, 0x000000071a800000|  0%| F|  |TAMS 0x000000071a600000, 0x000000071a600000| Untracked 
| 183|0x000000071a800000, 0x000000071a800000, 0x000000071aa00000|  0%| F|  |TAMS 0x000000071a800000, 0x000000071a800000| Untracked 
| 184|0x000000071aa00000, 0x000000071aa00000, 0x000000071ac00000|  0%| F|  |TAMS 0x000000071aa00000, 0x000000071aa00000| Untracked 
| 185|0x000000071ac00000, 0x000000071ac00000, 0x000000071ae00000|  0%| F|  |TAMS 0x000000071ac00000, 0x000000071ac00000| Untracked 
| 186|0x000000071ae00000, 0x000000071ae00000, 0x000000071b000000|  0%| F|  |TAMS 0x000000071ae00000, 0x000000071ae00000| Untracked 
| 187|0x000000071b000000, 0x000000071b000000, 0x000000071b200000|  0%| F|  |TAMS 0x000000071b000000, 0x000000071b000000| Untracked 
| 188|0x000000071b200000, 0x000000071b200000, 0x000000071b400000|  0%| F|  |TAMS 0x000000071b200000, 0x000000071b200000| Untracked 
| 189|0x000000071b400000, 0x000000071b400000, 0x000000071b600000|  0%| F|  |TAMS 0x000000071b400000, 0x000000071b400000| Untracked 
| 190|0x000000071b600000, 0x000000071b600000, 0x000000071b800000|  0%| F|  |TAMS 0x000000071b600000, 0x000000071b600000| Untracked 
| 191|0x000000071b800000, 0x000000071b800000, 0x000000071ba00000|  0%| F|  |TAMS 0x000000071b800000, 0x000000071b800000| Untracked 
| 192|0x000000071ba00000, 0x000000071ba00000, 0x000000071bc00000|  0%| F|  |TAMS 0x000000071ba00000, 0x000000071ba00000| Untracked 
| 193|0x000000071bc00000, 0x000000071bc00000, 0x000000071be00000|  0%| F|  |TAMS 0x000000071bc00000, 0x000000071bc00000| Untracked 
| 194|0x000000071be00000, 0x000000071be00000, 0x000000071c000000|  0%| F|  |TAMS 0x000000071be00000, 0x000000071be00000| Untracked 
| 195|0x000000071c000000, 0x000000071c000000, 0x000000071c200000|  0%| F|  |TAMS 0x000000071c000000, 0x000000071c000000| Untracked 
| 196|0x000000071c200000, 0x000000071c200000, 0x000000071c400000|  0%| F|  |TAMS 0x000000071c200000, 0x000000071c200000| Untracked 
| 197|0x000000071c400000, 0x000000071c400000, 0x000000071c600000|  0%| F|  |TAMS 0x000000071c400000, 0x000000071c400000| Untracked 
| 198|0x000000071c600000, 0x000000071c600000, 0x000000071c800000|  0%| F|  |TAMS 0x000000071c600000, 0x000000071c600000| Untracked 
| 199|0x000000071c800000, 0x000000071c800000, 0x000000071ca00000|  0%| F|  |TAMS 0x000000071c800000, 0x000000071c800000| Untracked 
| 200|0x000000071ca00000, 0x000000071ca00000, 0x000000071cc00000|  0%| F|  |TAMS 0x000000071ca00000, 0x000000071ca00000| Untracked 
| 201|0x000000071cc00000, 0x000000071cc00000, 0x000000071ce00000|  0%| F|  |TAMS 0x000000071cc00000, 0x000000071cc00000| Untracked 
| 202|0x000000071ce00000, 0x000000071ce00000, 0x000000071d000000|  0%| F|  |TAMS 0x000000071ce00000, 0x000000071ce00000| Untracked 
| 203|0x000000071d000000, 0x000000071d000000, 0x000000071d200000|  0%| F|  |TAMS 0x000000071d000000, 0x000000071d000000| Untracked 
| 204|0x000000071d200000, 0x000000071d200000, 0x000000071d400000|  0%| F|  |TAMS 0x000000071d200000, 0x000000071d200000| Untracked 
| 205|0x000000071d400000, 0x000000071d400000, 0x000000071d600000|  0%| F|  |TAMS 0x000000071d400000, 0x000000071d400000| Untracked 
| 206|0x000000071d600000, 0x000000071d600000, 0x000000071d800000|  0%| F|  |TAMS 0x000000071d600000, 0x000000071d600000| Untracked 
| 207|0x000000071d800000, 0x000000071d800000, 0x000000071da00000|  0%| F|  |TAMS 0x000000071d800000, 0x000000071d800000| Untracked 
| 208|0x000000071da00000, 0x000000071da00000, 0x000000071dc00000|  0%| F|  |TAMS 0x000000071da00000, 0x000000071da00000| Untracked 
| 209|0x000000071dc00000, 0x000000071dc00000, 0x000000071de00000|  0%| F|  |TAMS 0x000000071dc00000, 0x000000071dc00000| Untracked 
| 210|0x000000071de00000, 0x000000071de00000, 0x000000071e000000|  0%| F|  |TAMS 0x000000071de00000, 0x000000071de00000| Untracked 
| 211|0x000000071e000000, 0x000000071e000000, 0x000000071e200000|  0%| F|  |TAMS 0x000000071e000000, 0x000000071e000000| Untracked 
| 212|0x000000071e200000, 0x000000071e200000, 0x000000071e400000|  0%| F|  |TAMS 0x000000071e200000, 0x000000071e200000| Untracked 
| 213|0x000000071e400000, 0x000000071e400000, 0x000000071e600000|  0%| F|  |TAMS 0x000000071e400000, 0x000000071e400000| Untracked 
| 214|0x000000071e600000, 0x000000071e600000, 0x000000071e800000|  0%| F|  |TAMS 0x000000071e600000, 0x000000071e600000| Untracked 
| 215|0x000000071e800000, 0x000000071e800000, 0x000000071ea00000|  0%| F|  |TAMS 0x000000071e800000, 0x000000071e800000| Untracked 
| 216|0x000000071ea00000, 0x000000071ea00000, 0x000000071ec00000|  0%| F|  |TAMS 0x000000071ea00000, 0x000000071ea00000| Untracked 
| 217|0x000000071ec00000, 0x000000071ec00000, 0x000000071ee00000|  0%| F|  |TAMS 0x000000071ec00000, 0x000000071ec00000| Untracked 
| 218|0x000000071ee00000, 0x000000071ee00000, 0x000000071f000000|  0%| F|  |TAMS 0x000000071ee00000, 0x000000071ee00000| Untracked 
| 219|0x000000071f000000, 0x000000071f000000, 0x000000071f200000|  0%| F|  |TAMS 0x000000071f000000, 0x000000071f000000| Untracked 
| 220|0x000000071f200000, 0x000000071f200000, 0x000000071f400000|  0%| F|  |TAMS 0x000000071f200000, 0x000000071f200000| Untracked 
| 221|0x000000071f400000, 0x000000071f400000, 0x000000071f600000|  0%| F|  |TAMS 0x000000071f400000, 0x000000071f400000| Untracked 
| 222|0x000000071f600000, 0x000000071f600000, 0x000000071f800000|  0%| F|  |TAMS 0x000000071f600000, 0x000000071f600000| Untracked 
| 223|0x000000071f800000, 0x000000071f800000, 0x000000071fa00000|  0%| F|  |TAMS 0x000000071f800000, 0x000000071f800000| Untracked 
| 224|0x000000071fa00000, 0x000000071fa00000, 0x000000071fc00000|  0%| F|  |TAMS 0x000000071fa00000, 0x000000071fa00000| Untracked 
| 225|0x000000071fc00000, 0x000000071fc00000, 0x000000071fe00000|  0%| F|  |TAMS 0x000000071fc00000, 0x000000071fc00000| Untracked 
| 226|0x000000071fe00000, 0x000000071fe00000, 0x0000000720000000|  0%| F|  |TAMS 0x000000071fe00000, 0x000000071fe00000| Untracked 
| 227|0x0000000720000000, 0x0000000720000000, 0x0000000720200000|  0%| F|  |TAMS 0x0000000720000000, 0x0000000720000000| Untracked 
| 228|0x0000000720200000, 0x0000000720200000, 0x0000000720400000|  0%| F|  |TAMS 0x0000000720200000, 0x0000000720200000| Untracked 
| 229|0x0000000720400000, 0x0000000720400000, 0x0000000720600000|  0%| F|  |TAMS 0x0000000720400000, 0x0000000720400000| Untracked 
| 230|0x0000000720600000, 0x0000000720600000, 0x0000000720800000|  0%| F|  |TAMS 0x0000000720600000, 0x0000000720600000| Untracked 
| 231|0x0000000720800000, 0x0000000720800000, 0x0000000720a00000|  0%| F|  |TAMS 0x0000000720800000, 0x0000000720800000| Untracked 
| 232|0x0000000720a00000, 0x0000000720a00000, 0x0000000720c00000|  0%| F|  |TAMS 0x0000000720a00000, 0x0000000720a00000| Untracked 
| 233|0x0000000720c00000, 0x0000000720c00000, 0x0000000720e00000|  0%| F|  |TAMS 0x0000000720c00000, 0x0000000720c00000| Untracked 
| 234|0x0000000720e00000, 0x0000000720e00000, 0x0000000721000000|  0%| F|  |TAMS 0x0000000720e00000, 0x0000000720e00000| Untracked 
| 235|0x0000000721000000, 0x0000000721000000, 0x0000000721200000|  0%| F|  |TAMS 0x0000000721000000, 0x0000000721000000| Untracked 
| 236|0x0000000721200000, 0x0000000721200000, 0x0000000721400000|  0%| F|  |TAMS 0x0000000721200000, 0x0000000721200000| Untracked 
| 237|0x0000000721400000, 0x0000000721400000, 0x0000000721600000|  0%| F|  |TAMS 0x0000000721400000, 0x0000000721400000| Untracked 
| 238|0x0000000721600000, 0x0000000721600000, 0x0000000721800000|  0%| F|  |TAMS 0x0000000721600000, 0x0000000721600000| Untracked 
| 239|0x0000000721800000, 0x0000000721800000, 0x0000000721a00000|  0%| F|  |TAMS 0x0000000721800000, 0x0000000721800000| Untracked 
| 240|0x0000000721a00000, 0x0000000721a00000, 0x0000000721c00000|  0%| F|  |TAMS 0x0000000721a00000, 0x0000000721a00000| Untracked 
| 241|0x0000000721c00000, 0x0000000721c00000, 0x0000000721e00000|  0%| F|  |TAMS 0x0000000721c00000, 0x0000000721c00000| Untracked 
| 242|0x0000000721e00000, 0x0000000721e00000, 0x0000000722000000|  0%| F|  |TAMS 0x0000000721e00000, 0x0000000721e00000| Untracked 
| 243|0x0000000722000000, 0x0000000722000000, 0x0000000722200000|  0%| F|  |TAMS 0x0000000722000000, 0x0000000722000000| Untracked 
| 244|0x0000000722200000, 0x0000000722200000, 0x0000000722400000|  0%| F|  |TAMS 0x0000000722200000, 0x0000000722200000| Untracked 
| 245|0x0000000722400000, 0x0000000722400000, 0x0000000722600000|  0%| F|  |TAMS 0x0000000722400000, 0x0000000722400000| Untracked 
| 246|0x0000000722600000, 0x0000000722600000, 0x0000000722800000|  0%| F|  |TAMS 0x0000000722600000, 0x0000000722600000| Untracked 
| 247|0x0000000722800000, 0x0000000722800000, 0x0000000722a00000|  0%| F|  |TAMS 0x0000000722800000, 0x0000000722800000| Untracked 
| 248|0x0000000722a00000, 0x0000000722a00000, 0x0000000722c00000|  0%| F|  |TAMS 0x0000000722a00000, 0x0000000722a00000| Untracked 
| 249|0x0000000722c00000, 0x0000000722c00000, 0x0000000722e00000|  0%| F|  |TAMS 0x0000000722c00000, 0x0000000722c00000| Untracked 
| 250|0x0000000722e00000, 0x0000000722e00000, 0x0000000723000000|  0%| F|  |TAMS 0x0000000722e00000, 0x0000000722e00000| Untracked 
| 251|0x0000000723000000, 0x0000000723000000, 0x0000000723200000|  0%| F|  |TAMS 0x0000000723000000, 0x0000000723000000| Untracked 
| 252|0x0000000723200000, 0x0000000723200000, 0x0000000723400000|  0%| F|  |TAMS 0x0000000723200000, 0x0000000723200000| Untracked 
| 253|0x0000000723400000, 0x0000000723400000, 0x0000000723600000|  0%| F|  |TAMS 0x0000000723400000, 0x0000000723400000| Untracked 
| 254|0x0000000723600000, 0x0000000723600000, 0x0000000723800000|  0%| F|  |TAMS 0x0000000723600000, 0x0000000723600000| Untracked 
| 255|0x0000000723800000, 0x0000000723800000, 0x0000000723a00000|  0%| F|  |TAMS 0x0000000723800000, 0x0000000723800000| Untracked 
| 256|0x0000000723a00000, 0x0000000723a00000, 0x0000000723c00000|  0%| F|  |TAMS 0x0000000723a00000, 0x0000000723a00000| Untracked 
| 257|0x0000000723c00000, 0x0000000723c00000, 0x0000000723e00000|  0%| F|  |TAMS 0x0000000723c00000, 0x0000000723c00000| Untracked 
| 258|0x0000000723e00000, 0x0000000723e00000, 0x0000000724000000|  0%| F|  |TAMS 0x0000000723e00000, 0x0000000723e00000| Untracked 
| 259|0x0000000724000000, 0x0000000724000000, 0x0000000724200000|  0%| F|  |TAMS 0x0000000724000000, 0x0000000724000000| Untracked 
| 260|0x0000000724200000, 0x0000000724200000, 0x0000000724400000|  0%| F|  |TAMS 0x0000000724200000, 0x0000000724200000| Untracked 
| 261|0x0000000724400000, 0x0000000724400000, 0x0000000724600000|  0%| F|  |TAMS 0x0000000724400000, 0x0000000724400000| Untracked 
| 262|0x0000000724600000, 0x0000000724600000, 0x0000000724800000|  0%| F|  |TAMS 0x0000000724600000, 0x0000000724600000| Untracked 
| 263|0x0000000724800000, 0x0000000724800000, 0x0000000724a00000|  0%| F|  |TAMS 0x0000000724800000, 0x0000000724800000| Untracked 
| 264|0x0000000724a00000, 0x0000000724a00000, 0x0000000724c00000|  0%| F|  |TAMS 0x0000000724a00000, 0x0000000724a00000| Untracked 
| 265|0x0000000724c00000, 0x0000000724c00000, 0x0000000724e00000|  0%| F|  |TAMS 0x0000000724c00000, 0x0000000724c00000| Untracked 
| 266|0x0000000724e00000, 0x0000000724e00000, 0x0000000725000000|  0%| F|  |TAMS 0x0000000724e00000, 0x0000000724e00000| Untracked 
| 267|0x0000000725000000, 0x0000000725000000, 0x0000000725200000|  0%| F|  |TAMS 0x0000000725000000, 0x0000000725000000| Untracked 
| 268|0x0000000725200000, 0x0000000725200000, 0x0000000725400000|  0%| F|  |TAMS 0x0000000725200000, 0x0000000725200000| Untracked 
| 269|0x0000000725400000, 0x0000000725400000, 0x0000000725600000|  0%| F|  |TAMS 0x0000000725400000, 0x0000000725400000| Untracked 
| 270|0x0000000725600000, 0x0000000725600000, 0x0000000725800000|  0%| F|  |TAMS 0x0000000725600000, 0x0000000725600000| Untracked 
| 271|0x0000000725800000, 0x0000000725800000, 0x0000000725a00000|  0%| F|  |TAMS 0x0000000725800000, 0x0000000725800000| Untracked 
| 272|0x0000000725a00000, 0x0000000725a00000, 0x0000000725c00000|  0%| F|  |TAMS 0x0000000725a00000, 0x0000000725a00000| Untracked 
| 273|0x0000000725c00000, 0x0000000725c00000, 0x0000000725e00000|  0%| F|  |TAMS 0x0000000725c00000, 0x0000000725c00000| Untracked 
| 274|0x0000000725e00000, 0x0000000725e00000, 0x0000000726000000|  0%| F|  |TAMS 0x0000000725e00000, 0x0000000725e00000| Untracked 
| 275|0x0000000726000000, 0x0000000726000000, 0x0000000726200000|  0%| F|  |TAMS 0x0000000726000000, 0x0000000726000000| Untracked 
| 276|0x0000000726200000, 0x0000000726200000, 0x0000000726400000|  0%| F|  |TAMS 0x0000000726200000, 0x0000000726200000| Untracked 
| 277|0x0000000726400000, 0x0000000726400000, 0x0000000726600000|  0%| F|  |TAMS 0x0000000726400000, 0x0000000726400000| Untracked 
| 278|0x0000000726600000, 0x0000000726600000, 0x0000000726800000|  0%| F|  |TAMS 0x0000000726600000, 0x0000000726600000| Untracked 
| 279|0x0000000726800000, 0x0000000726800000, 0x0000000726a00000|  0%| F|  |TAMS 0x0000000726800000, 0x0000000726800000| Untracked 
| 280|0x0000000726a00000, 0x0000000726a00000, 0x0000000726c00000|  0%| F|  |TAMS 0x0000000726a00000, 0x0000000726a00000| Untracked 
| 281|0x0000000726c00000, 0x0000000726c00000, 0x0000000726e00000|  0%| F|  |TAMS 0x0000000726c00000, 0x0000000726c00000| Untracked 
| 282|0x0000000726e00000, 0x0000000726e00000, 0x0000000727000000|  0%| F|  |TAMS 0x0000000726e00000, 0x0000000726e00000| Untracked 
| 283|0x0000000727000000, 0x0000000727000000, 0x0000000727200000|  0%| F|  |TAMS 0x0000000727000000, 0x0000000727000000| Untracked 
| 284|0x0000000727200000, 0x0000000727200000, 0x0000000727400000|  0%| F|  |TAMS 0x0000000727200000, 0x0000000727200000| Untracked 
| 285|0x0000000727400000, 0x0000000727400000, 0x0000000727600000|  0%| F|  |TAMS 0x0000000727400000, 0x0000000727400000| Untracked 
| 286|0x0000000727600000, 0x0000000727600000, 0x0000000727800000|  0%| F|  |TAMS 0x0000000727600000, 0x0000000727600000| Untracked 
| 287|0x0000000727800000, 0x0000000727800000, 0x0000000727a00000|  0%| F|  |TAMS 0x0000000727800000, 0x0000000727800000| Untracked 
| 288|0x0000000727a00000, 0x0000000727a00000, 0x0000000727c00000|  0%| F|  |TAMS 0x0000000727a00000, 0x0000000727a00000| Untracked 
| 289|0x0000000727c00000, 0x0000000727c00000, 0x0000000727e00000|  0%| F|  |TAMS 0x0000000727c00000, 0x0000000727c00000| Untracked 
| 290|0x0000000727e00000, 0x0000000727e00000, 0x0000000728000000|  0%| F|  |TAMS 0x0000000727e00000, 0x0000000727e00000| Untracked 
| 291|0x0000000728000000, 0x0000000728000000, 0x0000000728200000|  0%| F|  |TAMS 0x0000000728000000, 0x0000000728000000| Untracked 
| 292|0x0000000728200000, 0x0000000728200000, 0x0000000728400000|  0%| F|  |TAMS 0x0000000728200000, 0x0000000728200000| Untracked 
| 293|0x0000000728400000, 0x0000000728400000, 0x0000000728600000|  0%| F|  |TAMS 0x0000000728400000, 0x0000000728400000| Untracked 
| 294|0x0000000728600000, 0x0000000728600000, 0x0000000728800000|  0%| F|  |TAMS 0x0000000728600000, 0x0000000728600000| Untracked 
| 295|0x0000000728800000, 0x0000000728800000, 0x0000000728a00000|  0%| F|  |TAMS 0x0000000728800000, 0x0000000728800000| Untracked 
| 296|0x0000000728a00000, 0x0000000728a00000, 0x0000000728c00000|  0%| F|  |TAMS 0x0000000728a00000, 0x0000000728a00000| Untracked 
| 297|0x0000000728c00000, 0x0000000728c00000, 0x0000000728e00000|  0%| F|  |TAMS 0x0000000728c00000, 0x0000000728c00000| Untracked 
| 298|0x0000000728e00000, 0x0000000728e00000, 0x0000000729000000|  0%| F|  |TAMS 0x0000000728e00000, 0x0000000728e00000| Untracked 
| 299|0x0000000729000000, 0x0000000729000000, 0x0000000729200000|  0%| F|  |TAMS 0x0000000729000000, 0x0000000729000000| Untracked 
| 300|0x0000000729200000, 0x0000000729200000, 0x0000000729400000|  0%| F|  |TAMS 0x0000000729200000, 0x0000000729200000| Untracked 
| 301|0x0000000729400000, 0x0000000729400000, 0x0000000729600000|  0%| F|  |TAMS 0x0000000729400000, 0x0000000729400000| Untracked 
| 302|0x0000000729600000, 0x0000000729600000, 0x0000000729800000|  0%| F|  |TAMS 0x0000000729600000, 0x0000000729600000| Untracked 
| 303|0x0000000729800000, 0x0000000729800000, 0x0000000729a00000|  0%| F|  |TAMS 0x0000000729800000, 0x0000000729800000| Untracked 
| 304|0x0000000729a00000, 0x0000000729a00000, 0x0000000729c00000|  0%| F|  |TAMS 0x0000000729a00000, 0x0000000729a00000| Untracked 
| 305|0x0000000729c00000, 0x0000000729c00000, 0x0000000729e00000|  0%| F|  |TAMS 0x0000000729c00000, 0x0000000729c00000| Untracked 
| 306|0x0000000729e00000, 0x0000000729e00000, 0x000000072a000000|  0%| F|  |TAMS 0x0000000729e00000, 0x0000000729e00000| Untracked 
| 307|0x000000072a000000, 0x000000072a000000, 0x000000072a200000|  0%| F|  |TAMS 0x000000072a000000, 0x000000072a000000| Untracked 
| 308|0x000000072a200000, 0x000000072a200000, 0x000000072a400000|  0%| F|  |TAMS 0x000000072a200000, 0x000000072a200000| Untracked 
|2018|0x00000007ffe00000, 0x00000007ffe00000, 0x0000000800000000|  0%| F|  |TAMS 0x00000007ffe00000, 0x00000007ffe00000| Untracked 

Card table byte_map: [0x0000021b0bac0000,0x0000021b0c2b0000] _byte_map_base: 0x0000021b082a3000

Marking Bits (Prev, Next): (CMBitMap*) 0x0000021b04960ab0, (CMBitMap*) 0x0000021b04960a70
 Prev Bits: [0x0000021b109c0000, 0x0000021b148d8000)
 Next Bits: [0x0000021b0caa0000, 0x0000021b109b8000)

Polling page: 0x0000021b02900000

Metaspace:

Usage:
  Non-class:    199.89 MB used.
      Class:     24.56 MB used.
       Both:    224.45 MB used.

Virtual space:
  Non-class space:      208.00 MB reserved,     203.06 MB ( 98%) committed,  26 nodes.
      Class space:        1.00 GB reserved,      29.75 MB (  3%) committed,  1 nodes.
             Both:        1.20 GB reserved,     232.81 MB ( 19%) committed. 

Chunk freelists:
   Non-Class:  291.00 KB
       Class:  2.31 MB
        Both:  2.59 MB

MaxMetaspaceSize: unlimited
CompressedClassSpaceSize: 1.00 GB
Initial GC threshold: 21.00 MB
Current GC threshold: 275.56 MB
CDS: off
MetaspaceReclaimPolicy: balanced
 - commit_granule_bytes: 65536.
 - commit_granule_words: 8192.
 - virtual_space_node_default_size: 1048576.
 - enlarge_chunks_in_place: 1.
 - new_chunks_are_fully_committed: 0.
 - uncommit_free_chunks: 1.
 - use_allocation_guard: 0.
 - handle_deallocations: 1.


Internal statistics:

num_allocs_failed_limit: 15.
num_arena_births: 22604.
num_arena_deaths: 310.
num_vsnodes_births: 27.
num_vsnodes_deaths: 0.
num_space_committed: 3725.
num_space_uncommitted: 0.
num_chunks_returned_to_freelist: 437.
num_chunks_taken_from_freelist: 47204.
num_chunk_merges: 127.
num_chunk_splits: 22102.
num_chunks_enlarged: 4840.
num_purges: 4.
num_inconsistent_stats: 0.

CodeCache: size=49152Kb used=29579Kb max_used=30591Kb free=19572Kb
 bounds [0x0000021b07fa0000, 0x0000021b09e00000, 0x0000021b0afa0000]
 total_blobs=17327 nmethods=16575 adapters=678
 compilation: enabled
              stopped_count=0, restarted_count=0
 full_count=0

Compilation events (20 events):
Event: 1402.918 Thread 0x0000021b180833d0 16715       1       org.springframework.web.servlet.mvc.method.annotation.ServletRequestDataBinderFactory::createBinderInstance (10 bytes)
Event: 1402.918 Thread 0x0000021b180833d0 nmethod 16715 0x0000021b09c66a90 code [0x0000021b09c66c40, 0x0000021b09c66e88]
Event: 1402.918 Thread 0x0000021b180833d0 16716       1       org.springframework.web.servlet.mvc.method.annotation.ExtendedServletRequestDataBinder::<init> (7 bytes)
Event: 1402.918 Thread 0x0000021b180833d0 nmethod 16716 0x0000021b09c66610 code [0x0000021b09c667c0, 0x0000021b09c66988]
Event: 1402.918 Thread 0x0000021b180833d0 16717       1       org.springframework.web.bind.ServletRequestDataBinder::<init> (7 bytes)
Event: 1402.918 Thread 0x0000021b180833d0 nmethod 16717 0x0000021b09c66210 code [0x0000021b09c663c0, 0x0000021b09c66588]
Event: 1402.918 Thread 0x0000021b180833d0 16718       1       org.hibernate.query.criteria.internal.expression.function.ParameterizedFunctionExpression::<init> (36 bytes)
Event: 1402.919 Thread 0x0000021b180833d0 nmethod 16718 0x0000021b09c65910 code [0x0000021b09c65b00, 0x0000021b09c66018]
Event: 1402.921 Thread 0x0000021b180833d0 16719       1       javax.servlet.http.HttpServlet::getLastModified (4 bytes)
Event: 1402.921 Thread 0x0000021b180833d0 nmethod 16719 0x0000021b09c65610 code [0x0000021b09c657a0, 0x0000021b09c65878]
Event: 1402.925 Thread 0x0000021b180833d0 16720   !   1       jdk.internal.reflect.GeneratedMethodAccessor254::invoke (67 bytes)
Event: 1402.926 Thread 0x0000021b180833d0 nmethod 16720 0x0000021b09c64d10 code [0x0000021b09c64f00, 0x0000021b09c65358]
Event: 1403.395 Thread 0x0000021b180833d0 16721       1       org.hibernate.query.criteria.internal.expression.function.BasicFunctionExpression::getFunctionName (5 bytes)
Event: 1403.396 Thread 0x0000021b180833d0 nmethod 16721 0x0000021b09c64a10 code [0x0000021b09c64ba0, 0x0000021b09c64c78]
Event: 1405.267 Thread 0x0000021b180833d0 16722       1       java.util.Collections$UnmodifiableList::equals (24 bytes)
Event: 1405.268 Thread 0x0000021b180833d0 nmethod 16722 0x0000021b09c64710 code [0x0000021b09c648a0, 0x0000021b09c649a8]
Event: 1405.268 Thread 0x0000021b180833d0 16723       1       io.micrometer.core.instrument.Meter$Id::equals (63 bytes)
Event: 1405.268 Thread 0x0000021b180833d0 nmethod 16723 0x0000021b09c64110 code [0x0000021b09c642c0, 0x0000021b09c64598]
Event: 1405.268 Thread 0x0000021b180833d0 16724       1       io.micrometer.core.instrument.Tags::equals (37 bytes)
Event: 1405.268 Thread 0x0000021b180833d0 nmethod 16724 0x0000021b09c63d10 code [0x0000021b09c63ea0, 0x0000021b09c64048]

GC Heap History (20 events):
Event: 1402.947 GC heap after
{Heap after GC invocations=66 (full 0):
 garbage-first heap   total 450560K, used 123830K [0x0000000703a00000, 0x0000000800000000)
  region size 2048K, 7 young (14336K), 7 survivors (14336K)
 Metaspace       used 184360K, committed 190464K, reserved 1220608K
  class space    used 20909K, committed 24640K, reserved 1048576K
}
Event: 1403.552 GC heap before
{Heap before GC invocations=66 (full 0):
 garbage-first heap   total 450560K, used 379830K [0x0000000703a00000, 0x0000000800000000)
  region size 2048K, 132 young (270336K), 7 survivors (14336K)
 Metaspace       used 187729K, committed 193920K, reserved 1220608K
  class space    used 21226K, committed 25024K, reserved 1048576K
}
Event: 1403.559 GC heap after
{Heap after GC invocations=67 (full 0):
 garbage-first heap   total 450560K, used 129808K [0x0000000703a00000, 0x0000000800000000)
  region size 2048K, 10 young (20480K), 10 survivors (20480K)
 Metaspace       used 187729K, committed 193920K, reserved 1220608K
  class space    used 21226K, committed 25024K, reserved 1048576K
}
Event: 1403.720 GC heap before
{Heap before GC invocations=67 (full 0):
 garbage-first heap   total 450560K, used 379664K [0x0000000703a00000, 0x0000000800000000)
  region size 2048K, 132 young (270336K), 10 survivors (20480K)
 Metaspace       used 191680K, committed 198144K, reserved 1228800K
  class space    used 21593K, committed 25536K, reserved 1048576K
}
Event: 1403.728 GC heap after
{Heap after GC invocations=68 (full 0):
 garbage-first heap   total 450560K, used 132814K [0x0000000703a00000, 0x0000000800000000)
  region size 2048K, 10 young (20480K), 10 survivors (20480K)
 Metaspace       used 191680K, committed 198144K, reserved 1228800K
  class space    used 21593K, committed 25536K, reserved 1048576K
}
Event: 1403.899 GC heap before
{Heap before GC invocations=68 (full 0):
 garbage-first heap   total 450560K, used 382670K [0x0000000703a00000, 0x0000000800000000)
  region size 2048K, 132 young (270336K), 10 survivors (20480K)
 Metaspace       used 195650K, committed 202304K, reserved 1228800K
  class space    used 21961K, committed 26048K, reserved 1048576K
}
Event: 1403.909 GC heap after
{Heap after GC invocations=69 (full 0):
 garbage-first heap   total 450560K, used 136532K [0x0000000703a00000, 0x0000000800000000)
  region size 2048K, 10 young (20480K), 10 survivors (20480K)
 Metaspace       used 195650K, committed 202304K, reserved 1228800K
  class space    used 21961K, committed 26048K, reserved 1048576K
}
Event: 1404.083 GC heap before
{Heap before GC invocations=69 (full 0):
 garbage-first heap   total 450560K, used 384340K [0x0000000703a00000, 0x0000000800000000)
  region size 2048K, 131 young (268288K), 10 survivors (20480K)
 Metaspace       used 199576K, committed 206464K, reserved 1236992K
  class space    used 22328K, committed 26560K, reserved 1048576K
}
Event: 1404.092 GC heap after
{Heap after GC invocations=70 (full 0):
 garbage-first heap   total 450560K, used 138059K [0x0000000703a00000, 0x0000000800000000)
  region size 2048K, 10 young (20480K), 10 survivors (20480K)
 Metaspace       used 199576K, committed 206464K, reserved 1236992K
  class space    used 22328K, committed 26560K, reserved 1048576K
}
Event: 1404.257 GC heap before
{Heap before GC invocations=70 (full 0):
 garbage-first heap   total 450560K, used 381771K [0x0000000703a00000, 0x0000000800000000)
  region size 2048K, 129 young (264192K), 10 survivors (20480K)
 Metaspace       used 203458K, committed 210560K, reserved 1236992K
  class space    used 22690K, committed 27072K, reserved 1048576K
}
Event: 1404.265 GC heap after
{Heap after GC invocations=71 (full 0):
 garbage-first heap   total 450560K, used 140844K [0x0000000703a00000, 0x0000000800000000)
  region size 2048K, 9 young (18432K), 9 survivors (18432K)
 Metaspace       used 203458K, committed 210560K, reserved 1236992K
  class space    used 22690K, committed 27072K, reserved 1048576K
}
Event: 1404.437 GC heap before
{Heap before GC invocations=71 (full 0):
 garbage-first heap   total 450560K, used 384556K [0x0000000703a00000, 0x0000000800000000)
  region size 2048K, 128 young (262144K), 9 survivors (18432K)
 Metaspace       used 207304K, committed 214592K, reserved 1236992K
  class space    used 23051K, committed 27520K, reserved 1048576K
}
Event: 1404.445 GC heap after
{Heap after GC invocations=72 (full 0):
 garbage-first heap   total 634880K, used 143889K [0x0000000703a00000, 0x0000000800000000)
  region size 2048K, 10 young (20480K), 10 survivors (20480K)
 Metaspace       used 207304K, committed 214592K, reserved 1236992K
  class space    used 23051K, committed 27520K, reserved 1048576K
}
Event: 1404.717 GC heap before
{Heap before GC invocations=72 (full 0):
 garbage-first heap   total 634880K, used 504337K [0x0000000703a00000, 0x0000000800000000)
  region size 2048K, 186 young (380928K), 10 survivors (20480K)
 Metaspace       used 213020K, committed 220672K, reserved 1245184K
  class space    used 23584K, committed 28288K, reserved 1048576K
}
Event: 1404.728 GC heap after
{Heap after GC invocations=73 (full 0):
 garbage-first heap   total 634880K, used 147985K [0x0000000703a00000, 0x0000000800000000)
  region size 2048K, 12 young (24576K), 12 survivors (24576K)
 Metaspace       used 213020K, committed 220672K, reserved 1245184K
  class space    used 23584K, committed 28288K, reserved 1048576K
}
Event: 1404.988 GC heap before
{Heap before GC invocations=73 (full 0):
 garbage-first heap   total 634880K, used 504337K [0x0000000703a00000, 0x0000000800000000)
  region size 2048K, 186 young (380928K), 12 survivors (24576K)
 Metaspace       used 218664K, committed 226560K, reserved 1253376K
  class space    used 24110K, committed 28992K, reserved 1048576K
}
Event: 1405.000 GC heap after
{Heap after GC invocations=74 (full 0):
 garbage-first heap   total 634880K, used 151305K [0x0000000703a00000, 0x0000000800000000)
  region size 2048K, 14 young (28672K), 14 survivors (28672K)
 Metaspace       used 218664K, committed 226560K, reserved 1253376K
  class space    used 24110K, committed 28992K, reserved 1048576K
}
Event: 1405.254 GC heap before
{Heap before GC invocations=74 (full 0):
 garbage-first heap   total 634880K, used 503561K [0x0000000703a00000, 0x0000000800000000)
  region size 2048K, 186 young (380928K), 14 survivors (28672K)
 Metaspace       used 224270K, committed 232448K, reserved 1253376K
  class space    used 24632K, committed 29696K, reserved 1048576K
}
Event: 1405.267 GC heap after
{Heap after GC invocations=75 (full 0):
 garbage-first heap   total 634880K, used 156129K [0x0000000703a00000, 0x0000000800000000)
  region size 2048K, 14 young (28672K), 14 survivors (28672K)
 Metaspace       used 224270K, committed 232448K, reserved 1253376K
  class space    used 24632K, committed 29696K, reserved 1048576K
}
Event: 1405.514 GC heap before
{Heap before GC invocations=75 (full 0):
 garbage-first heap   total 634880K, used 508385K [0x0000000703a00000, 0x0000000800000000)
  region size 2048K, 186 young (380928K), 14 survivors (28672K)
 Metaspace       used 229840K, committed 238400K, reserved 1261568K
  class space    used 25154K, committed 30464K, reserved 1048576K
}

Deoptimization events (20 events):
Event: 12.890 Thread 0x0000021b1a801540 DEOPT PACKING pc=0x0000021b09387cbc sp=0x00000092d73fb600
Event: 12.890 Thread 0x0000021b1a801540 DEOPT UNPACKING pc=0x0000021b07ff2b43 sp=0x00000092d73fac38 mode 0
Event: 12.890 Thread 0x0000021b1a801540 DEOPT PACKING pc=0x0000021b09387cbc sp=0x00000092d73fb800
Event: 12.890 Thread 0x0000021b1a801540 DEOPT UNPACKING pc=0x0000021b07ff2b43 sp=0x00000092d73fae38 mode 0
Event: 12.891 Thread 0x0000021b1a801540 DEOPT PACKING pc=0x0000021b09387cbc sp=0x00000092d73fba00
Event: 12.891 Thread 0x0000021b1a801540 DEOPT UNPACKING pc=0x0000021b07ff2b43 sp=0x00000092d73fb038 mode 0
Event: 12.891 Thread 0x0000021b1a801540 DEOPT PACKING pc=0x0000021b09387cbc sp=0x00000092d73fbc00
Event: 12.891 Thread 0x0000021b1a801540 DEOPT UNPACKING pc=0x0000021b07ff2b43 sp=0x00000092d73fb248 mode 0
Event: 30.515 Thread 0x0000021b18abca30 DEOPT PACKING pc=0x0000021b0868de04 sp=0x00000092d5eff070
Event: 30.515 Thread 0x0000021b18abca30 DEOPT UNPACKING pc=0x0000021b07ff2b43 sp=0x00000092d5efe588 mode 0
Event: 30.515 Thread 0x0000021b18abca30 DEOPT PACKING pc=0x0000021b08430c44 sp=0x00000092d5eff140
Event: 30.515 Thread 0x0000021b18abca30 DEOPT UNPACKING pc=0x0000021b07ff2b43 sp=0x00000092d5efe628 mode 0
Event: 32.718 Thread 0x0000021b1e709210 DEOPT PACKING pc=0x0000021b0868de04 sp=0x00000092d91fe9a0
Event: 32.718 Thread 0x0000021b1e709210 DEOPT UNPACKING pc=0x0000021b07ff2b43 sp=0x00000092d91fdeb8 mode 0
Event: 32.718 Thread 0x0000021b1e709210 DEOPT PACKING pc=0x0000021b08430c44 sp=0x00000092d91fea70
Event: 32.718 Thread 0x0000021b1e709210 DEOPT UNPACKING pc=0x0000021b07ff2b43 sp=0x00000092d91fdf58 mode 0
Event: 521.700 Thread 0x0000021b1e70df10 DEOPT PACKING pc=0x0000021b09651f4b sp=0x00000092d77fcca0
Event: 521.700 Thread 0x0000021b1e70df10 DEOPT UNPACKING pc=0x0000021b07ff2b43 sp=0x00000092d77fc1c8 mode 3
Event: 523.723 Thread 0x0000021b1a7fe9f0 DEOPT PACKING pc=0x0000021b097bfffb sp=0x00000092d74fc730
Event: 523.723 Thread 0x0000021b1a7fe9f0 DEOPT UNPACKING pc=0x0000021b07ff2b43 sp=0x00000092d74fbc40 mode 3

Classes unloaded (20 events):
Event: 1175.859 Thread 0x0000021b1802b260 Unloading class 0x0000000800141000 'jdk/internal/reflect/GeneratedSerializationConstructorAccessor1'
Event: 1175.859 Thread 0x0000021b1802b260 Unloading class 0x0000000800140800 'java/lang/invoke/LambdaForm$DMH+0x0000000800140800'
Event: 1175.859 Thread 0x0000021b1802b260 Unloading class 0x0000000800140000 'java/lang/invoke/LambdaForm$DMH+0x0000000800140000'
Event: 1175.859 Thread 0x0000021b1802b260 Unloading class 0x00000008000c6c00 'jdk/internal/reflect/GeneratedConstructorAccessor1'
Event: 1175.859 Thread 0x0000021b1802b260 Unloading class 0x00000008000c6000 'java/lang/invoke/LambdaForm$MH+0x00000008000c6000'
Event: 1175.859 Thread 0x0000021b1802b260 Unloading class 0x00000008000c5c00 'java/lang/invoke/LambdaForm$MH+0x00000008000c5c00'
Event: 1175.859 Thread 0x0000021b1802b260 Unloading class 0x00000008000c5800 'java/lang/invoke/LambdaForm$MH+0x00000008000c5800'
Event: 1175.859 Thread 0x0000021b1802b260 Unloading class 0x00000008000c5400 'java/lang/invoke/LambdaForm$MH+0x00000008000c5400'
Event: 1175.859 Thread 0x0000021b1802b260 Unloading class 0x00000008000c5000 'java/lang/invoke/LambdaForm$MH+0x00000008000c5000'
Event: 1175.859 Thread 0x0000021b1802b260 Unloading class 0x00000008000c4c00 'java/lang/invoke/LambdaForm$MH+0x00000008000c4c00'
Event: 1175.859 Thread 0x0000021b1802b260 Unloading class 0x00000008000c3c00 'java/lang/invoke/LambdaForm$MH+0x00000008000c3c00'
Event: 1175.859 Thread 0x0000021b1802b260 Unloading class 0x00000008000c3800 'java/lang/invoke/LambdaForm$MH+0x00000008000c3800'
Event: 1175.859 Thread 0x0000021b1802b260 Unloading class 0x00000008000c3000 'java/lang/invoke/LambdaForm$MH+0x00000008000c3000'
Event: 1175.859 Thread 0x0000021b1802b260 Unloading class 0x00000008000c2400 'java/lang/invoke/LambdaForm$MH+0x00000008000c2400'
Event: 1175.859 Thread 0x0000021b1802b260 Unloading class 0x00000008000c1c00 'java/lang/invoke/LambdaForm$MH+0x00000008000c1c00'
Event: 1175.859 Thread 0x0000021b1802b260 Unloading class 0x00000008000c1400 'java/lang/invoke/LambdaForm$MH+0x00000008000c1400'
Event: 1175.859 Thread 0x0000021b1802b260 Unloading class 0x00000008000c0c00 'java/lang/invoke/LambdaForm$MH+0x00000008000c0c00'
Event: 1363.365 Thread 0x0000021b1802b260 Unloading class 0x0000000800df5400 'jdk/internal/reflect/GeneratedSerializationConstructorAccessor1239'
Event: 1363.365 Thread 0x0000021b1802b260 Unloading class 0x0000000800df5000 'jdk/internal/reflect/GeneratedSerializationConstructorAccessor1238'
Event: 1363.365 Thread 0x0000021b1802b260 Unloading class 0x0000000800df4c00 'jdk/internal/reflect/GeneratedSerializationConstructorAccessor1237'

Classes redefined (0 events):
No events

Internal exceptions (20 events):
Event: 1404.448 Thread 0x0000021b1e70b3c0 Exception <a 'java/lang/IllegalArgumentException'{0x000000072a16a6a8}: Wrong type at constant pool index> (0x000000072a16a6a8) 
thrown [e:\jenkins\tmp\workspace\build\src\src\hotspot\share\prims\jvm.cpp, line 2095]
Event: 1404.448 Thread 0x0000021b1e70b3c0 Exception <a 'java/lang/IllegalArgumentException'{0x000000072a16b750}: Wrong type at constant pool index> (0x000000072a16b750) 
thrown [e:\jenkins\tmp\workspace\build\src\src\hotspot\share\prims\jvm.cpp, line 2095]
Event: 1404.729 Thread 0x0000021b1e70a080 Exception <a 'java/lang/IllegalArgumentException'{0x000000072a129c98}: Wrong type at constant pool index> (0x000000072a129c98) 
thrown [e:\jenkins\tmp\workspace\build\src\src\hotspot\share\prims\jvm.cpp, line 2095]
Event: 1404.729 Thread 0x0000021b1e70a080 Exception <a 'java/lang/IllegalArgumentException'{0x000000072a12ad40}: Wrong type at constant pool index> (0x000000072a12ad40) 
thrown [e:\jenkins\tmp\workspace\build\src\src\hotspot\share\prims\jvm.cpp, line 2095]
Event: 1404.729 Thread 0x0000021b1a801540 Exception <a 'java/lang/IllegalArgumentException'{0x000000072a338e30}: Wrong type at constant pool index> (0x000000072a338e30) 
thrown [e:\jenkins\tmp\workspace\build\src\src\hotspot\share\prims\jvm.cpp, line 2095]
Event: 1404.729 Thread 0x0000021b1a801540 Exception <a 'java/lang/IllegalArgumentException'{0x000000072a339ed8}: Wrong type at constant pool index> (0x000000072a339ed8) 
thrown [e:\jenkins\tmp\workspace\build\src\src\hotspot\share\prims\jvm.cpp, line 2095]
Event: 1404.731 Thread 0x0000021b1e70e3e0 Exception <a 'java/lang/IllegalArgumentException'{0x000000072a0b39a0}: Wrong type at constant pool index> (0x000000072a0b39a0) 
thrown [e:\jenkins\tmp\workspace\build\src\src\hotspot\share\prims\jvm.cpp, line 2095]
Event: 1404.731 Thread 0x0000021b1e70e3e0 Exception <a 'java/lang/IllegalArgumentException'{0x000000072a0b4a48}: Wrong type at constant pool index> (0x000000072a0b4a48) 
thrown [e:\jenkins\tmp\workspace\build\src\src\hotspot\share\prims\jvm.cpp, line 2095]
Event: 1405.000 Thread 0x0000021b1e70aef0 Exception <a 'java/lang/IllegalArgumentException'{0x00000007fff01438}: Wrong type at constant pool index> (0x00000007fff01438) 
thrown [e:\jenkins\tmp\workspace\build\src\src\hotspot\share\prims\jvm.cpp, line 2095]
Event: 1405.000 Thread 0x0000021b1e70aef0 Exception <a 'java/lang/IllegalArgumentException'{0x00000007fff024e0}: Wrong type at constant pool index> (0x00000007fff024e0) 
thrown [e:\jenkins\tmp\workspace\build\src\src\hotspot\share\prims\jvm.cpp, line 2095]
Event: 1405.002 Thread 0x0000021b1e70d0a0 Exception <a 'java/lang/IllegalArgumentException'{0x000000072a35b060}: Wrong type at constant pool index> (0x000000072a35b060) 
thrown [e:\jenkins\tmp\workspace\build\src\src\hotspot\share\prims\jvm.cpp, line 2095]
Event: 1405.002 Thread 0x0000021b1e70d0a0 Exception <a 'java/lang/IllegalArgumentException'{0x000000072a35c108}: Wrong type at constant pool index> (0x000000072a35c108) 
thrown [e:\jenkins\tmp\workspace\build\src\src\hotspot\share\prims\jvm.cpp, line 2095]
Event: 1405.002 Thread 0x0000021b1a801540 Exception <a 'java/lang/IllegalArgumentException'{0x00000007ffe8cc50}: Wrong type at constant pool index> (0x00000007ffe8cc50) 
thrown [e:\jenkins\tmp\workspace\build\src\src\hotspot\share\prims\jvm.cpp, line 2095]
Event: 1405.003 Thread 0x0000021b1a801540 Exception <a 'java/lang/IllegalArgumentException'{0x00000007ffe8dcf8}: Wrong type at constant pool index> (0x00000007ffe8dcf8) 
thrown [e:\jenkins\tmp\workspace\build\src\src\hotspot\share\prims\jvm.cpp, line 2095]
Event: 1405.269 Thread 0x0000021b1e70a080 Exception <a 'java/lang/IllegalArgumentException'{0x00000007fff55338}: Wrong type at constant pool index> (0x00000007fff55338) 
thrown [e:\jenkins\tmp\workspace\build\src\src\hotspot\share\prims\jvm.cpp, line 2095]
Event: 1405.269 Thread 0x0000021b1e70a080 Exception <a 'java/lang/IllegalArgumentException'{0x00000007fff563e0}: Wrong type at constant pool index> (0x00000007fff563e0) 
thrown [e:\jenkins\tmp\workspace\build\src\src\hotspot\share\prims\jvm.cpp, line 2095]
Event: 1405.269 Thread 0x0000021b1e70d0a0 Exception <a 'java/lang/IllegalArgumentException'{0x00000007ffeaeba0}: Wrong type at constant pool index> (0x00000007ffeaeba0) 
thrown [e:\jenkins\tmp\workspace\build\src\src\hotspot\share\prims\jvm.cpp, line 2095]
Event: 1405.269 Thread 0x0000021b1e70d0a0 Exception <a 'java/lang/IllegalArgumentException'{0x00000007ffeafc48}: Wrong type at constant pool index> (0x00000007ffeafc48) 
thrown [e:\jenkins\tmp\workspace\build\src\src\hotspot\share\prims\jvm.cpp, line 2095]
Event: 1405.271 Thread 0x0000021b1e70aef0 Exception <a 'java/lang/IllegalArgumentException'{0x000000072a386840}: Wrong type at constant pool index> (0x000000072a386840) 
thrown [e:\jenkins\tmp\workspace\build\src\src\hotspot\share\prims\jvm.cpp, line 2095]
Event: 1405.271 Thread 0x0000021b1e70aef0 Exception <a 'java/lang/IllegalArgumentException'{0x000000072a3878e8}: Wrong type at constant pool index> (0x000000072a3878e8) 
thrown [e:\jenkins\tmp\workspace\build\src\src\hotspot\share\prims\jvm.cpp, line 2095]

VM Operations (20 events):
Event: 1402.947 Executing VM operation: G1CollectForAllocation done
Event: 1403.552 Executing VM operation: G1CollectForAllocation
Event: 1403.559 Executing VM operation: G1CollectForAllocation done
Event: 1403.720 Executing VM operation: G1CollectForAllocation
Event: 1403.728 Executing VM operation: G1CollectForAllocation done
Event: 1403.899 Executing VM operation: G1CollectForAllocation
Event: 1403.909 Executing VM operation: G1CollectForAllocation done
Event: 1404.083 Executing VM operation: G1CollectForAllocation
Event: 1404.092 Executing VM operation: G1CollectForAllocation done
Event: 1404.257 Executing VM operation: G1CollectForAllocation
Event: 1404.265 Executing VM operation: G1CollectForAllocation done
Event: 1404.437 Executing VM operation: G1CollectForAllocation
Event: 1404.446 Executing VM operation: G1CollectForAllocation done
Event: 1404.717 Executing VM operation: G1CollectForAllocation
Event: 1404.728 Executing VM operation: G1CollectForAllocation done
Event: 1404.988 Executing VM operation: G1CollectForAllocation
Event: 1405.000 Executing VM operation: G1CollectForAllocation done
Event: 1405.254 Executing VM operation: G1CollectForAllocation
Event: 1405.267 Executing VM operation: G1CollectForAllocation done
Event: 1405.514 Executing VM operation: G1CollectForAllocation

Events (20 events):
Event: 789.467 loading class java/lang/ObjectCustomizer
Event: 789.467 loading class java/lang/ObjectCustomizer done
Event: 797.575 Thread 0x0000021b1cd12950 Thread added: 0x0000021b1cd12950
Event: 797.576 Thread 0x0000021b1cee6700 Thread added: 0x0000021b1cee6700
Event: 797.632 Thread 0x0000021b1e4e0bf0 Thread added: 0x0000021b1e4e0bf0
Event: 802.938 Thread 0x0000021b1cee6700 Thread exited: 0x0000021b1cee6700
Event: 807.916 Thread 0x0000021b1cd12950 Thread exited: 0x0000021b1cd12950
Event: 857.717 Thread 0x0000021b1e4e0bf0 Thread exited: 0x0000021b1e4e0bf0
Event: 1175.700 Thread 0x0000021b181b6db0 Thread added: 0x0000021b181b6db0
Event: 1175.700 Thread 0x0000021b1f24ed50 Thread added: 0x0000021b1f24ed50
Event: 1180.997 Thread 0x0000021b1f24ed50 Thread exited: 0x0000021b1f24ed50
Event: 1186.355 Thread 0x0000021b181b6db0 Thread exited: 0x0000021b181b6db0
Event: 1311.073 Thread 0x0000021b19ac98a0 Thread added: 0x0000021b19ac98a0
Event: 1316.270 Thread 0x0000021b19ac98a0 Thread exited: 0x0000021b19ac98a0
Event: 1320.882 Thread 0x0000021b1cc0cc90 Thread added: 0x0000021b1cc0cc90
Event: 1326.782 Thread 0x0000021b1cc0cc90 Thread exited: 0x0000021b1cc0cc90
Event: 1361.462 Thread 0x0000021b24fbf060 Thread added: 0x0000021b24fbf060
Event: 1361.463 Thread 0x0000021b24f1d050 Thread added: 0x0000021b24f1d050
Event: 1363.380 Thread 0x0000021b24f1d050 Thread exited: 0x0000021b24f1d050
Event: 1363.380 Thread 0x0000021b24fbf060 Thread exited: 0x0000021b24fbf060


Dynamic libraries:
0x00007ff786480000 - 0x00007ff78648e000 	C:\Users\Admin stagiaire.DESKTOP-8967908\Downloads\sts-4.13.0.RELEASE\plugins\org.eclipse.justj.openjdk.hotspot.jre.full.win32.x86_64_17.0.1.v20211116-1657\jre\bin\javaw.exe
0x00007ff9cc6d0000 - 0x00007ff9cc8c8000 	C:\WINDOWS\SYSTEM32\ntdll.dll
0x00007ff9cbdd0000 - 0x00007ff9cbe8f000 	C:\WINDOWS\System32\KERNEL32.DLL
0x00007ff9c9e00000 - 0x00007ff9ca0d2000 	C:\WINDOWS\System32\KERNELBASE.dll
0x00007ff9ca370000 - 0x00007ff9ca470000 	C:\WINDOWS\System32\ucrtbase.dll
0x00007ff9a8fc0000 - 0x00007ff9a8fd9000 	C:\Users\Admin stagiaire.DESKTOP-8967908\Downloads\sts-4.13.0.RELEASE\plugins\org.eclipse.justj.openjdk.hotspot.jre.full.win32.x86_64_17.0.1.v20211116-1657\jre\bin\VCRUNTIME140.dll
0x00007ff994830000 - 0x00007ff994848000 	C:\Users\Admin stagiaire.DESKTOP-8967908\Downloads\sts-4.13.0.RELEASE\plugins\org.eclipse.justj.openjdk.hotspot.jre.full.win32.x86_64_17.0.1.v20211116-1657\jre\bin\jli.dll
0x00007ff9cb0c0000 - 0x00007ff9cb25d000 	C:\WINDOWS\System32\USER32.dll
0x00007ff9ca520000 - 0x00007ff9ca542000 	C:\WINDOWS\System32\win32u.dll
0x00007ff9bac60000 - 0x00007ff9baefa000 	C:\WINDOWS\WinSxS\amd64_microsoft.windows.common-controls_6595b64144ccf1df_6.0.19041.1110_none_60b5254171f9507e\COMCTL32.dll
0x00007ff9cbba0000 - 0x00007ff9cbbcb000 	C:\WINDOWS\System32\GDI32.dll
0x00007ff9cbb00000 - 0x00007ff9cbb9e000 	C:\WINDOWS\System32\msvcrt.dll
0x00007ff9ca5a0000 - 0x00007ff9ca6af000 	C:\WINDOWS\System32\gdi32full.dll
0x00007ff9ca0e0000 - 0x00007ff9ca17d000 	C:\WINDOWS\System32\msvcp_win.dll
0x00007ff9cc100000 - 0x00007ff9cc132000 	C:\WINDOWS\System32\IMM32.DLL
0x00007ff994820000 - 0x00007ff99482c000 	C:\Users\Admin stagiaire.DESKTOP-8967908\Downloads\sts-4.13.0.RELEASE\plugins\org.eclipse.justj.openjdk.hotspot.jre.full.win32.x86_64_17.0.1.v20211116-1657\jre\bin\vcruntime140_1.dll
0x00007ff978d00000 - 0x00007ff978d91000 	C:\Users\Admin stagiaire.DESKTOP-8967908\Downloads\sts-4.13.0.RELEASE\plugins\org.eclipse.justj.openjdk.hotspot.jre.full.win32.x86_64_17.0.1.v20211116-1657\jre\bin\msvcp140.dll
0x00007ff937dc0000 - 0x00007ff938a06000 	C:\Users\Admin stagiaire.DESKTOP-8967908\Downloads\sts-4.13.0.RELEASE\plugins\org.eclipse.justj.openjdk.hotspot.jre.full.win32.x86_64_17.0.1.v20211116-1657\jre\bin\server\jvm.dll
0x00007ff9cace0000 - 0x00007ff9cad8e000 	C:\WINDOWS\System32\ADVAPI32.dll
0x00007ff9caf40000 - 0x00007ff9cafdc000 	C:\WINDOWS\System32\sechost.dll
0x00007ff9ca720000 - 0x00007ff9ca845000 	C:\WINDOWS\System32\RPCRT4.dll
0x00007ff9cbfb0000 - 0x00007ff9cbfb8000 	C:\WINDOWS\System32\PSAPI.DLL
0x00007ff99e840000 - 0x00007ff99e849000 	C:\WINDOWS\SYSTEM32\WSOCK32.dll
0x00007ff9c83b0000 - 0x00007ff9c83d7000 	C:\WINDOWS\SYSTEM32\WINMM.dll
0x00007ff9cbbd0000 - 0x00007ff9cbc3b000 	C:\WINDOWS\System32\WS2_32.dll
0x00007ff9bec10000 - 0x00007ff9bec1a000 	C:\WINDOWS\SYSTEM32\VERSION.dll
0x00007ff9c8620000 - 0x00007ff9c8632000 	C:\WINDOWS\SYSTEM32\kernel.appcore.dll
0x00007ff9bff80000 - 0x00007ff9bff8a000 	C:\Users\Admin stagiaire.DESKTOP-8967908\Downloads\sts-4.13.0.RELEASE\plugins\org.eclipse.justj.openjdk.hotspot.jre.full.win32.x86_64_17.0.1.v20211116-1657\jre\bin\jimage.dll
0x00007ff9c81c0000 - 0x00007ff9c83a4000 	C:\WINDOWS\SYSTEM32\DBGHELP.DLL
0x00007ff9c8190000 - 0x00007ff9c81bc000 	C:\WINDOWS\SYSTEM32\dbgcore.DLL
0x00007ff9ca2e0000 - 0x00007ff9ca362000 	C:\WINDOWS\System32\bcryptPrimitives.dll
0x00007ff9aec30000 - 0x00007ff9aec55000 	C:\Users\Admin stagiaire.DESKTOP-8967908\Downloads\sts-4.13.0.RELEASE\plugins\org.eclipse.justj.openjdk.hotspot.jre.full.win32.x86_64_17.0.1.v20211116-1657\jre\bin\java.dll
0x00007ff9aec10000 - 0x00007ff9aec28000 	C:\Users\Admin stagiaire.DESKTOP-8967908\Downloads\sts-4.13.0.RELEASE\plugins\org.eclipse.justj.openjdk.hotspot.jre.full.win32.x86_64_17.0.1.v20211116-1657\jre\bin\zip.dll
0x00007ff9cb2c0000 - 0x00007ff9cba03000 	C:\WINDOWS\System32\SHELL32.dll
0x00007ff9c79f0000 - 0x00007ff9c8182000 	C:\WINDOWS\SYSTEM32\windows.storage.dll
0x00007ff9ca850000 - 0x00007ff9caba4000 	C:\WINDOWS\System32\combase.dll
0x00007ff9c9830000 - 0x00007ff9c9860000 	C:\WINDOWS\SYSTEM32\Wldp.dll
0x00007ff9cbcc0000 - 0x00007ff9cbd6d000 	C:\WINDOWS\System32\SHCORE.dll
0x00007ff9cbaa0000 - 0x00007ff9cbaf5000 	C:\WINDOWS\System32\shlwapi.dll
0x00007ff9c9d10000 - 0x00007ff9c9d2f000 	C:\WINDOWS\SYSTEM32\profapi.dll
0x00007ff9aebf0000 - 0x00007ff9aec09000 	C:\Users\Admin stagiaire.DESKTOP-8967908\Downloads\sts-4.13.0.RELEASE\plugins\org.eclipse.justj.openjdk.hotspot.jre.full.win32.x86_64_17.0.1.v20211116-1657\jre\bin\net.dll
0x00007ff9c1440000 - 0x00007ff9c154c000 	C:\WINDOWS\SYSTEM32\WINHTTP.dll
0x00007ff9c9590000 - 0x00007ff9c95fa000 	C:\WINDOWS\system32\mswsock.dll
0x00007ff9aebd0000 - 0x00007ff9aebe5000 	C:\Users\Admin stagiaire.DESKTOP-8967908\Downloads\sts-4.13.0.RELEASE\plugins\org.eclipse.justj.openjdk.hotspot.jre.full.win32.x86_64_17.0.1.v20211116-1657\jre\bin\nio.dll
0x00007ff994810000 - 0x00007ff994819000 	C:\Users\Admin stagiaire.DESKTOP-8967908\Downloads\sts-4.13.0.RELEASE\plugins\org.eclipse.justj.openjdk.hotspot.jre.full.win32.x86_64_17.0.1.v20211116-1657\jre\bin\management.dll
0x00007ff994770000 - 0x00007ff99477b000 	C:\Users\Admin stagiaire.DESKTOP-8967908\Downloads\sts-4.13.0.RELEASE\plugins\org.eclipse.justj.openjdk.hotspot.jre.full.win32.x86_64_17.0.1.v20211116-1657\jre\bin\management_ext.dll
0x00007ff99e7e0000 - 0x00007ff99e7f7000 	C:\WINDOWS\system32\napinsp.dll
0x00007ff99ea60000 - 0x00007ff99ea7b000 	C:\WINDOWS\system32\pnrpnsp.dll
0x00007ff9c0c90000 - 0x00007ff9c0ca5000 	C:\WINDOWS\system32\wshbth.dll
0x00007ff9c2130000 - 0x00007ff9c214d000 	C:\WINDOWS\system32\NLAapi.dll
0x00007ff9c9230000 - 0x00007ff9c926b000 	C:\WINDOWS\SYSTEM32\IPHLPAPI.DLL
0x00007ff9c9280000 - 0x00007ff9c934a000 	C:\WINDOWS\SYSTEM32\DNSAPI.dll
0x00007ff9cafe0000 - 0x00007ff9cafe8000 	C:\WINDOWS\System32\NSI.dll
0x00007ff99ea40000 - 0x00007ff99ea52000 	C:\WINDOWS\System32\winrnr.dll
0x00007ff9bde70000 - 0x00007ff9bde7a000 	C:\Windows\System32\rasadhlp.dll
0x00007ff9bc430000 - 0x00007ff9bc4b0000 	C:\WINDOWS\System32\fwpuclnt.dll
0x00007ff9c9dd0000 - 0x00007ff9c9df7000 	C:\WINDOWS\System32\bcrypt.dll
0x00007ff9c9790000 - 0x00007ff9c97a8000 	C:\WINDOWS\SYSTEM32\CRYPTSP.dll
0x00007ff9c8e40000 - 0x00007ff9c8e74000 	C:\WINDOWS\system32\rsaenh.dll
0x00007ff9c9cd0000 - 0x00007ff9c9cfe000 	C:\WINDOWS\SYSTEM32\USERENV.dll
0x00007ff9c9780000 - 0x00007ff9c978c000 	C:\WINDOWS\SYSTEM32\CRYPTBASE.dll
0x00007ff9bf140000 - 0x00007ff9bf157000 	C:\WINDOWS\SYSTEM32\dhcpcsvc6.DLL
0x00007ff9bf0d0000 - 0x00007ff9bf0ed000 	C:\WINDOWS\SYSTEM32\dhcpcsvc.DLL
0x00007ff9bff70000 - 0x00007ff9bff80000 	C:\Users\Admin stagiaire.DESKTOP-8967908\Downloads\sts-4.13.0.RELEASE\plugins\org.eclipse.justj.openjdk.hotspot.jre.full.win32.x86_64_17.0.1.v20211116-1657\jre\bin\verify.dll
0x00007ff9beb00000 - 0x00007ff9beb0e000 	C:\Users\Admin stagiaire.DESKTOP-8967908\Downloads\sts-4.13.0.RELEASE\plugins\org.eclipse.justj.openjdk.hotspot.jre.full.win32.x86_64_17.0.1.v20211116-1657\jre\bin\sunmscapi.dll
0x00007ff9ca180000 - 0x00007ff9ca2d6000 	C:\WINDOWS\System32\CRYPT32.dll
0x00007ff9c98a0000 - 0x00007ff9c98c7000 	C:\WINDOWS\SYSTEM32\ncrypt.dll
0x00007ff9c9860000 - 0x00007ff9c989b000 	C:\WINDOWS\SYSTEM32\NTASN1.dll
0x00007ff9316e0000 - 0x00007ff9316e7000 	C:\WINDOWS\system32\wshunix.dll

dbghelp: loaded successfully - version: 4.0.5 - missing functions: none
symbol engine: initialized successfully - sym options: 0x614 - pdb path: .;C:\Users\Admin stagiaire.DESKTOP-8967908\Downloads\sts-4.13.0.RELEASE\plugins\org.eclipse.justj.openjdk.hotspot.jre.full.win32.x86_64_17.0.1.v20211116-1657\jre\bin;C:\WINDOWS\SYSTEM32;C:\WINDOWS\WinSxS\amd64_microsoft.windows.common-controls_6595b64144ccf1df_6.0.19041.1110_none_60b5254171f9507e;C:\Users\Admin stagiaire.DESKTOP-8967908\Downloads\sts-4.13.0.RELEASE\plugins\org.eclipse.justj.openjdk.hotspot.jre.full.win32.x86_64_17.0.1.v20211116-1657\jre\bin\server

VM Arguments:
jvm_args: -Dcom.sun.management.jmxremote -Dcom.sun.management.jmxremote.port=52551 -Dcom.sun.management.jmxremote.authenticate=false -Dcom.sun.management.jmxremote.ssl=false -Djava.rmi.server.hostname=localhost -Dspring.jmx.enabled=true -Dspring.application.admin.enabled=true -XX:TieredStopAtLevel=1 -Dspring.boot.project.name=AppliCFABack_AppliCFABack -Dfile.encoding=UTF-8 -XX:+ShowCodeDetailsInExceptionMessages 
java_command: fr.dawan.AppliCFABack.AppliCfaBackApplication --spring.output.ansi.enabled=always --spring.config.location=classpath:application-dev.properties
java_class_path (initial): C:\Users\Admin stagiaire.DESKTOP-8967908\Desktop\cfa-portal-api\target\classes;C:\Users\Admin stagiaire.DESKTOP-8967908\.m2\repository\org\mapstruct\mapstruct\1.4.2.Final\mapstruct-1.4.2.Final.jar;C:\Users\Admin stagiaire.DESKTOP-8967908\.m2\repository\org\springframework\boot\spring-boot-starter-data-jpa\2.3.1.RELEASE\spring-boot-starter-data-jpa-2.3.1.RELEASE.jar;C:\Users\Admin stagiaire.DESKTOP-8967908\.m2\repository\org\springframework\boot\spring-boot-starter-aop\2.3.1.RELEASE\spring-boot-starter-aop-2.3.1.RELEASE.jar;C:\Users\Admin stagiaire.DESKTOP-8967908\.m2\repository\org\springframework\spring-aop\5.2.7.RELEASE\spring-aop-5.2.7.RELEASE.jar;C:\Users\Admin stagiaire.DESKTOP-8967908\.m2\repository\org\aspectj\aspectjweaver\1.9.5\aspectjweaver-1.9.5.jar;C:\Users\Admin stagiaire.DESKTOP-8967908\.m2\repository\org\springframework\boot\spring-boot-starter-jdbc\2.3.1.RELEASE\spring-boot-starter-jdbc-2.3.1.RELEASE.jar;C:\Users\Admin stagiaire.DESKTOP-8967908\.m2\repository\com\zaxxer\HikariCP\3.4.5\HikariCP-3.4.5.jar;C:\Users\Admin stagiaire.DESKTOP-8967908\.m2\repository\org\springframework\spring-jdbc\5.2.7.RELEASE\spring-jdbc-5.2.7.RELEASE.jar;C:\Users\Admin stagiaire.DESKTOP-8967908\.m2\repository\jakarta\transaction\jakarta.transaction-api\1.3.3\jakarta.transaction-api-1.3.3.jar;C:\Users\Admin stagiaire.DESKTOP-8967908\.m2\repository\jakarta\persistence\jakarta.persistence-api\2.2.3\jakarta.persistence-api-2.2.3.jar;C:\Users\Admin stagiaire.DESKTOP-8967908\.m2\repository\org\hibernate\hibernate-core\5.4.17.Final\hibernate-core-5.4.17.Final.jar;C:\Users\Admin stagiaire.DESKTOP-8967908\.m2\repository\org\javassist\javassist\3.24.0-GA\javassist-3.24.0-GA.jar;C:\Users\Admin stagiaire.DESKTOP-8967908\.m2\repository\net\bytebuddy\byte-buddy\1.10.11\byte-buddy-1.10.11.jar;C:\Users\Admin stagiaire.DESKTOP-8967908\.m2\repository\antlr\antlr\2.7.7\antlr-2.7.7.jar;C:\Users\Admin stagiaire.DESKTOP-8967908\.m2\repository\org\jboss\jandex\2.1.3
Launcher Type: SUN_STANDARD

[Global flags]
     intx CICompilerCount                          = 4                                         {product} {ergonomic}
     uint ConcGCThreads                            = 3                                         {product} {ergonomic}
     uint G1ConcRefinementThreads                  = 10                                        {product} {ergonomic}
   size_t G1HeapRegionSize                         = 2097152                                   {product} {ergonomic}
    uintx GCDrainStackTargetSize                   = 64                                        {product} {ergonomic}
   size_t InitialHeapSize                          = 266338304                                 {product} {ergonomic}
     bool ManagementServer                         = true                                      {product} {command line}
   size_t MarkStackSize                            = 4194304                                   {product} {ergonomic}
   size_t MaxHeapSize                              = 4234149888                                {product} {ergonomic}
   size_t MaxNewSize                               = 2539651072                                {product} {ergonomic}
   size_t MinHeapDeltaBytes                        = 2097152                                   {product} {ergonomic}
   size_t MinHeapSize                              = 8388608                                   {product} {ergonomic}
    uintx NonProfiledCodeHeapSize                  = 0                                      {pd product} {ergonomic}
     bool ProfileInterpreter                       = false                                  {pd product} {command line}
    uintx ProfiledCodeHeapSize                     = 0                                      {pd product} {ergonomic}
     bool ShowCodeDetailsInExceptionMessages       = true                                   {manageable} {command line}
   size_t SoftMaxHeapSize                          = 4234149888                             {manageable} {ergonomic}
     intx TieredStopAtLevel                        = 1                                         {product} {command line}
     bool UseCompressedClassPointers               = true                           {product lp64_product} {ergonomic}
     bool UseCompressedOops                        = true                           {product lp64_product} {ergonomic}
     bool UseG1GC                                  = true                                      {product} {ergonomic}
     bool UseLargePagesIndividualAllocation        = false                                  {pd product} {ergonomic}

Logging:
Log output configuration:
 #0: stdout all=warning uptime,level,tags
 #1: stderr all=off uptime,level,tags

Environment Variables:
JAVA_HOME=C:\Program Files\Java\jdk-11.0.1
CLASSPATH=.;
PATH=C:/Users/Admin stagiaire.DESKTOP-8967908/Downloads/sts-4.13.0.RELEASE//plugins/org.eclipse.justj.openjdk.hotspot.jre.full.win32.x86_64_17.0.1.v20211116-1657/jre/bin/server;C:/Users/Admin stagiaire.DESKTOP-8967908/Downloads/sts-4.13.0.RELEASE//plugins/org.eclipse.justj.openjdk.hotspot.jre.full.win32.x86_64_17.0.1.v20211116-1657/jre/bin;C:\Program Files\Java\jdk-11.0.1\bin;C:\Maven\apache-maven-3.8.4-bin\apache-maven-3.8.4\bin;C:\Program Files (x86)\Common Files\Oracle\Java\javapath;C:\Windows\system32;C:\Windows;C:\Windows\System32\Wbem;C:\Windows\System32\WindowsPowerShell\v1.0\;C:\Windows\System32\OpenSSH\;C:\ProgramData\chocolatey\bin;C:\Users\Admin\AppData\Local\Microsoft\WindowsApps;C:\Program Files\Git\bin;C:\Program Files\Oracle\VirtualBox;C:\Program Files\Intel\WiFi\bin\;C:\Program Files\Common Files\Intel\WirelessCommon\;C:\Program Files (x86)\NVIDIA Corporation\PhysX\Common;C:\Program Files (x86)\Intel\Intel(R) Management Engine Components\DAL;C:\Program Files\Intel\Intel(R) Management Engine Components\DAL;C:\WINDOWS\system32;C:\WINDOWS;C:\WINDOWS\System32\Wbem;C:\WINDOWS\System32\WindowsPowerShell\v1.0\;C:\WINDOWS\System32\OpenSSH\;C:\Program Files\Microsoft SQL Server\130\Tools\Binn\;C:\Program Files\Microsoft SQL Server\Client SDK\ODBC\170\Tools\Binn\;C:\Program Files (x86)\Microsoft SQL Server\150\DTS\Binn\;C:\Program Files\Azure Data Studio\bin;C:\Program Files (x86)\Microsoft SQL Server\150\Tools\Binn\;C:\Program Files\Microsoft SQL Server\150\Tools\Binn\;C:\Program Files\Microsoft SQL Server\150\DTS\Binn\;C:\Program Files\dotnet\;C:\HashiCorp\Vagrant\bin;C:\Users\Admin stagiaire.DESKTOP-8967908\AppData\Roaming\nvm;C:\Program Files\nodejs;C:\Program Files (x86)\dotnet\;C:\Users\Admin stagiaire.DESKTOP-8967908\AppData\Local\Microsoft\WindowsApps;C:\Users\Admin stagiaire.DESKTOP-8967908\AppData\Local\Programs\Microsoft VS Code\bin;C:\Program Files\Azure Data Studio\bin;C:\Users\Admin stagiaire.DESKTOP-8967908\.dotnet\tools;C:\Users\Admin stagiaire.DE
USERNAME=Admin stagiaire
OS=Windows_NT
PROCESSOR_IDENTIFIER=Intel64 Family 6 Model 165 Stepping 2, GenuineIntel



---------------  S Y S T E M  ---------------

OS:
 Windows 10 , 64 bit Build 19041 (10.0.19041.2251)
OS uptime: 1 days 2:49 hours

CPU: total 12 (initial active 12) (6 cores per cpu, 2 threads per core) family 6 model 165 stepping 2 microcode 0xf0, cx8, cmov, fxsr, ht, mmx, 3dnowpref, sse, sse2, sse3, ssse3, sse4.1, sse4.2, popcnt, lzcnt, tsc, tscinvbit, avx, avx2, aes, erms, clmul, bmi1, bmi2, adx, fma, vzeroupper, clflush, clflushopt

Memory: 4k page, system-wide physical 16145M (3213M free)
TotalPageFile size 24241M (AvailPageFile size 54M)
current process WorkingSet (physical memory assigned to process): 1049M, peak: 1049M
current process commit charge ("private bytes"): 1097M, peak: 1257M

vm_info: OpenJDK 64-Bit Server VM (17.0.1+12) for windows-amd64 JRE (17.0.1+12), built on Oct 20 2021 07:42:55 by "" with MS VC++ 16.7 (VS2019)

END.
