#
# There is insufficient memory for the Java Runtime Environment to continue.
# Native memory allocation (mmap) failed to map 557056 bytes for G1 virtual space
# Possible reasons:
#   The system is out of physical RAM or swap space
#   The process is running with CompressedOops enabled, and the Java Heap may be blocking the growth of the native heap
# Possible solutions:
#   Reduce memory load on the system
#   Increase physical memory or swap space
#   Check if swap backing store is full
#   Decrease Java heap size (-Xmx/-Xms)
#   Decrease number of Java threads
#   Decrease Java thread stack sizes (-Xss)
#   Set larger code cache with -XX:ReservedCodeCacheSize=
#   JVM is running with Zero Based Compressed Oops mode in which the Java heap is
#     placed in the first 32GB address space. The Java Heap base address is the
#     maximum limit for the native heap growth. Please use -XX:HeapBaseMinAddress
#     to set the Java Heap base and to place the Java Heap above 32GB virtual address.
# This output file may be truncated or incomplete.
#
#  Out of Memory Error (os_windows.cpp:3469), pid=10140, tid=9448
#
# JRE version: OpenJDK Runtime Environment Temurin-17.0.1+12 (17.0.1+12) (build 17.0.1+12)
# Java VM: OpenJDK 64-Bit Server VM Temurin-17.0.1+12 (17.0.1+12, mixed mode, emulated-client, tiered, compressed oops, compressed class ptrs, g1 gc, windows-amd64)
# No core dump will be written. Minidumps are not enabled by default on client versions of Windows
#

---------------  S U M M A R Y ------------

Command Line: -Dcom.sun.management.jmxremote -Dcom.sun.management.jmxremote.port=50025 -Dcom.sun.management.jmxremote.authenticate=false -Dcom.sun.management.jmxremote.ssl=false -Djava.rmi.server.hostname=localhost -Dspring.jmx.enabled=true -Dspring.application.admin.enabled=true -XX:TieredStopAtLevel=1 -Dspring.boot.project.name=AppliCFABack_AppliCFABack -Dfile.encoding=UTF-8 -XX:+ShowCodeDetailsInExceptionMessages fr.dawan.AppliCFABack.AppliCfaBackApplication --spring.output.ansi.enabled=always

Host: Intel(R) Core(TM) i7-10750H CPU @ 2.60GHz, 12 cores, 15G,  Windows 10 , 64 bit Build 18362 (10.0.18362.1110)
Time: Fri Jun 10 14:43:45 2022 Paris, Madrid (heure d’été) elapsed time: 7682.121201 seconds (0d 2h 8m 2s)

---------------  T H R E A D  ---------------

Current thread (0x0000027e2c4452a0):  VMThread "VM Thread" [stack: 0x000000af29800000,0x000000af29900000] [id=9448]

Stack: [0x000000af29800000,0x000000af29900000]
Native frames: (J=compiled Java code, j=interpreted, Vv=VM code, C=native code)
V  [jvm.dll+0x6744da]
V  [jvm.dll+0x82e144]
V  [jvm.dll+0x82f8ee]
V  [jvm.dll+0x82ff53]
V  [jvm.dll+0x245175]
V  [jvm.dll+0x6714c9]
V  [jvm.dll+0x665f92]
V  [jvm.dll+0x303c3b]
V  [jvm.dll+0x30b176]
V  [jvm.dll+0x35af48]
V  [jvm.dll+0x35b14f]
V  [jvm.dll+0x2dab78]
V  [jvm.dll+0x2d8e2c]
V  [jvm.dll+0x2d83fc]
V  [jvm.dll+0x31c24b]
V  [jvm.dll+0x8343bb]
V  [jvm.dll+0x8350f4]
V  [jvm.dll+0x83560c]
V  [jvm.dll+0x8359e4]
V  [jvm.dll+0x835ab0]
V  [jvm.dll+0x7de51a]
V  [jvm.dll+0x673305]
C  [ucrtbase.dll+0x210b2]
C  [KERNEL32.DLL+0x17c24]
C  [ntdll.dll+0x6d4d1]

VM_Operation (0x000000af2cafa2e0): G1CollectForAllocation, mode: safepoint, requested by thread 0x0000027e328b7170


---------------  P R O C E S S  ---------------

Threads class SMR info:
_java_thread_list=0x0000027e39c48db0, length=56, elements={
0x0000027e2c45b620, 0x0000027e2c45c3a0, 0x0000027e2c463010, 0x0000027e2c42d960,
0x0000027e2c42e220, 0x0000027e2c42f280, 0x0000027e2c472a80, 0x0000027e2c48dbe0,
0x0000027e2c55e0a0, 0x0000027e2c659470, 0x0000027e2ce468f0, 0x0000027e2ce3d440,
0x0000027e2ce54bd0, 0x0000027e2cf23270, 0x0000027e2ce84d60, 0x0000027e2e02cd70,
0x0000027e2e02c3d0, 0x0000027e2e02f8c0, 0x0000027e2e02dbe0, 0x0000027e2e02ef20,
0x0000027e2e02e0b0, 0x0000027e2e02ea50, 0x0000027e328b7b10, 0x0000027e328b7640,
0x0000027e328b7fe0, 0x0000027e328b7170, 0x0000027e328b9cc0, 0x0000027e328ba660,
0x0000027e328b84b0, 0x0000027e328ba190, 0x0000027e328b8e50, 0x0000027e328b9320,
0x0000027e328b97f0, 0x0000027e2ee45fc0, 0x0000027e2ee42fa0, 0x0000027e2ee46960,
0x0000027e2ee42ad0, 0x0000027e2ee43940, 0x0000027e2ee44c80, 0x0000027e2ee477d0,
0x0000027e2ee42130, 0x0000027e2ee43470, 0x0000027e2ee46490, 0x0000027e2ee43e10,
0x0000027e2ee42600, 0x0000027e2ee442e0, 0x0000027e2ee46e30, 0x0000027e2ee45af0,
0x0000027e2ee45620, 0x0000027e2ee447b0, 0x0000027e2ee45150, 0x0000027e2ee47300,
0x0000027e2e02d710, 0x0000027e2e02c8a0, 0x0000027e39487050, 0x0000027e36ef1030
}

Java Threads: ( => current thread )
  0x0000027e2c45b620 JavaThread "Reference Handler" daemon [_thread_blocked, id=3024, stack(0x000000af29900000,0x000000af29a00000)]
  0x0000027e2c45c3a0 JavaThread "Finalizer" daemon [_thread_blocked, id=7144, stack(0x000000af29a00000,0x000000af29b00000)]
  0x0000027e2c463010 JavaThread "Signal Dispatcher" daemon [_thread_blocked, id=23080, stack(0x000000af29b00000,0x000000af29c00000)]
  0x0000027e2c42d960 JavaThread "Attach Listener" daemon [_thread_blocked, id=13344, stack(0x000000af29c00000,0x000000af29d00000)]
  0x0000027e2c42e220 JavaThread "Service Thread" daemon [_thread_blocked, id=15868, stack(0x000000af29d00000,0x000000af29e00000)]
  0x0000027e2c42f280 JavaThread "Monitor Deflation Thread" daemon [_thread_blocked, id=20992, stack(0x000000af29e00000,0x000000af29f00000)]
  0x0000027e2c472a80 JavaThread "C1 CompilerThread0" daemon [_thread_blocked, id=7388, stack(0x000000af29f00000,0x000000af2a000000)]
  0x0000027e2c48dbe0 JavaThread "Sweeper thread" daemon [_thread_blocked, id=24772, stack(0x000000af2a000000,0x000000af2a100000)]
  0x0000027e2c55e0a0 JavaThread "Common-Cleaner" daemon [_thread_blocked, id=19108, stack(0x000000af2a100000,0x000000af2a200000)]
  0x0000027e2c659470 JavaThread "Notification Thread" daemon [_thread_blocked, id=25020, stack(0x000000af2a300000,0x000000af2a400000)]
  0x0000027e2ce468f0 JavaThread "RMI TCP Accept-0" daemon [_thread_in_native, id=7636, stack(0x000000af2a400000,0x000000af2a500000)]
  0x0000027e2ce3d440 JavaThread "RMI TCP Accept-50025" daemon [_thread_in_native, id=22888, stack(0x000000af2a500000,0x000000af2a600000)]
  0x0000027e2ce54bd0 JavaThread "RMI TCP Accept-0" daemon [_thread_in_native, id=17560, stack(0x000000af2a600000,0x000000af2a700000)]
  0x0000027e2cf23270 JavaThread "RMI Scheduler(0)" daemon [_thread_blocked, id=17140, stack(0x000000af2a900000,0x000000af2aa00000)]
  0x0000027e2ce84d60 JavaThread "RMI TCP Connection(idle)" daemon [_thread_blocked, id=22824, stack(0x000000af2aa00000,0x000000af2ab00000)]
  0x0000027e2e02cd70 JavaThread "logback-1" daemon [_thread_blocked, id=24676, stack(0x000000af2bc00000,0x000000af2bd00000)]
  0x0000027e2e02c3d0 JavaThread "RMI TCP Connection(46)-127.0.0.1" daemon [_thread_in_native, id=7628, stack(0x000000af2bd00000,0x000000af2be00000)]
  0x0000027e2e02f8c0 JavaThread "Catalina-utility-1" [_thread_blocked, id=25008, stack(0x000000af2b800000,0x000000af2b900000)]
  0x0000027e2e02dbe0 JavaThread "Catalina-utility-2" [_thread_blocked, id=17368, stack(0x000000af2bf00000,0x000000af2c000000)]
  0x0000027e2e02ef20 JavaThread "container-0" [_thread_blocked, id=4448, stack(0x000000af2c000000,0x000000af2c100000)]
  0x0000027e2e02e0b0 JavaThread "mysql-cj-abandoned-connection-cleanup" daemon [_thread_blocked, id=21436, stack(0x000000af2c200000,0x000000af2c300000)]
  0x0000027e2e02ea50 JavaThread "HikariPool-1 housekeeper" daemon [_thread_blocked, id=17580, stack(0x000000af2c400000,0x000000af2c500000)]
  0x0000027e328b7b10 JavaThread "http-nio-8085-BlockPoller" daemon [_thread_in_native, id=7352, stack(0x000000af2c700000,0x000000af2c800000)]
  0x0000027e328b7640 JavaThread "http-nio-8085-exec-1" daemon [_thread_blocked, id=12120, stack(0x000000af2c800000,0x000000af2c900000)]
  0x0000027e328b7fe0 JavaThread "http-nio-8085-exec-2" daemon [_thread_blocked, id=20328, stack(0x000000af2c900000,0x000000af2ca00000)]
  0x0000027e328b7170 JavaThread "http-nio-8085-exec-3" daemon [_thread_blocked, id=18248, stack(0x000000af2ca00000,0x000000af2cb00000)]
  0x0000027e328b9cc0 JavaThread "http-nio-8085-exec-4" daemon [_thread_blocked, id=13180, stack(0x000000af2cb00000,0x000000af2cc00000)]
  0x0000027e328ba660 JavaThread "http-nio-8085-exec-5" daemon [_thread_blocked, id=21992, stack(0x000000af2cc00000,0x000000af2cd00000)]
  0x0000027e328b84b0 JavaThread "http-nio-8085-exec-6" daemon [_thread_blocked, id=14516, stack(0x000000af2cd00000,0x000000af2ce00000)]
  0x0000027e328ba190 JavaThread "http-nio-8085-exec-7" daemon [_thread_blocked, id=7920, stack(0x000000af2ce00000,0x000000af2cf00000)]
  0x0000027e328b8e50 JavaThread "http-nio-8085-exec-8" daemon [_thread_blocked, id=16696, stack(0x000000af2cf00000,0x000000af2d000000)]
  0x0000027e328b9320 JavaThread "http-nio-8085-exec-9" daemon [_thread_blocked, id=20332, stack(0x000000af2d100000,0x000000af2d200000)]
  0x0000027e328b97f0 JavaThread "http-nio-8085-exec-10" daemon [_thread_blocked, id=17592, stack(0x000000af2d200000,0x000000af2d300000)]
  0x0000027e2ee45fc0 JavaThread "http-nio-8085-ClientPoller" daemon [_thread_in_native, id=24920, stack(0x000000af2d400000,0x000000af2d500000)]
  0x0000027e2ee42fa0 JavaThread "http-nio-8085-Acceptor" daemon [_thread_in_native, id=24424, stack(0x000000af2d600000,0x000000af2d700000)]
  0x0000027e2ee46960 JavaThread "Catalina-utility-1" [_thread_blocked, id=18392, stack(0x000000af2d700000,0x000000af2d800000)]
  0x0000027e2ee42ad0 JavaThread "Catalina-utility-2" [_thread_blocked, id=20492, stack(0x000000af2d800000,0x000000af2d900000)]
  0x0000027e2ee43940 JavaThread "container-1" [_thread_blocked, id=23056, stack(0x000000af2d900000,0x000000af2da00000)]
  0x0000027e2ee44c80 JavaThread "http-nio-8086-BlockPoller" daemon [_thread_in_native, id=22512, stack(0x000000af2da00000,0x000000af2db00000)]
  0x0000027e2ee477d0 JavaThread "http-nio-8086-exec-1" daemon [_thread_blocked, id=23132, stack(0x000000af2db00000,0x000000af2dc00000)]
  0x0000027e2ee42130 JavaThread "http-nio-8086-exec-2" daemon [_thread_blocked, id=24524, stack(0x000000af2dc00000,0x000000af2dd00000)]
  0x0000027e2ee43470 JavaThread "http-nio-8086-exec-3" daemon [_thread_blocked, id=12132, stack(0x000000af2dd00000,0x000000af2de00000)]
  0x0000027e2ee46490 JavaThread "http-nio-8086-exec-4" daemon [_thread_blocked, id=24664, stack(0x000000af2de00000,0x000000af2df00000)]
  0x0000027e2ee43e10 JavaThread "http-nio-8086-exec-5" daemon [_thread_blocked, id=10272, stack(0x000000af2df00000,0x000000af2e000000)]
  0x0000027e2ee42600 JavaThread "http-nio-8086-exec-6" daemon [_thread_blocked, id=24916, stack(0x000000af2e000000,0x000000af2e100000)]
  0x0000027e2ee442e0 JavaThread "http-nio-8086-exec-7" daemon [_thread_blocked, id=24008, stack(0x000000af2e100000,0x000000af2e200000)]
  0x0000027e2ee46e30 JavaThread "http-nio-8086-exec-8" daemon [_thread_blocked, id=22740, stack(0x000000af2e200000,0x000000af2e300000)]
  0x0000027e2ee45af0 JavaThread "http-nio-8086-exec-9" daemon [_thread_blocked, id=24448, stack(0x000000af2e300000,0x000000af2e400000)]
  0x0000027e2ee45620 JavaThread "http-nio-8086-exec-10" daemon [_thread_blocked, id=22844, stack(0x000000af2e400000,0x000000af2e500000)]
  0x0000027e2ee447b0 JavaThread "http-nio-8086-ClientPoller" daemon [_thread_in_native, id=22160, stack(0x000000af2e500000,0x000000af2e600000)]
  0x0000027e2ee45150 JavaThread "http-nio-8086-Acceptor" daemon [_thread_in_native, id=9392, stack(0x000000af2e600000,0x000000af2e700000)]
  0x0000027e2ee47300 JavaThread "DestroyJavaVM" [_thread_blocked, id=20296, stack(0x000000af29200000,0x000000af29300000)]
  0x0000027e2e02d710 JavaThread "JMX server connection timeout 646" daemon [_thread_blocked, id=25160, stack(0x000000af29000000,0x000000af29100000)]
  0x0000027e2e02c8a0 JavaThread "JMX server connection timeout 647" daemon [_thread_blocked, id=25436, stack(0x000000af29100000,0x000000af29200000)]
  0x0000027e39487050 JavaThread "C1 CompilerThread1" daemon [_thread_blocked, id=14968, stack(0x000000af28f00000,0x000000af29000000)]
  0x0000027e36ef1030 JavaThread "C1 CompilerThread2" daemon [_thread_blocked, id=2428, stack(0x000000af2a200000,0x000000af2a300000)]

Other Threads:
=>0x0000027e2c4452a0 VMThread "VM Thread" [stack: 0x000000af29800000,0x000000af29900000] [id=9448]
  0x0000027e2ce550a0 WatcherThread [stack: 0x000000af2a700000,0x000000af2a800000] [id=5500]
  0x0000027e18eabd90 GCTaskThread "GC Thread#0" [stack: 0x000000af29300000,0x000000af29400000] [id=18924]
  0x0000027e2dffc010 GCTaskThread "GC Thread#1" [stack: 0x000000af2ae00000,0x000000af2af00000] [id=12736]
  0x0000027e2e0002d0 GCTaskThread "GC Thread#2" [stack: 0x000000af2af00000,0x000000af2b000000] [id=19476]
  0x0000027e2e000580 GCTaskThread "GC Thread#3" [stack: 0x000000af2b000000,0x000000af2b100000] [id=8856]
  0x0000027e2e000830 GCTaskThread "GC Thread#4" [stack: 0x000000af2b100000,0x000000af2b200000] [id=18224]
  0x0000027e2e004af0 GCTaskThread "GC Thread#5" [stack: 0x000000af2b200000,0x000000af2b300000] [id=24024]
  0x0000027e2e024980 GCTaskThread "GC Thread#6" [stack: 0x000000af2b300000,0x000000af2b400000] [id=12100]
  0x0000027e2e024c30 GCTaskThread "GC Thread#7" [stack: 0x000000af2b400000,0x000000af2b500000] [id=22468]
  0x0000027e2e029310 GCTaskThread "GC Thread#8" [stack: 0x000000af2b500000,0x000000af2b600000] [id=1068]
  0x0000027e2e2de3e0 GCTaskThread "GC Thread#9" [stack: 0x000000af2b900000,0x000000af2ba00000] [id=5808]
  0x0000027e18ebd7e0 ConcurrentGCThread "G1 Main Marker" [stack: 0x000000af29400000,0x000000af29500000] [id=19720]
  0x0000027e18ebe100 ConcurrentGCThread "G1 Conc#0" [stack: 0x000000af29500000,0x000000af29600000] [id=22620]
  0x0000027e2e27ed10 ConcurrentGCThread "G1 Conc#1" [stack: 0x000000af2ba00000,0x000000af2bb00000] [id=16300]
  0x0000027e2e27efc0 ConcurrentGCThread "G1 Conc#2" [stack: 0x000000af2bb00000,0x000000af2bc00000] [id=152]
  0x0000027e2b9ef540 ConcurrentGCThread "G1 Refine#0" [stack: 0x000000af29600000,0x000000af29700000] [id=25180]
  0x0000027e2e00bd00 ConcurrentGCThread "G1 Refine#1" [stack: 0x000000af2b600000,0x000000af2b700000] [id=18904]
  0x0000027e2e02b200 ConcurrentGCThread "G1 Refine#2" [stack: 0x000000af2b700000,0x000000af2b800000] [id=17604]
  0x0000027e317cda00 ConcurrentGCThread "G1 Refine#3" [stack: 0x000000af2d000000,0x000000af2d100000] [id=24856]
  0x0000027e317c6060 ConcurrentGCThread "G1 Refine#4" [stack: 0x000000af2d300000,0x000000af2d400000] [id=20756]
  0x0000027e30aaa820 ConcurrentGCThread "G1 Refine#5" [stack: 0x000000af2d500000,0x000000af2d600000] [id=12812]
  0x0000027e2b9efd70 ConcurrentGCThread "G1 Service" [stack: 0x000000af29700000,0x000000af29800000] [id=21364]

Threads with active compile tasks:

VM state: at safepoint (normal execution)

VM Mutex/Monitor currently owned by a thread:  ([mutex/lock_event])
[0x0000027e18e588a0] Threads_lock - owner thread: 0x0000027e2c4452a0
[0x0000027e18e591a0] Heap_lock - owner thread: 0x0000027e328b7170

Heap address: 0x0000000703a00000, size: 4038 MB, Compressed Oops mode: Zero based, Oop shift amount: 3

CDS archive(s) not mapped
Compressed class space mapped at: 0x0000000800000000-0x0000000840000000, reserved size: 1073741824
Narrow klass base: 0x0000000800000000, Narrow klass shift: 0, Narrow klass range: 0x40000000

GC Precious Log:
 CPUs: 12 total, 12 available
 Memory: 16145M
 Large Page Support: Disabled
 NUMA Support: Disabled
 Compressed Oops: Enabled (Zero based)
 Heap Region Size: 2M
 Heap Min Capacity: 8M
 Heap Initial Capacity: 254M
 Heap Max Capacity: 4038M
 Pre-touch: Disabled
 Parallel Workers: 10
 Concurrent Workers: 3
 Concurrent Refinement Workers: 10
 Periodic GC: Disabled

Heap:
 garbage-first heap   total 526336K, used 93686K [0x0000000703a00000, 0x0000000800000000)
  region size 2048K, 2 young (4096K), 2 survivors (4096K)
 Metaspace       used 178382K, committed 185344K, reserved 1212416K
  class space    used 20849K, committed 25216K, reserved 1048576K

Heap Regions: E=young(eden), S=young(survivor), O=old, HS=humongous(starts), HC=humongous(continues), CS=collection set, F=free, OA=open archive, CA=closed archive, TAMS=top-at-mark-start (previous, next)
|   0|0x0000000703a00000, 0x0000000703c00000, 0x0000000703c00000|100%| O|  |TAMS 0x0000000703c00000, 0x0000000703c00000| Untracked 
|   1|0x0000000703c00000, 0x0000000703e00000, 0x0000000703e00000|100%| O|  |TAMS 0x0000000703e00000, 0x0000000703e00000| Untracked 
|   2|0x0000000703e00000, 0x0000000704000000, 0x0000000704000000|100%| O|  |TAMS 0x0000000704000000, 0x0000000704000000| Untracked 
|   3|0x0000000704000000, 0x0000000704200000, 0x0000000704200000|100%| O|  |TAMS 0x0000000704200000, 0x0000000704200000| Untracked 
|   4|0x0000000704200000, 0x0000000704400000, 0x0000000704400000|100%| O|  |TAMS 0x0000000704400000, 0x0000000704400000| Untracked 
|   5|0x0000000704400000, 0x0000000704600000, 0x0000000704600000|100%| O|  |TAMS 0x0000000704600000, 0x0000000704600000| Untracked 
|   6|0x0000000704600000, 0x0000000704800000, 0x0000000704800000|100%| O|  |TAMS 0x0000000704800000, 0x0000000704800000| Untracked 
|   7|0x0000000704800000, 0x0000000704a00000, 0x0000000704a00000|100%| O|  |TAMS 0x0000000704a00000, 0x0000000704a00000| Untracked 
|   8|0x0000000704a00000, 0x0000000704c00000, 0x0000000704c00000|100%| O|  |TAMS 0x0000000704ae7200, 0x0000000704c00000| Untracked 
|   9|0x0000000704c00000, 0x0000000704e00000, 0x0000000704e00000|100%| O|  |TAMS 0x0000000704e00000, 0x0000000704e00000| Untracked 
|  10|0x0000000704e00000, 0x0000000705000000, 0x0000000705000000|100%| O|  |TAMS 0x0000000705000000, 0x0000000705000000| Untracked 
|  11|0x0000000705000000, 0x0000000705200000, 0x0000000705200000|100%| O|  |TAMS 0x0000000705200000, 0x0000000705200000| Untracked 
|  12|0x0000000705200000, 0x00000007053bba00, 0x0000000705400000| 86%| O|  |TAMS 0x0000000705200000, 0x00000007053bba00| Untracked 
|  13|0x0000000705400000, 0x0000000705400000, 0x0000000705600000|  0%| F|  |TAMS 0x0000000705400000, 0x0000000705400000| Untracked 
|  14|0x0000000705600000, 0x0000000705800000, 0x0000000705800000|100%| O|  |TAMS 0x0000000705800000, 0x0000000705800000| Untracked 
|  15|0x0000000705800000, 0x0000000705a00000, 0x0000000705a00000|100%| O|  |TAMS 0x0000000705a00000, 0x0000000705a00000| Untracked 
|  16|0x0000000705a00000, 0x0000000705c00000, 0x0000000705c00000|100%| O|  |TAMS 0x0000000705c00000, 0x0000000705c00000| Untracked 
|  17|0x0000000705c00000, 0x0000000705e00000, 0x0000000705e00000|100%| O|  |TAMS 0x0000000705e00000, 0x0000000705e00000| Untracked 
|  18|0x0000000705e00000, 0x0000000706000000, 0x0000000706000000|100%| O|  |TAMS 0x0000000705e00000, 0x0000000706000000| Untracked 
|  19|0x0000000706000000, 0x0000000706200000, 0x0000000706200000|100%| O|  |TAMS 0x0000000706000000, 0x0000000706200000| Untracked 
|  20|0x0000000706200000, 0x0000000706400000, 0x0000000706400000|100%| O|  |TAMS 0x0000000706400000, 0x0000000706400000| Untracked 
|  21|0x0000000706400000, 0x0000000706600000, 0x0000000706600000|100%| O|  |TAMS 0x0000000706600000, 0x0000000706600000| Untracked 
|  22|0x0000000706600000, 0x0000000706800000, 0x0000000706800000|100%| O|  |TAMS 0x0000000706800000, 0x0000000706800000| Untracked 
|  23|0x0000000706800000, 0x0000000706a00000, 0x0000000706a00000|100%| O|  |TAMS 0x0000000706800000, 0x0000000706a00000| Untracked 
|  24|0x0000000706a00000, 0x0000000706c00000, 0x0000000706c00000|100%| O|  |TAMS 0x0000000706a00000, 0x0000000706c00000| Untracked 
|  25|0x0000000706c00000, 0x0000000706e00000, 0x0000000706e00000|100%| O|  |TAMS 0x0000000706e00000, 0x0000000706e00000| Untracked 
|  26|0x0000000706e00000, 0x0000000706e00000, 0x0000000707000000|  0%| F|  |TAMS 0x0000000706e00000, 0x0000000706e00000| Untracked 
|  27|0x0000000707000000, 0x0000000707200000, 0x0000000707200000|100%| O|  |TAMS 0x0000000707200000, 0x0000000707200000| Untracked 
|  28|0x0000000707200000, 0x0000000707400000, 0x0000000707400000|100%| O|  |TAMS 0x0000000707400000, 0x0000000707400000| Untracked 
|  29|0x0000000707400000, 0x0000000707600000, 0x0000000707600000|100%| O|  |TAMS 0x0000000707600000, 0x0000000707600000| Untracked 
|  30|0x0000000707600000, 0x0000000707800000, 0x0000000707800000|100%| O|  |TAMS 0x0000000707800000, 0x0000000707800000| Untracked 
|  31|0x0000000707800000, 0x0000000707a00000, 0x0000000707a00000|100%| O|  |TAMS 0x0000000707a00000, 0x0000000707a00000| Untracked 
|  32|0x0000000707a00000, 0x0000000707c00000, 0x0000000707c00000|100%| O|  |TAMS 0x0000000707c00000, 0x0000000707c00000| Untracked 
|  33|0x0000000707c00000, 0x0000000707e00000, 0x0000000707e00000|100%| O|  |TAMS 0x0000000707e00000, 0x0000000707e00000| Untracked 
|  34|0x0000000707e00000, 0x0000000708000000, 0x0000000708000000|100%| O|  |TAMS 0x0000000708000000, 0x0000000708000000| Untracked 
|  35|0x0000000708000000, 0x0000000708200000, 0x0000000708200000|100%| O|  |TAMS 0x0000000708200000, 0x0000000708200000| Untracked 
|  36|0x0000000708200000, 0x0000000708400000, 0x0000000708400000|100%| O|  |TAMS 0x0000000708400000, 0x0000000708400000| Untracked 
|  37|0x0000000708400000, 0x0000000708600000, 0x0000000708600000|100%| O|  |TAMS 0x0000000708400000, 0x0000000708600000| Untracked 
|  38|0x0000000708600000, 0x0000000708800000, 0x0000000708800000|100%| O|  |TAMS 0x0000000708600000, 0x0000000708800000| Untracked 
|  39|0x0000000708800000, 0x0000000708a00000, 0x0000000708a00000|100%| O|  |TAMS 0x0000000708800000, 0x0000000708a00000| Untracked 
|  40|0x0000000708a00000, 0x0000000708c00000, 0x0000000708c00000|100%| O|  |TAMS 0x0000000708a00000, 0x0000000708c00000| Untracked 
|  41|0x0000000708c00000, 0x0000000708e00000, 0x0000000708e00000|100%| O|  |TAMS 0x0000000708c00000, 0x0000000708e00000| Untracked 
|  42|0x0000000708e00000, 0x0000000709000000, 0x0000000709000000|100%| O|  |TAMS 0x0000000708e00000, 0x0000000709000000| Untracked 
|  43|0x0000000709000000, 0x0000000709200000, 0x0000000709200000|100%| O|  |TAMS 0x0000000709000000, 0x0000000709200000| Untracked 
|  44|0x0000000709200000, 0x0000000709400000, 0x0000000709400000|100%| O|  |TAMS 0x0000000709200000, 0x0000000709400000| Untracked 
|  45|0x0000000709400000, 0x0000000709600000, 0x0000000709600000|100%| O|  |TAMS 0x0000000709400000, 0x0000000709600000| Untracked 
|  46|0x0000000709600000, 0x0000000709633a00, 0x0000000709800000| 10%| O|  |TAMS 0x0000000709600000, 0x0000000709633a00| Untracked 
|  47|0x0000000709800000, 0x0000000709800000, 0x0000000709a00000|  0%| F|  |TAMS 0x0000000709800000, 0x0000000709800000| Untracked 
|  48|0x0000000709a00000, 0x0000000709a00000, 0x0000000709c00000|  0%| F|  |TAMS 0x0000000709a00000, 0x0000000709a00000| Untracked 
|  49|0x0000000709c00000, 0x0000000709c00000, 0x0000000709e00000|  0%| F|  |TAMS 0x0000000709c00000, 0x0000000709c00000| Untracked 
|  50|0x0000000709e00000, 0x0000000709e00000, 0x000000070a000000|  0%| F|  |TAMS 0x0000000709e00000, 0x0000000709e00000| Untracked 
|  51|0x000000070a000000, 0x000000070a000000, 0x000000070a200000|  0%| F|  |TAMS 0x000000070a000000, 0x000000070a000000| Untracked 
|  52|0x000000070a200000, 0x000000070a200000, 0x000000070a400000|  0%| F|  |TAMS 0x000000070a200000, 0x000000070a200000| Untracked 
|  53|0x000000070a400000, 0x000000070a400000, 0x000000070a600000|  0%| F|  |TAMS 0x000000070a400000, 0x000000070a400000| Untracked 
|  54|0x000000070a600000, 0x000000070a600000, 0x000000070a800000|  0%| F|  |TAMS 0x000000070a600000, 0x000000070a600000| Untracked 
|  55|0x000000070a800000, 0x000000070a800000, 0x000000070aa00000|  0%| F|  |TAMS 0x000000070a800000, 0x000000070a800000| Untracked 
|  56|0x000000070aa00000, 0x000000070aa00000, 0x000000070ac00000|  0%| F|  |TAMS 0x000000070aa00000, 0x000000070aa00000| Untracked 
|  57|0x000000070ac00000, 0x000000070ac00000, 0x000000070ae00000|  0%| F|  |TAMS 0x000000070ac00000, 0x000000070ac00000| Untracked 
|  58|0x000000070ae00000, 0x000000070ae00000, 0x000000070b000000|  0%| F|  |TAMS 0x000000070ae00000, 0x000000070ae00000| Untracked 
|  59|0x000000070b000000, 0x000000070b000000, 0x000000070b200000|  0%| F|  |TAMS 0x000000070b000000, 0x000000070b000000| Untracked 
|  60|0x000000070b200000, 0x000000070b200000, 0x000000070b400000|  0%| F|  |TAMS 0x000000070b200000, 0x000000070b200000| Untracked 
|  61|0x000000070b400000, 0x000000070b400000, 0x000000070b600000|  0%| F|  |TAMS 0x000000070b400000, 0x000000070b400000| Untracked 
|  62|0x000000070b600000, 0x000000070b600000, 0x000000070b800000|  0%| F|  |TAMS 0x000000070b600000, 0x000000070b600000| Untracked 
|  63|0x000000070b800000, 0x000000070b800000, 0x000000070ba00000|  0%| F|  |TAMS 0x000000070b800000, 0x000000070b800000| Untracked 
|  64|0x000000070ba00000, 0x000000070ba00000, 0x000000070bc00000|  0%| F|  |TAMS 0x000000070ba00000, 0x000000070ba00000| Untracked 
|  65|0x000000070bc00000, 0x000000070bc00000, 0x000000070be00000|  0%| F|  |TAMS 0x000000070bc00000, 0x000000070bc00000| Untracked 
|  66|0x000000070be00000, 0x000000070be00000, 0x000000070c000000|  0%| F|  |TAMS 0x000000070be00000, 0x000000070be00000| Untracked 
|  67|0x000000070c000000, 0x000000070c000000, 0x000000070c200000|  0%| F|  |TAMS 0x000000070c000000, 0x000000070c000000| Untracked 
|  68|0x000000070c200000, 0x000000070c200000, 0x000000070c400000|  0%| F|  |TAMS 0x000000070c200000, 0x000000070c200000| Untracked 
|  69|0x000000070c400000, 0x000000070c400000, 0x000000070c600000|  0%| F|  |TAMS 0x000000070c400000, 0x000000070c400000| Untracked 
|  70|0x000000070c600000, 0x000000070c600000, 0x000000070c800000|  0%| F|  |TAMS 0x000000070c600000, 0x000000070c600000| Untracked 
|  71|0x000000070c800000, 0x000000070c800000, 0x000000070ca00000|  0%| F|  |TAMS 0x000000070c800000, 0x000000070c800000| Untracked 
|  72|0x000000070ca00000, 0x000000070ca00000, 0x000000070cc00000|  0%| F|  |TAMS 0x000000070ca00000, 0x000000070ca00000| Untracked 
|  73|0x000000070cc00000, 0x000000070cc00000, 0x000000070ce00000|  0%| F|  |TAMS 0x000000070cc00000, 0x000000070cc00000| Untracked 
|  74|0x000000070ce00000, 0x000000070ce00000, 0x000000070d000000|  0%| F|  |TAMS 0x000000070ce00000, 0x000000070ce00000| Untracked 
|  75|0x000000070d000000, 0x000000070d000000, 0x000000070d200000|  0%| F|  |TAMS 0x000000070d000000, 0x000000070d000000| Untracked 
|  76|0x000000070d200000, 0x000000070d200000, 0x000000070d400000|  0%| F|  |TAMS 0x000000070d200000, 0x000000070d200000| Untracked 
|  77|0x000000070d400000, 0x000000070d400000, 0x000000070d600000|  0%| F|  |TAMS 0x000000070d400000, 0x000000070d400000| Untracked 
|  78|0x000000070d600000, 0x000000070d600000, 0x000000070d800000|  0%| F|  |TAMS 0x000000070d600000, 0x000000070d600000| Untracked 
|  79|0x000000070d800000, 0x000000070d800000, 0x000000070da00000|  0%| F|  |TAMS 0x000000070d800000, 0x000000070d800000| Untracked 
|  80|0x000000070da00000, 0x000000070da00000, 0x000000070dc00000|  0%| F|  |TAMS 0x000000070da00000, 0x000000070da00000| Untracked 
|  81|0x000000070dc00000, 0x000000070dc00000, 0x000000070de00000|  0%| F|  |TAMS 0x000000070dc00000, 0x000000070dc00000| Untracked 
|  82|0x000000070de00000, 0x000000070de00000, 0x000000070e000000|  0%| F|  |TAMS 0x000000070de00000, 0x000000070de00000| Untracked 
|  83|0x000000070e000000, 0x000000070e000000, 0x000000070e200000|  0%| F|  |TAMS 0x000000070e000000, 0x000000070e000000| Untracked 
|  84|0x000000070e200000, 0x000000070e200000, 0x000000070e400000|  0%| F|  |TAMS 0x000000070e200000, 0x000000070e200000| Untracked 
|  85|0x000000070e400000, 0x000000070e400000, 0x000000070e600000|  0%| F|  |TAMS 0x000000070e400000, 0x000000070e400000| Untracked 
|  86|0x000000070e600000, 0x000000070e600000, 0x000000070e800000|  0%| F|  |TAMS 0x000000070e600000, 0x000000070e600000| Untracked 
|  87|0x000000070e800000, 0x000000070e800000, 0x000000070ea00000|  0%| F|  |TAMS 0x000000070e800000, 0x000000070e800000| Untracked 
|  88|0x000000070ea00000, 0x000000070eb8e700, 0x000000070ec00000| 77%| S|CS|TAMS 0x000000070ea00000, 0x000000070ea00000| Complete 
|  89|0x000000070ec00000, 0x000000070ee00000, 0x000000070ee00000|100%| S|CS|TAMS 0x000000070ec00000, 0x000000070ec00000| Complete 
|  90|0x000000070ee00000, 0x000000070ee00000, 0x000000070f000000|  0%| F|  |TAMS 0x000000070ee00000, 0x000000070ee00000| Untracked 
|  91|0x000000070f000000, 0x000000070f000000, 0x000000070f200000|  0%| F|  |TAMS 0x000000070f000000, 0x000000070f000000| Untracked 
|  92|0x000000070f200000, 0x000000070f200000, 0x000000070f400000|  0%| F|  |TAMS 0x000000070f200000, 0x000000070f200000| Untracked 
|  93|0x000000070f400000, 0x000000070f400000, 0x000000070f600000|  0%| F|  |TAMS 0x000000070f400000, 0x000000070f400000| Untracked 
|  94|0x000000070f600000, 0x000000070f600000, 0x000000070f800000|  0%| F|  |TAMS 0x000000070f600000, 0x000000070f600000| Untracked 
|  95|0x000000070f800000, 0x000000070f800000, 0x000000070fa00000|  0%| F|  |TAMS 0x000000070f800000, 0x000000070f800000| Untracked 
|  96|0x000000070fa00000, 0x000000070fa00000, 0x000000070fc00000|  0%| F|  |TAMS 0x000000070fa00000, 0x000000070fa00000| Untracked 
|  97|0x000000070fc00000, 0x000000070fc00000, 0x000000070fe00000|  0%| F|  |TAMS 0x000000070fc00000, 0x000000070fc00000| Untracked 
|  98|0x000000070fe00000, 0x000000070fe00000, 0x0000000710000000|  0%| F|  |TAMS 0x000000070fe00000, 0x000000070fe00000| Untracked 
|  99|0x0000000710000000, 0x0000000710000000, 0x0000000710200000|  0%| F|  |TAMS 0x0000000710000000, 0x0000000710000000| Untracked 
| 100|0x0000000710200000, 0x0000000710200000, 0x0000000710400000|  0%| F|  |TAMS 0x0000000710200000, 0x0000000710200000| Untracked 
| 101|0x0000000710400000, 0x0000000710400000, 0x0000000710600000|  0%| F|  |TAMS 0x0000000710400000, 0x0000000710400000| Untracked 
| 102|0x0000000710600000, 0x0000000710600000, 0x0000000710800000|  0%| F|  |TAMS 0x0000000710600000, 0x0000000710600000| Untracked 
| 103|0x0000000710800000, 0x0000000710800000, 0x0000000710a00000|  0%| F|  |TAMS 0x0000000710800000, 0x0000000710800000| Untracked 
| 104|0x0000000710a00000, 0x0000000710a00000, 0x0000000710c00000|  0%| F|  |TAMS 0x0000000710a00000, 0x0000000710a00000| Untracked 
| 105|0x0000000710c00000, 0x0000000710c00000, 0x0000000710e00000|  0%| F|  |TAMS 0x0000000710c00000, 0x0000000710c00000| Untracked 
| 106|0x0000000710e00000, 0x0000000710e00000, 0x0000000711000000|  0%| F|  |TAMS 0x0000000710e00000, 0x0000000710e00000| Untracked 
| 107|0x0000000711000000, 0x0000000711000000, 0x0000000711200000|  0%| F|  |TAMS 0x0000000711000000, 0x0000000711000000| Untracked 
| 108|0x0000000711200000, 0x0000000711200000, 0x0000000711400000|  0%| F|  |TAMS 0x0000000711200000, 0x0000000711200000| Untracked 
| 109|0x0000000711400000, 0x0000000711400000, 0x0000000711600000|  0%| F|  |TAMS 0x0000000711400000, 0x0000000711400000| Untracked 
| 110|0x0000000711600000, 0x0000000711600000, 0x0000000711800000|  0%| F|  |TAMS 0x0000000711600000, 0x0000000711600000| Untracked 
| 111|0x0000000711800000, 0x0000000711800000, 0x0000000711a00000|  0%| F|  |TAMS 0x0000000711800000, 0x0000000711800000| Untracked 
| 112|0x0000000711a00000, 0x0000000711a00000, 0x0000000711c00000|  0%| F|  |TAMS 0x0000000711a00000, 0x0000000711a00000| Untracked 
| 113|0x0000000711c00000, 0x0000000711c00000, 0x0000000711e00000|  0%| F|  |TAMS 0x0000000711c00000, 0x0000000711c00000| Untracked 
| 114|0x0000000711e00000, 0x0000000711e00000, 0x0000000712000000|  0%| F|  |TAMS 0x0000000711e00000, 0x0000000711e00000| Untracked 
| 115|0x0000000712000000, 0x0000000712000000, 0x0000000712200000|  0%| F|  |TAMS 0x0000000712000000, 0x0000000712000000| Untracked 
| 116|0x0000000712200000, 0x0000000712200000, 0x0000000712400000|  0%| F|  |TAMS 0x0000000712200000, 0x0000000712200000| Untracked 
| 117|0x0000000712400000, 0x0000000712400000, 0x0000000712600000|  0%| F|  |TAMS 0x0000000712400000, 0x0000000712400000| Untracked 
| 118|0x0000000712600000, 0x0000000712600000, 0x0000000712800000|  0%| F|  |TAMS 0x0000000712600000, 0x0000000712600000| Untracked 
| 119|0x0000000712800000, 0x0000000712800000, 0x0000000712a00000|  0%| F|  |TAMS 0x0000000712800000, 0x0000000712800000| Untracked 
| 120|0x0000000712a00000, 0x0000000712a00000, 0x0000000712c00000|  0%| F|  |TAMS 0x0000000712a00000, 0x0000000712a00000| Untracked 
| 121|0x0000000712c00000, 0x0000000712c00000, 0x0000000712e00000|  0%| F|  |TAMS 0x0000000712c00000, 0x0000000712c00000| Untracked 
| 122|0x0000000712e00000, 0x0000000712e00000, 0x0000000713000000|  0%| F|  |TAMS 0x0000000712e00000, 0x0000000712e00000| Untracked 
| 123|0x0000000713000000, 0x0000000713000000, 0x0000000713200000|  0%| F|  |TAMS 0x0000000713000000, 0x0000000713000000| Untracked 
| 124|0x0000000713200000, 0x0000000713200000, 0x0000000713400000|  0%| F|  |TAMS 0x0000000713200000, 0x0000000713200000| Untracked 
| 125|0x0000000713400000, 0x0000000713400000, 0x0000000713600000|  0%| F|  |TAMS 0x0000000713400000, 0x0000000713400000| Untracked 
| 126|0x0000000713600000, 0x0000000713600000, 0x0000000713800000|  0%| F|  |TAMS 0x0000000713600000, 0x0000000713600000| Untracked 
| 127|0x0000000713800000, 0x0000000713800000, 0x0000000713a00000|  0%| F|  |TAMS 0x0000000713800000, 0x0000000713800000| Untracked 
| 128|0x0000000713a00000, 0x0000000713a00000, 0x0000000713c00000|  0%| F|  |TAMS 0x0000000713a00000, 0x0000000713a00000| Untracked 
| 129|0x0000000713c00000, 0x0000000713c00000, 0x0000000713e00000|  0%| F|  |TAMS 0x0000000713c00000, 0x0000000713c00000| Untracked 
| 130|0x0000000713e00000, 0x0000000713e00000, 0x0000000714000000|  0%| F|  |TAMS 0x0000000713e00000, 0x0000000713e00000| Untracked 
| 131|0x0000000714000000, 0x0000000714000000, 0x0000000714200000|  0%| F|  |TAMS 0x0000000714000000, 0x0000000714000000| Untracked 
| 132|0x0000000714200000, 0x0000000714200000, 0x0000000714400000|  0%| F|  |TAMS 0x0000000714200000, 0x0000000714200000| Untracked 
| 133|0x0000000714400000, 0x0000000714400000, 0x0000000714600000|  0%| F|  |TAMS 0x0000000714400000, 0x0000000714400000| Untracked 
| 134|0x0000000714600000, 0x0000000714600000, 0x0000000714800000|  0%| F|  |TAMS 0x0000000714600000, 0x0000000714600000| Untracked 
| 135|0x0000000714800000, 0x0000000714800000, 0x0000000714a00000|  0%| F|  |TAMS 0x0000000714800000, 0x0000000714800000| Untracked 
| 136|0x0000000714a00000, 0x0000000714a00000, 0x0000000714c00000|  0%| F|  |TAMS 0x0000000714a00000, 0x0000000714a00000| Untracked 
| 137|0x0000000714c00000, 0x0000000714c00000, 0x0000000714e00000|  0%| F|  |TAMS 0x0000000714c00000, 0x0000000714c00000| Untracked 
| 138|0x0000000714e00000, 0x0000000714e00000, 0x0000000715000000|  0%| F|  |TAMS 0x0000000714e00000, 0x0000000714e00000| Untracked 
| 139|0x0000000715000000, 0x0000000715000000, 0x0000000715200000|  0%| F|  |TAMS 0x0000000715000000, 0x0000000715000000| Untracked 
| 140|0x0000000715200000, 0x0000000715200000, 0x0000000715400000|  0%| F|  |TAMS 0x0000000715200000, 0x0000000715200000| Untracked 
| 141|0x0000000715400000, 0x0000000715400000, 0x0000000715600000|  0%| F|  |TAMS 0x0000000715400000, 0x0000000715400000| Untracked 
| 142|0x0000000715600000, 0x0000000715600000, 0x0000000715800000|  0%| F|  |TAMS 0x0000000715600000, 0x0000000715600000| Untracked 
| 143|0x0000000715800000, 0x0000000715800000, 0x0000000715a00000|  0%| F|  |TAMS 0x0000000715800000, 0x0000000715800000| Untracked 
| 144|0x0000000715a00000, 0x0000000715a00000, 0x0000000715c00000|  0%| F|  |TAMS 0x0000000715a00000, 0x0000000715a00000| Untracked 
| 145|0x0000000715c00000, 0x0000000715c00000, 0x0000000715e00000|  0%| F|  |TAMS 0x0000000715c00000, 0x0000000715c00000| Untracked 
| 146|0x0000000715e00000, 0x0000000715e00000, 0x0000000716000000|  0%| F|  |TAMS 0x0000000715e00000, 0x0000000715e00000| Untracked 
| 147|0x0000000716000000, 0x0000000716000000, 0x0000000716200000|  0%| F|  |TAMS 0x0000000716000000, 0x0000000716000000| Untracked 
| 148|0x0000000716200000, 0x0000000716200000, 0x0000000716400000|  0%| F|  |TAMS 0x0000000716200000, 0x0000000716200000| Untracked 
| 149|0x0000000716400000, 0x0000000716400000, 0x0000000716600000|  0%| F|  |TAMS 0x0000000716400000, 0x0000000716400000| Untracked 
| 150|0x0000000716600000, 0x0000000716600000, 0x0000000716800000|  0%| F|  |TAMS 0x0000000716600000, 0x0000000716600000| Untracked 
| 151|0x0000000716800000, 0x0000000716800000, 0x0000000716a00000|  0%| F|  |TAMS 0x0000000716800000, 0x0000000716800000| Untracked 
| 152|0x0000000716a00000, 0x0000000716a00000, 0x0000000716c00000|  0%| F|  |TAMS 0x0000000716a00000, 0x0000000716a00000| Untracked 
| 153|0x0000000716c00000, 0x0000000716c00000, 0x0000000716e00000|  0%| F|  |TAMS 0x0000000716c00000, 0x0000000716c00000| Untracked 
| 154|0x0000000716e00000, 0x0000000716e00000, 0x0000000717000000|  0%| F|  |TAMS 0x0000000716e00000, 0x0000000716e00000| Untracked 
| 155|0x0000000717000000, 0x0000000717000000, 0x0000000717200000|  0%| F|  |TAMS 0x0000000717000000, 0x0000000717000000| Untracked 
| 156|0x0000000717200000, 0x0000000717200000, 0x0000000717400000|  0%| F|  |TAMS 0x0000000717200000, 0x0000000717200000| Untracked 
| 157|0x0000000717400000, 0x0000000717400000, 0x0000000717600000|  0%| F|  |TAMS 0x0000000717400000, 0x0000000717400000| Untracked 
| 158|0x0000000717600000, 0x0000000717600000, 0x0000000717800000|  0%| F|  |TAMS 0x0000000717600000, 0x0000000717600000| Untracked 
| 159|0x0000000717800000, 0x0000000717800000, 0x0000000717a00000|  0%| F|  |TAMS 0x0000000717800000, 0x0000000717800000| Untracked 
| 160|0x0000000717a00000, 0x0000000717a00000, 0x0000000717c00000|  0%| F|  |TAMS 0x0000000717a00000, 0x0000000717a00000| Untracked 
| 161|0x0000000717c00000, 0x0000000717c00000, 0x0000000717e00000|  0%| F|  |TAMS 0x0000000717c00000, 0x0000000717c00000| Untracked 
| 162|0x0000000717e00000, 0x0000000717e00000, 0x0000000718000000|  0%| F|  |TAMS 0x0000000717e00000, 0x0000000717e00000| Untracked 
| 163|0x0000000718000000, 0x0000000718000000, 0x0000000718200000|  0%| F|  |TAMS 0x0000000718000000, 0x0000000718000000| Untracked 
| 164|0x0000000718200000, 0x0000000718200000, 0x0000000718400000|  0%| F|  |TAMS 0x0000000718200000, 0x0000000718200000| Untracked 
| 165|0x0000000718400000, 0x0000000718400000, 0x0000000718600000|  0%| F|  |TAMS 0x0000000718400000, 0x0000000718400000| Untracked 
| 166|0x0000000718600000, 0x0000000718600000, 0x0000000718800000|  0%| F|  |TAMS 0x0000000718600000, 0x0000000718600000| Untracked 
| 167|0x0000000718800000, 0x0000000718800000, 0x0000000718a00000|  0%| F|  |TAMS 0x0000000718800000, 0x0000000718800000| Untracked 
| 168|0x0000000718a00000, 0x0000000718a00000, 0x0000000718c00000|  0%| F|  |TAMS 0x0000000718a00000, 0x0000000718a00000| Untracked 
| 169|0x0000000718c00000, 0x0000000718c00000, 0x0000000718e00000|  0%| F|  |TAMS 0x0000000718c00000, 0x0000000718c00000| Untracked 
| 170|0x0000000718e00000, 0x0000000718e00000, 0x0000000719000000|  0%| F|  |TAMS 0x0000000718e00000, 0x0000000718e00000| Untracked 
| 171|0x0000000719000000, 0x0000000719000000, 0x0000000719200000|  0%| F|  |TAMS 0x0000000719000000, 0x0000000719000000| Untracked 
| 172|0x0000000719200000, 0x0000000719200000, 0x0000000719400000|  0%| F|  |TAMS 0x0000000719200000, 0x0000000719200000| Untracked 
| 173|0x0000000719400000, 0x0000000719400000, 0x0000000719600000|  0%| F|  |TAMS 0x0000000719400000, 0x0000000719400000| Untracked 
| 174|0x0000000719600000, 0x0000000719600000, 0x0000000719800000|  0%| F|  |TAMS 0x0000000719600000, 0x0000000719600000| Untracked 
| 175|0x0000000719800000, 0x0000000719800000, 0x0000000719a00000|  0%| F|  |TAMS 0x0000000719800000, 0x0000000719800000| Untracked 
| 176|0x0000000719a00000, 0x0000000719a00000, 0x0000000719c00000|  0%| F|  |TAMS 0x0000000719a00000, 0x0000000719a00000| Untracked 
| 177|0x0000000719c00000, 0x0000000719c00000, 0x0000000719e00000|  0%| F|  |TAMS 0x0000000719c00000, 0x0000000719c00000| Untracked 
| 178|0x0000000719e00000, 0x0000000719e00000, 0x000000071a000000|  0%| F|  |TAMS 0x0000000719e00000, 0x0000000719e00000| Untracked 
| 179|0x000000071a000000, 0x000000071a000000, 0x000000071a200000|  0%| F|  |TAMS 0x000000071a000000, 0x000000071a000000| Untracked 
| 180|0x000000071a200000, 0x000000071a200000, 0x000000071a400000|  0%| F|  |TAMS 0x000000071a200000, 0x000000071a200000| Untracked 
| 181|0x000000071a400000, 0x000000071a400000, 0x000000071a600000|  0%| F|  |TAMS 0x000000071a400000, 0x000000071a400000| Untracked 
| 182|0x000000071a600000, 0x000000071a600000, 0x000000071a800000|  0%| F|  |TAMS 0x000000071a600000, 0x000000071a600000| Untracked 
| 183|0x000000071a800000, 0x000000071a800000, 0x000000071aa00000|  0%| F|  |TAMS 0x000000071a800000, 0x000000071a800000| Untracked 
| 184|0x000000071aa00000, 0x000000071aa00000, 0x000000071ac00000|  0%| F|  |TAMS 0x000000071aa00000, 0x000000071aa00000| Untracked 
| 185|0x000000071ac00000, 0x000000071ac00000, 0x000000071ae00000|  0%| F|  |TAMS 0x000000071ac00000, 0x000000071ac00000| Untracked 
| 186|0x000000071ae00000, 0x000000071ae00000, 0x000000071b000000|  0%| F|  |TAMS 0x000000071ae00000, 0x000000071ae00000| Untracked 
| 187|0x000000071b000000, 0x000000071b000000, 0x000000071b200000|  0%| F|  |TAMS 0x000000071b000000, 0x000000071b000000| Untracked 
| 188|0x000000071b200000, 0x000000071b200000, 0x000000071b400000|  0%| F|  |TAMS 0x000000071b200000, 0x000000071b200000| Untracked 
| 189|0x000000071b400000, 0x000000071b400000, 0x000000071b600000|  0%| F|  |TAMS 0x000000071b400000, 0x000000071b400000| Untracked 
| 190|0x000000071b600000, 0x000000071b600000, 0x000000071b800000|  0%| F|  |TAMS 0x000000071b600000, 0x000000071b600000| Untracked 
| 191|0x000000071b800000, 0x000000071b800000, 0x000000071ba00000|  0%| F|  |TAMS 0x000000071b800000, 0x000000071b800000| Untracked 
| 192|0x000000071ba00000, 0x000000071ba00000, 0x000000071bc00000|  0%| F|  |TAMS 0x000000071ba00000, 0x000000071ba00000| Untracked 
| 193|0x000000071bc00000, 0x000000071bc00000, 0x000000071be00000|  0%| F|  |TAMS 0x000000071bc00000, 0x000000071bc00000| Untracked 
| 194|0x000000071be00000, 0x000000071be00000, 0x000000071c000000|  0%| F|  |TAMS 0x000000071be00000, 0x000000071be00000| Untracked 
| 195|0x000000071c000000, 0x000000071c000000, 0x000000071c200000|  0%| F|  |TAMS 0x000000071c000000, 0x000000071c000000| Untracked 
| 196|0x000000071c200000, 0x000000071c200000, 0x000000071c400000|  0%| F|  |TAMS 0x000000071c200000, 0x000000071c200000| Untracked 
| 197|0x000000071c400000, 0x000000071c400000, 0x000000071c600000|  0%| F|  |TAMS 0x000000071c400000, 0x000000071c400000| Untracked 
| 198|0x000000071c600000, 0x000000071c600000, 0x000000071c800000|  0%| F|  |TAMS 0x000000071c600000, 0x000000071c600000| Untracked 
| 199|0x000000071c800000, 0x000000071c800000, 0x000000071ca00000|  0%| F|  |TAMS 0x000000071c800000, 0x000000071c800000| Untracked 
| 200|0x000000071ca00000, 0x000000071ca00000, 0x000000071cc00000|  0%| F|  |TAMS 0x000000071ca00000, 0x000000071ca00000| Untracked 
| 201|0x000000071cc00000, 0x000000071cc00000, 0x000000071ce00000|  0%| F|  |TAMS 0x000000071cc00000, 0x000000071cc00000| Untracked 
| 202|0x000000071ce00000, 0x000000071ce00000, 0x000000071d000000|  0%| F|  |TAMS 0x000000071ce00000, 0x000000071ce00000| Untracked 
| 203|0x000000071d000000, 0x000000071d000000, 0x000000071d200000|  0%| F|  |TAMS 0x000000071d000000, 0x000000071d000000| Untracked 
| 204|0x000000071d200000, 0x000000071d200000, 0x000000071d400000|  0%| F|  |TAMS 0x000000071d200000, 0x000000071d200000| Untracked 
| 205|0x000000071d400000, 0x000000071d400000, 0x000000071d600000|  0%| F|  |TAMS 0x000000071d400000, 0x000000071d400000| Untracked 
| 206|0x000000071d600000, 0x000000071d600000, 0x000000071d800000|  0%| F|  |TAMS 0x000000071d600000, 0x000000071d600000| Untracked 
| 207|0x000000071d800000, 0x000000071d800000, 0x000000071da00000|  0%| F|  |TAMS 0x000000071d800000, 0x000000071d800000| Untracked 
| 208|0x000000071da00000, 0x000000071da00000, 0x000000071dc00000|  0%| F|  |TAMS 0x000000071da00000, 0x000000071da00000| Untracked 
| 209|0x000000071dc00000, 0x000000071dc00000, 0x000000071de00000|  0%| F|  |TAMS 0x000000071dc00000, 0x000000071dc00000| Untracked 
| 210|0x000000071de00000, 0x000000071de00000, 0x000000071e000000|  0%| F|  |TAMS 0x000000071de00000, 0x000000071de00000| Untracked 
| 211|0x000000071e000000, 0x000000071e000000, 0x000000071e200000|  0%| F|  |TAMS 0x000000071e000000, 0x000000071e000000| Untracked 
| 212|0x000000071e200000, 0x000000071e200000, 0x000000071e400000|  0%| F|  |TAMS 0x000000071e200000, 0x000000071e200000| Untracked 
| 213|0x000000071e400000, 0x000000071e400000, 0x000000071e600000|  0%| F|  |TAMS 0x000000071e400000, 0x000000071e400000| Untracked 
| 214|0x000000071e600000, 0x000000071e600000, 0x000000071e800000|  0%| F|  |TAMS 0x000000071e600000, 0x000000071e600000| Untracked 
| 215|0x000000071e800000, 0x000000071e800000, 0x000000071ea00000|  0%| F|  |TAMS 0x000000071e800000, 0x000000071e800000| Untracked 
| 216|0x000000071ea00000, 0x000000071ea00000, 0x000000071ec00000|  0%| F|  |TAMS 0x000000071ea00000, 0x000000071ea00000| Untracked 
| 217|0x000000071ec00000, 0x000000071ec00000, 0x000000071ee00000|  0%| F|  |TAMS 0x000000071ec00000, 0x000000071ec00000| Untracked 
| 218|0x000000071ee00000, 0x000000071ee00000, 0x000000071f000000|  0%| F|  |TAMS 0x000000071ee00000, 0x000000071ee00000| Untracked 
| 219|0x000000071f000000, 0x000000071f000000, 0x000000071f200000|  0%| F|  |TAMS 0x000000071f000000, 0x000000071f000000| Untracked 
| 220|0x000000071f200000, 0x000000071f200000, 0x000000071f400000|  0%| F|  |TAMS 0x000000071f200000, 0x000000071f200000| Untracked 
| 221|0x000000071f400000, 0x000000071f400000, 0x000000071f600000|  0%| F|  |TAMS 0x000000071f400000, 0x000000071f400000| Untracked 
| 222|0x000000071f600000, 0x000000071f600000, 0x000000071f800000|  0%| F|  |TAMS 0x000000071f600000, 0x000000071f600000| Untracked 
| 223|0x000000071f800000, 0x000000071f800000, 0x000000071fa00000|  0%| F|  |TAMS 0x000000071f800000, 0x000000071f800000| Untracked 
| 224|0x000000071fa00000, 0x000000071fa00000, 0x000000071fc00000|  0%| F|  |TAMS 0x000000071fa00000, 0x000000071fa00000| Untracked 
| 225|0x000000071fc00000, 0x000000071fc00000, 0x000000071fe00000|  0%| F|  |TAMS 0x000000071fc00000, 0x000000071fc00000| Untracked 
| 226|0x000000071fe00000, 0x000000071fe00000, 0x0000000720000000|  0%| F|  |TAMS 0x000000071fe00000, 0x000000071fe00000| Untracked 
| 227|0x0000000720000000, 0x0000000720000000, 0x0000000720200000|  0%| F|  |TAMS 0x0000000720000000, 0x0000000720000000| Untracked 
| 228|0x0000000720200000, 0x0000000720200000, 0x0000000720400000|  0%| F|  |TAMS 0x0000000720200000, 0x0000000720200000| Untracked 
| 229|0x0000000720400000, 0x0000000720400000, 0x0000000720600000|  0%| F|  |TAMS 0x0000000720400000, 0x0000000720400000| Untracked 
| 230|0x0000000720600000, 0x0000000720600000, 0x0000000720800000|  0%| F|  |TAMS 0x0000000720600000, 0x0000000720600000| Untracked 
| 231|0x0000000720800000, 0x0000000720800000, 0x0000000720a00000|  0%| F|  |TAMS 0x0000000720800000, 0x0000000720800000| Untracked 
| 232|0x0000000720a00000, 0x0000000720a00000, 0x0000000720c00000|  0%| F|  |TAMS 0x0000000720a00000, 0x0000000720a00000| Untracked 
| 233|0x0000000720c00000, 0x0000000720c00000, 0x0000000720e00000|  0%| F|  |TAMS 0x0000000720c00000, 0x0000000720c00000| Untracked 
| 234|0x0000000720e00000, 0x0000000720e00000, 0x0000000721000000|  0%| F|  |TAMS 0x0000000720e00000, 0x0000000720e00000| Untracked 
| 252|0x0000000723200000, 0x0000000723200000, 0x0000000723400000|  0%| F|  |TAMS 0x0000000723200000, 0x0000000723200000| Untracked 
| 253|0x0000000723400000, 0x0000000723400000, 0x0000000723600000|  0%| F|  |TAMS 0x0000000723400000, 0x0000000723400000| Untracked 
| 254|0x0000000723600000, 0x0000000723600000, 0x0000000723800000|  0%| F|  |TAMS 0x0000000723600000, 0x0000000723600000| Untracked 
| 255|0x0000000723800000, 0x0000000723800000, 0x0000000723a00000|  0%| F|  |TAMS 0x0000000723800000, 0x0000000723800000| Untracked 
| 256|0x0000000723a00000, 0x0000000723a00000, 0x0000000723c00000|  0%| F|  |TAMS 0x0000000723a00000, 0x0000000723a00000| Untracked 
| 257|0x0000000723c00000, 0x0000000723c00000, 0x0000000723e00000|  0%| F|  |TAMS 0x0000000723c00000, 0x0000000723c00000| Untracked 
| 258|0x0000000723e00000, 0x0000000723e00000, 0x0000000724000000|  0%| F|  |TAMS 0x0000000723e00000, 0x0000000723e00000| Untracked 
| 259|0x0000000724000000, 0x0000000724000000, 0x0000000724200000|  0%| F|  |TAMS 0x0000000724000000, 0x0000000724000000| Untracked 
| 260|0x0000000724200000, 0x0000000724200000, 0x0000000724400000|  0%| F|  |TAMS 0x0000000724200000, 0x0000000724200000| Untracked 
| 261|0x0000000724400000, 0x0000000724400000, 0x0000000724600000|  0%| F|  |TAMS 0x0000000724400000, 0x0000000724400000| Untracked 
| 262|0x0000000724600000, 0x0000000724600000, 0x0000000724800000|  0%| F|  |TAMS 0x0000000724600000, 0x0000000724600000| Untracked 
| 263|0x0000000724800000, 0x0000000724800000, 0x0000000724a00000|  0%| F|  |TAMS 0x0000000724800000, 0x0000000724800000| Untracked 
| 264|0x0000000724a00000, 0x0000000724a00000, 0x0000000724c00000|  0%| F|  |TAMS 0x0000000724a00000, 0x0000000724a00000| Untracked 
| 265|0x0000000724c00000, 0x0000000724c00000, 0x0000000724e00000|  0%| F|  |TAMS 0x0000000724c00000, 0x0000000724c00000| Untracked 
| 266|0x0000000724e00000, 0x0000000724e00000, 0x0000000725000000|  0%| F|  |TAMS 0x0000000724e00000, 0x0000000724e00000| Untracked 
| 267|0x0000000725000000, 0x0000000725000000, 0x0000000725200000|  0%| F|  |TAMS 0x0000000725000000, 0x0000000725000000| Untracked 
| 338|0x000000072de00000, 0x000000072de00000, 0x000000072e000000|  0%| F|  |TAMS 0x000000072de00000, 0x000000072de00000| Untracked 
| 339|0x000000072e000000, 0x000000072e000000, 0x000000072e200000|  0%| F|  |TAMS 0x000000072e000000, 0x000000072e000000| Untracked 
| 340|0x000000072e200000, 0x000000072e200000, 0x000000072e400000|  0%| F|  |TAMS 0x000000072e200000, 0x000000072e200000| Untracked 
| 341|0x000000072e400000, 0x000000072e400000, 0x000000072e600000|  0%| F|  |TAMS 0x000000072e400000, 0x000000072e400000| Untracked 
| 342|0x000000072e600000, 0x000000072e600000, 0x000000072e800000|  0%| F|  |TAMS 0x000000072e600000, 0x000000072e600000| Untracked 
| 343|0x000000072e800000, 0x000000072e800000, 0x000000072ea00000|  0%| F|  |TAMS 0x000000072e800000, 0x000000072e800000| Untracked 

Card table byte_map: [0x0000027e20000000,0x0000027e207f0000] _byte_map_base: 0x0000027e1c7e3000

Marking Bits (Prev, Next): (CMBitMap*) 0x0000027e18eac2b0, (CMBitMap*) 0x0000027e18eac2f0
 Prev Bits: [0x0000027e20fe0000, 0x0000027e24ef8000)
 Next Bits: [0x0000027e24f00000, 0x0000027e28e18000)

Polling page: 0x0000027e16b10000

Metaspace:

Usage:
  Non-class:    153.84 MB used.
      Class:     20.36 MB used.
       Both:    174.20 MB used.

Virtual space:
  Non-class space:      160.00 MB reserved,     156.38 MB ( 98%) committed,  20 nodes.
      Class space:        1.00 GB reserved,      24.63 MB (  2%) committed,  1 nodes.
             Both:        1.16 GB reserved,     181.00 MB ( 15%) committed. 

Chunk freelists:
   Non-Class:  3.50 MB
       Class:  3.41 MB
        Both:  6.91 MB

MaxMetaspaceSize: unlimited
CompressedClassSpaceSize: 1.00 GB
Initial GC threshold: 21.00 MB
Current GC threshold: 288.56 MB
CDS: off
MetaspaceReclaimPolicy: balanced
 - commit_granule_bytes: 65536.
 - commit_granule_words: 8192.
 - virtual_space_node_default_size: 1048576.
 - enlarge_chunks_in_place: 1.
 - new_chunks_are_fully_committed: 0.
 - uncommit_free_chunks: 1.
 - use_allocation_guard: 0.
 - handle_deallocations: 1.


Internal statistics:

num_allocs_failed_limit: 32.
num_arena_births: 18446.
num_arena_deaths: 314.
num_vsnodes_births: 21.
num_vsnodes_deaths: 0.
num_space_committed: 2896.
num_space_uncommitted: 0.
num_chunks_returned_to_freelist: 459.
num_chunks_taken_from_freelist: 37265.
num_chunk_merges: 137.
num_chunk_splits: 17270.
num_chunks_enlarged: 3840.
num_purges: 4.
num_inconsistent_stats: 0.

CodeCache: size=49152Kb used=27729Kb max_used=27729Kb free=21422Kb
 bounds [0x0000027e1c4e0000, 0x0000027e1e000000, 0x0000027e1f4e0000]
 total_blobs=15744 nmethods=15084 adapters=584
 compilation: enabled
              stopped_count=0, restarted_count=0
 full_count=0

Compilation events (20 events):
Event: 7681.888 Thread 0x0000027e39487050 15216       1       org.springframework.aop.framework.CglibAopProxy$CglibMethodInvocation::invokeJoinpoint (28 bytes)
Event: 7681.888 Thread 0x0000027e39487050 nmethod 15216 0x0000027e1dfee010 code [0x0000027e1dfee1c0, 0x0000027e1dfee338]
Event: 7681.898 Thread 0x0000027e39487050 15217   !   1       jdk.internal.reflect.GeneratedMethodAccessor408::invoke (160 bytes)
Event: 7681.898 Thread 0x0000027e2c472a80 15218   !   1       org.springframework.cglib.proxy.MethodProxy::invoke (72 bytes)
Event: 7681.898 Thread 0x0000027e39487050 nmethod 15217 0x0000027e1dfee410 code [0x0000027e1dfee640, 0x0000027e1dfeee08]
Event: 7681.899 Thread 0x0000027e2c472a80 nmethod 15218 0x0000027e1dfef310 code [0x0000027e1dfef540, 0x0000027e1dfefb38]
Event: 7681.903 Thread 0x0000027e2c472a80 15219       1       org.springframework.web.method.annotation.SessionAttributesHandler::retrieveAttributes (73 bytes)
Event: 7681.904 Thread 0x0000027e2c472a80 nmethod 15219 0x0000027e1dfeff10 code [0x0000027e1dff0160, 0x0000027e1dff0778]
Event: 7681.962 Thread 0x0000027e2c472a80 15220       1       org.springframework.web.method.annotation.ModelFactory::initModel (131 bytes)
Event: 7681.962 Thread 0x0000027e36ef1030 15221       1       org.springframework.web.context.request.async.WebAsyncManager::registerCallableInterceptors (83 bytes)
Event: 7681.962 Thread 0x0000027e39487050 15222       1       org.springframework.web.context.request.async.WebAsyncManager::registerDeferredResultInterceptors (83 bytes)
Event: 7681.963 Thread 0x0000027e39487050 nmethod 15222 0x0000027e1dff0b90 code [0x0000027e1dff0dc0, 0x0000027e1dff12d8]
Event: 7681.963 Thread 0x0000027e36ef1030 nmethod 15221 0x0000027e1dff1610 code [0x0000027e1dff1840, 0x0000027e1dff1d58]
Event: 7681.963 Thread 0x0000027e39487050 15223       1       org.springframework.aop.framework.CglibAopProxy$CglibMethodInvocation::<init> (64 bytes)
Event: 7681.963 Thread 0x0000027e36ef1030 15224       1       com.zaxxer.hikari.pool.ProxyConnection::<init> (44 bytes)
Event: 7681.963 Thread 0x0000027e36ef1030 nmethod 15224 0x0000027e1dff2090 code [0x0000027e1dff2220, 0x0000027e1dff2498]
Event: 7681.963 Thread 0x0000027e36ef1030 15225   !   1       com.zaxxer.hikari.pool.HikariProxyConnection::getAutoCommit (17 bytes)
Event: 7681.963 Thread 0x0000027e2c472a80 nmethod 15220 0x0000027e1dff2510 code [0x0000027e1dff2820, 0x0000027e1dff3238]
Event: 7681.963 Thread 0x0000027e36ef1030 nmethod 15225 0x0000027e1dff3990 code [0x0000027e1dff3b40, 0x0000027e1dff3c78]
Event: 7681.964 Thread 0x0000027e39487050 nmethod 15223 0x0000027e1dff3d90 code [0x0000027e1dff3f60, 0x0000027e1dff4278]

GC Heap History (20 events):
Event: 5982.623 GC heap after
{Heap after GC invocations=46 (full 0):
 garbage-first heap   total 561152K, used 82355K [0x0000000703a00000, 0x0000000800000000)
  region size 2048K, 11 young (22528K), 11 survivors (22528K)
 Metaspace       used 138430K, committed 142976K, reserved 1179648K
  class space    used 16772K, committed 19584K, reserved 1048576K
}
Event: 6321.313 GC heap before
{Heap before GC invocations=46 (full 0):
 garbage-first heap   total 561152K, used 395699K [0x0000000703a00000, 0x0000000800000000)
  region size 2048K, 164 young (335872K), 11 survivors (22528K)
 Metaspace       used 143707K, committed 148544K, reserved 1179648K
  class space    used 17312K, committed 20288K, reserved 1048576K
}
Event: 6321.325 GC heap after
{Heap after GC invocations=47 (full 0):
 garbage-first heap   total 561152K, used 77678K [0x0000000703a00000, 0x0000000800000000)
  region size 2048K, 9 young (18432K), 9 survivors (18432K)
 Metaspace       used 143707K, committed 148544K, reserved 1179648K
  class space    used 17312K, committed 20288K, reserved 1048576K
}
Event: 7018.435 GC heap before
{Heap before GC invocations=47 (full 0):
 garbage-first heap   total 561152K, used 395118K [0x0000000703a00000, 0x0000000800000000)
  region size 2048K, 164 young (335872K), 9 survivors (18432K)
 Metaspace       used 148904K, committed 154112K, reserved 1187840K
  class space    used 17841K, committed 21056K, reserved 1048576K
}
Event: 7018.446 GC heap after
{Heap after GC invocations=48 (full 0):
 garbage-first heap   total 561152K, used 81713K [0x0000000703a00000, 0x0000000800000000)
  region size 2048K, 11 young (22528K), 11 survivors (22528K)
 Metaspace       used 148904K, committed 154112K, reserved 1187840K
  class space    used 17841K, committed 21056K, reserved 1048576K
}
Event: 7473.549 GC heap before
{Heap before GC invocations=48 (full 0):
 garbage-first heap   total 561152K, used 395057K [0x0000000703a00000, 0x0000000800000000)
  region size 2048K, 164 young (335872K), 11 survivors (22528K)
 Metaspace       used 153903K, committed 159424K, reserved 1187840K
  class space    used 18355K, committed 21760K, reserved 1048576K
}
Event: 7473.563 GC heap after
{Heap after GC invocations=49 (full 0):
 garbage-first heap   total 561152K, used 81134K [0x0000000703a00000, 0x0000000800000000)
  region size 2048K, 10 young (20480K), 10 survivors (20480K)
 Metaspace       used 153903K, committed 159424K, reserved 1187840K
  class space    used 18355K, committed 21760K, reserved 1048576K
}
Event: 7679.751 GC heap before
{Heap before GC invocations=49 (full 0):
 garbage-first heap   total 561152K, used 396526K [0x0000000703a00000, 0x0000000800000000)
  region size 2048K, 164 young (335872K), 10 survivors (20480K)
 Metaspace       used 158914K, committed 164736K, reserved 1196032K
  class space    used 18866K, committed 22464K, reserved 1048576K
}
Event: 7679.766 GC heap after
{Heap after GC invocations=50 (full 0):
 garbage-first heap   total 561152K, used 83809K [0x0000000703a00000, 0x0000000800000000)
  region size 2048K, 12 young (24576K), 12 survivors (24576K)
 Metaspace       used 158914K, committed 164736K, reserved 1196032K
  class space    used 18866K, committed 22464K, reserved 1048576K
}
Event: 7680.228 GC heap before
{Heap before GC invocations=50 (full 0):
 garbage-first heap   total 561152K, used 395105K [0x0000000703a00000, 0x0000000800000000)
  region size 2048K, 164 young (335872K), 12 survivors (24576K)
 Metaspace       used 163905K, committed 169984K, reserved 1196032K
  class space    used 19377K, committed 23168K, reserved 1048576K
}
Event: 7680.244 GC heap after
{Heap after GC invocations=51 (full 0):
 garbage-first heap   total 561152K, used 86955K [0x0000000703a00000, 0x0000000800000000)
  region size 2048K, 12 young (24576K), 12 survivors (24576K)
 Metaspace       used 163905K, committed 169984K, reserved 1196032K
  class space    used 19377K, committed 23168K, reserved 1048576K
}
Event: 7680.718 GC heap before
{Heap before GC invocations=51 (full 0):
 garbage-first heap   total 561152K, used 398251K [0x0000000703a00000, 0x0000000800000000)
  region size 2048K, 164 young (335872K), 12 survivors (24576K)
 Metaspace       used 168901K, committed 175296K, reserved 1204224K
  class space    used 19888K, committed 23872K, reserved 1048576K
}
Event: 7680.739 GC heap after
{Heap after GC invocations=52 (full 0):
 garbage-first heap   total 561152K, used 89751K [0x0000000703a00000, 0x0000000800000000)
  region size 2048K, 13 young (26624K), 13 survivors (26624K)
 Metaspace       used 168901K, committed 175296K, reserved 1204224K
  class space    used 19888K, committed 23872K, reserved 1048576K
}
Event: 7680.855 GC heap before
{Heap before GC invocations=52 (full 0):
 garbage-first heap   total 561152K, used 167575K [0x0000000703a00000, 0x0000000800000000)
  region size 2048K, 52 young (106496K), 13 survivors (26624K)
 Metaspace       used 170113K, committed 176576K, reserved 1204224K
  class space    used 20012K, committed 24064K, reserved 1048576K
}
Event: 7680.875 GC heap after
{Heap after GC invocations=53 (full 0):
 garbage-first heap   total 561152K, used 90736K [0x0000000703a00000, 0x0000000800000000)
  region size 2048K, 12 young (24576K), 12 survivors (24576K)
 Metaspace       used 170113K, committed 176576K, reserved 1204224K
  class space    used 20012K, committed 24064K, reserved 1048576K
}
Event: 7681.418 GC heap before
{Heap before GC invocations=54 (full 0):
 garbage-first heap   total 458752K, used 340592K [0x0000000703a00000, 0x0000000800000000)
  region size 2048K, 134 young (274432K), 12 survivors (24576K)
 Metaspace       used 174043K, committed 180736K, reserved 1212416K
  class space    used 20405K, committed 24576K, reserved 1048576K
}
Event: 7681.449 GC heap after
{Heap after GC invocations=55 (full 0):
 garbage-first heap   total 458752K, used 93720K [0x0000000703a00000, 0x0000000800000000)
  region size 2048K, 11 young (22528K), 11 survivors (22528K)
 Metaspace       used 174043K, committed 180736K, reserved 1212416K
  class space    used 20405K, committed 24576K, reserved 1048576K
}
Event: 7681.455 GC heap before
{Heap before GC invocations=55 (full 0):
 garbage-first heap   total 458752K, used 95768K [0x0000000703a00000, 0x0000000800000000)
  region size 2048K, 12 young (24576K), 11 survivors (22528K)
 Metaspace       used 174066K, committed 180736K, reserved 1212416K
  class space    used 20407K, committed 24576K, reserved 1048576K
}
Event: 7681.479 GC heap after
{Heap after GC invocations=56 (full 0):
 garbage-first heap   total 458752K, used 93650K [0x0000000703a00000, 0x0000000800000000)
  region size 2048K, 2 young (4096K), 2 survivors (4096K)
 Metaspace       used 174066K, committed 180736K, reserved 1212416K
  class space    used 20407K, committed 24576K, reserved 1048576K
}
Event: 7682.112 GC heap before
{Heap before GC invocations=56 (full 0):
 garbage-first heap   total 458752K, used 363986K [0x0000000703a00000, 0x0000000800000000)
  region size 2048K, 134 young (274432K), 2 survivors (4096K)
 Metaspace       used 178382K, committed 185344K, reserved 1212416K
  class space    used 20849K, committed 25216K, reserved 1048576K
}

Deoptimization events (20 events):
Event: 4.265 Thread 0x0000027e30b026a0 DEOPT PACKING pc=0x0000027e1d125053 sp=0x000000af2c9feaa0
Event: 4.265 Thread 0x0000027e30b07870 DEOPT PACKING pc=0x0000027e1d125053 sp=0x000000af2c8fec70
Event: 4.265 Thread 0x0000027e2e02d240 DEOPT PACKING pc=0x0000027e1d125053 sp=0x000000af2c7fec10
Event: 4.265 Thread 0x0000027e30b073a0 DEOPT PACKING pc=0x0000027e1d125053 sp=0x000000af2cafee90
Event: 4.265 Thread 0x0000027e30b026a0 DEOPT UNPACKING pc=0x0000027e1c532b43 sp=0x000000af2c9fdfd8 mode 3
Event: 4.265 Thread 0x0000027e30b07870 DEOPT UNPACKING pc=0x0000027e1c532b43 sp=0x000000af2c8fe1a8 mode 3
Event: 4.265 Thread 0x0000027e30b073a0 DEOPT UNPACKING pc=0x0000027e1c532b43 sp=0x000000af2cafe3c8 mode 3
Event: 4.265 Thread 0x0000027e2e02d240 DEOPT UNPACKING pc=0x0000027e1c532b43 sp=0x000000af2c7fe148 mode 3
Event: 6.012 Thread 0x0000027e18e5b2f0 DEOPT PACKING pc=0x0000027e1d57f1cd sp=0x000000af292fb650
Event: 6.012 Thread 0x0000027e18e5b2f0 DEOPT UNPACKING pc=0x0000027e1c532b43 sp=0x000000af292fab58 mode 3
Event: 6.976 Thread 0x0000027e2e02c3d0 DEOPT PACKING pc=0x0000027e1d67a444 sp=0x000000af2bdfbd30
Event: 6.976 Thread 0x0000027e2e02c3d0 DEOPT UNPACKING pc=0x0000027e1c532b43 sp=0x000000af2bdfb2d0 mode 0
Event: 6.976 Thread 0x0000027e2e02c3d0 DEOPT PACKING pc=0x0000027e1d67a514 sp=0x000000af2bdfbf90
Event: 6.976 Thread 0x0000027e2e02c3d0 DEOPT UNPACKING pc=0x0000027e1c532b43 sp=0x000000af2bdfb530 mode 0
Event: 6.976 Thread 0x0000027e2e02c3d0 DEOPT PACKING pc=0x0000027e1d67a444 sp=0x000000af2bdfc370
Event: 6.976 Thread 0x0000027e2e02c3d0 DEOPT UNPACKING pc=0x0000027e1c532b43 sp=0x000000af2bdfb910 mode 0
Event: 610.103 Thread 0x0000027e328b97f0 DEOPT PACKING pc=0x0000027e1daebf4b sp=0x000000af2d2fcef0
Event: 610.104 Thread 0x0000027e328b97f0 DEOPT UNPACKING pc=0x0000027e1c532b43 sp=0x000000af2d2fc418 mode 3
Event: 1323.019 Thread 0x0000027e328b8e50 DEOPT PACKING pc=0x0000027e1d7d827b sp=0x000000af2cffc9d0
Event: 1323.019 Thread 0x0000027e328b8e50 DEOPT UNPACKING pc=0x0000027e1c532b43 sp=0x000000af2cffbee0 mode 3

Classes unloaded (20 events):
Event: 7680.945 Thread 0x0000027e2c4452a0 Unloading class 0x0000000800998c00 'jdk/internal/reflect/GeneratedMethodAccessor189'
Event: 7680.945 Thread 0x0000027e2c4452a0 Unloading class 0x0000000800991800 'jdk/internal/reflect/GeneratedMethodAccessor184'
Event: 7680.945 Thread 0x0000027e2c4452a0 Unloading class 0x0000000800991400 'jdk/internal/reflect/GeneratedSerializationConstructorAccessor64'
Event: 7680.945 Thread 0x0000027e2c4452a0 Unloading class 0x0000000800991000 'jdk/internal/reflect/GeneratedSerializationConstructorAccessor63'
Event: 7680.945 Thread 0x0000027e2c4452a0 Unloading class 0x0000000800990c00 'jdk/internal/reflect/GeneratedSerializationConstructorAccessor62'
Event: 7680.945 Thread 0x0000027e2c4452a0 Unloading class 0x0000000800990800 'jdk/internal/reflect/GeneratedSerializationConstructorAccessor61'
Event: 7680.945 Thread 0x0000027e2c4452a0 Unloading class 0x0000000800990400 'jdk/internal/reflect/GeneratedSerializationConstructorAccessor60'
Event: 7680.945 Thread 0x0000027e2c4452a0 Unloading class 0x000000080097c000 'jdk/internal/reflect/GeneratedMethodAccessor181'
Event: 7680.945 Thread 0x0000027e2c4452a0 Unloading class 0x0000000800969400 'jdk/internal/reflect/GeneratedConstructorAccessor83'
Event: 7680.945 Thread 0x0000027e2c4452a0 Unloading class 0x0000000800969000 'jdk/internal/reflect/GeneratedMethodAccessor171'
Event: 7680.945 Thread 0x0000027e2c4452a0 Unloading class 0x0000000800968c00 'jdk/internal/reflect/GeneratedMethodAccessor170'
Event: 7680.945 Thread 0x0000027e2c4452a0 Unloading class 0x0000000800968800 'jdk/internal/reflect/GeneratedMethodAccessor169'
Event: 7680.945 Thread 0x0000027e2c4452a0 Unloading class 0x0000000800968000 'jdk/internal/reflect/GeneratedMethodAccessor167'
Event: 7680.945 Thread 0x0000027e2c4452a0 Unloading class 0x0000000800967c00 'jdk/internal/reflect/GeneratedMethodAccessor166'
Event: 7680.945 Thread 0x0000027e2c4452a0 Unloading class 0x0000000800967800 'jdk/internal/reflect/GeneratedMethodAccessor165'
Event: 7680.945 Thread 0x0000027e2c4452a0 Unloading class 0x0000000800967400 'jdk/internal/reflect/GeneratedMethodAccessor164'
Event: 7680.945 Thread 0x0000027e2c4452a0 Unloading class 0x0000000800967000 'jdk/internal/reflect/GeneratedMethodAccessor163'
Event: 7680.945 Thread 0x0000027e2c4452a0 Unloading class 0x0000000800965c00 'jdk/internal/reflect/GeneratedMethodAccessor160'
Event: 7680.945 Thread 0x0000027e2c4452a0 Unloading class 0x0000000800965800 'jdk/internal/reflect/GeneratedMethodAccessor159'
Event: 7680.945 Thread 0x0000027e2c4452a0 Unloading class 0x0000000800965400 'jdk/internal/reflect/GeneratedConstructorAccessor80'

Classes redefined (0 events):
No events

Internal exceptions (20 events):
Event: 7680.893 Thread 0x0000027e328ba660 Exception <a 'java/lang/IllegalArgumentException'{0x0000000724e7b900}: Wrong type at constant pool index> (0x0000000724e7b900) 
thrown [e:\jenkins\tmp\workspace\build\src\src\hotspot\share\prims\jvm.cpp, line 2095]
Event: 7680.893 Thread 0x0000027e328ba660 Exception <a 'java/lang/IllegalArgumentException'{0x0000000724e7c9a8}: Wrong type at constant pool index> (0x0000000724e7c9a8) 
thrown [e:\jenkins\tmp\workspace\build\src\src\hotspot\share\prims\jvm.cpp, line 2095]
Event: 7681.450 Thread 0x0000027e328ba190 Exception <a 'java/lang/IllegalArgumentException'{0x000000072e83a928}: Wrong type at constant pool index> (0x000000072e83a928) 
thrown [e:\jenkins\tmp\workspace\build\src\src\hotspot\share\prims\jvm.cpp, line 2095]
Event: 7681.450 Thread 0x0000027e328ba190 Exception <a 'java/lang/IllegalArgumentException'{0x000000072e850220}: Wrong type at constant pool index> (0x000000072e850220) 
thrown [e:\jenkins\tmp\workspace\build\src\src\hotspot\share\prims\jvm.cpp, line 2095]
Event: 7681.452 Thread 0x0000027e328b7170 Exception <a 'java/lang/IllegalArgumentException'{0x000000072e8f2f78}: Wrong type at constant pool index> (0x000000072e8f2f78) 
thrown [e:\jenkins\tmp\workspace\build\src\src\hotspot\share\prims\jvm.cpp, line 2095]
Event: 7681.452 Thread 0x0000027e328b7170 Exception <a 'java/lang/IllegalArgumentException'{0x000000072e917288}: Wrong type at constant pool index> (0x000000072e917288) 
thrown [e:\jenkins\tmp\workspace\build\src\src\hotspot\share\prims\jvm.cpp, line 2095]
Event: 7681.484 Thread 0x0000027e328b7640 Exception <a 'java/lang/IllegalArgumentException'{0x000000072e00a688}: Wrong type at constant pool index> (0x000000072e00a688) 
thrown [e:\jenkins\tmp\workspace\build\src\src\hotspot\share\prims\jvm.cpp, line 2095]
Event: 7681.484 Thread 0x0000027e328b7640 Exception <a 'java/lang/IllegalArgumentException'{0x000000072e00b730}: Wrong type at constant pool index> (0x000000072e00b730) 
thrown [e:\jenkins\tmp\workspace\build\src\src\hotspot\share\prims\jvm.cpp, line 2095]
Event: 7681.489 Thread 0x0000027e328b9320 Exception <a 'java/lang/IllegalArgumentException'{0x000000072e8ecc18}: Wrong type at constant pool index> (0x000000072e8ecc18) 
thrown [e:\jenkins\tmp\workspace\build\src\src\hotspot\share\prims\jvm.cpp, line 2095]
Event: 7681.489 Thread 0x0000027e328b9320 Exception <a 'java/lang/IllegalArgumentException'{0x000000072e8edcc0}: Wrong type at constant pool index> (0x000000072e8edcc0) 
thrown [e:\jenkins\tmp\workspace\build\src\src\hotspot\share\prims\jvm.cpp, line 2095]
Event: 7681.494 Thread 0x0000027e328b7170 Exception <a 'java/lang/IllegalArgumentException'{0x000000072e3467b8}: Wrong type at constant pool index> (0x000000072e3467b8) 
thrown [e:\jenkins\tmp\workspace\build\src\src\hotspot\share\prims\jvm.cpp, line 2095]
Event: 7681.494 Thread 0x0000027e328b7170 Exception <a 'java/lang/IllegalArgumentException'{0x000000072e347860}: Wrong type at constant pool index> (0x000000072e347860) 
thrown [e:\jenkins\tmp\workspace\build\src\src\hotspot\share\prims\jvm.cpp, line 2095]
Event: 7681.495 Thread 0x0000027e328b9320 Exception <a 'java/lang/IllegalArgumentException'{0x000000072de91c20}: Wrong type at constant pool index> (0x000000072de91c20) 
thrown [e:\jenkins\tmp\workspace\build\src\src\hotspot\share\prims\jvm.cpp, line 2095]
Event: 7681.495 Thread 0x0000027e328b9320 Exception <a 'java/lang/IllegalArgumentException'{0x000000072de92cc8}: Wrong type at constant pool index> (0x000000072de92cc8) 
thrown [e:\jenkins\tmp\workspace\build\src\src\hotspot\share\prims\jvm.cpp, line 2095]
Event: 7681.500 Thread 0x0000027e328b7170 Exception <a 'java/lang/IllegalArgumentException'{0x000000072504f480}: Wrong type at constant pool index> (0x000000072504f480) 
thrown [e:\jenkins\tmp\workspace\build\src\src\hotspot\share\prims\jvm.cpp, line 2095]
Event: 7681.500 Thread 0x0000027e328b7170 Exception <a 'java/lang/IllegalArgumentException'{0x0000000725050528}: Wrong type at constant pool index> (0x0000000725050528) 
thrown [e:\jenkins\tmp\workspace\build\src\src\hotspot\share\prims\jvm.cpp, line 2095]
Event: 7681.508 Thread 0x0000027e328b7170 Exception <a 'java/lang/IllegalArgumentException'{0x0000000724a307c0}: Wrong type at constant pool index> (0x0000000724a307c0) 
thrown [e:\jenkins\tmp\workspace\build\src\src\hotspot\share\prims\jvm.cpp, line 2095]
Event: 7681.508 Thread 0x0000027e328b7170 Exception <a 'java/lang/IllegalArgumentException'{0x0000000724a31868}: Wrong type at constant pool index> (0x0000000724a31868) 
thrown [e:\jenkins\tmp\workspace\build\src\src\hotspot\share\prims\jvm.cpp, line 2095]
Event: 7681.514 Thread 0x0000027e328b7170 Exception <a 'java/lang/IllegalArgumentException'{0x00000007247333b8}: Wrong type at constant pool index> (0x00000007247333b8) 
thrown [e:\jenkins\tmp\workspace\build\src\src\hotspot\share\prims\jvm.cpp, line 2095]
Event: 7681.514 Thread 0x0000027e328b7170 Exception <a 'java/lang/IllegalArgumentException'{0x0000000724734460}: Wrong type at constant pool index> (0x0000000724734460) 
thrown [e:\jenkins\tmp\workspace\build\src\src\hotspot\share\prims\jvm.cpp, line 2095]

VM Operations (20 events):
Event: 7680.739 Executing VM operation: G1CollectForAllocation done
Event: 7680.855 Executing VM operation: CollectForMetadataAllocation
Event: 7680.875 Executing VM operation: CollectForMetadataAllocation done
Event: 7680.892 Executing VM operation: CollectForMetadataAllocation
Event: 7680.893 Executing VM operation: CollectForMetadataAllocation done
Event: 7680.938 Executing VM operation: CollectForMetadataAllocation
Event: 7680.938 Executing VM operation: CollectForMetadataAllocation done
Event: 7680.938 Executing VM operation: CollectForMetadataAllocation
Event: 7680.938 Executing VM operation: CollectForMetadataAllocation done
Event: 7680.939 Executing VM operation: CollectForMetadataAllocation
Event: 7680.939 Executing VM operation: CollectForMetadataAllocation done
Event: 7680.944 Executing VM operation: G1Concurrent
Event: 7681.038 Executing VM operation: G1Concurrent done
Event: 7681.061 Executing VM operation: G1Concurrent
Event: 7681.062 Executing VM operation: G1Concurrent done
Event: 7681.418 Executing VM operation: G1CollectForAllocation
Event: 7681.449 Executing VM operation: G1CollectForAllocation done
Event: 7681.455 Executing VM operation: G1CollectForAllocation
Event: 7681.481 Executing VM operation: G1CollectForAllocation done
Event: 7682.112 Executing VM operation: G1CollectForAllocation

Events (20 events):
Event: 7152.854 Thread 0x0000027e328b6ca0 Thread added: 0x0000027e328b6ca0
Event: 7152.854 Thread 0x0000027e36beb220 Thread added: 0x0000027e36beb220
Event: 7158.152 Thread 0x0000027e328b6ca0 Thread exited: 0x0000027e328b6ca0
Event: 7158.153 Thread 0x0000027e36beb220 Thread exited: 0x0000027e36beb220
Event: 7158.481 Thread 0x0000027e328b6ca0 Thread added: 0x0000027e328b6ca0
Event: 7158.481 Thread 0x0000027e36beb220 Thread added: 0x0000027e36beb220
Event: 7163.482 Thread 0x0000027e328b6ca0 Thread exited: 0x0000027e328b6ca0
Event: 7163.484 Thread 0x0000027e36beb220 Thread exited: 0x0000027e36beb220
Event: 7166.634 Thread 0x0000027e328b6ca0 Thread added: 0x0000027e328b6ca0
Event: 7166.635 Thread 0x0000027e36be9070 Thread added: 0x0000027e36be9070
Event: 7171.637 Thread 0x0000027e328b6ca0 Thread exited: 0x0000027e328b6ca0
Event: 7171.638 Thread 0x0000027e36be9070 Thread exited: 0x0000027e36be9070
Event: 7184.800 Thread 0x0000027e328b6ca0 Thread added: 0x0000027e328b6ca0
Event: 7184.800 Thread 0x0000027e36beb220 Thread added: 0x0000027e36beb220
Event: 7191.070 Thread 0x0000027e328b6ca0 Thread exited: 0x0000027e328b6ca0
Event: 7191.071 Thread 0x0000027e36beb220 Thread exited: 0x0000027e36beb220
Event: 7379.709 loading class java/util/concurrent/locks/AbstractQueuedSynchronizer$SharedNode
Event: 7379.709 loading class java/util/concurrent/locks/AbstractQueuedSynchronizer$SharedNode done
Event: 7679.518 Thread 0x0000027e39487050 Thread added: 0x0000027e39487050
Event: 7681.242 Thread 0x0000027e36ef1030 Thread added: 0x0000027e36ef1030


Dynamic libraries:
0x00007ff7ca7a0000 - 0x00007ff7ca7ae000 	C:\Users\Admin stagiaire.DESKTOP-8967908\Downloads\sts-4.13.0.RELEASE\plugins\org.eclipse.justj.openjdk.hotspot.jre.full.win32.x86_64_17.0.1.v20211116-1657\jre\bin\javaw.exe
0x00007ffad7520000 - 0x00007ffad7710000 	C:\WINDOWS\SYSTEM32\ntdll.dll
0x00007ffad6810000 - 0x00007ffad68c2000 	C:\WINDOWS\System32\KERNEL32.DLL
0x00007ffad4de0000 - 0x00007ffad5085000 	C:\WINDOWS\System32\KERNELBASE.dll
0x00007ffad4490000 - 0x00007ffad458a000 	C:\WINDOWS\System32\ucrtbase.dll
0x00007ffa80c10000 - 0x00007ffa80c29000 	C:\Users\Admin stagiaire.DESKTOP-8967908\Downloads\sts-4.13.0.RELEASE\plugins\org.eclipse.justj.openjdk.hotspot.jre.full.win32.x86_64_17.0.1.v20211116-1657\jre\bin\VCRUNTIME140.dll
0x00007ffa79890000 - 0x00007ffa798a8000 	C:\Users\Admin stagiaire.DESKTOP-8967908\Downloads\sts-4.13.0.RELEASE\plugins\org.eclipse.justj.openjdk.hotspot.jre.full.win32.x86_64_17.0.1.v20211116-1657\jre\bin\jli.dll
0x00007ffad56a0000 - 0x00007ffad5834000 	C:\WINDOWS\System32\USER32.dll
0x00007ffad4590000 - 0x00007ffad45b1000 	C:\WINDOWS\System32\win32u.dll
0x00007ffac1bb0000 - 0x00007ffac1e34000 	C:\WINDOWS\WinSxS\amd64_microsoft.windows.common-controls_6595b64144ccf1df_6.0.18362.1256_none_9e7e379be45e40e2\COMCTL32.dll
0x00007ffad5600000 - 0x00007ffad569e000 	C:\WINDOWS\System32\msvcrt.dll
0x00007ffad55d0000 - 0x00007ffad55f6000 	C:\WINDOWS\System32\GDI32.dll
0x00007ffad5360000 - 0x00007ffad54f6000 	C:\WINDOWS\System32\gdi32full.dll
0x00007ffad62c0000 - 0x00007ffad65f6000 	C:\WINDOWS\System32\combase.dll
0x00007ffad5270000 - 0x00007ffad530e000 	C:\WINDOWS\System32\msvcp_win.dll
0x00007ffad6c80000 - 0x00007ffad6da0000 	C:\WINDOWS\System32\RPCRT4.dll
0x00007ffad5090000 - 0x00007ffad5111000 	C:\WINDOWS\System32\bcryptPrimitives.dll
0x00007ffad68d0000 - 0x00007ffad68fe000 	C:\WINDOWS\System32\IMM32.DLL
0x00007ffab2ab0000 - 0x00007ffab2abc000 	C:\Users\Admin stagiaire.DESKTOP-8967908\Downloads\sts-4.13.0.RELEASE\plugins\org.eclipse.justj.openjdk.hotspot.jre.full.win32.x86_64_17.0.1.v20211116-1657\jre\bin\vcruntime140_1.dll
0x00007ffa79710000 - 0x00007ffa797a1000 	C:\Users\Admin stagiaire.DESKTOP-8967908\Downloads\sts-4.13.0.RELEASE\plugins\org.eclipse.justj.openjdk.hotspot.jre.full.win32.x86_64_17.0.1.v20211116-1657\jre\bin\msvcp140.dll
0x00007ffa82440000 - 0x00007ffa83086000 	C:\Users\Admin stagiaire.DESKTOP-8967908\Downloads\sts-4.13.0.RELEASE\plugins\org.eclipse.justj.openjdk.hotspot.jre.full.win32.x86_64_17.0.1.v20211116-1657\jre\bin\server\jvm.dll
0x00007ffad6dc0000 - 0x00007ffad6e63000 	C:\WINDOWS\System32\ADVAPI32.dll
0x00007ffad5980000 - 0x00007ffad5a17000 	C:\WINDOWS\System32\sechost.dll
0x00007ffad5970000 - 0x00007ffad5978000 	C:\WINDOWS\System32\PSAPI.DLL
0x00007ffaac180000 - 0x00007ffaac189000 	C:\WINDOWS\SYSTEM32\WSOCK32.dll
0x00007ffad6250000 - 0x00007ffad62bf000 	C:\WINDOWS\System32\WS2_32.dll
0x00007ffac91f0000 - 0x00007ffac91fa000 	C:\WINDOWS\SYSTEM32\VERSION.dll
0x00007ffad2d50000 - 0x00007ffad2d74000 	C:\WINDOWS\SYSTEM32\WINMM.dll
0x00007ffad2d20000 - 0x00007ffad2d4d000 	C:\WINDOWS\SYSTEM32\winmmbase.dll
0x00007ffad5310000 - 0x00007ffad535a000 	C:\WINDOWS\System32\cfgmgr32.dll
0x00007ffad43d0000 - 0x00007ffad43e1000 	C:\WINDOWS\System32\kernel.appcore.dll
0x00007ffac8d10000 - 0x00007ffac8d1a000 	C:\Users\Admin stagiaire.DESKTOP-8967908\Downloads\sts-4.13.0.RELEASE\plugins\org.eclipse.justj.openjdk.hotspot.jre.full.win32.x86_64_17.0.1.v20211116-1657\jre\bin\jimage.dll
0x00007ffad2b20000 - 0x00007ffad2d14000 	C:\WINDOWS\SYSTEM32\DBGHELP.DLL
0x00007ffad2af0000 - 0x00007ffad2b1a000 	C:\WINDOWS\SYSTEM32\dbgcore.DLL
0x00007ffabec20000 - 0x00007ffabec45000 	C:\Users\Admin stagiaire.DESKTOP-8967908\Downloads\sts-4.13.0.RELEASE\plugins\org.eclipse.justj.openjdk.hotspot.jre.full.win32.x86_64_17.0.1.v20211116-1657\jre\bin\java.dll
0x00007ffab2ac0000 - 0x00007ffab2ad8000 	C:\Users\Admin stagiaire.DESKTOP-8967908\Downloads\sts-4.13.0.RELEASE\plugins\org.eclipse.justj.openjdk.hotspot.jre.full.win32.x86_64_17.0.1.v20211116-1657\jre\bin\zip.dll
0x00007ffad5b60000 - 0x00007ffad6247000 	C:\WINDOWS\System32\SHELL32.dll
0x00007ffad58c0000 - 0x00007ffad5969000 	C:\WINDOWS\System32\shcore.dll
0x00007ffad45c0000 - 0x00007ffad4d41000 	C:\WINDOWS\System32\windows.storage.dll
0x00007ffad4410000 - 0x00007ffad4433000 	C:\WINDOWS\System32\profapi.dll
0x00007ffad4440000 - 0x00007ffad448a000 	C:\WINDOWS\System32\powrprof.dll
0x00007ffad43c0000 - 0x00007ffad43d0000 	C:\WINDOWS\System32\UMPDC.dll
0x00007ffad6900000 - 0x00007ffad6952000 	C:\WINDOWS\System32\shlwapi.dll
0x00007ffad5500000 - 0x00007ffad5517000 	C:\WINDOWS\System32\cryptsp.dll
0x00007ffa83d50000 - 0x00007ffa83d69000 	C:\Users\Admin stagiaire.DESKTOP-8967908\Downloads\sts-4.13.0.RELEASE\plugins\org.eclipse.justj.openjdk.hotspot.jre.full.win32.x86_64_17.0.1.v20211116-1657\jre\bin\net.dll
0x00007ffacef50000 - 0x00007ffacf040000 	C:\WINDOWS\SYSTEM32\WINHTTP.dll
0x00007ffad3c10000 - 0x00007ffad3c77000 	C:\WINDOWS\system32\mswsock.dll
0x00007ffa83d30000 - 0x00007ffa83d45000 	C:\Users\Admin stagiaire.DESKTOP-8967908\Downloads\sts-4.13.0.RELEASE\plugins\org.eclipse.justj.openjdk.hotspot.jre.full.win32.x86_64_17.0.1.v20211116-1657\jre\bin\nio.dll
0x00007ffab2350000 - 0x00007ffab2359000 	C:\Users\Admin stagiaire.DESKTOP-8967908\Downloads\sts-4.13.0.RELEASE\plugins\org.eclipse.justj.openjdk.hotspot.jre.full.win32.x86_64_17.0.1.v20211116-1657\jre\bin\management.dll
0x00007ffab20d0000 - 0x00007ffab20db000 	C:\Users\Admin stagiaire.DESKTOP-8967908\Downloads\sts-4.13.0.RELEASE\plugins\org.eclipse.justj.openjdk.hotspot.jre.full.win32.x86_64_17.0.1.v20211116-1657\jre\bin\management_ext.dll
0x00007ffaa0f20000 - 0x00007ffaa0f36000 	C:\WINDOWS\system32\napinsp.dll
0x00007ffaa0f00000 - 0x00007ffaa0f1a000 	C:\WINDOWS\system32\pnrpnsp.dll
0x00007ffad3970000 - 0x00007ffad3a3b000 	C:\WINDOWS\SYSTEM32\DNSAPI.dll
0x00007ffad6800000 - 0x00007ffad6808000 	C:\WINDOWS\System32\NSI.dll
0x00007ffad3920000 - 0x00007ffad395a000 	C:\WINDOWS\SYSTEM32\IPHLPAPI.DLL
0x00007ffaa0ba0000 - 0x00007ffaa0bae000 	C:\WINDOWS\System32\winrnr.dll
0x00007ffad02a0000 - 0x00007ffad02bc000 	C:\WINDOWS\system32\NLAapi.dll
0x00007ffaced70000 - 0x00007ffaced85000 	C:\WINDOWS\system32\wshbth.dll
0x00007ffac92e0000 - 0x00007ffac92ea000 	C:\Windows\System32\rasadhlp.dll
0x00007ffac8190000 - 0x00007ffac8207000 	C:\WINDOWS\System32\fwpuclnt.dll
0x00007ffad4db0000 - 0x00007ffad4dd6000 	C:\WINDOWS\System32\bcrypt.dll
0x00007ffad3780000 - 0x00007ffad37b3000 	C:\WINDOWS\system32\rsaenh.dll
0x00007ffad42e0000 - 0x00007ffad4305000 	C:\WINDOWS\SYSTEM32\USERENV.dll
0x00007ffad3de0000 - 0x00007ffad3dec000 	C:\WINDOWS\SYSTEM32\CRYPTBASE.dll
0x00007ffacce00000 - 0x00007ffacce16000 	C:\WINDOWS\SYSTEM32\dhcpcsvc6.DLL
0x00007ffaccf70000 - 0x00007ffaccf8c000 	C:\WINDOWS\SYSTEM32\dhcpcsvc.DLL
0x00007ffab6f00000 - 0x00007ffab6f10000 	C:\Users\Admin stagiaire.DESKTOP-8967908\Downloads\sts-4.13.0.RELEASE\plugins\org.eclipse.justj.openjdk.hotspot.jre.full.win32.x86_64_17.0.1.v20211116-1657\jre\bin\verify.dll
0x00007ffab25f0000 - 0x00007ffab25fe000 	C:\Users\Admin stagiaire.DESKTOP-8967908\Downloads\sts-4.13.0.RELEASE\plugins\org.eclipse.justj.openjdk.hotspot.jre.full.win32.x86_64_17.0.1.v20211116-1657\jre\bin\sunmscapi.dll
0x00007ffad5120000 - 0x00007ffad5269000 	C:\WINDOWS\System32\CRYPT32.dll
0x00007ffad43f0000 - 0x00007ffad4402000 	C:\WINDOWS\System32\MSASN1.dll
0x00007ffad3ee0000 - 0x00007ffad3f06000 	C:\WINDOWS\SYSTEM32\ncrypt.dll
0x00007ffad3ea0000 - 0x00007ffad3edb000 	C:\WINDOWS\SYSTEM32\NTASN1.dll
0x00007ffa722c0000 - 0x00007ffa722c7000 	C:\WINDOWS\system32\wshunix.dll

dbghelp: loaded successfully - version: 4.0.5 - missing functions: none
symbol engine: initialized successfully - sym options: 0x614 - pdb path: .;C:\Users\Admin stagiaire.DESKTOP-8967908\Downloads\sts-4.13.0.RELEASE\plugins\org.eclipse.justj.openjdk.hotspot.jre.full.win32.x86_64_17.0.1.v20211116-1657\jre\bin;C:\WINDOWS\SYSTEM32;C:\WINDOWS\WinSxS\amd64_microsoft.windows.common-controls_6595b64144ccf1df_6.0.18362.1256_none_9e7e379be45e40e2;C:\Users\Admin stagiaire.DESKTOP-8967908\Downloads\sts-4.13.0.RELEASE\plugins\org.eclipse.justj.openjdk.hotspot.jre.full.win32.x86_64_17.0.1.v20211116-1657\jre\bin\server

VM Arguments:
jvm_args: -Dcom.sun.management.jmxremote -Dcom.sun.management.jmxremote.port=50025 -Dcom.sun.management.jmxremote.authenticate=false -Dcom.sun.management.jmxremote.ssl=false -Djava.rmi.server.hostname=localhost -Dspring.jmx.enabled=true -Dspring.application.admin.enabled=true -XX:TieredStopAtLevel=1 -Dspring.boot.project.name=AppliCFABack_AppliCFABack -Dfile.encoding=UTF-8 -XX:+ShowCodeDetailsInExceptionMessages 
java_command: fr.dawan.AppliCFABack.AppliCfaBackApplication --spring.output.ansi.enabled=always
java_class_path (initial): C:\Users\Admin stagiaire.DESKTOP-8967908\Desktop\cfa-portal-api\target\classes;C:\Users\Admin stagiaire.DESKTOP-8967908\.m2\repository\org\mapstruct\mapstruct\1.4.2.Final\mapstruct-1.4.2.Final.jar;C:\Users\Admin stagiaire.DESKTOP-8967908\.m2\repository\org\springframework\boot\spring-boot-starter-data-jpa\2.3.1.RELEASE\spring-boot-starter-data-jpa-2.3.1.RELEASE.jar;C:\Users\Admin stagiaire.DESKTOP-8967908\.m2\repository\org\springframework\boot\spring-boot-starter-aop\2.3.1.RELEASE\spring-boot-starter-aop-2.3.1.RELEASE.jar;C:\Users\Admin stagiaire.DESKTOP-8967908\.m2\repository\org\springframework\spring-aop\5.2.7.RELEASE\spring-aop-5.2.7.RELEASE.jar;C:\Users\Admin stagiaire.DESKTOP-8967908\.m2\repository\org\aspectj\aspectjweaver\1.9.5\aspectjweaver-1.9.5.jar;C:\Users\Admin stagiaire.DESKTOP-8967908\.m2\repository\org\springframework\boot\spring-boot-starter-jdbc\2.3.1.RELEASE\spring-boot-starter-jdbc-2.3.1.RELEASE.jar;C:\Users\Admin stagiaire.DESKTOP-8967908\.m2\repository\com\zaxxer\HikariCP\3.4.5\HikariCP-3.4.5.jar;C:\Users\Admin stagiaire.DESKTOP-8967908\.m2\repository\org\springframework\spring-jdbc\5.2.7.RELEASE\spring-jdbc-5.2.7.RELEASE.jar;C:\Users\Admin stagiaire.DESKTOP-8967908\.m2\repository\jakarta\transaction\jakarta.transaction-api\1.3.3\jakarta.transaction-api-1.3.3.jar;C:\Users\Admin stagiaire.DESKTOP-8967908\.m2\repository\jakarta\persistence\jakarta.persistence-api\2.2.3\jakarta.persistence-api-2.2.3.jar;C:\Users\Admin stagiaire.DESKTOP-8967908\.m2\repository\org\hibernate\hibernate-core\5.4.17.Final\hibernate-core-5.4.17.Final.jar;C:\Users\Admin stagiaire.DESKTOP-8967908\.m2\repository\org\jboss\logging\jboss-logging\3.4.1.Final\jboss-logging-3.4.1.Final.jar;C:\Users\Admin stagiaire.DESKTOP-8967908\.m2\repository\org\javassist\javassist\3.24.0-GA\javassist-3.24.0-GA.jar;C:\Users\Admin stagiaire.DESKTOP-8967908\.m2\repository\net\bytebuddy\byte-buddy\1.10.11\byte-buddy-1.10.11.jar;C:\Users\Admin stagiaire.DESKTOP-89679
Launcher Type: SUN_STANDARD

[Global flags]
     intx CICompilerCount                          = 4                                         {product} {ergonomic}
     uint ConcGCThreads                            = 3                                         {product} {ergonomic}
     uint G1ConcRefinementThreads                  = 10                                        {product} {ergonomic}
   size_t G1HeapRegionSize                         = 2097152                                   {product} {ergonomic}
    uintx GCDrainStackTargetSize                   = 64                                        {product} {ergonomic}
   size_t InitialHeapSize                          = 266338304                                 {product} {ergonomic}
     bool ManagementServer                         = true                                      {product} {command line}
   size_t MarkStackSize                            = 4194304                                   {product} {ergonomic}
   size_t MaxHeapSize                              = 4234149888                                {product} {ergonomic}
   size_t MaxNewSize                               = 2539651072                                {product} {ergonomic}
   size_t MinHeapDeltaBytes                        = 2097152                                   {product} {ergonomic}
   size_t MinHeapSize                              = 8388608                                   {product} {ergonomic}
    uintx NonProfiledCodeHeapSize                  = 0                                      {pd product} {ergonomic}
     bool ProfileInterpreter                       = false                                  {pd product} {command line}
    uintx ProfiledCodeHeapSize                     = 0                                      {pd product} {ergonomic}
     bool ShowCodeDetailsInExceptionMessages       = true                                   {manageable} {command line}
   size_t SoftMaxHeapSize                          = 4234149888                             {manageable} {ergonomic}
     intx TieredStopAtLevel                        = 1                                         {product} {command line}
     bool UseCompressedClassPointers               = true                           {product lp64_product} {ergonomic}
     bool UseCompressedOops                        = true                           {product lp64_product} {ergonomic}
     bool UseG1GC                                  = true                                      {product} {ergonomic}
     bool UseLargePagesIndividualAllocation        = false                                  {pd product} {ergonomic}

Logging:
Log output configuration:
 #0: stdout all=warning uptime,level,tags
 #1: stderr all=off uptime,level,tags

Environment Variables:
JAVA_HOME=C:\Program Files\Java\jdk-11.0.1
CLASSPATH=.;
PATH=C:/Users/Admin stagiaire.DESKTOP-8967908/Downloads/sts-4.13.0.RELEASE//plugins/org.eclipse.justj.openjdk.hotspot.jre.full.win32.x86_64_17.0.1.v20211116-1657/jre/bin/server;C:/Users/Admin stagiaire.DESKTOP-8967908/Downloads/sts-4.13.0.RELEASE//plugins/org.eclipse.justj.openjdk.hotspot.jre.full.win32.x86_64_17.0.1.v20211116-1657/jre/bin;C:\Program Files\Java\jdk-11.0.1\bin;C:\Maven\apache-maven-3.8.4-bin\apache-maven-3.8.4\bin;C:\Program Files (x86)\Common Files\Oracle\Java\javapath;C:\Windows\system32;C:\Windows;C:\Windows\System32\Wbem;C:\Windows\System32\WindowsPowerShell\v1.0\;C:\Windows\System32\OpenSSH\;C:\ProgramData\chocolatey\bin;C:\Users\Admin\AppData\Local\Microsoft\WindowsApps;C:\Program Files\Git\bin;C:\Program Files\Oracle\VirtualBox;C:\Program Files\Intel\WiFi\bin\;C:\Program Files\Common Files\Intel\WirelessCommon\;C:\Program Files (x86)\NVIDIA Corporation\PhysX\Common;C:\Program Files (x86)\Intel\Intel(R) Management Engine Components\DAL;C:\Program Files\Intel\Intel(R) Management Engine Components\DAL;C:\WINDOWS\system32;C:\WINDOWS;C:\WINDOWS\System32\Wbem;C:\WINDOWS\System32\WindowsPowerShell\v1.0\;C:\WINDOWS\System32\OpenSSH\;C:\Program Files\Microsoft SQL Server\130\Tools\Binn\;C:\Program Files\Microsoft SQL Server\Client SDK\ODBC\170\Tools\Binn\;C:\Program Files (x86)\Microsoft SQL Server\150\DTS\Binn\;C:\Program Files\Azure Data Studio\bin;C:\Program Files (x86)\Microsoft SQL Server\150\Tools\Binn\;C:\Program Files\Microsoft SQL Server\150\Tools\Binn\;C:\Program Files\Microsoft SQL Server\150\DTS\Binn\;C:\Program Files\dotnet\;C:\HashiCorp\Vagrant\bin;C:\Users\Admin stagiaire.DESKTOP-8967908\AppData\Roaming\nvm;C:\Program Files\nodejs;C:\Program Files (x86)\dotnet\;C:\Users\Admin stagiaire.DESKTOP-8967908\AppData\Local\Microsoft\WindowsApps;C:\Users\Admin stagiaire.DESKTOP-8967908\AppData\Local\Programs\Microsoft VS Code\bin;C:\Program Files\Azure Data Studio\bin;C:\Users\Admin stagiaire.DESKTOP-8967908\.dotnet\tools;C:\Users\Admin stagiaire.DE
USERNAME=Admin stagiaire
OS=Windows_NT
PROCESSOR_IDENTIFIER=Intel64 Family 6 Model 165 Stepping 2, GenuineIntel



---------------  S Y S T E M  ---------------

OS:
 Windows 10 , 64 bit Build 18362 (10.0.18362.1110)
OS uptime: 1 days 4:36 hours

CPU: total 12 (initial active 12) (6 cores per cpu, 2 threads per core) family 6 model 165 stepping 2 microcode 0xe2, cx8, cmov, fxsr, ht, mmx, 3dnowpref, sse, sse2, sse3, ssse3, sse4.1, sse4.2, popcnt, lzcnt, tsc, tscinvbit, avx, avx2, aes, erms, clmul, bmi1, bmi2, adx, fma, vzeroupper, clflush, clflushopt

Memory: 4k page, system-wide physical 16145M (2923M free)
TotalPageFile size 24241M (AvailPageFile size 5M)
current process WorkingSet (physical memory assigned to process): 690M, peak: 909M
current process commit charge ("private bytes"): 940M, peak: 966M

vm_info: OpenJDK 64-Bit Server VM (17.0.1+12) for windows-amd64 JRE (17.0.1+12), built on Oct 20 2021 07:42:55 by "" with MS VC++ 16.7 (VS2019)

END.
