2022-12-15 11:29:31.643  INFO 660 --- [main] f.d.A.AppliCfaBackApplication            : Starting AppliCfaBackApplication on PG77700-BJLMHX2 with PID 660 (C:\Users\Admin stagiaire.DESKTOP-8967908\Desktop\cfa-portal-api\target\classes started by Admin stagiaire in C:\Users\Admin stagiaire.DESKTOP-8967908\Desktop\cfa-portal-api)
2022-12-15 11:29:31.650  INFO 660 --- [main] f.d.A.AppliCfaBackApplication            : No active profile set, falling back to default profiles: default
2022-12-15 11:29:34.651  INFO 660 --- [main] .s.d.r.c.RepositoryConfigurationDelegate : Bootstrapping Spring Data JPA repositories in DEFERRED mode.
2022-12-15 11:29:34.962  INFO 660 --- [main] .s.d.r.c.RepositoryConfigurationDelegate : Finished Spring Data repository scanning in 296ms. Found 36 JPA repository interfaces.
2022-12-15 11:29:35.658  INFO 660 --- [main] o.s.b.w.embedded.tomcat.TomcatWebServer  : Tomcat initialized with port(s): 8085 (http)
2022-12-15 11:29:35.668  INFO 660 --- [main] o.apache.catalina.core.StandardService   : Starting service [Tomcat]
2022-12-15 11:29:35.668  INFO 660 --- [main] org.apache.catalina.core.StandardEngine  : Starting Servlet engine: [Apache Tomcat/9.0.36]
2022-12-15 11:29:35.824  INFO 660 --- [main] o.a.c.c.C.[Tomcat].[localhost].[/]       : Initializing Spring embedded WebApplicationContext
2022-12-15 11:29:35.824  INFO 660 --- [main] w.s.c.ServletWebServerApplicationContext : Root WebApplicationContext: initialization completed in 4092 ms
2022-12-15 11:29:36.105  INFO 660 --- [main] o.s.s.concurrent.ThreadPoolTaskExecutor  : Initializing ExecutorService 'applicationTaskExecutor'
2022-12-15 11:29:36.202  INFO 660 --- [task-1] o.hibernate.jpa.internal.util.LogHelper  : HHH000204: Processing PersistenceUnitInfo [name: default]
2022-12-15 11:29:36.304  INFO 660 --- [task-1] org.hibernate.Version                    : HHH000412: Hibernate ORM core version 5.4.17.Final
2022-12-15 11:29:36.503  INFO 660 --- [task-1] o.hibernate.annotations.common.Version   : HCANN000001: Hibernate Commons Annotations {5.1.0.Final}
2022-12-15 11:29:36.647  INFO 660 --- [task-1] com.zaxxer.hikari.HikariDataSource       : HikariPool-1 - Starting...
2022-12-15 11:29:36.860  INFO 660 --- [task-1] com.zaxxer.hikari.HikariDataSource       : HikariPool-1 - Start completed.
2022-12-15 11:29:36.892  INFO 660 --- [task-1] org.hibernate.dialect.Dialect            : HHH000400: Using dialect: org.hibernate.dialect.MariaDBDialect
2022-12-15 11:29:37.082  WARN 660 --- [main] JpaBaseConfiguration$JpaWebConfiguration : spring.jpa.open-in-view is enabled by default. Therefore, database queries may be performed during view rendering. Explicitly configure spring.jpa.open-in-view to disable this warning
2022-12-15 11:29:39.643  INFO 660 --- [task-1] o.h.e.t.j.p.i.JtaPlatformInitiator       : HHH000490: Using JtaPlatform implementation: [org.hibernate.engine.transaction.jta.platform.internal.NoJtaPlatform]
2022-12-15 11:29:39.656  INFO 660 --- [task-1] j.LocalContainerEntityManagerFactoryBean : Initialized JPA EntityManagerFactory for persistence unit 'default'
2022-12-15 11:29:39.924  INFO 660 --- [main] o.s.b.w.embedded.tomcat.TomcatWebServer  : Tomcat started on port(s): 8085 (http) with context path ''
2022-12-15 11:29:40.079  INFO 660 --- [main] o.s.b.w.embedded.tomcat.TomcatWebServer  : Tomcat initialized with port(s): 8086 (http)
2022-12-15 11:29:40.081  INFO 660 --- [main] o.apache.catalina.core.StandardService   : Starting service [Tomcat]
2022-12-15 11:29:40.081  INFO 660 --- [main] org.apache.catalina.core.StandardEngine  : Starting Servlet engine: [Apache Tomcat/9.0.36]
2022-12-15 11:29:40.179  INFO 660 --- [main] o.a.c.c.C.[Tomcat-1].[localhost].[/]     : Initializing Spring embedded WebApplicationContext
2022-12-15 11:29:40.179  INFO 660 --- [main] w.s.c.ServletWebServerApplicationContext : Root WebApplicationContext: initialization completed in 246 ms
2022-12-15 11:29:40.198  INFO 660 --- [main] o.s.b.a.e.web.EndpointLinksResolver      : Exposing 14 endpoint(s) beneath base path '/actuator'
2022-12-15 11:29:40.634  INFO 660 --- [main] o.s.b.w.embedded.tomcat.TomcatWebServer  : Tomcat started on port(s): 8086 (http) with context path ''
2022-12-15 11:29:40.636  INFO 660 --- [main] DeferredRepositoryInitializationListener : Triggering deferred initialization of Spring Data repositories…
2022-12-15 11:29:41.413  INFO 660 --- [RMI TCP Connection(3)-127.0.0.1] o.a.c.c.C.[Tomcat].[localhost].[/]       : Initializing Spring DispatcherServlet 'dispatcherServlet'
2022-12-15 11:29:41.413  INFO 660 --- [RMI TCP Connection(3)-127.0.0.1] o.s.web.servlet.DispatcherServlet        : Initializing Servlet 'dispatcherServlet'
2022-12-15 11:29:41.419  INFO 660 --- [RMI TCP Connection(3)-127.0.0.1] o.s.web.servlet.DispatcherServlet        : Completed initialization in 6 ms
2022-12-15 11:29:42.071  INFO 660 --- [main] DeferredRepositoryInitializationListener : Spring Data repositories initialized!
2022-12-15 11:29:42.073  INFO 660 --- [main] DeferredRepositoryInitializationListener : Triggering deferred initialization of Spring Data repositories…
2022-12-15 11:29:42.073  INFO 660 --- [main] DeferredRepositoryInitializationListener : Spring Data repositories initialized!
2022-12-15 11:29:42.075  INFO 660 --- [main] f.d.A.AppliCfaBackApplication            : Started AppliCfaBackApplication in 10.828 seconds (JVM running for 11.923)
2022-12-15 11:30:39.224  INFO 660 --- [RMI TCP Connection(4)-127.0.0.1] inMXBeanRegistrar$SpringApplicationAdmin : Application shutdown requested.
2022-12-15 11:30:39.271  INFO 660 --- [RMI TCP Connection(4)-127.0.0.1] j.LocalContainerEntityManagerFactoryBean : Closing JPA EntityManagerFactory for persistence unit 'default'
2022-12-15 11:30:39.272  INFO 660 --- [RMI TCP Connection(4)-127.0.0.1] o.s.s.concurrent.ThreadPoolTaskExecutor  : Shutting down ExecutorService 'applicationTaskExecutor'
2022-12-15 11:30:39.273  INFO 660 --- [RMI TCP Connection(4)-127.0.0.1] com.zaxxer.hikari.HikariDataSource       : HikariPool-1 - Shutdown initiated...
2022-12-15 11:30:39.282  INFO 660 --- [RMI TCP Connection(4)-127.0.0.1] com.zaxxer.hikari.HikariDataSource       : HikariPool-1 - Shutdown completed.
2022-12-15 11:30:44.573  INFO 15568 --- [main] f.d.A.AppliCfaBackApplication            : Starting AppliCfaBackApplication on PG77700-BJLMHX2 with PID 15568 (C:\Users\Admin stagiaire.DESKTOP-8967908\Desktop\cfa-portal-api\target\classes started by Admin stagiaire in C:\Users\Admin stagiaire.DESKTOP-8967908\Desktop\cfa-portal-api)
2022-12-15 11:30:44.575  INFO 15568 --- [main] f.d.A.AppliCfaBackApplication            : No active profile set, falling back to default profiles: default
2022-12-15 11:30:45.556  INFO 15568 --- [main] .s.d.r.c.RepositoryConfigurationDelegate : Bootstrapping Spring Data JPA repositories in DEFERRED mode.
2022-12-15 11:30:45.739  INFO 15568 --- [main] .s.d.r.c.RepositoryConfigurationDelegate : Finished Spring Data repository scanning in 176ms. Found 36 JPA repository interfaces.
2022-12-15 11:30:46.206  INFO 15568 --- [main] o.s.b.w.embedded.tomcat.TomcatWebServer  : Tomcat initialized with port(s): 8085 (http)
2022-12-15 11:30:46.214  INFO 15568 --- [main] o.apache.catalina.core.StandardService   : Starting service [Tomcat]
2022-12-15 11:30:46.214  INFO 15568 --- [main] org.apache.catalina.core.StandardEngine  : Starting Servlet engine: [Apache Tomcat/9.0.36]
2022-12-15 11:30:46.352  INFO 15568 --- [main] o.a.c.c.C.[Tomcat].[localhost].[/]       : Initializing Spring embedded WebApplicationContext
2022-12-15 11:30:46.353  INFO 15568 --- [main] w.s.c.ServletWebServerApplicationContext : Root WebApplicationContext: initialization completed in 1747 ms
2022-12-15 11:30:46.561  INFO 15568 --- [main] o.s.s.concurrent.ThreadPoolTaskExecutor  : Initializing ExecutorService 'applicationTaskExecutor'
2022-12-15 11:30:46.631  INFO 15568 --- [task-1] o.hibernate.jpa.internal.util.LogHelper  : HHH000204: Processing PersistenceUnitInfo [name: default]
2022-12-15 11:30:46.675  INFO 15568 --- [task-1] org.hibernate.Version                    : HHH000412: Hibernate ORM core version 5.4.17.Final
2022-12-15 11:30:46.820  INFO 15568 --- [task-1] o.hibernate.annotations.common.Version   : HCANN000001: Hibernate Commons Annotations {5.1.0.Final}
2022-12-15 11:30:46.913  INFO 15568 --- [task-1] com.zaxxer.hikari.HikariDataSource       : HikariPool-1 - Starting...
2022-12-15 11:30:46.974  INFO 15568 --- [task-1] com.zaxxer.hikari.HikariDataSource       : HikariPool-1 - Start completed.
2022-12-15 11:30:46.988  INFO 15568 --- [task-1] org.hibernate.dialect.Dialect            : HHH000400: Using dialect: org.hibernate.dialect.MariaDBDialect
2022-12-15 11:30:47.167  WARN 15568 --- [main] JpaBaseConfiguration$JpaWebConfiguration : spring.jpa.open-in-view is enabled by default. Therefore, database queries may be performed during view rendering. Explicitly configure spring.jpa.open-in-view to disable this warning
2022-12-15 11:30:48.477  INFO 15568 --- [task-1] o.h.e.t.j.p.i.JtaPlatformInitiator       : HHH000490: Using JtaPlatform implementation: [org.hibernate.engine.transaction.jta.platform.internal.NoJtaPlatform]
2022-12-15 11:30:48.486  INFO 15568 --- [task-1] j.LocalContainerEntityManagerFactoryBean : Initialized JPA EntityManagerFactory for persistence unit 'default'
2022-12-15 11:30:48.579  INFO 15568 --- [main] o.s.b.w.embedded.tomcat.TomcatWebServer  : Tomcat started on port(s): 8085 (http) with context path ''
2022-12-15 11:30:48.640  INFO 15568 --- [main] o.s.b.w.embedded.tomcat.TomcatWebServer  : Tomcat initialized with port(s): 8086 (http)
2022-12-15 11:30:48.641  INFO 15568 --- [main] o.apache.catalina.core.StandardService   : Starting service [Tomcat]
2022-12-15 11:30:48.641  INFO 15568 --- [main] org.apache.catalina.core.StandardEngine  : Starting Servlet engine: [Apache Tomcat/9.0.36]
2022-12-15 11:30:48.671  INFO 15568 --- [main] o.a.c.c.C.[Tomcat-1].[localhost].[/]     : Initializing Spring embedded WebApplicationContext
2022-12-15 11:30:48.671  INFO 15568 --- [main] w.s.c.ServletWebServerApplicationContext : Root WebApplicationContext: initialization completed in 87 ms
2022-12-15 11:30:48.680  INFO 15568 --- [main] o.s.b.a.e.web.EndpointLinksResolver      : Exposing 14 endpoint(s) beneath base path '/actuator'
2022-12-15 11:30:48.907  INFO 15568 --- [main] o.s.b.w.embedded.tomcat.TomcatWebServer  : Tomcat started on port(s): 8086 (http) with context path ''
2022-12-15 11:30:48.908  INFO 15568 --- [main] DeferredRepositoryInitializationListener : Triggering deferred initialization of Spring Data repositories…
2022-12-15 11:30:49.881  INFO 15568 --- [RMI TCP Connection(3)-127.0.0.1] o.a.c.c.C.[Tomcat].[localhost].[/]       : Initializing Spring DispatcherServlet 'dispatcherServlet'
2022-12-15 11:30:49.881  INFO 15568 --- [RMI TCP Connection(3)-127.0.0.1] o.s.web.servlet.DispatcherServlet        : Initializing Servlet 'dispatcherServlet'
2022-12-15 11:30:49.886  INFO 15568 --- [RMI TCP Connection(3)-127.0.0.1] o.s.web.servlet.DispatcherServlet        : Completed initialization in 5 ms
2022-12-15 11:30:49.888  INFO 15568 --- [main] DeferredRepositoryInitializationListener : Spring Data repositories initialized!
2022-12-15 11:30:49.889  INFO 15568 --- [main] DeferredRepositoryInitializationListener : Triggering deferred initialization of Spring Data repositories…
2022-12-15 11:30:49.890  INFO 15568 --- [main] DeferredRepositoryInitializationListener : Spring Data repositories initialized!
2022-12-15 11:30:49.891  INFO 15568 --- [main] f.d.A.AppliCfaBackApplication            : Started AppliCfaBackApplication in 5.543 seconds (JVM running for 6.252)
2022-12-15 11:33:13.752  WARN 15568 --- [http-nio-8085-exec-1] o.s.web.servlet.PageNotFound             : Request method 'GET' not supported
2022-12-15 11:34:44.126  WARN 15568 --- [http-nio-8085-exec-5] o.s.web.servlet.PageNotFound             : Request method 'GET' not supported
2022-12-15 11:35:22.359  INFO 15568 --- [http-nio-8085-exec-6] global                                   : >>>>>> inside Token Interceptor...
2022-12-15 11:35:22.359  INFO 15568 --- [http-nio-8085-exec-6] global                                   : URI =/utilisateurs/64/planning
2022-12-15 11:35:22.360  INFO 15568 --- [http-nio-8085-exec-6] global                                   : Header (authorization) :null
2022-12-15 11:35:22.376  INFO 15568 --- [http-nio-8085-exec-7] global                                   : >>>>>> inside Token Interceptor...
2022-12-15 11:35:22.376  INFO 15568 --- [http-nio-8085-exec-7] global                                   : URI =/utilisateurs/64/planning
2022-12-15 11:35:22.376  INFO 15568 --- [http-nio-8085-exec-7] global                                   : Header (authorization) :Bearer eyJhbGciOiJIUzUxMiJ9.eyJzdWIiOiJtZGVya2FvdWlAZGF3YW4uZnIiLCJ1c2VyX2VtYWlsIjoibWRlcmthb3VpQGRhd2FuLmZyIiwidXNlcl9pZCI6NjQsImV4cCI6MTY3MTAyNzg3MCwiaWF0IjoxNjcxMDA5ODcwfQ.ZWmuGGM2msdJ1Cac_Yyoev6BDSGECdAHa161nt_oo635ymZ0B85nhKxyIQ816QoJVaFNbZBc6zu0Wr3NjV1TbA
2022-12-15 11:35:22.698 ERROR 15568 --- [http-nio-8085-exec-7] unknown.jul.logger                       : io.jsonwebtoken.ExpiredJwtException: JWT expired at 2022-12-14T15:24:30Z. Current time: 2022-12-15T11:35:22Z, a difference of 72652697 milliseconds.  Allowed clock skew: 0 milliseconds.
	at io.jsonwebtoken.impl.DefaultJwtParser.parse(DefaultJwtParser.java:385)
	at io.jsonwebtoken.impl.DefaultJwtParser.parse(DefaultJwtParser.java:481)
	at io.jsonwebtoken.impl.DefaultJwtParser.parseClaimsJws(DefaultJwtParser.java:541)
	at fr.dawan.AppliCFABack.tools.JwtTokenUtil.getAllClaimsFromToken(JwtTokenUtil.java:48)
	at fr.dawan.AppliCFABack.tools.JwtTokenUtil.getClaimFromToken(JwtTokenUtil.java:43)
	at fr.dawan.AppliCFABack.tools.JwtTokenUtil.getExpirationDateFromToken(JwtTokenUtil.java:39)
	at fr.dawan.AppliCFABack.tools.JwtTokenUtil.isTokenExpired(JwtTokenUtil.java:52)
	at fr.dawan.AppliCFABack.interceptors.TokenInterceptor.preHandle(TokenInterceptor.java:40)
	at org.springframework.web.servlet.HandlerExecutionChain.applyPreHandle(HandlerExecutionChain.java:141)
	at org.springframework.web.servlet.DispatcherServlet.doDispatch(DispatcherServlet.java:1035)
	at org.springframework.web.servlet.DispatcherServlet.doService(DispatcherServlet.java:943)
	at org.springframework.web.servlet.FrameworkServlet.processRequest(FrameworkServlet.java:1006)
	at org.springframework.web.servlet.FrameworkServlet.doGet(FrameworkServlet.java:898)
	at javax.servlet.http.HttpServlet.service(HttpServlet.java:634)
	at org.springframework.web.servlet.FrameworkServlet.service(FrameworkServlet.java:883)
	at javax.servlet.http.HttpServlet.service(HttpServlet.java:741)
	at org.apache.catalina.core.ApplicationFilterChain.internalDoFilter(ApplicationFilterChain.java:231)
	at org.apache.catalina.core.ApplicationFilterChain.doFilter(ApplicationFilterChain.java:166)
	at org.apache.tomcat.websocket.server.WsFilter.doFilter(WsFilter.java:53)
	at org.apache.catalina.core.ApplicationFilterChain.internalDoFilter(ApplicationFilterChain.java:193)
	at org.apache.catalina.core.ApplicationFilterChain.doFilter(ApplicationFilterChain.java:166)
	at org.springframework.web.servlet.resource.ResourceUrlEncodingFilter.doFilter(ResourceUrlEncodingFilter.java:64)
	at org.apache.catalina.core.ApplicationFilterChain.internalDoFilter(ApplicationFilterChain.java:193)
	at org.apache.catalina.core.ApplicationFilterChain.doFilter(ApplicationFilterChain.java:166)
	at org.springframework.web.filter.RequestContextFilter.doFilterInternal(RequestContextFilter.java:100)
	at org.springframework.web.filter.OncePerRequestFilter.doFilter(OncePerRequestFilter.java:119)
	at org.apache.catalina.core.ApplicationFilterChain.internalDoFilter(ApplicationFilterChain.java:193)
	at org.apache.catalina.core.ApplicationFilterChain.doFilter(ApplicationFilterChain.java:166)
	at org.springframework.web.filter.FormContentFilter.doFilterInternal(FormContentFilter.java:93)
	at org.springframework.web.filter.OncePerRequestFilter.doFilter(OncePerRequestFilter.java:119)
	at org.apache.catalina.core.ApplicationFilterChain.internalDoFilter(ApplicationFilterChain.java:193)
	at org.apache.catalina.core.ApplicationFilterChain.doFilter(ApplicationFilterChain.java:166)
	at org.springframework.boot.actuate.metrics.web.servlet.WebMvcMetricsFilter.doFilterInternal(WebMvcMetricsFilter.java:93)
	at org.springframework.web.filter.OncePerRequestFilter.doFilter(OncePerRequestFilter.java:119)
	at org.apache.catalina.core.ApplicationFilterChain.internalDoFilter(ApplicationFilterChain.java:193)
	at org.apache.catalina.core.ApplicationFilterChain.doFilter(ApplicationFilterChain.java:166)
	at org.springframework.web.filter.CharacterEncodingFilter.doFilterInternal(CharacterEncodingFilter.java:201)
	at org.springframework.web.filter.OncePerRequestFilter.doFilter(OncePerRequestFilter.java:119)
	at org.apache.catalina.core.ApplicationFilterChain.internalDoFilter(ApplicationFilterChain.java:193)
	at org.apache.catalina.core.ApplicationFilterChain.doFilter(ApplicationFilterChain.java:166)
	at org.apache.catalina.core.StandardWrapperValve.invoke(StandardWrapperValve.java:202)
	at org.apache.catalina.core.StandardContextValve.invoke(StandardContextValve.java:96)
	at org.apache.catalina.authenticator.AuthenticatorBase.invoke(AuthenticatorBase.java:541)
	at org.apache.catalina.core.StandardHostValve.invoke(StandardHostValve.java:139)
	at org.apache.catalina.valves.ErrorReportValve.invoke(ErrorReportValve.java:92)
	at org.apache.catalina.core.StandardEngineValve.invoke(StandardEngineValve.java:74)
	at org.apache.catalina.connector.CoyoteAdapter.service(CoyoteAdapter.java:343)
	at org.apache.coyote.http11.Http11Processor.service(Http11Processor.java:373)
	at org.apache.coyote.AbstractProcessorLight.process(AbstractProcessorLight.java:65)
	at org.apache.coyote.AbstractProtocol$ConnectionHandler.process(AbstractProtocol.java:868)
	at org.apache.tomcat.util.net.NioEndpoint$SocketProcessor.doRun(NioEndpoint.java:1590)
	at org.apache.tomcat.util.net.SocketProcessorBase.run(SocketProcessorBase.java:49)
	at java.base/java.util.concurrent.ThreadPoolExecutor.runWorker(ThreadPoolExecutor.java:1136)
	at java.base/java.util.concurrent.ThreadPoolExecutor$Worker.run(ThreadPoolExecutor.java:635)
	at org.apache.tomcat.util.threads.TaskThread$WrappingRunnable.run(TaskThread.java:61)
	at java.base/java.lang.Thread.run(Thread.java:833)

2022-12-15 11:35:35.132  WARN 15568 --- [http-nio-8085-exec-8] o.s.web.servlet.PageNotFound             : Request method 'GET' not supported
2022-12-15 11:36:53.194  WARN 15568 --- [http-nio-8085-exec-2] o.s.web.servlet.PageNotFound             : Request method 'GET' not supported
2022-12-15 11:37:45.644  WARN 15568 --- [http-nio-8085-exec-1] o.s.web.servlet.PageNotFound             : Request method 'GET' not supported
2022-12-15 11:38:01.972  WARN 15568 --- [http-nio-8085-exec-3] o.s.web.servlet.PageNotFound             : Request method 'GET' not supported
2022-12-15 11:38:14.164  WARN 15568 --- [http-nio-8085-exec-4] o.s.web.servlet.PageNotFound             : Request method 'GET' not supported
2022-12-15 11:38:28.434  INFO 15568 --- [http-nio-8085-exec-5] global                                   : >>>>>> inside Token Interceptor...
2022-12-15 11:38:28.436  INFO 15568 --- [http-nio-8085-exec-5] global                                   : URI =/authenticate
2022-12-15 11:38:28.437  INFO 15568 --- [http-nio-8085-exec-5] global                                   : Header (authorization) :null
2022-12-15 11:39:27.278  INFO 15568 --- [http-nio-8085-exec-6] global                                   : >>>>>> inside Token Interceptor...
2022-12-15 11:39:27.279  INFO 15568 --- [http-nio-8085-exec-6] global                                   : URI =/centreFormations/dg2/
2022-12-15 11:39:27.281  INFO 15568 --- [http-nio-8085-exec-6] global                                   : Header (authorization) :bearer eyJhbGciOiJIUzUxMiJ9.eyJzdWIiOiJtZGVya2FvdWlAZGF3YW4uZnIiLCJ1c2VyX2VtYWlsIjoibWRlcmthb3VpQGRhd2FuLmZyIiwidXNlcl9pZCI6NjQsImV4cCI6MTY3MTExODcwOCwiaWF0IjoxNjcxMTAwNzA4fQ.IvcCrcymGb1jkHCZY4umNxpdMCA69Fku1knZjjfH7wKZUcrBdtsUq1S0QIf-HoEhPmrVLbz1DVrU3dAroHTZaw
2022-12-15 11:42:49.862  INFO 15568 --- [http-nio-8085-exec-8] global                                   : >>>>>> inside Token Interceptor...
2022-12-15 11:42:49.864  INFO 15568 --- [http-nio-8085-exec-8] global                                   : URI =/authenticate
2022-12-15 11:42:49.864  INFO 15568 --- [http-nio-8085-exec-8] global                                   : Header (authorization) :null
2022-12-15 11:42:49.868  INFO 15568 --- [http-nio-8085-exec-9] global                                   : >>>>>> inside Token Interceptor...
2022-12-15 11:42:49.869  INFO 15568 --- [http-nio-8085-exec-9] global                                   : URI =/authenticate
2022-12-15 11:42:49.869  INFO 15568 --- [http-nio-8085-exec-9] global                                   : Header (authorization) :null
2022-12-15 11:42:49.896  INFO 15568 --- [http-nio-8085-exec-10] global                                   : >>>>>> inside Token Interceptor...
2022-12-15 11:42:49.897  INFO 15568 --- [http-nio-8085-exec-10] global                                   : URI =/utilisateurs/email=jmerckling@dawan.fr
2022-12-15 11:42:49.897  INFO 15568 --- [http-nio-8085-exec-10] global                                   : Header (authorization) :null
2022-12-15 11:42:49.905  INFO 15568 --- [http-nio-8085-exec-2] global                                   : >>>>>> inside Token Interceptor...
2022-12-15 11:42:49.906  INFO 15568 --- [http-nio-8085-exec-2] global                                   : URI =/utilisateurs/email=jmerckling@dawan.fr
2022-12-15 11:42:49.906  INFO 15568 --- [http-nio-8085-exec-2] global                                   : Header (authorization) :Bearer eyJhbGciOiJIUzUxMiJ9.eyJzdWIiOiJqbWVyY2tsaW5nQGRhd2FuLmZyIiwidXNlcl9lbWFpbCI6ImptZXJja2xpbmdAZGF3YW4uZnIiLCJ1c2VyX2lkIjoxNjYsImV4cCI6MTY3MTExODk2OSwiaWF0IjoxNjcxMTAwOTY5fQ.J5WktXrXjpUn6h59qWZ0kC95zlUOuVsGlp_NAz6h1TNF8nkq1mEgcT5NUa967bfv9nsJjcwAcRY9SmcJ-dxp2A
2022-12-15 11:42:49.945  INFO 15568 --- [http-nio-8085-exec-1] global                                   : >>>>>> inside Token Interceptor...
2022-12-15 11:42:49.945  INFO 15568 --- [http-nio-8085-exec-1] global                                   : URI =/utilisateurs/166/isReferent
2022-12-15 11:42:49.945  INFO 15568 --- [http-nio-8085-exec-1] global                                   : Header (authorization) :null
2022-12-15 11:42:49.954  INFO 15568 --- [http-nio-8085-exec-3] global                                   : >>>>>> inside Token Interceptor...
2022-12-15 11:42:49.954  INFO 15568 --- [http-nio-8085-exec-3] global                                   : URI =/utilisateurs/166/isReferent
2022-12-15 11:42:49.954  INFO 15568 --- [http-nio-8085-exec-3] global                                   : Header (authorization) :Bearer eyJhbGciOiJIUzUxMiJ9.eyJzdWIiOiJqbWVyY2tsaW5nQGRhd2FuLmZyIiwidXNlcl9lbWFpbCI6ImptZXJja2xpbmdAZGF3YW4uZnIiLCJ1c2VyX2lkIjoxNjYsImV4cCI6MTY3MTExODk2OSwiaWF0IjoxNjcxMTAwOTY5fQ.J5WktXrXjpUn6h59qWZ0kC95zlUOuVsGlp_NAz6h1TNF8nkq1mEgcT5NUa967bfv9nsJjcwAcRY9SmcJ-dxp2A
2022-12-15 11:42:49.985  INFO 15568 --- [http-nio-8085-exec-4] global                                   : >>>>>> inside Token Interceptor...
2022-12-15 11:42:49.985  INFO 15568 --- [http-nio-8085-exec-4] global                                   : URI =/utilisateurs/0/7
2022-12-15 11:42:49.985  INFO 15568 --- [http-nio-8085-exec-4] global                                   : Header (authorization) :null
2022-12-15 11:42:49.986  INFO 15568 --- [http-nio-8085-exec-5] global                                   : >>>>>> inside Token Interceptor...
2022-12-15 11:42:49.986  INFO 15568 --- [http-nio-8085-exec-5] global                                   : URI =/utilisateurs/count
2022-12-15 11:42:49.986  INFO 15568 --- [http-nio-8085-exec-6] global                                   : >>>>>> inside Token Interceptor...
2022-12-15 11:42:49.986  INFO 15568 --- [http-nio-8085-exec-5] global                                   : Header (authorization) :null
2022-12-15 11:42:49.987  INFO 15568 --- [http-nio-8085-exec-6] global                                   : URI =/utilisateursRoles
2022-12-15 11:42:49.987  INFO 15568 --- [http-nio-8085-exec-6] global                                   : Header (authorization) :null
2022-12-15 11:42:49.992  INFO 15568 --- [http-nio-8085-exec-8] global                                   : >>>>>> inside Token Interceptor...
2022-12-15 11:42:49.993  INFO 15568 --- [http-nio-8085-exec-8] global                                   : URI =/utilisateurs/count
2022-12-15 11:42:49.993  INFO 15568 --- [http-nio-8085-exec-7] global                                   : >>>>>> inside Token Interceptor...
2022-12-15 11:42:49.993  INFO 15568 --- [http-nio-8085-exec-8] global                                   : Header (authorization) :Bearer eyJhbGciOiJIUzUxMiJ9.eyJzdWIiOiJqbWVyY2tsaW5nQGRhd2FuLmZyIiwidXNlcl9lbWFpbCI6ImptZXJja2xpbmdAZGF3YW4uZnIiLCJ1c2VyX2lkIjoxNjYsImV4cCI6MTY3MTExODk2OSwiaWF0IjoxNjcxMTAwOTY5fQ.J5WktXrXjpUn6h59qWZ0kC95zlUOuVsGlp_NAz6h1TNF8nkq1mEgcT5NUa967bfv9nsJjcwAcRY9SmcJ-dxp2A
2022-12-15 11:42:49.993  INFO 15568 --- [http-nio-8085-exec-7] global                                   : URI =/utilisateurs/0/7
2022-12-15 11:42:49.993  INFO 15568 --- [http-nio-8085-exec-7] global                                   : Header (authorization) :Bearer eyJhbGciOiJIUzUxMiJ9.eyJzdWIiOiJqbWVyY2tsaW5nQGRhd2FuLmZyIiwidXNlcl9lbWFpbCI6ImptZXJja2xpbmdAZGF3YW4uZnIiLCJ1c2VyX2lkIjoxNjYsImV4cCI6MTY3MTExODk2OSwiaWF0IjoxNjcxMTAwOTY5fQ.J5WktXrXjpUn6h59qWZ0kC95zlUOuVsGlp_NAz6h1TNF8nkq1mEgcT5NUa967bfv9nsJjcwAcRY9SmcJ-dxp2A
2022-12-15 11:42:49.993  INFO 15568 --- [http-nio-8085-exec-9] global                                   : >>>>>> inside Token Interceptor...
2022-12-15 11:42:49.993  INFO 15568 --- [http-nio-8085-exec-9] global                                   : URI =/utilisateursRoles
2022-12-15 11:42:49.993  INFO 15568 --- [http-nio-8085-exec-9] global                                   : Header (authorization) :Bearer eyJhbGciOiJIUzUxMiJ9.eyJzdWIiOiJqbWVyY2tsaW5nQGRhd2FuLmZyIiwidXNlcl9lbWFpbCI6ImptZXJja2xpbmdAZGF3YW4uZnIiLCJ1c2VyX2lkIjoxNjYsImV4cCI6MTY3MTExODk2OSwiaWF0IjoxNjcxMTAwOTY5fQ.J5WktXrXjpUn6h59qWZ0kC95zlUOuVsGlp_NAz6h1TNF8nkq1mEgcT5NUa967bfv9nsJjcwAcRY9SmcJ-dxp2A
2022-12-15 11:42:51.414  INFO 15568 --- [http-nio-8085-exec-10] global                                   : >>>>>> inside Token Interceptor...
2022-12-15 11:42:51.415  INFO 15568 --- [http-nio-8085-exec-10] global                                   : URI =/centreFormations/0/9/
2022-12-15 11:42:51.415  INFO 15568 --- [http-nio-8085-exec-10] global                                   : Header (authorization) :null
2022-12-15 11:42:51.423  INFO 15568 --- [http-nio-8085-exec-2] global                                   : >>>>>> inside Token Interceptor...
2022-12-15 11:42:51.423  INFO 15568 --- [http-nio-8085-exec-2] global                                   : URI =/centreFormations/0/9/
2022-12-15 11:42:51.424  INFO 15568 --- [http-nio-8085-exec-2] global                                   : Header (authorization) :Bearer eyJhbGciOiJIUzUxMiJ9.eyJzdWIiOiJqbWVyY2tsaW5nQGRhd2FuLmZyIiwidXNlcl9lbWFpbCI6ImptZXJja2xpbmdAZGF3YW4uZnIiLCJ1c2VyX2lkIjoxNjYsImV4cCI6MTY3MTExODk2OSwiaWF0IjoxNjcxMTAwOTY5fQ.J5WktXrXjpUn6h59qWZ0kC95zlUOuVsGlp_NAz6h1TNF8nkq1mEgcT5NUa967bfv9nsJjcwAcRY9SmcJ-dxp2A
2022-12-15 11:43:07.329  INFO 15568 --- [http-nio-8085-exec-1] global                                   : >>>>>> inside Token Interceptor...
2022-12-15 11:43:07.330  INFO 15568 --- [http-nio-8085-exec-1] global                                   : URI =/centreFormations/dg2
2022-12-15 11:43:07.330  INFO 15568 --- [http-nio-8085-exec-1] global                                   : Header (authorization) :null
2022-12-15 11:43:07.336  INFO 15568 --- [http-nio-8085-exec-3] global                                   : >>>>>> inside Token Interceptor...
2022-12-15 11:43:07.336  INFO 15568 --- [http-nio-8085-exec-3] global                                   : URI =/centreFormations/dg2
2022-12-15 11:43:07.336  INFO 15568 --- [http-nio-8085-exec-3] global                                   : Header (authorization) :[object Object]
2022-12-15 11:43:07.337 ERROR 15568 --- [http-nio-8085-exec-3] unknown.jul.logger                       : io.jsonwebtoken.MalformedJwtException: JWT strings must contain exactly 2 period characters. Found: 0
	at io.jsonwebtoken.impl.DefaultJwtParser.parse(DefaultJwtParser.java:235)
	at io.jsonwebtoken.impl.DefaultJwtParser.parse(DefaultJwtParser.java:481)
	at io.jsonwebtoken.impl.DefaultJwtParser.parseClaimsJws(DefaultJwtParser.java:541)
	at fr.dawan.AppliCFABack.tools.JwtTokenUtil.getAllClaimsFromToken(JwtTokenUtil.java:48)
	at fr.dawan.AppliCFABack.tools.JwtTokenUtil.getClaimFromToken(JwtTokenUtil.java:43)
	at fr.dawan.AppliCFABack.tools.JwtTokenUtil.getExpirationDateFromToken(JwtTokenUtil.java:39)
	at fr.dawan.AppliCFABack.tools.JwtTokenUtil.isTokenExpired(JwtTokenUtil.java:52)
	at fr.dawan.AppliCFABack.interceptors.TokenInterceptor.preHandle(TokenInterceptor.java:40)
	at org.springframework.web.servlet.HandlerExecutionChain.applyPreHandle(HandlerExecutionChain.java:141)
	at org.springframework.web.servlet.DispatcherServlet.doDispatch(DispatcherServlet.java:1035)
	at org.springframework.web.servlet.DispatcherServlet.doService(DispatcherServlet.java:943)
	at org.springframework.web.servlet.FrameworkServlet.processRequest(FrameworkServlet.java:1006)
	at org.springframework.web.servlet.FrameworkServlet.doGet(FrameworkServlet.java:898)
	at javax.servlet.http.HttpServlet.service(HttpServlet.java:634)
	at org.springframework.web.servlet.FrameworkServlet.service(FrameworkServlet.java:883)
	at javax.servlet.http.HttpServlet.service(HttpServlet.java:741)
	at org.apache.catalina.core.ApplicationFilterChain.internalDoFilter(ApplicationFilterChain.java:231)
	at org.apache.catalina.core.ApplicationFilterChain.doFilter(ApplicationFilterChain.java:166)
	at org.apache.tomcat.websocket.server.WsFilter.doFilter(WsFilter.java:53)
	at org.apache.catalina.core.ApplicationFilterChain.internalDoFilter(ApplicationFilterChain.java:193)
	at org.apache.catalina.core.ApplicationFilterChain.doFilter(ApplicationFilterChain.java:166)
	at org.springframework.web.servlet.resource.ResourceUrlEncodingFilter.doFilter(ResourceUrlEncodingFilter.java:64)
	at org.apache.catalina.core.ApplicationFilterChain.internalDoFilter(ApplicationFilterChain.java:193)
	at org.apache.catalina.core.ApplicationFilterChain.doFilter(ApplicationFilterChain.java:166)
	at org.springframework.web.filter.RequestContextFilter.doFilterInternal(RequestContextFilter.java:100)
	at org.springframework.web.filter.OncePerRequestFilter.doFilter(OncePerRequestFilter.java:119)
	at org.apache.catalina.core.ApplicationFilterChain.internalDoFilter(ApplicationFilterChain.java:193)
	at org.apache.catalina.core.ApplicationFilterChain.doFilter(ApplicationFilterChain.java:166)
	at org.springframework.web.filter.FormContentFilter.doFilterInternal(FormContentFilter.java:93)
	at org.springframework.web.filter.OncePerRequestFilter.doFilter(OncePerRequestFilter.java:119)
	at org.apache.catalina.core.ApplicationFilterChain.internalDoFilter(ApplicationFilterChain.java:193)
	at org.apache.catalina.core.ApplicationFilterChain.doFilter(ApplicationFilterChain.java:166)
	at org.springframework.boot.actuate.metrics.web.servlet.WebMvcMetricsFilter.doFilterInternal(WebMvcMetricsFilter.java:93)
	at org.springframework.web.filter.OncePerRequestFilter.doFilter(OncePerRequestFilter.java:119)
	at org.apache.catalina.core.ApplicationFilterChain.internalDoFilter(ApplicationFilterChain.java:193)
	at org.apache.catalina.core.ApplicationFilterChain.doFilter(ApplicationFilterChain.java:166)
	at org.springframework.web.filter.CharacterEncodingFilter.doFilterInternal(CharacterEncodingFilter.java:201)
	at org.springframework.web.filter.OncePerRequestFilter.doFilter(OncePerRequestFilter.java:119)
	at org.apache.catalina.core.ApplicationFilterChain.internalDoFilter(ApplicationFilterChain.java:193)
	at org.apache.catalina.core.ApplicationFilterChain.doFilter(ApplicationFilterChain.java:166)
	at org.apache.catalina.core.StandardWrapperValve.invoke(StandardWrapperValve.java:202)
	at org.apache.catalina.core.StandardContextValve.invoke(StandardContextValve.java:96)
	at org.apache.catalina.authenticator.AuthenticatorBase.invoke(AuthenticatorBase.java:541)
	at org.apache.catalina.core.StandardHostValve.invoke(StandardHostValve.java:139)
	at org.apache.catalina.valves.ErrorReportValve.invoke(ErrorReportValve.java:92)
	at org.apache.catalina.core.StandardEngineValve.invoke(StandardEngineValve.java:74)
	at org.apache.catalina.connector.CoyoteAdapter.service(CoyoteAdapter.java:343)
	at org.apache.coyote.http11.Http11Processor.service(Http11Processor.java:373)
	at org.apache.coyote.AbstractProcessorLight.process(AbstractProcessorLight.java:65)
	at org.apache.coyote.AbstractProtocol$ConnectionHandler.process(AbstractProtocol.java:868)
	at org.apache.tomcat.util.net.NioEndpoint$SocketProcessor.doRun(NioEndpoint.java:1590)
	at org.apache.tomcat.util.net.SocketProcessorBase.run(SocketProcessorBase.java:49)
	at java.base/java.util.concurrent.ThreadPoolExecutor.runWorker(ThreadPoolExecutor.java:1136)
	at java.base/java.util.concurrent.ThreadPoolExecutor$Worker.run(ThreadPoolExecutor.java:635)
	at org.apache.tomcat.util.threads.TaskThread$WrappingRunnable.run(TaskThread.java:61)
	at java.base/java.lang.Thread.run(Thread.java:833)

2022-12-15 11:44:06.257  INFO 15568 --- [http-nio-8085-exec-8] global                                   : >>>>>> inside Token Interceptor...
2022-12-15 11:44:06.257  INFO 15568 --- [http-nio-8085-exec-9] global                                   : >>>>>> inside Token Interceptor...
2022-12-15 11:44:06.257  INFO 15568 --- [http-nio-8085-exec-5] global                                   : >>>>>> inside Token Interceptor...
2022-12-15 11:44:06.258  INFO 15568 --- [http-nio-8085-exec-8] global                                   : URI =/utilisateursRoles
2022-12-15 11:44:06.258  INFO 15568 --- [http-nio-8085-exec-9] global                                   : URI =/utilisateurs/count
2022-12-15 11:44:06.258  INFO 15568 --- [http-nio-8085-exec-8] global                                   : Header (authorization) :Bearer eyJhbGciOiJIUzUxMiJ9.eyJzdWIiOiJqbWVyY2tsaW5nQGRhd2FuLmZyIiwidXNlcl9lbWFpbCI6ImptZXJja2xpbmdAZGF3YW4uZnIiLCJ1c2VyX2lkIjoxNjYsImV4cCI6MTY3MTExODk2OSwiaWF0IjoxNjcxMTAwOTY5fQ.J5WktXrXjpUn6h59qWZ0kC95zlUOuVsGlp_NAz6h1TNF8nkq1mEgcT5NUa967bfv9nsJjcwAcRY9SmcJ-dxp2A
2022-12-15 11:44:06.258  INFO 15568 --- [http-nio-8085-exec-5] global                                   : URI =/utilisateurs/0/7
2022-12-15 11:44:06.258  INFO 15568 --- [http-nio-8085-exec-9] global                                   : Header (authorization) :Bearer eyJhbGciOiJIUzUxMiJ9.eyJzdWIiOiJqbWVyY2tsaW5nQGRhd2FuLmZyIiwidXNlcl9lbWFpbCI6ImptZXJja2xpbmdAZGF3YW4uZnIiLCJ1c2VyX2lkIjoxNjYsImV4cCI6MTY3MTExODk2OSwiaWF0IjoxNjcxMTAwOTY5fQ.J5WktXrXjpUn6h59qWZ0kC95zlUOuVsGlp_NAz6h1TNF8nkq1mEgcT5NUa967bfv9nsJjcwAcRY9SmcJ-dxp2A
2022-12-15 11:44:06.258  INFO 15568 --- [http-nio-8085-exec-5] global                                   : Header (authorization) :Bearer eyJhbGciOiJIUzUxMiJ9.eyJzdWIiOiJqbWVyY2tsaW5nQGRhd2FuLmZyIiwidXNlcl9lbWFpbCI6ImptZXJja2xpbmdAZGF3YW4uZnIiLCJ1c2VyX2lkIjoxNjYsImV4cCI6MTY3MTExODk2OSwiaWF0IjoxNjcxMTAwOTY5fQ.J5WktXrXjpUn6h59qWZ0kC95zlUOuVsGlp_NAz6h1TNF8nkq1mEgcT5NUa967bfv9nsJjcwAcRY9SmcJ-dxp2A
2022-12-15 11:44:06.285  INFO 15568 --- [http-nio-8085-exec-7] global                                   : >>>>>> inside Token Interceptor...
2022-12-15 11:44:06.285  INFO 15568 --- [http-nio-8085-exec-7] global                                   : URI =/centreFormations/0/18/
2022-12-15 11:44:06.285  INFO 15568 --- [http-nio-8085-exec-7] global                                   : Header (authorization) :null
2022-12-15 11:44:06.292  INFO 15568 --- [http-nio-8085-exec-10] global                                   : >>>>>> inside Token Interceptor...
2022-12-15 11:44:06.292  INFO 15568 --- [http-nio-8085-exec-10] global                                   : URI =/centreFormations/0/18/
2022-12-15 11:44:06.292  INFO 15568 --- [http-nio-8085-exec-10] global                                   : Header (authorization) :Bearer eyJhbGciOiJIUzUxMiJ9.eyJzdWIiOiJqbWVyY2tsaW5nQGRhd2FuLmZyIiwidXNlcl9lbWFpbCI6ImptZXJja2xpbmdAZGF3YW4uZnIiLCJ1c2VyX2lkIjoxNjYsImV4cCI6MTY3MTExODk2OSwiaWF0IjoxNjcxMTAwOTY5fQ.J5WktXrXjpUn6h59qWZ0kC95zlUOuVsGlp_NAz6h1TNF8nkq1mEgcT5NUa967bfv9nsJjcwAcRY9SmcJ-dxp2A
2022-12-15 11:44:15.184  INFO 15568 --- [http-nio-8085-exec-2] global                                   : >>>>>> inside Token Interceptor...
2022-12-15 11:44:15.184  INFO 15568 --- [http-nio-8085-exec-2] global                                   : URI =/utilisateurs/dg2
2022-12-15 11:44:15.184  INFO 15568 --- [http-nio-8085-exec-2] global                                   : Header (authorization) :null
2022-12-15 11:44:15.186  INFO 15568 --- [http-nio-8085-exec-3] global                                   : >>>>>> inside Token Interceptor...
2022-12-15 11:44:15.186  INFO 15568 --- [http-nio-8085-exec-3] global                                   : URI =/utilisateurs/count
2022-12-15 11:44:15.186  INFO 15568 --- [http-nio-8085-exec-1] global                                   : >>>>>> inside Token Interceptor...
2022-12-15 11:44:15.186  INFO 15568 --- [http-nio-8085-exec-3] global                                   : Header (authorization) :Bearer eyJhbGciOiJIUzUxMiJ9.eyJzdWIiOiJqbWVyY2tsaW5nQGRhd2FuLmZyIiwidXNlcl9lbWFpbCI6ImptZXJja2xpbmdAZGF3YW4uZnIiLCJ1c2VyX2lkIjoxNjYsImV4cCI6MTY3MTExODk2OSwiaWF0IjoxNjcxMTAwOTY5fQ.J5WktXrXjpUn6h59qWZ0kC95zlUOuVsGlp_NAz6h1TNF8nkq1mEgcT5NUa967bfv9nsJjcwAcRY9SmcJ-dxp2A
2022-12-15 11:44:15.186  INFO 15568 --- [http-nio-8085-exec-1] global                                   : URI =/utilisateurs/0/7
2022-12-15 11:44:15.186  INFO 15568 --- [http-nio-8085-exec-1] global                                   : Header (authorization) :Bearer eyJhbGciOiJIUzUxMiJ9.eyJzdWIiOiJqbWVyY2tsaW5nQGRhd2FuLmZyIiwidXNlcl9lbWFpbCI6ImptZXJja2xpbmdAZGF3YW4uZnIiLCJ1c2VyX2lkIjoxNjYsImV4cCI6MTY3MTExODk2OSwiaWF0IjoxNjcxMTAwOTY5fQ.J5WktXrXjpUn6h59qWZ0kC95zlUOuVsGlp_NAz6h1TNF8nkq1mEgcT5NUa967bfv9nsJjcwAcRY9SmcJ-dxp2A
2022-12-15 11:44:15.192  INFO 15568 --- [http-nio-8085-exec-4] global                                   : >>>>>> inside Token Interceptor...
2022-12-15 11:44:15.193  INFO 15568 --- [http-nio-8085-exec-4] global                                   : URI =/utilisateurs/dg2
2022-12-15 11:44:15.193  INFO 15568 --- [http-nio-8085-exec-4] global                                   : Header (authorization) :[object Object]
2022-12-15 11:44:15.195 ERROR 15568 --- [http-nio-8085-exec-4] unknown.jul.logger                       : io.jsonwebtoken.MalformedJwtException: JWT strings must contain exactly 2 period characters. Found: 0
	at io.jsonwebtoken.impl.DefaultJwtParser.parse(DefaultJwtParser.java:235)
	at io.jsonwebtoken.impl.DefaultJwtParser.parse(DefaultJwtParser.java:481)
	at io.jsonwebtoken.impl.DefaultJwtParser.parseClaimsJws(DefaultJwtParser.java:541)
	at fr.dawan.AppliCFABack.tools.JwtTokenUtil.getAllClaimsFromToken(JwtTokenUtil.java:48)
	at fr.dawan.AppliCFABack.tools.JwtTokenUtil.getClaimFromToken(JwtTokenUtil.java:43)
	at fr.dawan.AppliCFABack.tools.JwtTokenUtil.getExpirationDateFromToken(JwtTokenUtil.java:39)
	at fr.dawan.AppliCFABack.tools.JwtTokenUtil.isTokenExpired(JwtTokenUtil.java:52)
	at fr.dawan.AppliCFABack.interceptors.TokenInterceptor.preHandle(TokenInterceptor.java:40)
	at org.springframework.web.servlet.HandlerExecutionChain.applyPreHandle(HandlerExecutionChain.java:141)
	at org.springframework.web.servlet.DispatcherServlet.doDispatch(DispatcherServlet.java:1035)
	at org.springframework.web.servlet.DispatcherServlet.doService(DispatcherServlet.java:943)
	at org.springframework.web.servlet.FrameworkServlet.processRequest(FrameworkServlet.java:1006)
	at org.springframework.web.servlet.FrameworkServlet.doGet(FrameworkServlet.java:898)
	at javax.servlet.http.HttpServlet.service(HttpServlet.java:634)
	at org.springframework.web.servlet.FrameworkServlet.service(FrameworkServlet.java:883)
	at javax.servlet.http.HttpServlet.service(HttpServlet.java:741)
	at org.apache.catalina.core.ApplicationFilterChain.internalDoFilter(ApplicationFilterChain.java:231)
	at org.apache.catalina.core.ApplicationFilterChain.doFilter(ApplicationFilterChain.java:166)
	at org.apache.tomcat.websocket.server.WsFilter.doFilter(WsFilter.java:53)
	at org.apache.catalina.core.ApplicationFilterChain.internalDoFilter(ApplicationFilterChain.java:193)
	at org.apache.catalina.core.ApplicationFilterChain.doFilter(ApplicationFilterChain.java:166)
	at org.springframework.web.servlet.resource.ResourceUrlEncodingFilter.doFilter(ResourceUrlEncodingFilter.java:64)
	at org.apache.catalina.core.ApplicationFilterChain.internalDoFilter(ApplicationFilterChain.java:193)
	at org.apache.catalina.core.ApplicationFilterChain.doFilter(ApplicationFilterChain.java:166)
	at org.springframework.web.filter.RequestContextFilter.doFilterInternal(RequestContextFilter.java:100)
	at org.springframework.web.filter.OncePerRequestFilter.doFilter(OncePerRequestFilter.java:119)
	at org.apache.catalina.core.ApplicationFilterChain.internalDoFilter(ApplicationFilterChain.java:193)
	at org.apache.catalina.core.ApplicationFilterChain.doFilter(ApplicationFilterChain.java:166)
	at org.springframework.web.filter.FormContentFilter.doFilterInternal(FormContentFilter.java:93)
	at org.springframework.web.filter.OncePerRequestFilter.doFilter(OncePerRequestFilter.java:119)
	at org.apache.catalina.core.ApplicationFilterChain.internalDoFilter(ApplicationFilterChain.java:193)
	at org.apache.catalina.core.ApplicationFilterChain.doFilter(ApplicationFilterChain.java:166)
	at org.springframework.boot.actuate.metrics.web.servlet.WebMvcMetricsFilter.doFilterInternal(WebMvcMetricsFilter.java:93)
	at org.springframework.web.filter.OncePerRequestFilter.doFilter(OncePerRequestFilter.java:119)
	at org.apache.catalina.core.ApplicationFilterChain.internalDoFilter(ApplicationFilterChain.java:193)
	at org.apache.catalina.core.ApplicationFilterChain.doFilter(ApplicationFilterChain.java:166)
	at org.springframework.web.filter.CharacterEncodingFilter.doFilterInternal(CharacterEncodingFilter.java:201)
	at org.springframework.web.filter.OncePerRequestFilter.doFilter(OncePerRequestFilter.java:119)
	at org.apache.catalina.core.ApplicationFilterChain.internalDoFilter(ApplicationFilterChain.java:193)
	at org.apache.catalina.core.ApplicationFilterChain.doFilter(ApplicationFilterChain.java:166)
	at org.apache.catalina.core.StandardWrapperValve.invoke(StandardWrapperValve.java:202)
	at org.apache.catalina.core.StandardContextValve.invoke(StandardContextValve.java:96)
	at org.apache.catalina.authenticator.AuthenticatorBase.invoke(AuthenticatorBase.java:541)
	at org.apache.catalina.core.StandardHostValve.invoke(StandardHostValve.java:139)
	at org.apache.catalina.valves.ErrorReportValve.invoke(ErrorReportValve.java:92)
	at org.apache.catalina.core.StandardEngineValve.invoke(StandardEngineValve.java:74)
	at org.apache.catalina.connector.CoyoteAdapter.service(CoyoteAdapter.java:343)
	at org.apache.coyote.http11.Http11Processor.service(Http11Processor.java:373)
	at org.apache.coyote.AbstractProcessorLight.process(AbstractProcessorLight.java:65)
	at org.apache.coyote.AbstractProtocol$ConnectionHandler.process(AbstractProtocol.java:868)
	at org.apache.tomcat.util.net.NioEndpoint$SocketProcessor.doRun(NioEndpoint.java:1590)
	at org.apache.tomcat.util.net.SocketProcessorBase.run(SocketProcessorBase.java:49)
	at java.base/java.util.concurrent.ThreadPoolExecutor.runWorker(ThreadPoolExecutor.java:1136)
	at java.base/java.util.concurrent.ThreadPoolExecutor$Worker.run(ThreadPoolExecutor.java:635)
	at org.apache.tomcat.util.threads.TaskThread$WrappingRunnable.run(TaskThread.java:61)
	at java.base/java.lang.Thread.run(Thread.java:833)

2022-12-15 11:44:53.102  INFO 15568 --- [http-nio-8085-exec-6] global                                   : >>>>>> inside Token Interceptor...
2022-12-15 11:44:53.103  INFO 15568 --- [http-nio-8085-exec-6] global                                   : URI =/utilisateurs/dg2
2022-12-15 11:44:53.103  INFO 15568 --- [http-nio-8085-exec-6] global                                   : Header (authorization) :[object Object]
2022-12-15 11:44:53.103  INFO 15568 --- [http-nio-8085-exec-8] global                                   : >>>>>> inside Token Interceptor...
2022-12-15 11:44:53.104  INFO 15568 --- [http-nio-8085-exec-8] global                                   : URI =/utilisateurs/0/7
2022-12-15 11:44:53.104  INFO 15568 --- [http-nio-8085-exec-8] global                                   : Header (authorization) :Bearer eyJhbGciOiJIUzUxMiJ9.eyJzdWIiOiJqbWVyY2tsaW5nQGRhd2FuLmZyIiwidXNlcl9lbWFpbCI6ImptZXJja2xpbmdAZGF3YW4uZnIiLCJ1c2VyX2lkIjoxNjYsImV4cCI6MTY3MTExODk2OSwiaWF0IjoxNjcxMTAwOTY5fQ.J5WktXrXjpUn6h59qWZ0kC95zlUOuVsGlp_NAz6h1TNF8nkq1mEgcT5NUa967bfv9nsJjcwAcRY9SmcJ-dxp2A
2022-12-15 11:44:53.104 ERROR 15568 --- [http-nio-8085-exec-6] unknown.jul.logger                       : io.jsonwebtoken.MalformedJwtException: JWT strings must contain exactly 2 period characters. Found: 0
	at io.jsonwebtoken.impl.DefaultJwtParser.parse(DefaultJwtParser.java:235)
	at io.jsonwebtoken.impl.DefaultJwtParser.parse(DefaultJwtParser.java:481)
	at io.jsonwebtoken.impl.DefaultJwtParser.parseClaimsJws(DefaultJwtParser.java:541)
	at fr.dawan.AppliCFABack.tools.JwtTokenUtil.getAllClaimsFromToken(JwtTokenUtil.java:48)
	at fr.dawan.AppliCFABack.tools.JwtTokenUtil.getClaimFromToken(JwtTokenUtil.java:43)
	at fr.dawan.AppliCFABack.tools.JwtTokenUtil.getExpirationDateFromToken(JwtTokenUtil.java:39)
	at fr.dawan.AppliCFABack.tools.JwtTokenUtil.isTokenExpired(JwtTokenUtil.java:52)
	at fr.dawan.AppliCFABack.interceptors.TokenInterceptor.preHandle(TokenInterceptor.java:40)
	at org.springframework.web.servlet.HandlerExecutionChain.applyPreHandle(HandlerExecutionChain.java:141)
	at org.springframework.web.servlet.DispatcherServlet.doDispatch(DispatcherServlet.java:1035)
	at org.springframework.web.servlet.DispatcherServlet.doService(DispatcherServlet.java:943)
	at org.springframework.web.servlet.FrameworkServlet.processRequest(FrameworkServlet.java:1006)
	at org.springframework.web.servlet.FrameworkServlet.doGet(FrameworkServlet.java:898)
	at javax.servlet.http.HttpServlet.service(HttpServlet.java:634)
	at org.springframework.web.servlet.FrameworkServlet.service(FrameworkServlet.java:883)
	at javax.servlet.http.HttpServlet.service(HttpServlet.java:741)
	at org.apache.catalina.core.ApplicationFilterChain.internalDoFilter(ApplicationFilterChain.java:231)
	at org.apache.catalina.core.ApplicationFilterChain.doFilter(ApplicationFilterChain.java:166)
	at org.apache.tomcat.websocket.server.WsFilter.doFilter(WsFilter.java:53)
	at org.apache.catalina.core.ApplicationFilterChain.internalDoFilter(ApplicationFilterChain.java:193)
	at org.apache.catalina.core.ApplicationFilterChain.doFilter(ApplicationFilterChain.java:166)
	at org.springframework.web.servlet.resource.ResourceUrlEncodingFilter.doFilter(ResourceUrlEncodingFilter.java:64)
	at org.apache.catalina.core.ApplicationFilterChain.internalDoFilter(ApplicationFilterChain.java:193)
	at org.apache.catalina.core.ApplicationFilterChain.doFilter(ApplicationFilterChain.java:166)
	at org.springframework.web.filter.RequestContextFilter.doFilterInternal(RequestContextFilter.java:100)
	at org.springframework.web.filter.OncePerRequestFilter.doFilter(OncePerRequestFilter.java:119)
	at org.apache.catalina.core.ApplicationFilterChain.internalDoFilter(ApplicationFilterChain.java:193)
	at org.apache.catalina.core.ApplicationFilterChain.doFilter(ApplicationFilterChain.java:166)
	at org.springframework.web.filter.FormContentFilter.doFilterInternal(FormContentFilter.java:93)
	at org.springframework.web.filter.OncePerRequestFilter.doFilter(OncePerRequestFilter.java:119)
	at org.apache.catalina.core.ApplicationFilterChain.internalDoFilter(ApplicationFilterChain.java:193)
	at org.apache.catalina.core.ApplicationFilterChain.doFilter(ApplicationFilterChain.java:166)
	at org.springframework.boot.actuate.metrics.web.servlet.WebMvcMetricsFilter.doFilterInternal(WebMvcMetricsFilter.java:93)
	at org.springframework.web.filter.OncePerRequestFilter.doFilter(OncePerRequestFilter.java:119)
	at org.apache.catalina.core.ApplicationFilterChain.internalDoFilter(ApplicationFilterChain.java:193)
	at org.apache.catalina.core.ApplicationFilterChain.doFilter(ApplicationFilterChain.java:166)
	at org.springframework.web.filter.CharacterEncodingFilter.doFilterInternal(CharacterEncodingFilter.java:201)
	at org.springframework.web.filter.OncePerRequestFilter.doFilter(OncePerRequestFilter.java:119)
	at org.apache.catalina.core.ApplicationFilterChain.internalDoFilter(ApplicationFilterChain.java:193)
	at org.apache.catalina.core.ApplicationFilterChain.doFilter(ApplicationFilterChain.java:166)
	at org.apache.catalina.core.StandardWrapperValve.invoke(StandardWrapperValve.java:202)
	at org.apache.catalina.core.StandardContextValve.invoke(StandardContextValve.java:96)
	at org.apache.catalina.authenticator.AuthenticatorBase.invoke(AuthenticatorBase.java:541)
	at org.apache.catalina.core.StandardHostValve.invoke(StandardHostValve.java:139)
	at org.apache.catalina.valves.ErrorReportValve.invoke(ErrorReportValve.java:92)
	at org.apache.catalina.core.StandardEngineValve.invoke(StandardEngineValve.java:74)
	at org.apache.catalina.connector.CoyoteAdapter.service(CoyoteAdapter.java:343)
	at org.apache.coyote.http11.Http11Processor.service(Http11Processor.java:373)
	at org.apache.coyote.AbstractProcessorLight.process(AbstractProcessorLight.java:65)
	at org.apache.coyote.AbstractProtocol$ConnectionHandler.process(AbstractProtocol.java:868)
	at org.apache.tomcat.util.net.NioEndpoint$SocketProcessor.doRun(NioEndpoint.java:1590)
	at org.apache.tomcat.util.net.SocketProcessorBase.run(SocketProcessorBase.java:49)
	at java.base/java.util.concurrent.ThreadPoolExecutor.runWorker(ThreadPoolExecutor.java:1136)
	at java.base/java.util.concurrent.ThreadPoolExecutor$Worker.run(ThreadPoolExecutor.java:635)
	at org.apache.tomcat.util.threads.TaskThread$WrappingRunnable.run(TaskThread.java:61)
	at java.base/java.lang.Thread.run(Thread.java:833)

2022-12-15 11:44:53.105  INFO 15568 --- [http-nio-8085-exec-9] global                                   : >>>>>> inside Token Interceptor...
2022-12-15 11:44:53.105  INFO 15568 --- [http-nio-8085-exec-9] global                                   : URI =/utilisateurs/count
2022-12-15 11:44:53.106  INFO 15568 --- [http-nio-8085-exec-9] global                                   : Header (authorization) :Bearer eyJhbGciOiJIUzUxMiJ9.eyJzdWIiOiJqbWVyY2tsaW5nQGRhd2FuLmZyIiwidXNlcl9lbWFpbCI6ImptZXJja2xpbmdAZGF3YW4uZnIiLCJ1c2VyX2lkIjoxNjYsImV4cCI6MTY3MTExODk2OSwiaWF0IjoxNjcxMTAwOTY5fQ.J5WktXrXjpUn6h59qWZ0kC95zlUOuVsGlp_NAz6h1TNF8nkq1mEgcT5NUa967bfv9nsJjcwAcRY9SmcJ-dxp2A
2022-12-15 11:48:27.563  INFO 15568 --- [http-nio-8085-exec-10] global                                   : >>>>>> inside Token Interceptor...
2022-12-15 11:48:27.564  INFO 15568 --- [http-nio-8085-exec-10] global                                   : URI =/centreFormations/0/27/
2022-12-15 11:48:27.564  INFO 15568 --- [http-nio-8085-exec-10] global                                   : Header (authorization) :null
2022-12-15 11:48:27.571  INFO 15568 --- [http-nio-8085-exec-2] global                                   : >>>>>> inside Token Interceptor...
2022-12-15 11:48:27.571  INFO 15568 --- [http-nio-8085-exec-2] global                                   : URI =/centreFormations/0/27/
2022-12-15 11:48:27.571  INFO 15568 --- [http-nio-8085-exec-2] global                                   : Header (authorization) :Bearer eyJhbGciOiJIUzUxMiJ9.eyJzdWIiOiJqbWVyY2tsaW5nQGRhd2FuLmZyIiwidXNlcl9lbWFpbCI6ImptZXJja2xpbmdAZGF3YW4uZnIiLCJ1c2VyX2lkIjoxNjYsImV4cCI6MTY3MTExODk2OSwiaWF0IjoxNjcxMTAwOTY5fQ.J5WktXrXjpUn6h59qWZ0kC95zlUOuVsGlp_NAz6h1TNF8nkq1mEgcT5NUa967bfv9nsJjcwAcRY9SmcJ-dxp2A
2022-12-15 11:48:27.577  INFO 15568 --- [http-nio-8085-exec-3] global                                   : >>>>>> inside Token Interceptor...
2022-12-15 11:48:27.577  INFO 15568 --- [http-nio-8085-exec-3] global                                   : URI =/centreFormations/0/36/
2022-12-15 11:48:27.577  INFO 15568 --- [http-nio-8085-exec-3] global                                   : Header (authorization) :null
2022-12-15 11:48:27.586  INFO 15568 --- [http-nio-8085-exec-4] global                                   : >>>>>> inside Token Interceptor...
2022-12-15 11:48:27.586  INFO 15568 --- [http-nio-8085-exec-4] global                                   : URI =/centreFormations/0/36/
2022-12-15 11:48:27.587  INFO 15568 --- [http-nio-8085-exec-4] global                                   : Header (authorization) :Bearer eyJhbGciOiJIUzUxMiJ9.eyJzdWIiOiJqbWVyY2tsaW5nQGRhd2FuLmZyIiwidXNlcl9lbWFpbCI6ImptZXJja2xpbmdAZGF3YW4uZnIiLCJ1c2VyX2lkIjoxNjYsImV4cCI6MTY3MTExODk2OSwiaWF0IjoxNjcxMTAwOTY5fQ.J5WktXrXjpUn6h59qWZ0kC95zlUOuVsGlp_NAz6h1TNF8nkq1mEgcT5NUa967bfv9nsJjcwAcRY9SmcJ-dxp2A
2022-12-15 11:48:31.112  INFO 15568 --- [http-nio-8085-exec-1] global                                   : >>>>>> inside Token Interceptor...
2022-12-15 11:48:31.113  INFO 15568 --- [http-nio-8085-exec-1] global                                   : URI =/centreFormations/0/9/
2022-12-15 11:48:31.113  INFO 15568 --- [http-nio-8085-exec-1] global                                   : Header (authorization) :Bearer eyJhbGciOiJIUzUxMiJ9.eyJzdWIiOiJqbWVyY2tsaW5nQGRhd2FuLmZyIiwidXNlcl9lbWFpbCI6ImptZXJja2xpbmdAZGF3YW4uZnIiLCJ1c2VyX2lkIjoxNjYsImV4cCI6MTY3MTExODk2OSwiaWF0IjoxNjcxMTAwOTY5fQ.J5WktXrXjpUn6h59qWZ0kC95zlUOuVsGlp_NAz6h1TNF8nkq1mEgcT5NUa967bfv9nsJjcwAcRY9SmcJ-dxp2A
2022-12-15 11:48:31.123  INFO 15568 --- [http-nio-8085-exec-6] global                                   : >>>>>> inside Token Interceptor...
2022-12-15 11:48:31.123  INFO 15568 --- [http-nio-8085-exec-6] global                                   : URI =/centreFormations/0/18/
2022-12-15 11:48:31.123  INFO 15568 --- [http-nio-8085-exec-6] global                                   : Header (authorization) :Bearer eyJhbGciOiJIUzUxMiJ9.eyJzdWIiOiJqbWVyY2tsaW5nQGRhd2FuLmZyIiwidXNlcl9lbWFpbCI6ImptZXJja2xpbmdAZGF3YW4uZnIiLCJ1c2VyX2lkIjoxNjYsImV4cCI6MTY3MTExODk2OSwiaWF0IjoxNjcxMTAwOTY5fQ.J5WktXrXjpUn6h59qWZ0kC95zlUOuVsGlp_NAz6h1TNF8nkq1mEgcT5NUa967bfv9nsJjcwAcRY9SmcJ-dxp2A
2022-12-15 11:48:38.988  INFO 15568 --- [http-nio-8085-exec-9] global                                   : >>>>>> inside Token Interceptor...
2022-12-15 11:48:38.989  INFO 15568 --- [http-nio-8085-exec-9] global                                   : URI =/centreFormations/dg2
2022-12-15 11:48:38.989  INFO 15568 --- [http-nio-8085-exec-9] global                                   : Header (authorization) :Bearer eyJhbGciOiJIUzUxMiJ9.eyJzdWIiOiJqbWVyY2tsaW5nQGRhd2FuLmZyIiwidXNlcl9lbWFpbCI6ImptZXJja2xpbmdAZGF3YW4uZnIiLCJ1c2VyX2lkIjoxNjYsImV4cCI6MTY3MTExODk2OSwiaWF0IjoxNjcxMTAwOTY5fQ.J5WktXrXjpUn6h59qWZ0kC95zlUOuVsGlp_NAz6h1TNF8nkq1mEgcT5NUa967bfv9nsJjcwAcRY9SmcJ-dxp2A
2022-12-15 11:48:39.395  INFO 15568 --- [http-nio-8085-exec-8] global                                   : >>>>>> inside Token Interceptor...
2022-12-15 11:48:39.395  INFO 15568 --- [http-nio-8085-exec-8] global                                   : URI =/centreFormations/0/9/
2022-12-15 11:48:39.395  INFO 15568 --- [http-nio-8085-exec-8] global                                   : Header (authorization) :Bearer eyJhbGciOiJIUzUxMiJ9.eyJzdWIiOiJqbWVyY2tsaW5nQGRhd2FuLmZyIiwidXNlcl9lbWFpbCI6ImptZXJja2xpbmdAZGF3YW4uZnIiLCJ1c2VyX2lkIjoxNjYsImV4cCI6MTY3MTExODk2OSwiaWF0IjoxNjcxMTAwOTY5fQ.J5WktXrXjpUn6h59qWZ0kC95zlUOuVsGlp_NAz6h1TNF8nkq1mEgcT5NUa967bfv9nsJjcwAcRY9SmcJ-dxp2A
2022-12-15 11:48:49.234  INFO 15568 --- [http-nio-8085-exec-7] global                                   : >>>>>> inside Token Interceptor...
2022-12-15 11:48:49.234  INFO 15568 --- [http-nio-8085-exec-5] global                                   : >>>>>> inside Token Interceptor...
2022-12-15 11:48:49.234  INFO 15568 --- [http-nio-8085-exec-7] global                                   : URI =/utilisateurs/count
2022-12-15 11:48:49.235  INFO 15568 --- [http-nio-8085-exec-7] global                                   : Header (authorization) :Bearer eyJhbGciOiJIUzUxMiJ9.eyJzdWIiOiJqbWVyY2tsaW5nQGRhd2FuLmZyIiwidXNlcl9lbWFpbCI6ImptZXJja2xpbmdAZGF3YW4uZnIiLCJ1c2VyX2lkIjoxNjYsImV4cCI6MTY3MTExODk2OSwiaWF0IjoxNjcxMTAwOTY5fQ.J5WktXrXjpUn6h59qWZ0kC95zlUOuVsGlp_NAz6h1TNF8nkq1mEgcT5NUa967bfv9nsJjcwAcRY9SmcJ-dxp2A
2022-12-15 11:48:49.235  INFO 15568 --- [http-nio-8085-exec-5] global                                   : URI =/utilisateurs/0/7
2022-12-15 11:48:49.235  INFO 15568 --- [http-nio-8085-exec-5] global                                   : Header (authorization) :Bearer eyJhbGciOiJIUzUxMiJ9.eyJzdWIiOiJqbWVyY2tsaW5nQGRhd2FuLmZyIiwidXNlcl9lbWFpbCI6ImptZXJja2xpbmdAZGF3YW4uZnIiLCJ1c2VyX2lkIjoxNjYsImV4cCI6MTY3MTExODk2OSwiaWF0IjoxNjcxMTAwOTY5fQ.J5WktXrXjpUn6h59qWZ0kC95zlUOuVsGlp_NAz6h1TNF8nkq1mEgcT5NUa967bfv9nsJjcwAcRY9SmcJ-dxp2A
2022-12-15 11:48:49.237  INFO 15568 --- [http-nio-8085-exec-10] global                                   : >>>>>> inside Token Interceptor...
2022-12-15 11:48:49.237  INFO 15568 --- [http-nio-8085-exec-10] global                                   : URI =/utilisateursRoles
2022-12-15 11:48:49.237  INFO 15568 --- [http-nio-8085-exec-10] global                                   : Header (authorization) :Bearer eyJhbGciOiJIUzUxMiJ9.eyJzdWIiOiJqbWVyY2tsaW5nQGRhd2FuLmZyIiwidXNlcl9lbWFpbCI6ImptZXJja2xpbmdAZGF3YW4uZnIiLCJ1c2VyX2lkIjoxNjYsImV4cCI6MTY3MTExODk2OSwiaWF0IjoxNjcxMTAwOTY5fQ.J5WktXrXjpUn6h59qWZ0kC95zlUOuVsGlp_NAz6h1TNF8nkq1mEgcT5NUa967bfv9nsJjcwAcRY9SmcJ-dxp2A
2022-12-15 11:52:24.162  INFO 15568 --- [http-nio-8085-exec-1] global                                   : >>>>>> inside Token Interceptor...
2022-12-15 11:52:24.162  INFO 15568 --- [http-nio-8085-exec-6] global                                   : >>>>>> inside Token Interceptor...
2022-12-15 11:52:24.162  INFO 15568 --- [http-nio-8085-exec-1] global                                   : URI =/utilisateurs/0/7
2022-12-15 11:52:24.163  INFO 15568 --- [http-nio-8085-exec-6] global                                   : URI =/utilisateurs/count
2022-12-15 11:52:24.163  INFO 15568 --- [http-nio-8085-exec-1] global                                   : Header (authorization) :Bearer eyJhbGciOiJIUzUxMiJ9.eyJzdWIiOiJqbWVyY2tsaW5nQGRhd2FuLmZyIiwidXNlcl9lbWFpbCI6ImptZXJja2xpbmdAZGF3YW4uZnIiLCJ1c2VyX2lkIjoxNjYsImV4cCI6MTY3MTExODk2OSwiaWF0IjoxNjcxMTAwOTY5fQ.J5WktXrXjpUn6h59qWZ0kC95zlUOuVsGlp_NAz6h1TNF8nkq1mEgcT5NUa967bfv9nsJjcwAcRY9SmcJ-dxp2A
2022-12-15 11:52:24.163  INFO 15568 --- [http-nio-8085-exec-6] global                                   : Header (authorization) :Bearer eyJhbGciOiJIUzUxMiJ9.eyJzdWIiOiJqbWVyY2tsaW5nQGRhd2FuLmZyIiwidXNlcl9lbWFpbCI6ImptZXJja2xpbmdAZGF3YW4uZnIiLCJ1c2VyX2lkIjoxNjYsImV4cCI6MTY3MTExODk2OSwiaWF0IjoxNjcxMTAwOTY5fQ.J5WktXrXjpUn6h59qWZ0kC95zlUOuVsGlp_NAz6h1TNF8nkq1mEgcT5NUa967bfv9nsJjcwAcRY9SmcJ-dxp2A
2022-12-15 11:52:24.164  INFO 15568 --- [http-nio-8085-exec-9] global                                   : >>>>>> inside Token Interceptor...
2022-12-15 11:52:24.164  INFO 15568 --- [http-nio-8085-exec-9] global                                   : URI =/utilisateursRoles
2022-12-15 11:52:24.164  INFO 15568 --- [http-nio-8085-exec-9] global                                   : Header (authorization) :Bearer eyJhbGciOiJIUzUxMiJ9.eyJzdWIiOiJqbWVyY2tsaW5nQGRhd2FuLmZyIiwidXNlcl9lbWFpbCI6ImptZXJja2xpbmdAZGF3YW4uZnIiLCJ1c2VyX2lkIjoxNjYsImV4cCI6MTY3MTExODk2OSwiaWF0IjoxNjcxMTAwOTY5fQ.J5WktXrXjpUn6h59qWZ0kC95zlUOuVsGlp_NAz6h1TNF8nkq1mEgcT5NUa967bfv9nsJjcwAcRY9SmcJ-dxp2A
2022-12-15 11:52:45.803  INFO 15568 --- [http-nio-8085-exec-8] global                                   : >>>>>> inside Token Interceptor...
2022-12-15 11:52:45.803  INFO 15568 --- [http-nio-8085-exec-8] global                                   : URI =/centreFormations/0/9/
2022-12-15 11:52:45.803  INFO 15568 --- [http-nio-8085-exec-8] global                                   : Header (authorization) :Bearer eyJhbGciOiJIUzUxMiJ9.eyJzdWIiOiJqbWVyY2tsaW5nQGRhd2FuLmZyIiwidXNlcl9lbWFpbCI6ImptZXJja2xpbmdAZGF3YW4uZnIiLCJ1c2VyX2lkIjoxNjYsImV4cCI6MTY3MTExODk2OSwiaWF0IjoxNjcxMTAwOTY5fQ.J5WktXrXjpUn6h59qWZ0kC95zlUOuVsGlp_NAz6h1TNF8nkq1mEgcT5NUa967bfv9nsJjcwAcRY9SmcJ-dxp2A
2022-12-15 11:52:49.831  INFO 15568 --- [http-nio-8085-exec-7] global                                   : >>>>>> inside Token Interceptor...
2022-12-15 11:52:49.831  INFO 15568 --- [http-nio-8085-exec-7] global                                   : URI =/centreFormations/dg2
2022-12-15 11:52:49.831  INFO 15568 --- [http-nio-8085-exec-7] global                                   : Header (authorization) :null
2022-12-15 11:52:49.837  INFO 15568 --- [http-nio-8085-exec-10] global                                   : >>>>>> inside Token Interceptor...
2022-12-15 11:52:49.837  INFO 15568 --- [http-nio-8085-exec-10] global                                   : URI =/centreFormations/dg2
2022-12-15 11:52:49.837  INFO 15568 --- [http-nio-8085-exec-10] global                                   : Header (authorization) :Bearer eyJhbGciOiJIUzUxMiJ9.eyJzdWIiOiJqbWVyY2tsaW5nQGRhd2FuLmZyIiwidXNlcl9lbWFpbCI6ImptZXJja2xpbmdAZGF3YW4uZnIiLCJ1c2VyX2lkIjoxNjYsImV4cCI6MTY3MTExODk2OSwiaWF0IjoxNjcxMTAwOTY5fQ.J5WktXrXjpUn6h59qWZ0kC95zlUOuVsGlp_NAz6h1TNF8nkq1mEgcT5NUa967bfv9nsJjcwAcRY9SmcJ-dxp2A
2022-12-15 11:52:49.841 ERROR 15568 --- [http-nio-8085-exec-10] unknown.jul.logger                       : java.lang.NullPointerException: Cannot invoke "String.split(String)" because "userDG2" is null
	at fr.dawan.AppliCFABack.controllers.CentreFormationController.fetchAllDG2(CentreFormationController.java:121)
	at java.base/jdk.internal.reflect.NativeMethodAccessorImpl.invoke0(Native Method)
	at java.base/jdk.internal.reflect.NativeMethodAccessorImpl.invoke(NativeMethodAccessorImpl.java:77)
	at java.base/jdk.internal.reflect.DelegatingMethodAccessorImpl.invoke(DelegatingMethodAccessorImpl.java:43)
	at java.base/java.lang.reflect.Method.invoke(Method.java:568)
	at org.springframework.web.method.support.InvocableHandlerMethod.doInvoke(InvocableHandlerMethod.java:190)
	at org.springframework.web.method.support.InvocableHandlerMethod.invokeForRequest(InvocableHandlerMethod.java:138)
	at org.springframework.web.servlet.mvc.method.annotation.ServletInvocableHandlerMethod.invokeAndHandle(ServletInvocableHandlerMethod.java:105)
	at org.springframework.web.servlet.mvc.method.annotation.RequestMappingHandlerAdapter.invokeHandlerMethod(RequestMappingHandlerAdapter.java:879)
	at org.springframework.web.servlet.mvc.method.annotation.RequestMappingHandlerAdapter.handleInternal(RequestMappingHandlerAdapter.java:793)
	at org.springframework.web.servlet.mvc.method.AbstractHandlerMethodAdapter.handle(AbstractHandlerMethodAdapter.java:87)
	at org.springframework.web.servlet.DispatcherServlet.doDispatch(DispatcherServlet.java:1040)
	at org.springframework.web.servlet.DispatcherServlet.doService(DispatcherServlet.java:943)
	at org.springframework.web.servlet.FrameworkServlet.processRequest(FrameworkServlet.java:1006)
	at org.springframework.web.servlet.FrameworkServlet.doGet(FrameworkServlet.java:898)
	at javax.servlet.http.HttpServlet.service(HttpServlet.java:634)
	at org.springframework.web.servlet.FrameworkServlet.service(FrameworkServlet.java:883)
	at javax.servlet.http.HttpServlet.service(HttpServlet.java:741)
	at org.apache.catalina.core.ApplicationFilterChain.internalDoFilter(ApplicationFilterChain.java:231)
	at org.apache.catalina.core.ApplicationFilterChain.doFilter(ApplicationFilterChain.java:166)
	at org.apache.tomcat.websocket.server.WsFilter.doFilter(WsFilter.java:53)
	at org.apache.catalina.core.ApplicationFilterChain.internalDoFilter(ApplicationFilterChain.java:193)
	at org.apache.catalina.core.ApplicationFilterChain.doFilter(ApplicationFilterChain.java:166)
	at org.springframework.web.servlet.resource.ResourceUrlEncodingFilter.doFilter(ResourceUrlEncodingFilter.java:64)
	at org.apache.catalina.core.ApplicationFilterChain.internalDoFilter(ApplicationFilterChain.java:193)
	at org.apache.catalina.core.ApplicationFilterChain.doFilter(ApplicationFilterChain.java:166)
	at org.springframework.web.filter.RequestContextFilter.doFilterInternal(RequestContextFilter.java:100)
	at org.springframework.web.filter.OncePerRequestFilter.doFilter(OncePerRequestFilter.java:119)
	at org.apache.catalina.core.ApplicationFilterChain.internalDoFilter(ApplicationFilterChain.java:193)
	at org.apache.catalina.core.ApplicationFilterChain.doFilter(ApplicationFilterChain.java:166)
	at org.springframework.web.filter.FormContentFilter.doFilterInternal(FormContentFilter.java:93)
	at org.springframework.web.filter.OncePerRequestFilter.doFilter(OncePerRequestFilter.java:119)
	at org.apache.catalina.core.ApplicationFilterChain.internalDoFilter(ApplicationFilterChain.java:193)
	at org.apache.catalina.core.ApplicationFilterChain.doFilter(ApplicationFilterChain.java:166)
	at org.springframework.boot.actuate.metrics.web.servlet.WebMvcMetricsFilter.doFilterInternal(WebMvcMetricsFilter.java:93)
	at org.springframework.web.filter.OncePerRequestFilter.doFilter(OncePerRequestFilter.java:119)
	at org.apache.catalina.core.ApplicationFilterChain.internalDoFilter(ApplicationFilterChain.java:193)
	at org.apache.catalina.core.ApplicationFilterChain.doFilter(ApplicationFilterChain.java:166)
	at org.springframework.web.filter.CharacterEncodingFilter.doFilterInternal(CharacterEncodingFilter.java:201)
	at org.springframework.web.filter.OncePerRequestFilter.doFilter(OncePerRequestFilter.java:119)
	at org.apache.catalina.core.ApplicationFilterChain.internalDoFilter(ApplicationFilterChain.java:193)
	at org.apache.catalina.core.ApplicationFilterChain.doFilter(ApplicationFilterChain.java:166)
	at org.apache.catalina.core.StandardWrapperValve.invoke(StandardWrapperValve.java:202)
	at org.apache.catalina.core.StandardContextValve.invoke(StandardContextValve.java:96)
	at org.apache.catalina.authenticator.AuthenticatorBase.invoke(AuthenticatorBase.java:541)
	at org.apache.catalina.core.StandardHostValve.invoke(StandardHostValve.java:139)
	at org.apache.catalina.valves.ErrorReportValve.invoke(ErrorReportValve.java:92)
	at org.apache.catalina.core.StandardEngineValve.invoke(StandardEngineValve.java:74)
	at org.apache.catalina.connector.CoyoteAdapter.service(CoyoteAdapter.java:343)
	at org.apache.coyote.http11.Http11Processor.service(Http11Processor.java:373)
	at org.apache.coyote.AbstractProcessorLight.process(AbstractProcessorLight.java:65)
	at org.apache.coyote.AbstractProtocol$ConnectionHandler.process(AbstractProtocol.java:868)
	at org.apache.tomcat.util.net.NioEndpoint$SocketProcessor.doRun(NioEndpoint.java:1590)
	at org.apache.tomcat.util.net.SocketProcessorBase.run(SocketProcessorBase.java:49)
	at java.base/java.util.concurrent.ThreadPoolExecutor.runWorker(ThreadPoolExecutor.java:1136)
	at java.base/java.util.concurrent.ThreadPoolExecutor$Worker.run(ThreadPoolExecutor.java:635)
	at org.apache.tomcat.util.threads.TaskThread$WrappingRunnable.run(TaskThread.java:61)
	at java.base/java.lang.Thread.run(Thread.java:833)

2022-12-15 11:55:43.777  INFO 15568 --- [http-nio-8085-exec-2] global                                   : >>>>>> inside Token Interceptor...
2022-12-15 11:55:43.777  INFO 15568 --- [http-nio-8085-exec-2] global                                   : URI =/centreFormations/0/9/
2022-12-15 11:55:43.777  INFO 15568 --- [http-nio-8085-exec-2] global                                   : Header (authorization) :Bearer eyJhbGciOiJIUzUxMiJ9.eyJzdWIiOiJqbWVyY2tsaW5nQGRhd2FuLmZyIiwidXNlcl9lbWFpbCI6ImptZXJja2xpbmdAZGF3YW4uZnIiLCJ1c2VyX2lkIjoxNjYsImV4cCI6MTY3MTExODk2OSwiaWF0IjoxNjcxMTAwOTY5fQ.J5WktXrXjpUn6h59qWZ0kC95zlUOuVsGlp_NAz6h1TNF8nkq1mEgcT5NUa967bfv9nsJjcwAcRY9SmcJ-dxp2A
2022-12-15 11:58:12.047  INFO 15568 --- [http-nio-8085-exec-9] global                                   : >>>>>> inside Token Interceptor...
2022-12-15 11:58:12.049  INFO 15568 --- [http-nio-8085-exec-9] global                                   : URI =/centreFormations/0/9/
2022-12-15 11:58:12.049  INFO 15568 --- [http-nio-8085-exec-9] global                                   : Header (authorization) :Bearer eyJhbGciOiJIUzUxMiJ9.eyJzdWIiOiJqbWVyY2tsaW5nQGRhd2FuLmZyIiwidXNlcl9lbWFpbCI6ImptZXJja2xpbmdAZGF3YW4uZnIiLCJ1c2VyX2lkIjoxNjYsImV4cCI6MTY3MTExODk2OSwiaWF0IjoxNjcxMTAwOTY5fQ.J5WktXrXjpUn6h59qWZ0kC95zlUOuVsGlp_NAz6h1TNF8nkq1mEgcT5NUa967bfv9nsJjcwAcRY9SmcJ-dxp2A
2022-12-15 11:58:18.165  INFO 15568 --- [http-nio-8085-exec-6] global                                   : >>>>>> inside Token Interceptor...
2022-12-15 11:58:18.166  INFO 15568 --- [http-nio-8085-exec-6] global                                   : URI =/centreFormations/dg2
2022-12-15 11:58:18.166  INFO 15568 --- [http-nio-8085-exec-6] global                                   : Header (authorization) :Bearer eyJhbGciOiJIUzUxMiJ9.eyJzdWIiOiJqbWVyY2tsaW5nQGRhd2FuLmZyIiwidXNlcl9lbWFpbCI6ImptZXJja2xpbmdAZGF3YW4uZnIiLCJ1c2VyX2lkIjoxNjYsImV4cCI6MTY3MTExODk2OSwiaWF0IjoxNjcxMTAwOTY5fQ.J5WktXrXjpUn6h59qWZ0kC95zlUOuVsGlp_NAz6h1TNF8nkq1mEgcT5NUa967bfv9nsJjcwAcRY9SmcJ-dxp2A
2022-12-15 11:58:18.169 ERROR 15568 --- [http-nio-8085-exec-6] unknown.jul.logger                       : java.lang.NullPointerException: Cannot invoke "String.split(String)" because "userDG2" is null
	at fr.dawan.AppliCFABack.controllers.CentreFormationController.fetchAllDG2(CentreFormationController.java:121)
	at java.base/jdk.internal.reflect.NativeMethodAccessorImpl.invoke0(Native Method)
	at java.base/jdk.internal.reflect.NativeMethodAccessorImpl.invoke(NativeMethodAccessorImpl.java:77)
	at java.base/jdk.internal.reflect.DelegatingMethodAccessorImpl.invoke(DelegatingMethodAccessorImpl.java:43)
	at java.base/java.lang.reflect.Method.invoke(Method.java:568)
	at org.springframework.web.method.support.InvocableHandlerMethod.doInvoke(InvocableHandlerMethod.java:190)
	at org.springframework.web.method.support.InvocableHandlerMethod.invokeForRequest(InvocableHandlerMethod.java:138)
	at org.springframework.web.servlet.mvc.method.annotation.ServletInvocableHandlerMethod.invokeAndHandle(ServletInvocableHandlerMethod.java:105)
	at org.springframework.web.servlet.mvc.method.annotation.RequestMappingHandlerAdapter.invokeHandlerMethod(RequestMappingHandlerAdapter.java:879)
	at org.springframework.web.servlet.mvc.method.annotation.RequestMappingHandlerAdapter.handleInternal(RequestMappingHandlerAdapter.java:793)
	at org.springframework.web.servlet.mvc.method.AbstractHandlerMethodAdapter.handle(AbstractHandlerMethodAdapter.java:87)
	at org.springframework.web.servlet.DispatcherServlet.doDispatch(DispatcherServlet.java:1040)
	at org.springframework.web.servlet.DispatcherServlet.doService(DispatcherServlet.java:943)
	at org.springframework.web.servlet.FrameworkServlet.processRequest(FrameworkServlet.java:1006)
	at org.springframework.web.servlet.FrameworkServlet.doGet(FrameworkServlet.java:898)
	at javax.servlet.http.HttpServlet.service(HttpServlet.java:634)
	at org.springframework.web.servlet.FrameworkServlet.service(FrameworkServlet.java:883)
	at javax.servlet.http.HttpServlet.service(HttpServlet.java:741)
	at org.apache.catalina.core.ApplicationFilterChain.internalDoFilter(ApplicationFilterChain.java:231)
	at org.apache.catalina.core.ApplicationFilterChain.doFilter(ApplicationFilterChain.java:166)
	at org.apache.tomcat.websocket.server.WsFilter.doFilter(WsFilter.java:53)
	at org.apache.catalina.core.ApplicationFilterChain.internalDoFilter(ApplicationFilterChain.java:193)
	at org.apache.catalina.core.ApplicationFilterChain.doFilter(ApplicationFilterChain.java:166)
	at org.springframework.web.servlet.resource.ResourceUrlEncodingFilter.doFilter(ResourceUrlEncodingFilter.java:64)
	at org.apache.catalina.core.ApplicationFilterChain.internalDoFilter(ApplicationFilterChain.java:193)
	at org.apache.catalina.core.ApplicationFilterChain.doFilter(ApplicationFilterChain.java:166)
	at org.springframework.web.filter.RequestContextFilter.doFilterInternal(RequestContextFilter.java:100)
	at org.springframework.web.filter.OncePerRequestFilter.doFilter(OncePerRequestFilter.java:119)
	at org.apache.catalina.core.ApplicationFilterChain.internalDoFilter(ApplicationFilterChain.java:193)
	at org.apache.catalina.core.ApplicationFilterChain.doFilter(ApplicationFilterChain.java:166)
	at org.springframework.web.filter.FormContentFilter.doFilterInternal(FormContentFilter.java:93)
	at org.springframework.web.filter.OncePerRequestFilter.doFilter(OncePerRequestFilter.java:119)
	at org.apache.catalina.core.ApplicationFilterChain.internalDoFilter(ApplicationFilterChain.java:193)
	at org.apache.catalina.core.ApplicationFilterChain.doFilter(ApplicationFilterChain.java:166)
	at org.springframework.boot.actuate.metrics.web.servlet.WebMvcMetricsFilter.doFilterInternal(WebMvcMetricsFilter.java:93)
	at org.springframework.web.filter.OncePerRequestFilter.doFilter(OncePerRequestFilter.java:119)
	at org.apache.catalina.core.ApplicationFilterChain.internalDoFilter(ApplicationFilterChain.java:193)
	at org.apache.catalina.core.ApplicationFilterChain.doFilter(ApplicationFilterChain.java:166)
	at org.springframework.web.filter.CharacterEncodingFilter.doFilterInternal(CharacterEncodingFilter.java:201)
	at org.springframework.web.filter.OncePerRequestFilter.doFilter(OncePerRequestFilter.java:119)
	at org.apache.catalina.core.ApplicationFilterChain.internalDoFilter(ApplicationFilterChain.java:193)
	at org.apache.catalina.core.ApplicationFilterChain.doFilter(ApplicationFilterChain.java:166)
	at org.apache.catalina.core.StandardWrapperValve.invoke(StandardWrapperValve.java:202)
	at org.apache.catalina.core.StandardContextValve.invoke(StandardContextValve.java:96)
	at org.apache.catalina.authenticator.AuthenticatorBase.invoke(AuthenticatorBase.java:541)
	at org.apache.catalina.core.StandardHostValve.invoke(StandardHostValve.java:139)
	at org.apache.catalina.valves.ErrorReportValve.invoke(ErrorReportValve.java:92)
	at org.apache.catalina.core.StandardEngineValve.invoke(StandardEngineValve.java:74)
	at org.apache.catalina.connector.CoyoteAdapter.service(CoyoteAdapter.java:343)
	at org.apache.coyote.http11.Http11Processor.service(Http11Processor.java:373)
	at org.apache.coyote.AbstractProcessorLight.process(AbstractProcessorLight.java:65)
	at org.apache.coyote.AbstractProtocol$ConnectionHandler.process(AbstractProtocol.java:868)
	at org.apache.tomcat.util.net.NioEndpoint$SocketProcessor.doRun(NioEndpoint.java:1590)
	at org.apache.tomcat.util.net.SocketProcessorBase.run(SocketProcessorBase.java:49)
	at java.base/java.util.concurrent.ThreadPoolExecutor.runWorker(ThreadPoolExecutor.java:1136)
	at java.base/java.util.concurrent.ThreadPoolExecutor$Worker.run(ThreadPoolExecutor.java:635)
	at org.apache.tomcat.util.threads.TaskThread$WrappingRunnable.run(TaskThread.java:61)
	at java.base/java.lang.Thread.run(Thread.java:833)

2022-12-15 11:59:34.848  INFO 15568 --- [http-nio-8085-exec-1] global                                   : >>>>>> inside Token Interceptor...
2022-12-15 11:59:34.848  INFO 15568 --- [http-nio-8085-exec-1] global                                   : URI =/centreFormations/0/9/
2022-12-15 11:59:34.848  INFO 15568 --- [http-nio-8085-exec-1] global                                   : Header (authorization) :Bearer eyJhbGciOiJIUzUxMiJ9.eyJzdWIiOiJqbWVyY2tsaW5nQGRhd2FuLmZyIiwidXNlcl9lbWFpbCI6ImptZXJja2xpbmdAZGF3YW4uZnIiLCJ1c2VyX2lkIjoxNjYsImV4cCI6MTY3MTExODk2OSwiaWF0IjoxNjcxMTAwOTY5fQ.J5WktXrXjpUn6h59qWZ0kC95zlUOuVsGlp_NAz6h1TNF8nkq1mEgcT5NUa967bfv9nsJjcwAcRY9SmcJ-dxp2A
2022-12-15 11:59:44.823  INFO 15568 --- [http-nio-8085-exec-8] global                                   : >>>>>> inside Token Interceptor...
2022-12-15 11:59:44.823  INFO 15568 --- [http-nio-8085-exec-8] global                                   : URI =/centreFormations/dg2
2022-12-15 11:59:44.823  INFO 15568 --- [http-nio-8085-exec-8] global                                   : Header (authorization) :null
2022-12-15 11:59:44.824 ERROR 15568 --- [http-nio-8085-exec-8] unknown.jul.logger                       : fr.dawan.AppliCFABack.interceptors.TokenException: Erreur : jeton absent ou invalide !
	at fr.dawan.AppliCFABack.interceptors.TokenInterceptor.preHandle(TokenInterceptor.java:35)
	at org.springframework.web.servlet.HandlerExecutionChain.applyPreHandle(HandlerExecutionChain.java:141)
	at org.springframework.web.servlet.DispatcherServlet.doDispatch(DispatcherServlet.java:1035)
	at org.springframework.web.servlet.DispatcherServlet.doService(DispatcherServlet.java:943)
	at org.springframework.web.servlet.FrameworkServlet.processRequest(FrameworkServlet.java:1006)
	at org.springframework.web.servlet.FrameworkServlet.doGet(FrameworkServlet.java:898)
	at javax.servlet.http.HttpServlet.service(HttpServlet.java:634)
	at org.springframework.web.servlet.FrameworkServlet.service(FrameworkServlet.java:883)
	at javax.servlet.http.HttpServlet.service(HttpServlet.java:741)
	at org.apache.catalina.core.ApplicationFilterChain.internalDoFilter(ApplicationFilterChain.java:231)
	at org.apache.catalina.core.ApplicationFilterChain.doFilter(ApplicationFilterChain.java:166)
	at org.apache.tomcat.websocket.server.WsFilter.doFilter(WsFilter.java:53)
	at org.apache.catalina.core.ApplicationFilterChain.internalDoFilter(ApplicationFilterChain.java:193)
	at org.apache.catalina.core.ApplicationFilterChain.doFilter(ApplicationFilterChain.java:166)
	at org.springframework.web.servlet.resource.ResourceUrlEncodingFilter.doFilter(ResourceUrlEncodingFilter.java:64)
	at org.apache.catalina.core.ApplicationFilterChain.internalDoFilter(ApplicationFilterChain.java:193)
	at org.apache.catalina.core.ApplicationFilterChain.doFilter(ApplicationFilterChain.java:166)
	at org.springframework.web.filter.RequestContextFilter.doFilterInternal(RequestContextFilter.java:100)
	at org.springframework.web.filter.OncePerRequestFilter.doFilter(OncePerRequestFilter.java:119)
	at org.apache.catalina.core.ApplicationFilterChain.internalDoFilter(ApplicationFilterChain.java:193)
	at org.apache.catalina.core.ApplicationFilterChain.doFilter(ApplicationFilterChain.java:166)
	at org.springframework.web.filter.FormContentFilter.doFilterInternal(FormContentFilter.java:93)
	at org.springframework.web.filter.OncePerRequestFilter.doFilter(OncePerRequestFilter.java:119)
	at org.apache.catalina.core.ApplicationFilterChain.internalDoFilter(ApplicationFilterChain.java:193)
	at org.apache.catalina.core.ApplicationFilterChain.doFilter(ApplicationFilterChain.java:166)
	at org.springframework.boot.actuate.metrics.web.servlet.WebMvcMetricsFilter.doFilterInternal(WebMvcMetricsFilter.java:93)
	at org.springframework.web.filter.OncePerRequestFilter.doFilter(OncePerRequestFilter.java:119)
	at org.apache.catalina.core.ApplicationFilterChain.internalDoFilter(ApplicationFilterChain.java:193)
	at org.apache.catalina.core.ApplicationFilterChain.doFilter(ApplicationFilterChain.java:166)
	at org.springframework.web.filter.CharacterEncodingFilter.doFilterInternal(CharacterEncodingFilter.java:201)
	at org.springframework.web.filter.OncePerRequestFilter.doFilter(OncePerRequestFilter.java:119)
	at org.apache.catalina.core.ApplicationFilterChain.internalDoFilter(ApplicationFilterChain.java:193)
	at org.apache.catalina.core.ApplicationFilterChain.doFilter(ApplicationFilterChain.java:166)
	at org.apache.catalina.core.StandardWrapperValve.invoke(StandardWrapperValve.java:202)
	at org.apache.catalina.core.StandardContextValve.invoke(StandardContextValve.java:96)
	at org.apache.catalina.authenticator.AuthenticatorBase.invoke(AuthenticatorBase.java:541)
	at org.apache.catalina.core.StandardHostValve.invoke(StandardHostValve.java:139)
	at org.apache.catalina.valves.ErrorReportValve.invoke(ErrorReportValve.java:92)
	at org.apache.catalina.core.StandardEngineValve.invoke(StandardEngineValve.java:74)
	at org.apache.catalina.connector.CoyoteAdapter.service(CoyoteAdapter.java:343)
	at org.apache.coyote.http11.Http11Processor.service(Http11Processor.java:373)
	at org.apache.coyote.AbstractProcessorLight.process(AbstractProcessorLight.java:65)
	at org.apache.coyote.AbstractProtocol$ConnectionHandler.process(AbstractProtocol.java:868)
	at org.apache.tomcat.util.net.NioEndpoint$SocketProcessor.doRun(NioEndpoint.java:1590)
	at org.apache.tomcat.util.net.SocketProcessorBase.run(SocketProcessorBase.java:49)
	at java.base/java.util.concurrent.ThreadPoolExecutor.runWorker(ThreadPoolExecutor.java:1136)
	at java.base/java.util.concurrent.ThreadPoolExecutor$Worker.run(ThreadPoolExecutor.java:635)
	at org.apache.tomcat.util.threads.TaskThread$WrappingRunnable.run(TaskThread.java:61)
	at java.base/java.lang.Thread.run(Thread.java:833)

2022-12-15 12:00:55.437  INFO 15568 --- [http-nio-8085-exec-10] global                                   : >>>>>> inside Token Interceptor...
2022-12-15 12:00:55.438  INFO 15568 --- [http-nio-8085-exec-10] global                                   : URI =/centreFormations/0/9/
2022-12-15 12:00:55.438  INFO 15568 --- [http-nio-8085-exec-10] global                                   : Header (authorization) :Bearer eyJhbGciOiJIUzUxMiJ9.eyJzdWIiOiJqbWVyY2tsaW5nQGRhd2FuLmZyIiwidXNlcl9lbWFpbCI6ImptZXJja2xpbmdAZGF3YW4uZnIiLCJ1c2VyX2lkIjoxNjYsImV4cCI6MTY3MTExODk2OSwiaWF0IjoxNjcxMTAwOTY5fQ.J5WktXrXjpUn6h59qWZ0kC95zlUOuVsGlp_NAz6h1TNF8nkq1mEgcT5NUa967bfv9nsJjcwAcRY9SmcJ-dxp2A
2022-12-15 12:01:08.669  INFO 15568 --- [http-nio-8085-exec-4] global                                   : >>>>>> inside Token Interceptor...
2022-12-15 12:01:08.670  INFO 15568 --- [http-nio-8085-exec-4] global                                   : URI =/centreFormations/dg2
2022-12-15 12:01:08.670  INFO 15568 --- [http-nio-8085-exec-4] global                                   : Header (authorization) :null
2022-12-15 12:01:08.674  INFO 15568 --- [http-nio-8085-exec-5] global                                   : >>>>>> inside Token Interceptor...
2022-12-15 12:01:08.674  INFO 15568 --- [http-nio-8085-exec-5] global                                   : URI =/centreFormations/dg2
2022-12-15 12:01:08.674  INFO 15568 --- [http-nio-8085-exec-5] global                                   : Header (authorization) :Bearer eyJhbGciOiJIUzUxMiJ9.eyJzdWIiOiJqbWVyY2tsaW5nQGRhd2FuLmZyIiwidXNlcl9lbWFpbCI6ImptZXJja2xpbmdAZGF3YW4uZnIiLCJ1c2VyX2lkIjoxNjYsImV4cCI6MTY3MTExODk2OSwiaWF0IjoxNjcxMTAwOTY5fQ.J5WktXrXjpUn6h59qWZ0kC95zlUOuVsGlp_NAz6h1TNF8nkq1mEgcT5NUa967bfv9nsJjcwAcRY9SmcJ-dxp2A
2022-12-15 12:01:09.128  INFO 15568 --- [http-nio-8085-exec-2] global                                   : >>>>>> inside Token Interceptor...
2022-12-15 12:01:09.128  INFO 15568 --- [http-nio-8085-exec-2] global                                   : URI =/centreFormations/0/9/
2022-12-15 12:01:09.128  INFO 15568 --- [http-nio-8085-exec-2] global                                   : Header (authorization) :Bearer eyJhbGciOiJIUzUxMiJ9.eyJzdWIiOiJqbWVyY2tsaW5nQGRhd2FuLmZyIiwidXNlcl9lbWFpbCI6ImptZXJja2xpbmdAZGF3YW4uZnIiLCJ1c2VyX2lkIjoxNjYsImV4cCI6MTY3MTExODk2OSwiaWF0IjoxNjcxMTAwOTY5fQ.J5WktXrXjpUn6h59qWZ0kC95zlUOuVsGlp_NAz6h1TNF8nkq1mEgcT5NUa967bfv9nsJjcwAcRY9SmcJ-dxp2A
2022-12-15 12:54:03.406  INFO 15568 --- [RMI TCP Connection(89)-127.0.0.1] inMXBeanRegistrar$SpringApplicationAdmin : Application shutdown requested.
2022-12-15 12:54:03.476  INFO 15568 --- [RMI TCP Connection(89)-127.0.0.1] j.LocalContainerEntityManagerFactoryBean : Closing JPA EntityManagerFactory for persistence unit 'default'
2022-12-15 12:54:03.483  INFO 15568 --- [RMI TCP Connection(89)-127.0.0.1] o.s.s.concurrent.ThreadPoolTaskExecutor  : Shutting down ExecutorService 'applicationTaskExecutor'
2022-12-15 12:54:03.483  INFO 15568 --- [RMI TCP Connection(89)-127.0.0.1] com.zaxxer.hikari.HikariDataSource       : HikariPool-1 - Shutdown initiated...
2022-12-15 12:54:03.486  INFO 15568 --- [RMI TCP Connection(89)-127.0.0.1] com.zaxxer.hikari.HikariDataSource       : HikariPool-1 - Shutdown completed.
2022-12-15 12:54:05.784  INFO 4932 --- [main] f.d.A.AppliCfaBackApplication            : Starting AppliCfaBackApplication on PG77700-BJLMHX2 with PID 4932 (C:\Users\Admin stagiaire.DESKTOP-8967908\Desktop\cfa-portal-api\target\classes started by Admin stagiaire in C:\Users\Admin stagiaire.DESKTOP-8967908\Desktop\cfa-portal-api)
2022-12-15 12:54:05.787  INFO 4932 --- [main] f.d.A.AppliCfaBackApplication            : No active profile set, falling back to default profiles: default
2022-12-15 12:54:06.775  INFO 4932 --- [main] .s.d.r.c.RepositoryConfigurationDelegate : Bootstrapping Spring Data JPA repositories in DEFERRED mode.
2022-12-15 12:54:06.966  INFO 4932 --- [main] .s.d.r.c.RepositoryConfigurationDelegate : Finished Spring Data repository scanning in 182ms. Found 36 JPA repository interfaces.
2022-12-15 12:54:07.427  INFO 4932 --- [main] o.s.b.w.embedded.tomcat.TomcatWebServer  : Tomcat initialized with port(s): 8085 (http)
2022-12-15 12:54:07.434  INFO 4932 --- [main] o.apache.catalina.core.StandardService   : Starting service [Tomcat]
2022-12-15 12:54:07.434  INFO 4932 --- [main] org.apache.catalina.core.StandardEngine  : Starting Servlet engine: [Apache Tomcat/9.0.36]
2022-12-15 12:54:07.584  INFO 4932 --- [main] o.a.c.c.C.[Tomcat].[localhost].[/]       : Initializing Spring embedded WebApplicationContext
2022-12-15 12:54:07.584  INFO 4932 --- [main] w.s.c.ServletWebServerApplicationContext : Root WebApplicationContext: initialization completed in 1766 ms
2022-12-15 12:54:07.784  INFO 4932 --- [main] o.s.s.concurrent.ThreadPoolTaskExecutor  : Initializing ExecutorService 'applicationTaskExecutor'
2022-12-15 12:54:07.855  INFO 4932 --- [task-1] o.hibernate.jpa.internal.util.LogHelper  : HHH000204: Processing PersistenceUnitInfo [name: default]
2022-12-15 12:54:07.904  INFO 4932 --- [task-1] org.hibernate.Version                    : HHH000412: Hibernate ORM core version 5.4.17.Final
2022-12-15 12:54:08.042  INFO 4932 --- [task-1] o.hibernate.annotations.common.Version   : HCANN000001: Hibernate Commons Annotations {5.1.0.Final}
2022-12-15 12:54:08.141  INFO 4932 --- [task-1] com.zaxxer.hikari.HikariDataSource       : HikariPool-1 - Starting...
2022-12-15 12:54:08.207  INFO 4932 --- [task-1] com.zaxxer.hikari.HikariDataSource       : HikariPool-1 - Start completed.
2022-12-15 12:54:08.221  INFO 4932 --- [task-1] org.hibernate.dialect.Dialect            : HHH000400: Using dialect: org.hibernate.dialect.MariaDBDialect
2022-12-15 12:54:08.389  WARN 4932 --- [main] JpaBaseConfiguration$JpaWebConfiguration : spring.jpa.open-in-view is enabled by default. Therefore, database queries may be performed during view rendering. Explicitly configure spring.jpa.open-in-view to disable this warning
2022-12-15 12:54:09.711  INFO 4932 --- [task-1] o.h.e.t.j.p.i.JtaPlatformInitiator       : HHH000490: Using JtaPlatform implementation: [org.hibernate.engine.transaction.jta.platform.internal.NoJtaPlatform]
2022-12-15 12:54:09.718  INFO 4932 --- [task-1] j.LocalContainerEntityManagerFactoryBean : Initialized JPA EntityManagerFactory for persistence unit 'default'
2022-12-15 12:54:09.827  INFO 4932 --- [main] o.s.b.w.embedded.tomcat.TomcatWebServer  : Tomcat started on port(s): 8085 (http) with context path ''
2022-12-15 12:54:09.885  INFO 4932 --- [main] o.s.b.w.embedded.tomcat.TomcatWebServer  : Tomcat initialized with port(s): 8086 (http)
2022-12-15 12:54:09.886  INFO 4932 --- [main] o.apache.catalina.core.StandardService   : Starting service [Tomcat]
2022-12-15 12:54:09.886  INFO 4932 --- [main] org.apache.catalina.core.StandardEngine  : Starting Servlet engine: [Apache Tomcat/9.0.36]
2022-12-15 12:54:09.924  INFO 4932 --- [main] o.a.c.c.C.[Tomcat-1].[localhost].[/]     : Initializing Spring embedded WebApplicationContext
2022-12-15 12:54:09.925  INFO 4932 --- [main] w.s.c.ServletWebServerApplicationContext : Root WebApplicationContext: initialization completed in 96 ms
2022-12-15 12:54:09.933  INFO 4932 --- [main] o.s.b.a.e.web.EndpointLinksResolver      : Exposing 14 endpoint(s) beneath base path '/actuator'
2022-12-15 12:54:10.149  INFO 4932 --- [main] o.s.b.w.embedded.tomcat.TomcatWebServer  : Tomcat started on port(s): 8086 (http) with context path ''
2022-12-15 12:54:10.150  INFO 4932 --- [main] DeferredRepositoryInitializationListener : Triggering deferred initialization of Spring Data repositories…
2022-12-15 12:54:11.190  INFO 4932 --- [main] DeferredRepositoryInitializationListener : Spring Data repositories initialized!
2022-12-15 12:54:11.193  INFO 4932 --- [main] DeferredRepositoryInitializationListener : Triggering deferred initialization of Spring Data repositories…
2022-12-15 12:54:11.193  INFO 4932 --- [main] DeferredRepositoryInitializationListener : Spring Data repositories initialized!
2022-12-15 12:54:11.206  INFO 4932 --- [main] f.d.A.AppliCfaBackApplication            : Started AppliCfaBackApplication in 5.647 seconds (JVM running for 6.376)
2022-12-15 12:54:11.518  INFO 4932 --- [RMI TCP Connection(3)-127.0.0.1] o.a.c.c.C.[Tomcat].[localhost].[/]       : Initializing Spring DispatcherServlet 'dispatcherServlet'
2022-12-15 12:54:11.518  INFO 4932 --- [RMI TCP Connection(3)-127.0.0.1] o.s.web.servlet.DispatcherServlet        : Initializing Servlet 'dispatcherServlet'
2022-12-15 12:54:11.523  INFO 4932 --- [RMI TCP Connection(3)-127.0.0.1] o.s.web.servlet.DispatcherServlet        : Completed initialization in 5 ms
2022-12-15 13:06:36.436  WARN 4932 --- [HikariPool-1 housekeeper] com.zaxxer.hikari.pool.HikariPool        : HikariPool-1 - Thread starvation or clock leap detected (housekeeper delta=4m54s240ms505µs900ns).
2022-12-15 14:00:33.032  WARN 4932 --- [HikariPool-1 housekeeper] com.zaxxer.hikari.pool.HikariPool        : HikariPool-1 - Thread starvation or clock leap detected (housekeeper delta=53m56s595ms188µs799ns).
2022-12-15 17:24:01.602  INFO 4932 --- [RMI TCP Connection(221)-127.0.0.1] inMXBeanRegistrar$SpringApplicationAdmin : Application shutdown requested.
2022-12-15 17:24:01.760  INFO 4932 --- [RMI TCP Connection(221)-127.0.0.1] j.LocalContainerEntityManagerFactoryBean : Closing JPA EntityManagerFactory for persistence unit 'default'
2022-12-15 17:24:01.774  INFO 4932 --- [RMI TCP Connection(221)-127.0.0.1] o.s.s.concurrent.ThreadPoolTaskExecutor  : Shutting down ExecutorService 'applicationTaskExecutor'
2022-12-15 17:24:01.775  INFO 4932 --- [RMI TCP Connection(221)-127.0.0.1] com.zaxxer.hikari.HikariDataSource       : HikariPool-1 - Shutdown initiated...
2022-12-15 17:24:01.778  INFO 4932 --- [RMI TCP Connection(221)-127.0.0.1] com.zaxxer.hikari.HikariDataSource       : HikariPool-1 - Shutdown completed.
