2022-10-14 08:53:36.367  WARN 17612 --- [HikariPool-1 housekeeper] com.zaxxer.hikari.pool.HikariPool        : HikariPool-1 - Thread starvation or clock leap detected (housekeeper delta=15h23m46s119ms706µs800ns).
2022-10-14 11:38:39.893  WARN 17612 --- [http-nio-8080-exec-4] o.h.e.loading.internal.LoadContexts      : HHH000100: Fail-safe cleanup (collections) : org.hibernate.engine.loading.internal.CollectionLoadContext@7e0d535d<rs=HikariProxyResultSet@410512047 wrapping org.mariadb.jdbc.internal.com.read.resultset.SelectResultSet@4de8ac3a>
2022-10-14 11:38:39.894  WARN 17612 --- [http-nio-8080-exec-4] o.h.e.l.internal.CollectionLoadContext   : HHH000160: On CollectionLoadContext#cleanup, localLoadingCollectionKeys contained [1] entries
2022-10-14 11:38:39.896 ERROR 17612 --- [http-nio-8080-exec-4] unknown.jul.logger                       : org.hibernate.PropertyAccessException: Null value was assigned to a property [class fr.dawan.AppliCFABack.entities.Utilisateur.idDg2] of primitive type setter of fr.dawan.AppliCFABack.entities.Utilisateur.idDg2
	at org.hibernate.property.access.spi.SetterFieldImpl.set(SetterFieldImpl.java:58)
	at org.hibernate.tuple.entity.AbstractEntityTuplizer.setPropertyValues(AbstractEntityTuplizer.java:680)
	at org.hibernate.tuple.entity.PojoEntityTuplizer.setPropertyValues(PojoEntityTuplizer.java:144)
	at org.hibernate.persister.entity.AbstractEntityPersister.setPropertyValues(AbstractEntityPersister.java:5119)
	at org.hibernate.engine.internal.TwoPhaseLoad.doInitializeEntity(TwoPhaseLoad.java:253)
	at org.hibernate.engine.internal.TwoPhaseLoad.initializeEntity(TwoPhaseLoad.java:163)
	at org.hibernate.loader.plan.exec.process.internal.AbstractRowReader.performTwoPhaseLoad(AbstractRowReader.java:255)
	at org.hibernate.loader.plan.exec.process.internal.AbstractRowReader.finishUp(AbstractRowReader.java:215)
	at org.hibernate.loader.plan.exec.process.internal.ResultSetProcessorImpl.extractResults(ResultSetProcessorImpl.java:137)
	at org.hibernate.loader.plan.exec.internal.AbstractLoadPlanBasedLoader.executeLoad(AbstractLoadPlanBasedLoader.java:105)
	at org.hibernate.loader.collection.plan.AbstractLoadPlanBasedCollectionInitializer.initialize(AbstractLoadPlanBasedCollectionInitializer.java:87)
	at org.hibernate.persister.collection.AbstractCollectionPersister.initialize(AbstractCollectionPersister.java:710)
	at org.hibernate.event.internal.DefaultInitializeCollectionEventListener.onInitializeCollection(DefaultInitializeCollectionEventListener.java:76)
	at org.hibernate.event.service.internal.EventListenerGroupImpl.fireEventOnEachListener(EventListenerGroupImpl.java:102)
	at org.hibernate.internal.SessionImpl.initializeCollection(SessionImpl.java:2161)
	at org.hibernate.collection.internal.AbstractPersistentCollection$4.doWork(AbstractPersistentCollection.java:589)
	at org.hibernate.collection.internal.AbstractPersistentCollection.withTemporarySessionIfNeeded(AbstractPersistentCollection.java:264)
	at org.hibernate.collection.internal.AbstractPersistentCollection.initialize(AbstractPersistentCollection.java:585)
	at org.hibernate.collection.internal.AbstractPersistentCollection.forceInitialization(AbstractPersistentCollection.java:777)
	at org.hibernate.engine.internal.StatefulPersistenceContext.initializeNonLazyCollections(StatefulPersistenceContext.java:1002)
	at org.hibernate.engine.internal.StatefulPersistenceContext.initializeNonLazyCollections(StatefulPersistenceContext.java:988)
	at org.hibernate.loader.plan.exec.internal.AbstractLoadPlanBasedLoader.executeLoad(AbstractLoadPlanBasedLoader.java:130)
	at org.hibernate.loader.collection.plan.AbstractLoadPlanBasedCollectionInitializer.initialize(AbstractLoadPlanBasedCollectionInitializer.java:87)
	at org.hibernate.persister.collection.AbstractCollectionPersister.initialize(AbstractCollectionPersister.java:710)
	at org.hibernate.event.internal.DefaultInitializeCollectionEventListener.onInitializeCollection(DefaultInitializeCollectionEventListener.java:76)
	at org.hibernate.event.service.internal.EventListenerGroupImpl.fireEventOnEachListener(EventListenerGroupImpl.java:102)
	at org.hibernate.internal.SessionImpl.initializeCollection(SessionImpl.java:2161)
	at org.hibernate.collection.internal.AbstractPersistentCollection$4.doWork(AbstractPersistentCollection.java:589)
	at org.hibernate.collection.internal.AbstractPersistentCollection.withTemporarySessionIfNeeded(AbstractPersistentCollection.java:264)
	at org.hibernate.collection.internal.AbstractPersistentCollection.initialize(AbstractPersistentCollection.java:585)
	at org.hibernate.collection.internal.AbstractPersistentCollection.read(AbstractPersistentCollection.java:149)
	at org.hibernate.collection.internal.PersistentBag.iterator(PersistentBag.java:387)
	at fr.dawan.AppliCFABack.services.InterventionServiceImpl.getAllByPage(InterventionServiceImpl.java:179)
	at fr.dawan.AppliCFABack.services.InterventionServiceImpl$$FastClassBySpringCGLIB$$3e5ed0ac.invoke(<generated>)
	at org.springframework.cglib.proxy.MethodProxy.invoke(MethodProxy.java:218)
	at org.springframework.aop.framework.CglibAopProxy$CglibMethodInvocation.invokeJoinpoint(CglibAopProxy.java:771)
	at org.springframework.aop.framework.ReflectiveMethodInvocation.proceed(ReflectiveMethodInvocation.java:163)
	at org.springframework.aop.framework.CglibAopProxy$CglibMethodInvocation.proceed(CglibAopProxy.java:749)
	at org.springframework.transaction.interceptor.TransactionAspectSupport.invokeWithinTransaction(TransactionAspectSupport.java:367)
	at org.springframework.transaction.interceptor.TransactionInterceptor.invoke(TransactionInterceptor.java:118)
	at org.springframework.aop.framework.ReflectiveMethodInvocation.proceed(ReflectiveMethodInvocation.java:186)
	at org.springframework.aop.framework.CglibAopProxy$CglibMethodInvocation.proceed(CglibAopProxy.java:749)
	at org.springframework.aop.framework.CglibAopProxy$DynamicAdvisedInterceptor.intercept(CglibAopProxy.java:691)
	at fr.dawan.AppliCFABack.services.InterventionServiceImpl$$EnhancerBySpringCGLIB$$f7b6e051.getAllByPage(<generated>)
	at fr.dawan.AppliCFABack.controllers.InterventionController.getAllByPage(InterventionController.java:71)
	at sun.reflect.NativeMethodAccessorImpl.invoke0(Native Method)
	at sun.reflect.NativeMethodAccessorImpl.invoke(NativeMethodAccessorImpl.java:62)
	at sun.reflect.DelegatingMethodAccessorImpl.invoke(DelegatingMethodAccessorImpl.java:43)
	at java.lang.reflect.Method.invoke(Method.java:498)
	at org.springframework.web.method.support.InvocableHandlerMethod.doInvoke(InvocableHandlerMethod.java:190)
	at org.springframework.web.method.support.InvocableHandlerMethod.invokeForRequest(InvocableHandlerMethod.java:138)
	at org.springframework.web.servlet.mvc.method.annotation.ServletInvocableHandlerMethod.invokeAndHandle(ServletInvocableHandlerMethod.java:105)
	at org.springframework.web.servlet.mvc.method.annotation.RequestMappingHandlerAdapter.invokeHandlerMethod(RequestMappingHandlerAdapter.java:879)
	at org.springframework.web.servlet.mvc.method.annotation.RequestMappingHandlerAdapter.handleInternal(RequestMappingHandlerAdapter.java:793)
	at org.springframework.web.servlet.mvc.method.AbstractHandlerMethodAdapter.handle(AbstractHandlerMethodAdapter.java:87)
	at org.springframework.web.servlet.DispatcherServlet.doDispatch(DispatcherServlet.java:1040)
	at org.springframework.web.servlet.DispatcherServlet.doService(DispatcherServlet.java:943)
	at org.springframework.web.servlet.FrameworkServlet.processRequest(FrameworkServlet.java:1006)
	at org.springframework.web.servlet.FrameworkServlet.doGet(FrameworkServlet.java:898)
	at javax.servlet.http.HttpServlet.service(HttpServlet.java:634)
	at org.springframework.web.servlet.FrameworkServlet.service(FrameworkServlet.java:883)
	at javax.servlet.http.HttpServlet.service(HttpServlet.java:741)
	at org.apache.catalina.core.ApplicationFilterChain.internalDoFilter(ApplicationFilterChain.java:231)
	at org.apache.catalina.core.ApplicationFilterChain.doFilter(ApplicationFilterChain.java:166)
	at org.apache.tomcat.websocket.server.WsFilter.doFilter(WsFilter.java:53)
	at org.apache.catalina.core.ApplicationFilterChain.internalDoFilter(ApplicationFilterChain.java:193)
	at org.apache.catalina.core.ApplicationFilterChain.doFilter(ApplicationFilterChain.java:166)
	at org.springframework.web.servlet.resource.ResourceUrlEncodingFilter.doFilter(ResourceUrlEncodingFilter.java:64)
	at org.apache.catalina.core.ApplicationFilterChain.internalDoFilter(ApplicationFilterChain.java:193)
	at org.apache.catalina.core.ApplicationFilterChain.doFilter(ApplicationFilterChain.java:166)
	at org.springframework.web.filter.RequestContextFilter.doFilterInternal(RequestContextFilter.java:100)
	at org.springframework.web.filter.OncePerRequestFilter.doFilter(OncePerRequestFilter.java:119)
	at org.apache.catalina.core.ApplicationFilterChain.internalDoFilter(ApplicationFilterChain.java:193)
	at org.apache.catalina.core.ApplicationFilterChain.doFilter(ApplicationFilterChain.java:166)
	at org.springframework.web.filter.FormContentFilter.doFilterInternal(FormContentFilter.java:93)
	at org.springframework.web.filter.OncePerRequestFilter.doFilter(OncePerRequestFilter.java:119)
	at org.apache.catalina.core.ApplicationFilterChain.internalDoFilter(ApplicationFilterChain.java:193)
	at org.apache.catalina.core.ApplicationFilterChain.doFilter(ApplicationFilterChain.java:166)
	at org.springframework.boot.actuate.metrics.web.servlet.WebMvcMetricsFilter.doFilterInternal(WebMvcMetricsFilter.java:93)
	at org.springframework.web.filter.OncePerRequestFilter.doFilter(OncePerRequestFilter.java:119)
	at org.apache.catalina.core.ApplicationFilterChain.internalDoFilter(ApplicationFilterChain.java:193)
	at org.apache.catalina.core.ApplicationFilterChain.doFilter(ApplicationFilterChain.java:166)
	at org.springframework.web.filter.CharacterEncodingFilter.doFilterInternal(CharacterEncodingFilter.java:201)
	at org.springframework.web.filter.OncePerRequestFilter.doFilter(OncePerRequestFilter.java:119)
	at org.apache.catalina.core.ApplicationFilterChain.internalDoFilter(ApplicationFilterChain.java:193)
	at org.apache.catalina.core.ApplicationFilterChain.doFilter(ApplicationFilterChain.java:166)
	at org.apache.catalina.core.StandardWrapperValve.invoke(StandardWrapperValve.java:202)
	at org.apache.catalina.core.StandardContextValve.invoke(StandardContextValve.java:96)
	at org.apache.catalina.authenticator.AuthenticatorBase.invoke(AuthenticatorBase.java:541)
	at org.apache.catalina.core.StandardHostValve.invoke(StandardHostValve.java:139)
	at org.apache.catalina.valves.ErrorReportValve.invoke(ErrorReportValve.java:92)
	at org.apache.catalina.core.StandardEngineValve.invoke(StandardEngineValve.java:74)
	at org.apache.catalina.connector.CoyoteAdapter.service(CoyoteAdapter.java:343)
	at org.apache.coyote.http11.Http11Processor.service(Http11Processor.java:373)
	at org.apache.coyote.AbstractProcessorLight.process(AbstractProcessorLight.java:65)
	at org.apache.coyote.AbstractProtocol$ConnectionHandler.process(AbstractProtocol.java:868)
	at org.apache.tomcat.util.net.NioEndpoint$SocketProcessor.doRun(NioEndpoint.java:1590)
	at org.apache.tomcat.util.net.SocketProcessorBase.run(SocketProcessorBase.java:49)
	at java.util.concurrent.ThreadPoolExecutor.runWorker(ThreadPoolExecutor.java:1149)
	at java.util.concurrent.ThreadPoolExecutor$Worker.run(ThreadPoolExecutor.java:624)
	at org.apache.tomcat.util.threads.TaskThread$WrappingRunnable.run(TaskThread.java:61)
	at java.lang.Thread.run(Thread.java:748)
Caused by: java.lang.IllegalArgumentException: Can not set long field fr.dawan.AppliCFABack.entities.Utilisateur.idDg2 to null value
	at sun.reflect.UnsafeFieldAccessorImpl.throwSetIllegalArgumentException(UnsafeFieldAccessorImpl.java:167)
	at sun.reflect.UnsafeFieldAccessorImpl.throwSetIllegalArgumentException(UnsafeFieldAccessorImpl.java:171)
	at sun.reflect.UnsafeLongFieldAccessorImpl.set(UnsafeLongFieldAccessorImpl.java:80)
	at java.lang.reflect.Field.set(Field.java:764)
	at org.hibernate.property.access.spi.SetterFieldImpl.set(SetterFieldImpl.java:52)
	... 101 more

2022-10-14 12:31:25.939  INFO 17612 --- [RMI TCP Connection(666)-127.0.0.1] inMXBeanRegistrar$SpringApplicationAdmin : Application shutdown requested.
2022-10-14 12:31:26.321  INFO 17612 --- [RMI TCP Connection(666)-127.0.0.1] j.LocalContainerEntityManagerFactoryBean : Closing JPA EntityManagerFactory for persistence unit 'default'
2022-10-14 12:31:26.323  INFO 17612 --- [RMI TCP Connection(666)-127.0.0.1] o.s.s.concurrent.ThreadPoolTaskExecutor  : Shutting down ExecutorService 'applicationTaskExecutor'
2022-10-14 12:31:26.324  INFO 17612 --- [RMI TCP Connection(666)-127.0.0.1] com.zaxxer.hikari.HikariDataSource       : HikariPool-1 - Shutdown initiated...
2022-10-14 12:31:26.330  INFO 17612 --- [RMI TCP Connection(666)-127.0.0.1] com.zaxxer.hikari.HikariDataSource       : HikariPool-1 - Shutdown completed.
2022-10-14 12:31:30.595  INFO 22752 --- [main] f.d.A.AppliCfaBackApplication            : Starting AppliCfaBackApplication on P7730-69C6 with PID 22752 (C:\CODE BACK\cfa-portal-api\target\classes started by Admin-Stagiaire in C:\CODE BACK\cfa-portal-api)
2022-10-14 12:31:30.598  INFO 22752 --- [main] f.d.A.AppliCfaBackApplication            : No active profile set, falling back to default profiles: default
2022-10-14 12:31:31.625  INFO 22752 --- [main] .s.d.r.c.RepositoryConfigurationDelegate : Bootstrapping Spring Data JPA repositories in DEFERRED mode.
2022-10-14 12:31:31.828  INFO 22752 --- [main] .s.d.r.c.RepositoryConfigurationDelegate : Finished Spring Data repository scanning in 195ms. Found 35 JPA repository interfaces.
2022-10-14 12:31:32.355  INFO 22752 --- [main] o.s.b.w.embedded.tomcat.TomcatWebServer  : Tomcat initialized with port(s): 8080 (http)
2022-10-14 12:31:32.364  INFO 22752 --- [main] o.apache.catalina.core.StandardService   : Starting service [Tomcat]
2022-10-14 12:31:32.364  INFO 22752 --- [main] org.apache.catalina.core.StandardEngine  : Starting Servlet engine: [Apache Tomcat/9.0.36]
2022-10-14 12:31:32.491  INFO 22752 --- [main] o.a.c.c.C.[Tomcat].[localhost].[/]       : Initializing Spring embedded WebApplicationContext
2022-10-14 12:31:32.491  INFO 22752 --- [main] w.s.c.ServletWebServerApplicationContext : Root WebApplicationContext: initialization completed in 1861 ms
2022-10-14 12:31:32.710  INFO 22752 --- [main] o.s.s.concurrent.ThreadPoolTaskExecutor  : Initializing ExecutorService 'applicationTaskExecutor'
2022-10-14 12:31:32.774  INFO 22752 --- [task-1] o.hibernate.jpa.internal.util.LogHelper  : HHH000204: Processing PersistenceUnitInfo [name: default]
2022-10-14 12:31:32.848  INFO 22752 --- [task-1] org.hibernate.Version                    : HHH000412: Hibernate ORM core version 5.4.17.Final
2022-10-14 12:31:33.038  INFO 22752 --- [task-1] o.hibernate.annotations.common.Version   : HCANN000001: Hibernate Commons Annotations {5.1.0.Final}
2022-10-14 12:31:33.163  INFO 22752 --- [task-1] com.zaxxer.hikari.HikariDataSource       : HikariPool-1 - Starting...
2022-10-14 12:31:33.226  INFO 22752 --- [task-1] com.zaxxer.hikari.HikariDataSource       : HikariPool-1 - Start completed.
2022-10-14 12:31:33.248  INFO 22752 --- [task-1] org.hibernate.dialect.Dialect            : HHH000400: Using dialect: org.hibernate.dialect.MariaDBDialect
2022-10-14 12:31:33.367  WARN 22752 --- [main] JpaBaseConfiguration$JpaWebConfiguration : spring.jpa.open-in-view is enabled by default. Therefore, database queries may be performed during view rendering. Explicitly configure spring.jpa.open-in-view to disable this warning
2022-10-14 12:31:34.831  INFO 22752 --- [task-1] o.h.e.t.j.p.i.JtaPlatformInitiator       : HHH000490: Using JtaPlatform implementation: [org.hibernate.engine.transaction.jta.platform.internal.NoJtaPlatform]
2022-10-14 12:31:34.838  INFO 22752 --- [task-1] j.LocalContainerEntityManagerFactoryBean : Initialized JPA EntityManagerFactory for persistence unit 'default'
2022-10-14 12:31:34.921  INFO 22752 --- [main] o.s.b.w.embedded.tomcat.TomcatWebServer  : Tomcat started on port(s): 8080 (http) with context path ''
2022-10-14 12:31:34.983  INFO 22752 --- [main] o.s.b.w.embedded.tomcat.TomcatWebServer  : Tomcat initialized with port(s): 8086 (http)
2022-10-14 12:31:34.984  INFO 22752 --- [main] o.apache.catalina.core.StandardService   : Starting service [Tomcat]
2022-10-14 12:31:34.984  INFO 22752 --- [main] org.apache.catalina.core.StandardEngine  : Starting Servlet engine: [Apache Tomcat/9.0.36]
2022-10-14 12:31:35.002  INFO 22752 --- [main] o.a.c.c.C.[Tomcat-1].[localhost].[/]     : Initializing Spring embedded WebApplicationContext
2022-10-14 12:31:35.002  INFO 22752 --- [main] w.s.c.ServletWebServerApplicationContext : Root WebApplicationContext: initialization completed in 79 ms
2022-10-14 12:31:35.013  INFO 22752 --- [main] o.s.b.a.e.web.EndpointLinksResolver      : Exposing 14 endpoint(s) beneath base path '/actuator'
2022-10-14 12:31:35.206  INFO 22752 --- [main] o.s.b.w.embedded.tomcat.TomcatWebServer  : Tomcat started on port(s): 8086 (http) with context path ''
2022-10-14 12:31:35.206  INFO 22752 --- [main] DeferredRepositoryInitializationListener : Triggering deferred initialization of Spring Data repositories…
2022-10-14 12:31:36.072  INFO 22752 --- [main] DeferredRepositoryInitializationListener : Spring Data repositories initialized!
2022-10-14 12:31:36.073  INFO 22752 --- [main] DeferredRepositoryInitializationListener : Triggering deferred initialization of Spring Data repositories…
2022-10-14 12:31:36.074  INFO 22752 --- [main] DeferredRepositoryInitializationListener : Spring Data repositories initialized!
2022-10-14 12:31:36.080  INFO 22752 --- [main] f.d.A.AppliCfaBackApplication            : Started AppliCfaBackApplication in 5.766 seconds (JVM running for 6.762)
2022-10-14 12:31:37.002  INFO 22752 --- [RMI TCP Connection(3)-127.0.0.1] o.a.c.c.C.[Tomcat].[localhost].[/]       : Initializing Spring DispatcherServlet 'dispatcherServlet'
2022-10-14 12:31:37.002  INFO 22752 --- [RMI TCP Connection(3)-127.0.0.1] o.s.web.servlet.DispatcherServlet        : Initializing Servlet 'dispatcherServlet'
2022-10-14 12:31:37.007  INFO 22752 --- [RMI TCP Connection(3)-127.0.0.1] o.s.web.servlet.DispatcherServlet        : Completed initialization in 5 ms
2022-10-14 12:43:20.988  INFO 22752 --- [RMI TCP Connection(16)-127.0.0.1] inMXBeanRegistrar$SpringApplicationAdmin : Application shutdown requested.
2022-10-14 12:43:21.326  INFO 22752 --- [RMI TCP Connection(16)-127.0.0.1] j.LocalContainerEntityManagerFactoryBean : Closing JPA EntityManagerFactory for persistence unit 'default'
2022-10-14 12:43:21.327  INFO 22752 --- [RMI TCP Connection(16)-127.0.0.1] o.s.s.concurrent.ThreadPoolTaskExecutor  : Shutting down ExecutorService 'applicationTaskExecutor'
2022-10-14 12:43:21.327  INFO 22752 --- [RMI TCP Connection(16)-127.0.0.1] com.zaxxer.hikari.HikariDataSource       : HikariPool-1 - Shutdown initiated...
2022-10-14 12:43:21.330  INFO 22752 --- [RMI TCP Connection(16)-127.0.0.1] com.zaxxer.hikari.HikariDataSource       : HikariPool-1 - Shutdown completed.
2022-10-14 12:43:25.625  INFO 22924 --- [main] f.d.A.AppliCfaBackApplication            : Starting AppliCfaBackApplication on P7730-69C6 with PID 22924 (C:\CODE BACK\cfa-portal-api\target\classes started by Admin-Stagiaire in C:\CODE BACK\cfa-portal-api)
2022-10-14 12:43:25.627  INFO 22924 --- [main] f.d.A.AppliCfaBackApplication            : No active profile set, falling back to default profiles: default
2022-10-14 12:43:26.581  INFO 22924 --- [main] .s.d.r.c.RepositoryConfigurationDelegate : Bootstrapping Spring Data JPA repositories in DEFERRED mode.
2022-10-14 12:43:26.785  INFO 22924 --- [main] .s.d.r.c.RepositoryConfigurationDelegate : Finished Spring Data repository scanning in 198ms. Found 35 JPA repository interfaces.
2022-10-14 12:43:27.258  INFO 22924 --- [main] o.s.b.w.embedded.tomcat.TomcatWebServer  : Tomcat initialized with port(s): 8080 (http)
2022-10-14 12:43:27.266  INFO 22924 --- [main] o.apache.catalina.core.StandardService   : Starting service [Tomcat]
2022-10-14 12:43:27.266  INFO 22924 --- [main] org.apache.catalina.core.StandardEngine  : Starting Servlet engine: [Apache Tomcat/9.0.36]
2022-10-14 12:43:27.392  INFO 22924 --- [main] o.a.c.c.C.[Tomcat].[localhost].[/]       : Initializing Spring embedded WebApplicationContext
2022-10-14 12:43:27.392  INFO 22924 --- [main] w.s.c.ServletWebServerApplicationContext : Root WebApplicationContext: initialization completed in 1734 ms
2022-10-14 12:43:27.591  INFO 22924 --- [main] o.s.s.concurrent.ThreadPoolTaskExecutor  : Initializing ExecutorService 'applicationTaskExecutor'
2022-10-14 12:43:27.653  INFO 22924 --- [task-1] o.hibernate.jpa.internal.util.LogHelper  : HHH000204: Processing PersistenceUnitInfo [name: default]
2022-10-14 12:43:27.700  INFO 22924 --- [task-1] org.hibernate.Version                    : HHH000412: Hibernate ORM core version 5.4.17.Final
2022-10-14 12:43:27.826  INFO 22924 --- [task-1] o.hibernate.annotations.common.Version   : HCANN000001: Hibernate Commons Annotations {5.1.0.Final}
2022-10-14 12:43:27.918  INFO 22924 --- [task-1] com.zaxxer.hikari.HikariDataSource       : HikariPool-1 - Starting...
2022-10-14 12:43:27.976  INFO 22924 --- [task-1] com.zaxxer.hikari.HikariDataSource       : HikariPool-1 - Start completed.
2022-10-14 12:43:27.995  INFO 22924 --- [task-1] org.hibernate.dialect.Dialect            : HHH000400: Using dialect: org.hibernate.dialect.MariaDBDialect
2022-10-14 12:43:28.162  WARN 22924 --- [main] JpaBaseConfiguration$JpaWebConfiguration : spring.jpa.open-in-view is enabled by default. Therefore, database queries may be performed during view rendering. Explicitly configure spring.jpa.open-in-view to disable this warning
2022-10-14 12:43:29.511  INFO 22924 --- [task-1] o.h.e.t.j.p.i.JtaPlatformInitiator       : HHH000490: Using JtaPlatform implementation: [org.hibernate.engine.transaction.jta.platform.internal.NoJtaPlatform]
2022-10-14 12:43:29.517  INFO 22924 --- [task-1] j.LocalContainerEntityManagerFactoryBean : Initialized JPA EntityManagerFactory for persistence unit 'default'
2022-10-14 12:43:29.548  INFO 22924 --- [RMI TCP Connection(3)-127.0.0.1] o.a.c.c.C.[Tomcat].[localhost].[/]       : Initializing Spring DispatcherServlet 'dispatcherServlet'
2022-10-14 12:43:29.549  INFO 22924 --- [RMI TCP Connection(3)-127.0.0.1] o.s.web.servlet.DispatcherServlet        : Initializing Servlet 'dispatcherServlet'
2022-10-14 12:43:29.555  INFO 22924 --- [RMI TCP Connection(3)-127.0.0.1] o.s.web.servlet.DispatcherServlet        : Completed initialization in 6 ms
2022-10-14 12:43:29.585  INFO 22924 --- [main] o.s.b.w.embedded.tomcat.TomcatWebServer  : Tomcat started on port(s): 8080 (http) with context path ''
2022-10-14 12:43:29.650  INFO 22924 --- [main] o.s.b.w.embedded.tomcat.TomcatWebServer  : Tomcat initialized with port(s): 8086 (http)
2022-10-14 12:43:29.651  INFO 22924 --- [main] o.apache.catalina.core.StandardService   : Starting service [Tomcat]
2022-10-14 12:43:29.651  INFO 22924 --- [main] org.apache.catalina.core.StandardEngine  : Starting Servlet engine: [Apache Tomcat/9.0.36]
2022-10-14 12:43:29.667  INFO 22924 --- [main] o.a.c.c.C.[Tomcat-1].[localhost].[/]     : Initializing Spring embedded WebApplicationContext
2022-10-14 12:43:29.667  INFO 22924 --- [main] w.s.c.ServletWebServerApplicationContext : Root WebApplicationContext: initialization completed in 79 ms
2022-10-14 12:43:29.677  INFO 22924 --- [main] o.s.b.a.e.web.EndpointLinksResolver      : Exposing 14 endpoint(s) beneath base path '/actuator'
2022-10-14 12:43:29.868  INFO 22924 --- [main] o.s.b.w.embedded.tomcat.TomcatWebServer  : Tomcat started on port(s): 8086 (http) with context path ''
2022-10-14 12:43:29.869  INFO 22924 --- [main] DeferredRepositoryInitializationListener : Triggering deferred initialization of Spring Data repositories…
2022-10-14 12:43:30.708  INFO 22924 --- [main] DeferredRepositoryInitializationListener : Spring Data repositories initialized!
2022-10-14 12:43:30.710  INFO 22924 --- [main] DeferredRepositoryInitializationListener : Triggering deferred initialization of Spring Data repositories…
2022-10-14 12:43:30.711  INFO 22924 --- [main] DeferredRepositoryInitializationListener : Spring Data repositories initialized!
2022-10-14 12:43:30.711  INFO 22924 --- [main] f.d.A.AppliCfaBackApplication            : Started AppliCfaBackApplication in 5.326 seconds (JVM running for 6.083)
2022-10-14 12:45:21.313  INFO 22924 --- [RMI TCP Connection(6)-127.0.0.1] inMXBeanRegistrar$SpringApplicationAdmin : Application shutdown requested.
2022-10-14 12:45:21.642  INFO 22924 --- [RMI TCP Connection(6)-127.0.0.1] j.LocalContainerEntityManagerFactoryBean : Closing JPA EntityManagerFactory for persistence unit 'default'
2022-10-14 12:45:21.643  INFO 22924 --- [RMI TCP Connection(6)-127.0.0.1] o.s.s.concurrent.ThreadPoolTaskExecutor  : Shutting down ExecutorService 'applicationTaskExecutor'
2022-10-14 12:45:21.644  INFO 22924 --- [RMI TCP Connection(6)-127.0.0.1] com.zaxxer.hikari.HikariDataSource       : HikariPool-1 - Shutdown initiated...
2022-10-14 12:45:21.648  INFO 22924 --- [RMI TCP Connection(6)-127.0.0.1] com.zaxxer.hikari.HikariDataSource       : HikariPool-1 - Shutdown completed.
2022-10-14 12:45:29.498  INFO 24464 --- [main] f.d.A.AppliCfaBackApplication            : Starting AppliCfaBackApplication on P7730-69C6 with PID 24464 (C:\CODE BACK\cfa-portal-api\target\classes started by Admin-Stagiaire in C:\CODE BACK\cfa-portal-api)
2022-10-14 12:45:29.501  INFO 24464 --- [main] f.d.A.AppliCfaBackApplication            : No active profile set, falling back to default profiles: default
2022-10-14 12:45:30.416  INFO 24464 --- [main] .s.d.r.c.RepositoryConfigurationDelegate : Bootstrapping Spring Data JPA repositories in DEFERRED mode.
2022-10-14 12:45:30.620  INFO 24464 --- [main] .s.d.r.c.RepositoryConfigurationDelegate : Finished Spring Data repository scanning in 198ms. Found 35 JPA repository interfaces.
2022-10-14 12:45:31.111  INFO 24464 --- [main] o.s.b.w.embedded.tomcat.TomcatWebServer  : Tomcat initialized with port(s): 8080 (http)
2022-10-14 12:45:31.153  INFO 24464 --- [main] o.apache.catalina.core.StandardService   : Starting service [Tomcat]
2022-10-14 12:45:31.153  INFO 24464 --- [main] org.apache.catalina.core.StandardEngine  : Starting Servlet engine: [Apache Tomcat/9.0.36]
2022-10-14 12:45:31.238  INFO 24464 --- [main] o.a.c.c.C.[Tomcat].[localhost].[/]       : Initializing Spring embedded WebApplicationContext
2022-10-14 12:45:31.238  INFO 24464 --- [main] w.s.c.ServletWebServerApplicationContext : Root WebApplicationContext: initialization completed in 1680 ms
2022-10-14 12:45:31.437  INFO 24464 --- [main] o.s.s.concurrent.ThreadPoolTaskExecutor  : Initializing ExecutorService 'applicationTaskExecutor'
2022-10-14 12:45:31.499  INFO 24464 --- [task-1] o.hibernate.jpa.internal.util.LogHelper  : HHH000204: Processing PersistenceUnitInfo [name: default]
2022-10-14 12:45:31.549  INFO 24464 --- [task-1] org.hibernate.Version                    : HHH000412: Hibernate ORM core version 5.4.17.Final
2022-10-14 12:45:31.681  INFO 24464 --- [task-1] o.hibernate.annotations.common.Version   : HCANN000001: Hibernate Commons Annotations {5.1.0.Final}
2022-10-14 12:45:31.774  INFO 24464 --- [task-1] com.zaxxer.hikari.HikariDataSource       : HikariPool-1 - Starting...
2022-10-14 12:45:31.822  INFO 24464 --- [task-1] com.zaxxer.hikari.HikariDataSource       : HikariPool-1 - Start completed.
2022-10-14 12:45:31.839  INFO 24464 --- [task-1] org.hibernate.dialect.Dialect            : HHH000400: Using dialect: org.hibernate.dialect.MariaDBDialect
2022-10-14 12:45:32.010  WARN 24464 --- [main] JpaBaseConfiguration$JpaWebConfiguration : spring.jpa.open-in-view is enabled by default. Therefore, database queries may be performed during view rendering. Explicitly configure spring.jpa.open-in-view to disable this warning
2022-10-14 12:45:33.403  INFO 24464 --- [task-1] o.h.e.t.j.p.i.JtaPlatformInitiator       : HHH000490: Using JtaPlatform implementation: [org.hibernate.engine.transaction.jta.platform.internal.NoJtaPlatform]
2022-10-14 12:45:33.410  INFO 24464 --- [task-1] j.LocalContainerEntityManagerFactoryBean : Initialized JPA EntityManagerFactory for persistence unit 'default'
2022-10-14 12:45:33.490  INFO 24464 --- [main] o.s.b.w.embedded.tomcat.TomcatWebServer  : Tomcat started on port(s): 8080 (http) with context path ''
2022-10-14 12:45:33.552  INFO 24464 --- [main] o.s.b.w.embedded.tomcat.TomcatWebServer  : Tomcat initialized with port(s): 8086 (http)
2022-10-14 12:45:33.553  INFO 24464 --- [main] o.apache.catalina.core.StandardService   : Starting service [Tomcat]
2022-10-14 12:45:33.553  INFO 24464 --- [main] org.apache.catalina.core.StandardEngine  : Starting Servlet engine: [Apache Tomcat/9.0.36]
2022-10-14 12:45:33.567  INFO 24464 --- [main] o.a.c.c.C.[Tomcat-1].[localhost].[/]     : Initializing Spring embedded WebApplicationContext
2022-10-14 12:45:33.568  INFO 24464 --- [main] w.s.c.ServletWebServerApplicationContext : Root WebApplicationContext: initialization completed in 75 ms
2022-10-14 12:45:33.577  INFO 24464 --- [main] o.s.b.a.e.web.EndpointLinksResolver      : Exposing 14 endpoint(s) beneath base path '/actuator'
2022-10-14 12:45:33.775  INFO 24464 --- [main] o.s.b.w.embedded.tomcat.TomcatWebServer  : Tomcat started on port(s): 8086 (http) with context path ''
2022-10-14 12:45:33.776  INFO 24464 --- [main] DeferredRepositoryInitializationListener : Triggering deferred initialization of Spring Data repositories…
2022-10-14 12:45:34.631  INFO 24464 --- [main] DeferredRepositoryInitializationListener : Spring Data repositories initialized!
2022-10-14 12:45:34.633  INFO 24464 --- [main] DeferredRepositoryInitializationListener : Triggering deferred initialization of Spring Data repositories…
2022-10-14 12:45:34.633  INFO 24464 --- [main] DeferredRepositoryInitializationListener : Spring Data repositories initialized!
2022-10-14 12:45:34.639  INFO 24464 --- [main] f.d.A.AppliCfaBackApplication            : Started AppliCfaBackApplication in 5.395 seconds (JVM running for 6.121)
2022-10-14 12:45:35.722  INFO 24464 --- [RMI TCP Connection(3)-127.0.0.1] o.a.c.c.C.[Tomcat].[localhost].[/]       : Initializing Spring DispatcherServlet 'dispatcherServlet'
2022-10-14 12:45:35.723  INFO 24464 --- [RMI TCP Connection(3)-127.0.0.1] o.s.web.servlet.DispatcherServlet        : Initializing Servlet 'dispatcherServlet'
2022-10-14 12:45:35.728  INFO 24464 --- [RMI TCP Connection(3)-127.0.0.1] o.s.web.servlet.DispatcherServlet        : Completed initialization in 5 ms
2022-10-14 12:47:45.235  INFO 24464 --- [RMI TCP Connection(8)-127.0.0.1] inMXBeanRegistrar$SpringApplicationAdmin : Application shutdown requested.
2022-10-14 12:47:45.594  INFO 24464 --- [RMI TCP Connection(8)-127.0.0.1] j.LocalContainerEntityManagerFactoryBean : Closing JPA EntityManagerFactory for persistence unit 'default'
2022-10-14 12:47:45.595  INFO 24464 --- [RMI TCP Connection(8)-127.0.0.1] o.s.s.concurrent.ThreadPoolTaskExecutor  : Shutting down ExecutorService 'applicationTaskExecutor'
2022-10-14 12:47:45.595  INFO 24464 --- [RMI TCP Connection(8)-127.0.0.1] com.zaxxer.hikari.HikariDataSource       : HikariPool-1 - Shutdown initiated...
2022-10-14 12:47:45.598  INFO 24464 --- [RMI TCP Connection(8)-127.0.0.1] com.zaxxer.hikari.HikariDataSource       : HikariPool-1 - Shutdown completed.
2022-10-14 12:47:49.525  INFO 15200 --- [main] f.d.A.AppliCfaBackApplication            : Starting AppliCfaBackApplication on P7730-69C6 with PID 15200 (C:\CODE BACK\cfa-portal-api\target\classes started by Admin-Stagiaire in C:\CODE BACK\cfa-portal-api)
2022-10-14 12:47:49.528  INFO 15200 --- [main] f.d.A.AppliCfaBackApplication            : No active profile set, falling back to default profiles: default
2022-10-14 12:47:50.457  INFO 15200 --- [main] .s.d.r.c.RepositoryConfigurationDelegate : Bootstrapping Spring Data JPA repositories in DEFERRED mode.
2022-10-14 12:47:50.662  INFO 15200 --- [main] .s.d.r.c.RepositoryConfigurationDelegate : Finished Spring Data repository scanning in 199ms. Found 35 JPA repository interfaces.
2022-10-14 12:47:51.125  INFO 15200 --- [main] o.s.b.w.embedded.tomcat.TomcatWebServer  : Tomcat initialized with port(s): 8080 (http)
2022-10-14 12:47:51.132  INFO 15200 --- [main] o.apache.catalina.core.StandardService   : Starting service [Tomcat]
2022-10-14 12:47:51.133  INFO 15200 --- [main] org.apache.catalina.core.StandardEngine  : Starting Servlet engine: [Apache Tomcat/9.0.36]
2022-10-14 12:47:51.260  INFO 15200 --- [main] o.a.c.c.C.[Tomcat].[localhost].[/]       : Initializing Spring embedded WebApplicationContext
2022-10-14 12:47:51.260  INFO 15200 --- [main] w.s.c.ServletWebServerApplicationContext : Root WebApplicationContext: initialization completed in 1698 ms
2022-10-14 12:47:51.473  INFO 15200 --- [main] o.s.s.concurrent.ThreadPoolTaskExecutor  : Initializing ExecutorService 'applicationTaskExecutor'
2022-10-14 12:47:51.532  INFO 15200 --- [task-1] o.hibernate.jpa.internal.util.LogHelper  : HHH000204: Processing PersistenceUnitInfo [name: default]
2022-10-14 12:47:51.580  INFO 15200 --- [task-1] org.hibernate.Version                    : HHH000412: Hibernate ORM core version 5.4.17.Final
2022-10-14 12:47:51.704  INFO 15200 --- [task-1] o.hibernate.annotations.common.Version   : HCANN000001: Hibernate Commons Annotations {5.1.0.Final}
2022-10-14 12:47:51.792  INFO 15200 --- [task-1] com.zaxxer.hikari.HikariDataSource       : HikariPool-1 - Starting...
2022-10-14 12:47:51.844  INFO 15200 --- [task-1] com.zaxxer.hikari.HikariDataSource       : HikariPool-1 - Start completed.
2022-10-14 12:47:51.861  INFO 15200 --- [task-1] org.hibernate.dialect.Dialect            : HHH000400: Using dialect: org.hibernate.dialect.MariaDBDialect
2022-10-14 12:47:52.045  WARN 15200 --- [main] JpaBaseConfiguration$JpaWebConfiguration : spring.jpa.open-in-view is enabled by default. Therefore, database queries may be performed during view rendering. Explicitly configure spring.jpa.open-in-view to disable this warning
2022-10-14 12:47:53.446  INFO 15200 --- [task-1] o.h.e.t.j.p.i.JtaPlatformInitiator       : HHH000490: Using JtaPlatform implementation: [org.hibernate.engine.transaction.jta.platform.internal.NoJtaPlatform]
2022-10-14 12:47:53.453  INFO 15200 --- [task-1] j.LocalContainerEntityManagerFactoryBean : Initialized JPA EntityManagerFactory for persistence unit 'default'
2022-10-14 12:47:53.495  INFO 15200 --- [RMI TCP Connection(3)-127.0.0.1] o.a.c.c.C.[Tomcat].[localhost].[/]       : Initializing Spring DispatcherServlet 'dispatcherServlet'
2022-10-14 12:47:53.495  INFO 15200 --- [RMI TCP Connection(3)-127.0.0.1] o.s.web.servlet.DispatcherServlet        : Initializing Servlet 'dispatcherServlet'
2022-10-14 12:47:53.503  INFO 15200 --- [RMI TCP Connection(3)-127.0.0.1] o.s.web.servlet.DispatcherServlet        : Completed initialization in 7 ms
2022-10-14 12:47:53.542  INFO 15200 --- [main] o.s.b.w.embedded.tomcat.TomcatWebServer  : Tomcat started on port(s): 8080 (http) with context path ''
2022-10-14 12:47:53.621  INFO 15200 --- [main] o.s.b.w.embedded.tomcat.TomcatWebServer  : Tomcat initialized with port(s): 8086 (http)
2022-10-14 12:47:53.621  INFO 15200 --- [main] o.apache.catalina.core.StandardService   : Starting service [Tomcat]
2022-10-14 12:47:53.622  INFO 15200 --- [main] org.apache.catalina.core.StandardEngine  : Starting Servlet engine: [Apache Tomcat/9.0.36]
2022-10-14 12:47:53.645  INFO 15200 --- [main] o.a.c.c.C.[Tomcat-1].[localhost].[/]     : Initializing Spring embedded WebApplicationContext
2022-10-14 12:47:53.646  INFO 15200 --- [main] w.s.c.ServletWebServerApplicationContext : Root WebApplicationContext: initialization completed in 101 ms
2022-10-14 12:47:53.660  INFO 15200 --- [main] o.s.b.a.e.web.EndpointLinksResolver      : Exposing 14 endpoint(s) beneath base path '/actuator'
2022-10-14 12:47:53.859  INFO 15200 --- [main] o.s.b.w.embedded.tomcat.TomcatWebServer  : Tomcat started on port(s): 8086 (http) with context path ''
2022-10-14 12:47:53.859  INFO 15200 --- [main] DeferredRepositoryInitializationListener : Triggering deferred initialization of Spring Data repositories…
2022-10-14 12:47:54.782  INFO 15200 --- [main] DeferredRepositoryInitializationListener : Spring Data repositories initialized!
2022-10-14 12:47:54.784  INFO 15200 --- [main] DeferredRepositoryInitializationListener : Triggering deferred initialization of Spring Data repositories…
2022-10-14 12:47:54.784  INFO 15200 --- [main] DeferredRepositoryInitializationListener : Spring Data repositories initialized!
2022-10-14 12:47:54.785  INFO 15200 --- [main] f.d.A.AppliCfaBackApplication            : Started AppliCfaBackApplication in 5.506 seconds (JVM running for 6.27)
2022-10-14 12:48:45.302  INFO 15200 --- [RMI TCP Connection(7)-127.0.0.1] inMXBeanRegistrar$SpringApplicationAdmin : Application shutdown requested.
2022-10-14 12:48:45.660  INFO 15200 --- [RMI TCP Connection(7)-127.0.0.1] j.LocalContainerEntityManagerFactoryBean : Closing JPA EntityManagerFactory for persistence unit 'default'
2022-10-14 12:48:45.661  INFO 15200 --- [RMI TCP Connection(7)-127.0.0.1] o.s.s.concurrent.ThreadPoolTaskExecutor  : Shutting down ExecutorService 'applicationTaskExecutor'
2022-10-14 12:48:45.662  INFO 15200 --- [RMI TCP Connection(7)-127.0.0.1] com.zaxxer.hikari.HikariDataSource       : HikariPool-1 - Shutdown initiated...
2022-10-14 12:48:45.665  INFO 15200 --- [RMI TCP Connection(7)-127.0.0.1] com.zaxxer.hikari.HikariDataSource       : HikariPool-1 - Shutdown completed.
2022-10-14 12:48:49.567  INFO 20416 --- [main] f.d.A.AppliCfaBackApplication            : Starting AppliCfaBackApplication on P7730-69C6 with PID 20416 (C:\CODE BACK\cfa-portal-api\target\classes started by Admin-Stagiaire in C:\CODE BACK\cfa-portal-api)
2022-10-14 12:48:49.570  INFO 20416 --- [main] f.d.A.AppliCfaBackApplication            : No active profile set, falling back to default profiles: default
2022-10-14 12:48:50.485  INFO 20416 --- [main] .s.d.r.c.RepositoryConfigurationDelegate : Bootstrapping Spring Data JPA repositories in DEFERRED mode.
2022-10-14 12:48:50.676  INFO 20416 --- [main] .s.d.r.c.RepositoryConfigurationDelegate : Finished Spring Data repository scanning in 185ms. Found 35 JPA repository interfaces.
2022-10-14 12:48:51.141  INFO 20416 --- [main] o.s.b.w.embedded.tomcat.TomcatWebServer  : Tomcat initialized with port(s): 8080 (http)
2022-10-14 12:48:51.148  INFO 20416 --- [main] o.apache.catalina.core.StandardService   : Starting service [Tomcat]
2022-10-14 12:48:51.148  INFO 20416 --- [main] org.apache.catalina.core.StandardEngine  : Starting Servlet engine: [Apache Tomcat/9.0.36]
2022-10-14 12:48:51.277  INFO 20416 --- [main] o.a.c.c.C.[Tomcat].[localhost].[/]       : Initializing Spring embedded WebApplicationContext
2022-10-14 12:48:51.277  INFO 20416 --- [main] w.s.c.ServletWebServerApplicationContext : Root WebApplicationContext: initialization completed in 1678 ms
2022-10-14 12:48:51.509  INFO 20416 --- [main] o.s.s.concurrent.ThreadPoolTaskExecutor  : Initializing ExecutorService 'applicationTaskExecutor'
2022-10-14 12:48:51.573  INFO 20416 --- [task-1] o.hibernate.jpa.internal.util.LogHelper  : HHH000204: Processing PersistenceUnitInfo [name: default]
2022-10-14 12:48:51.622  INFO 20416 --- [task-1] org.hibernate.Version                    : HHH000412: Hibernate ORM core version 5.4.17.Final
2022-10-14 12:48:51.744  INFO 20416 --- [task-1] o.hibernate.annotations.common.Version   : HCANN000001: Hibernate Commons Annotations {5.1.0.Final}
2022-10-14 12:48:51.837  INFO 20416 --- [task-1] com.zaxxer.hikari.HikariDataSource       : HikariPool-1 - Starting...
2022-10-14 12:48:51.891  INFO 20416 --- [task-1] com.zaxxer.hikari.HikariDataSource       : HikariPool-1 - Start completed.
2022-10-14 12:48:51.909  INFO 20416 --- [task-1] org.hibernate.dialect.Dialect            : HHH000400: Using dialect: org.hibernate.dialect.MariaDBDialect
2022-10-14 12:48:52.064  WARN 20416 --- [main] JpaBaseConfiguration$JpaWebConfiguration : spring.jpa.open-in-view is enabled by default. Therefore, database queries may be performed during view rendering. Explicitly configure spring.jpa.open-in-view to disable this warning
2022-10-14 12:48:53.405  INFO 20416 --- [task-1] o.h.e.t.j.p.i.JtaPlatformInitiator       : HHH000490: Using JtaPlatform implementation: [org.hibernate.engine.transaction.jta.platform.internal.NoJtaPlatform]
2022-10-14 12:48:53.414  INFO 20416 --- [task-1] j.LocalContainerEntityManagerFactoryBean : Initialized JPA EntityManagerFactory for persistence unit 'default'
2022-10-14 12:48:53.494  INFO 20416 --- [RMI TCP Connection(3)-127.0.0.1] o.a.c.c.C.[Tomcat].[localhost].[/]       : Initializing Spring DispatcherServlet 'dispatcherServlet'
2022-10-14 12:48:53.494  INFO 20416 --- [RMI TCP Connection(3)-127.0.0.1] o.s.web.servlet.DispatcherServlet        : Initializing Servlet 'dispatcherServlet'
2022-10-14 12:48:53.494  INFO 20416 --- [main] o.s.b.w.embedded.tomcat.TomcatWebServer  : Tomcat started on port(s): 8080 (http) with context path ''
2022-10-14 12:48:53.500  INFO 20416 --- [RMI TCP Connection(3)-127.0.0.1] o.s.web.servlet.DispatcherServlet        : Completed initialization in 6 ms
2022-10-14 12:48:53.554  INFO 20416 --- [main] o.s.b.w.embedded.tomcat.TomcatWebServer  : Tomcat initialized with port(s): 8086 (http)
2022-10-14 12:48:53.555  INFO 20416 --- [main] o.apache.catalina.core.StandardService   : Starting service [Tomcat]
2022-10-14 12:48:53.555  INFO 20416 --- [main] org.apache.catalina.core.StandardEngine  : Starting Servlet engine: [Apache Tomcat/9.0.36]
2022-10-14 12:48:53.570  INFO 20416 --- [main] o.a.c.c.C.[Tomcat-1].[localhost].[/]     : Initializing Spring embedded WebApplicationContext
2022-10-14 12:48:53.570  INFO 20416 --- [main] w.s.c.ServletWebServerApplicationContext : Root WebApplicationContext: initialization completed in 73 ms
2022-10-14 12:48:53.579  INFO 20416 --- [main] o.s.b.a.e.web.EndpointLinksResolver      : Exposing 14 endpoint(s) beneath base path '/actuator'
2022-10-14 12:48:53.773  INFO 20416 --- [main] o.s.b.w.embedded.tomcat.TomcatWebServer  : Tomcat started on port(s): 8086 (http) with context path ''
2022-10-14 12:48:53.774  INFO 20416 --- [main] DeferredRepositoryInitializationListener : Triggering deferred initialization of Spring Data repositories…
2022-10-14 12:48:54.644  INFO 20416 --- [main] DeferredRepositoryInitializationListener : Spring Data repositories initialized!
2022-10-14 12:48:54.646  INFO 20416 --- [main] DeferredRepositoryInitializationListener : Triggering deferred initialization of Spring Data repositories…
2022-10-14 12:48:54.647  INFO 20416 --- [main] DeferredRepositoryInitializationListener : Spring Data repositories initialized!
2022-10-14 12:48:54.647  INFO 20416 --- [main] f.d.A.AppliCfaBackApplication            : Started AppliCfaBackApplication in 5.313 seconds (JVM running for 6.055)
2022-10-14 12:50:37.655  INFO 20416 --- [RMI TCP Connection(7)-127.0.0.1] inMXBeanRegistrar$SpringApplicationAdmin : Application shutdown requested.
2022-10-14 12:50:38.018  INFO 20416 --- [RMI TCP Connection(7)-127.0.0.1] j.LocalContainerEntityManagerFactoryBean : Closing JPA EntityManagerFactory for persistence unit 'default'
2022-10-14 12:50:38.020  INFO 20416 --- [RMI TCP Connection(7)-127.0.0.1] o.s.s.concurrent.ThreadPoolTaskExecutor  : Shutting down ExecutorService 'applicationTaskExecutor'
2022-10-14 12:50:38.020  INFO 20416 --- [RMI TCP Connection(7)-127.0.0.1] com.zaxxer.hikari.HikariDataSource       : HikariPool-1 - Shutdown initiated...
2022-10-14 12:50:38.023  INFO 20416 --- [RMI TCP Connection(7)-127.0.0.1] com.zaxxer.hikari.HikariDataSource       : HikariPool-1 - Shutdown completed.
2022-10-14 12:50:42.176  INFO 13840 --- [main] f.d.A.AppliCfaBackApplication            : Starting AppliCfaBackApplication on P7730-69C6 with PID 13840 (C:\CODE BACK\cfa-portal-api\target\classes started by Admin-Stagiaire in C:\CODE BACK\cfa-portal-api)
2022-10-14 12:50:42.180  INFO 13840 --- [main] f.d.A.AppliCfaBackApplication            : No active profile set, falling back to default profiles: default
2022-10-14 12:50:43.094  INFO 13840 --- [main] .s.d.r.c.RepositoryConfigurationDelegate : Bootstrapping Spring Data JPA repositories in DEFERRED mode.
2022-10-14 12:50:43.289  INFO 13840 --- [main] .s.d.r.c.RepositoryConfigurationDelegate : Finished Spring Data repository scanning in 189ms. Found 35 JPA repository interfaces.
2022-10-14 12:50:43.760  INFO 13840 --- [main] o.s.b.w.embedded.tomcat.TomcatWebServer  : Tomcat initialized with port(s): 8080 (http)
2022-10-14 12:50:43.768  INFO 13840 --- [main] o.apache.catalina.core.StandardService   : Starting service [Tomcat]
2022-10-14 12:50:43.768  INFO 13840 --- [main] org.apache.catalina.core.StandardEngine  : Starting Servlet engine: [Apache Tomcat/9.0.36]
2022-10-14 12:50:43.891  INFO 13840 --- [main] o.a.c.c.C.[Tomcat].[localhost].[/]       : Initializing Spring embedded WebApplicationContext
2022-10-14 12:50:43.891  INFO 13840 --- [main] w.s.c.ServletWebServerApplicationContext : Root WebApplicationContext: initialization completed in 1681 ms
2022-10-14 12:50:44.093  INFO 13840 --- [main] o.s.s.concurrent.ThreadPoolTaskExecutor  : Initializing ExecutorService 'applicationTaskExecutor'
2022-10-14 12:50:44.151  INFO 13840 --- [task-1] o.hibernate.jpa.internal.util.LogHelper  : HHH000204: Processing PersistenceUnitInfo [name: default]
2022-10-14 12:50:44.195  INFO 13840 --- [task-1] org.hibernate.Version                    : HHH000412: Hibernate ORM core version 5.4.17.Final
2022-10-14 12:50:44.325  INFO 13840 --- [task-1] o.hibernate.annotations.common.Version   : HCANN000001: Hibernate Commons Annotations {5.1.0.Final}
2022-10-14 12:50:44.418  INFO 13840 --- [task-1] com.zaxxer.hikari.HikariDataSource       : HikariPool-1 - Starting...
2022-10-14 12:50:44.465  INFO 13840 --- [task-1] com.zaxxer.hikari.HikariDataSource       : HikariPool-1 - Start completed.
2022-10-14 12:50:44.483  INFO 13840 --- [task-1] org.hibernate.dialect.Dialect            : HHH000400: Using dialect: org.hibernate.dialect.MariaDBDialect
2022-10-14 12:50:44.648  WARN 13840 --- [main] JpaBaseConfiguration$JpaWebConfiguration : spring.jpa.open-in-view is enabled by default. Therefore, database queries may be performed during view rendering. Explicitly configure spring.jpa.open-in-view to disable this warning
2022-10-14 12:50:45.991  INFO 13840 --- [task-1] o.h.e.t.j.p.i.JtaPlatformInitiator       : HHH000490: Using JtaPlatform implementation: [org.hibernate.engine.transaction.jta.platform.internal.NoJtaPlatform]
2022-10-14 12:50:45.998  INFO 13840 --- [task-1] j.LocalContainerEntityManagerFactoryBean : Initialized JPA EntityManagerFactory for persistence unit 'default'
2022-10-14 12:50:46.034  INFO 13840 --- [RMI TCP Connection(3)-127.0.0.1] o.a.c.c.C.[Tomcat].[localhost].[/]       : Initializing Spring DispatcherServlet 'dispatcherServlet'
2022-10-14 12:50:46.034  INFO 13840 --- [RMI TCP Connection(3)-127.0.0.1] o.s.web.servlet.DispatcherServlet        : Initializing Servlet 'dispatcherServlet'
2022-10-14 12:50:46.040  INFO 13840 --- [RMI TCP Connection(3)-127.0.0.1] o.s.web.servlet.DispatcherServlet        : Completed initialization in 5 ms
2022-10-14 12:50:46.074  INFO 13840 --- [main] o.s.b.w.embedded.tomcat.TomcatWebServer  : Tomcat started on port(s): 8080 (http) with context path ''
2022-10-14 12:50:46.146  INFO 13840 --- [main] o.s.b.w.embedded.tomcat.TomcatWebServer  : Tomcat initialized with port(s): 8086 (http)
2022-10-14 12:50:46.146  INFO 13840 --- [main] o.apache.catalina.core.StandardService   : Starting service [Tomcat]
2022-10-14 12:50:46.146  INFO 13840 --- [main] org.apache.catalina.core.StandardEngine  : Starting Servlet engine: [Apache Tomcat/9.0.36]
2022-10-14 12:50:46.161  INFO 13840 --- [main] o.a.c.c.C.[Tomcat-1].[localhost].[/]     : Initializing Spring embedded WebApplicationContext
2022-10-14 12:50:46.162  INFO 13840 --- [main] w.s.c.ServletWebServerApplicationContext : Root WebApplicationContext: initialization completed in 85 ms
2022-10-14 12:50:46.176  INFO 13840 --- [main] o.s.b.a.e.web.EndpointLinksResolver      : Exposing 14 endpoint(s) beneath base path '/actuator'
2022-10-14 12:50:46.370  INFO 13840 --- [main] o.s.b.w.embedded.tomcat.TomcatWebServer  : Tomcat started on port(s): 8086 (http) with context path ''
2022-10-14 12:50:46.371  INFO 13840 --- [main] DeferredRepositoryInitializationListener : Triggering deferred initialization of Spring Data repositories…
2022-10-14 12:50:47.227  INFO 13840 --- [main] DeferredRepositoryInitializationListener : Spring Data repositories initialized!
2022-10-14 12:50:47.229  INFO 13840 --- [main] DeferredRepositoryInitializationListener : Triggering deferred initialization of Spring Data repositories…
2022-10-14 12:50:47.229  INFO 13840 --- [main] DeferredRepositoryInitializationListener : Spring Data repositories initialized!
2022-10-14 12:50:47.229  INFO 13840 --- [main] f.d.A.AppliCfaBackApplication            : Started AppliCfaBackApplication in 5.292 seconds (JVM running for 6.039)
2022-10-14 12:50:55.670 ERROR 13840 --- [http-nio-8080-exec-2] unknown.jul.logger                       : java.lang.NullPointerException
	at fr.dawan.AppliCFABack.services.EntrepriseServiceImpl.getAllEntreprise(EntrepriseServiceImpl.java:45)
	at fr.dawan.AppliCFABack.services.EntrepriseServiceImpl$$FastClassBySpringCGLIB$$61eb62e8.invoke(<generated>)
	at org.springframework.cglib.proxy.MethodProxy.invoke(MethodProxy.java:218)
	at org.springframework.aop.framework.CglibAopProxy$CglibMethodInvocation.invokeJoinpoint(CglibAopProxy.java:771)
	at org.springframework.aop.framework.ReflectiveMethodInvocation.proceed(ReflectiveMethodInvocation.java:163)
	at org.springframework.aop.framework.CglibAopProxy$CglibMethodInvocation.proceed(CglibAopProxy.java:749)
	at org.springframework.transaction.interceptor.TransactionAspectSupport.invokeWithinTransaction(TransactionAspectSupport.java:367)
	at org.springframework.transaction.interceptor.TransactionInterceptor.invoke(TransactionInterceptor.java:118)
	at org.springframework.aop.framework.ReflectiveMethodInvocation.proceed(ReflectiveMethodInvocation.java:186)
	at org.springframework.aop.framework.CglibAopProxy$CglibMethodInvocation.proceed(CglibAopProxy.java:749)
	at org.springframework.aop.framework.CglibAopProxy$DynamicAdvisedInterceptor.intercept(CglibAopProxy.java:691)
	at fr.dawan.AppliCFABack.services.EntrepriseServiceImpl$$EnhancerBySpringCGLIB$$eb034081.getAllEntreprise(<generated>)
	at fr.dawan.AppliCFABack.controllers.EntrepriseController.getAll(EntrepriseController.java:36)
	at sun.reflect.NativeMethodAccessorImpl.invoke0(Native Method)
	at sun.reflect.NativeMethodAccessorImpl.invoke(NativeMethodAccessorImpl.java:62)
	at sun.reflect.DelegatingMethodAccessorImpl.invoke(DelegatingMethodAccessorImpl.java:43)
	at java.lang.reflect.Method.invoke(Method.java:498)
	at org.springframework.web.method.support.InvocableHandlerMethod.doInvoke(InvocableHandlerMethod.java:190)
	at org.springframework.web.method.support.InvocableHandlerMethod.invokeForRequest(InvocableHandlerMethod.java:138)
	at org.springframework.web.servlet.mvc.method.annotation.ServletInvocableHandlerMethod.invokeAndHandle(ServletInvocableHandlerMethod.java:105)
	at org.springframework.web.servlet.mvc.method.annotation.RequestMappingHandlerAdapter.invokeHandlerMethod(RequestMappingHandlerAdapter.java:879)
	at org.springframework.web.servlet.mvc.method.annotation.RequestMappingHandlerAdapter.handleInternal(RequestMappingHandlerAdapter.java:793)
	at org.springframework.web.servlet.mvc.method.AbstractHandlerMethodAdapter.handle(AbstractHandlerMethodAdapter.java:87)
	at org.springframework.web.servlet.DispatcherServlet.doDispatch(DispatcherServlet.java:1040)
	at org.springframework.web.servlet.DispatcherServlet.doService(DispatcherServlet.java:943)
	at org.springframework.web.servlet.FrameworkServlet.processRequest(FrameworkServlet.java:1006)
	at org.springframework.web.servlet.FrameworkServlet.doGet(FrameworkServlet.java:898)
	at javax.servlet.http.HttpServlet.service(HttpServlet.java:634)
	at org.springframework.web.servlet.FrameworkServlet.service(FrameworkServlet.java:883)
	at javax.servlet.http.HttpServlet.service(HttpServlet.java:741)
	at org.apache.catalina.core.ApplicationFilterChain.internalDoFilter(ApplicationFilterChain.java:231)
	at org.apache.catalina.core.ApplicationFilterChain.doFilter(ApplicationFilterChain.java:166)
	at org.apache.tomcat.websocket.server.WsFilter.doFilter(WsFilter.java:53)
	at org.apache.catalina.core.ApplicationFilterChain.internalDoFilter(ApplicationFilterChain.java:193)
	at org.apache.catalina.core.ApplicationFilterChain.doFilter(ApplicationFilterChain.java:166)
	at org.springframework.web.servlet.resource.ResourceUrlEncodingFilter.doFilter(ResourceUrlEncodingFilter.java:64)
	at org.apache.catalina.core.ApplicationFilterChain.internalDoFilter(ApplicationFilterChain.java:193)
	at org.apache.catalina.core.ApplicationFilterChain.doFilter(ApplicationFilterChain.java:166)
	at org.springframework.web.filter.RequestContextFilter.doFilterInternal(RequestContextFilter.java:100)
	at org.springframework.web.filter.OncePerRequestFilter.doFilter(OncePerRequestFilter.java:119)
	at org.apache.catalina.core.ApplicationFilterChain.internalDoFilter(ApplicationFilterChain.java:193)
	at org.apache.catalina.core.ApplicationFilterChain.doFilter(ApplicationFilterChain.java:166)
	at org.springframework.web.filter.FormContentFilter.doFilterInternal(FormContentFilter.java:93)
	at org.springframework.web.filter.OncePerRequestFilter.doFilter(OncePerRequestFilter.java:119)
	at org.apache.catalina.core.ApplicationFilterChain.internalDoFilter(ApplicationFilterChain.java:193)
	at org.apache.catalina.core.ApplicationFilterChain.doFilter(ApplicationFilterChain.java:166)
	at org.springframework.boot.actuate.metrics.web.servlet.WebMvcMetricsFilter.doFilterInternal(WebMvcMetricsFilter.java:93)
	at org.springframework.web.filter.OncePerRequestFilter.doFilter(OncePerRequestFilter.java:119)
	at org.apache.catalina.core.ApplicationFilterChain.internalDoFilter(ApplicationFilterChain.java:193)
	at org.apache.catalina.core.ApplicationFilterChain.doFilter(ApplicationFilterChain.java:166)
	at org.springframework.web.filter.CharacterEncodingFilter.doFilterInternal(CharacterEncodingFilter.java:201)
	at org.springframework.web.filter.OncePerRequestFilter.doFilter(OncePerRequestFilter.java:119)
	at org.apache.catalina.core.ApplicationFilterChain.internalDoFilter(ApplicationFilterChain.java:193)
	at org.apache.catalina.core.ApplicationFilterChain.doFilter(ApplicationFilterChain.java:166)
	at org.apache.catalina.core.StandardWrapperValve.invoke(StandardWrapperValve.java:202)
	at org.apache.catalina.core.StandardContextValve.invoke(StandardContextValve.java:96)
	at org.apache.catalina.authenticator.AuthenticatorBase.invoke(AuthenticatorBase.java:541)
	at org.apache.catalina.core.StandardHostValve.invoke(StandardHostValve.java:139)
	at org.apache.catalina.valves.ErrorReportValve.invoke(ErrorReportValve.java:92)
	at org.apache.catalina.core.StandardEngineValve.invoke(StandardEngineValve.java:74)
	at org.apache.catalina.connector.CoyoteAdapter.service(CoyoteAdapter.java:343)
	at org.apache.coyote.http11.Http11Processor.service(Http11Processor.java:373)
	at org.apache.coyote.AbstractProcessorLight.process(AbstractProcessorLight.java:65)
	at org.apache.coyote.AbstractProtocol$ConnectionHandler.process(AbstractProtocol.java:868)
	at org.apache.tomcat.util.net.NioEndpoint$SocketProcessor.doRun(NioEndpoint.java:1590)
	at org.apache.tomcat.util.net.SocketProcessorBase.run(SocketProcessorBase.java:49)
	at java.util.concurrent.ThreadPoolExecutor.runWorker(ThreadPoolExecutor.java:1149)
	at java.util.concurrent.ThreadPoolExecutor$Worker.run(ThreadPoolExecutor.java:624)
	at org.apache.tomcat.util.threads.TaskThread$WrappingRunnable.run(TaskThread.java:61)
	at java.lang.Thread.run(Thread.java:748)

2022-10-14 14:21:22.987  WARN 13840 --- [HikariPool-1 housekeeper] com.zaxxer.hikari.pool.HikariPool        : HikariPool-1 - Thread starvation or clock leap detected (housekeeper delta=7m10s996ms907µs200ns).
2022-10-14 16:55:00.158 ERROR 13840 --- [http-nio-8080-exec-9] unknown.jul.logger                       : org.springframework.orm.jpa.JpaSystemException: Null value was assigned to a property [class fr.dawan.AppliCFABack.entities.Utilisateur.idDg2] of primitive type setter of fr.dawan.AppliCFABack.entities.Utilisateur.idDg2; nested exception is org.hibernate.PropertyAccessException: Null value was assigned to a property [class fr.dawan.AppliCFABack.entities.Utilisateur.idDg2] of primitive type setter of fr.dawan.AppliCFABack.entities.Utilisateur.idDg2
	at org.springframework.orm.jpa.vendor.HibernateJpaDialect.convertHibernateAccessException(HibernateJpaDialect.java:353)
	at org.springframework.orm.jpa.vendor.HibernateJpaDialect.translateExceptionIfPossible(HibernateJpaDialect.java:255)
	at org.springframework.orm.jpa.AbstractEntityManagerFactoryBean.translateExceptionIfPossible(AbstractEntityManagerFactoryBean.java:528)
	at org.springframework.dao.support.ChainedPersistenceExceptionTranslator.translateExceptionIfPossible(ChainedPersistenceExceptionTranslator.java:61)
	at org.springframework.dao.support.DataAccessUtils.translateIfNecessary(DataAccessUtils.java:242)
	at org.springframework.dao.support.PersistenceExceptionTranslationInterceptor.invoke(PersistenceExceptionTranslationInterceptor.java:153)
	at org.springframework.aop.framework.ReflectiveMethodInvocation.proceed(ReflectiveMethodInvocation.java:186)
	at org.springframework.data.jpa.repository.support.CrudMethodMetadataPostProcessor$CrudMethodMetadataPopulatingMethodInterceptor.invoke(CrudMethodMetadataPostProcessor.java:149)
	at org.springframework.aop.framework.ReflectiveMethodInvocation.proceed(ReflectiveMethodInvocation.java:186)
	at org.springframework.aop.interceptor.ExposeInvocationInterceptor.invoke(ExposeInvocationInterceptor.java:95)
	at org.springframework.aop.framework.ReflectiveMethodInvocation.proceed(ReflectiveMethodInvocation.java:186)
	at org.springframework.aop.framework.JdkDynamicAopProxy.invoke(JdkDynamicAopProxy.java:212)
	at com.sun.proxy.$Proxy196.findAllByPrenomContainingIgnoringCaseOrNomContainingIgnoringCaseOrLoginContainingIgnoringCaseOrAdresseLibelleContainingIgnoringCase(Unknown Source)
	at sun.reflect.NativeMethodAccessorImpl.invoke0(Native Method)
	at sun.reflect.NativeMethodAccessorImpl.invoke(NativeMethodAccessorImpl.java:62)
	at sun.reflect.DelegatingMethodAccessorImpl.invoke(DelegatingMethodAccessorImpl.java:43)
	at java.lang.reflect.Method.invoke(Method.java:498)
	at org.springframework.aop.support.AopUtils.invokeJoinpointUsingReflection(AopUtils.java:344)
	at org.springframework.aop.framework.JdkDynamicAopProxy.invoke(JdkDynamicAopProxy.java:205)
	at com.sun.proxy.$Proxy94.findAllByPrenomContainingIgnoringCaseOrNomContainingIgnoringCaseOrLoginContainingIgnoringCaseOrAdresseLibelleContainingIgnoringCase(Unknown Source)
	at fr.dawan.AppliCFABack.services.UtilisateurServiceImpl.getAllUtilisateurs(UtilisateurServiceImpl.java:161)
	at fr.dawan.AppliCFABack.services.UtilisateurServiceImpl$$FastClassBySpringCGLIB$$7d195ba4.invoke(<generated>)
	at org.springframework.cglib.proxy.MethodProxy.invoke(MethodProxy.java:218)
	at org.springframework.aop.framework.CglibAopProxy$CglibMethodInvocation.invokeJoinpoint(CglibAopProxy.java:771)
	at org.springframework.aop.framework.ReflectiveMethodInvocation.proceed(ReflectiveMethodInvocation.java:163)
	at org.springframework.aop.framework.CglibAopProxy$CglibMethodInvocation.proceed(CglibAopProxy.java:749)
	at org.springframework.transaction.interceptor.TransactionAspectSupport.invokeWithinTransaction(TransactionAspectSupport.java:367)
	at org.springframework.transaction.interceptor.TransactionInterceptor.invoke(TransactionInterceptor.java:118)
	at org.springframework.aop.framework.ReflectiveMethodInvocation.proceed(ReflectiveMethodInvocation.java:186)
	at org.springframework.aop.framework.CglibAopProxy$CglibMethodInvocation.proceed(CglibAopProxy.java:749)
	at org.springframework.aop.framework.CglibAopProxy$DynamicAdvisedInterceptor.intercept(CglibAopProxy.java:691)
	at fr.dawan.AppliCFABack.services.UtilisateurServiceImpl$$EnhancerBySpringCGLIB$$33408035.getAllUtilisateurs(<generated>)
	at fr.dawan.AppliCFABack.controllers.UtilisateurController.getAllByPage(UtilisateurController.java:45)
	at sun.reflect.NativeMethodAccessorImpl.invoke0(Native Method)
	at sun.reflect.NativeMethodAccessorImpl.invoke(NativeMethodAccessorImpl.java:62)
	at sun.reflect.DelegatingMethodAccessorImpl.invoke(DelegatingMethodAccessorImpl.java:43)
	at java.lang.reflect.Method.invoke(Method.java:498)
	at org.springframework.web.method.support.InvocableHandlerMethod.doInvoke(InvocableHandlerMethod.java:190)
	at org.springframework.web.method.support.InvocableHandlerMethod.invokeForRequest(InvocableHandlerMethod.java:138)
	at org.springframework.web.servlet.mvc.method.annotation.ServletInvocableHandlerMethod.invokeAndHandle(ServletInvocableHandlerMethod.java:105)
	at org.springframework.web.servlet.mvc.method.annotation.RequestMappingHandlerAdapter.invokeHandlerMethod(RequestMappingHandlerAdapter.java:879)
	at org.springframework.web.servlet.mvc.method.annotation.RequestMappingHandlerAdapter.handleInternal(RequestMappingHandlerAdapter.java:793)
	at org.springframework.web.servlet.mvc.method.AbstractHandlerMethodAdapter.handle(AbstractHandlerMethodAdapter.java:87)
	at org.springframework.web.servlet.DispatcherServlet.doDispatch(DispatcherServlet.java:1040)
	at org.springframework.web.servlet.DispatcherServlet.doService(DispatcherServlet.java:943)
	at org.springframework.web.servlet.FrameworkServlet.processRequest(FrameworkServlet.java:1006)
	at org.springframework.web.servlet.FrameworkServlet.doGet(FrameworkServlet.java:898)
	at javax.servlet.http.HttpServlet.service(HttpServlet.java:634)
	at org.springframework.web.servlet.FrameworkServlet.service(FrameworkServlet.java:883)
	at javax.servlet.http.HttpServlet.service(HttpServlet.java:741)
	at org.apache.catalina.core.ApplicationFilterChain.internalDoFilter(ApplicationFilterChain.java:231)
	at org.apache.catalina.core.ApplicationFilterChain.doFilter(ApplicationFilterChain.java:166)
	at org.apache.tomcat.websocket.server.WsFilter.doFilter(WsFilter.java:53)
	at org.apache.catalina.core.ApplicationFilterChain.internalDoFilter(ApplicationFilterChain.java:193)
	at org.apache.catalina.core.ApplicationFilterChain.doFilter(ApplicationFilterChain.java:166)
	at org.springframework.web.servlet.resource.ResourceUrlEncodingFilter.doFilter(ResourceUrlEncodingFilter.java:64)
	at org.apache.catalina.core.ApplicationFilterChain.internalDoFilter(ApplicationFilterChain.java:193)
	at org.apache.catalina.core.ApplicationFilterChain.doFilter(ApplicationFilterChain.java:166)
	at org.springframework.web.filter.RequestContextFilter.doFilterInternal(RequestContextFilter.java:100)
	at org.springframework.web.filter.OncePerRequestFilter.doFilter(OncePerRequestFilter.java:119)
	at org.apache.catalina.core.ApplicationFilterChain.internalDoFilter(ApplicationFilterChain.java:193)
	at org.apache.catalina.core.ApplicationFilterChain.doFilter(ApplicationFilterChain.java:166)
	at org.springframework.web.filter.FormContentFilter.doFilterInternal(FormContentFilter.java:93)
	at org.springframework.web.filter.OncePerRequestFilter.doFilter(OncePerRequestFilter.java:119)
	at org.apache.catalina.core.ApplicationFilterChain.internalDoFilter(ApplicationFilterChain.java:193)
	at org.apache.catalina.core.ApplicationFilterChain.doFilter(ApplicationFilterChain.java:166)
	at org.springframework.boot.actuate.metrics.web.servlet.WebMvcMetricsFilter.doFilterInternal(WebMvcMetricsFilter.java:93)
	at org.springframework.web.filter.OncePerRequestFilter.doFilter(OncePerRequestFilter.java:119)
	at org.apache.catalina.core.ApplicationFilterChain.internalDoFilter(ApplicationFilterChain.java:193)
	at org.apache.catalina.core.ApplicationFilterChain.doFilter(ApplicationFilterChain.java:166)
	at org.springframework.web.filter.CharacterEncodingFilter.doFilterInternal(CharacterEncodingFilter.java:201)
	at org.springframework.web.filter.OncePerRequestFilter.doFilter(OncePerRequestFilter.java:119)
	at org.apache.catalina.core.ApplicationFilterChain.internalDoFilter(ApplicationFilterChain.java:193)
	at org.apache.catalina.core.ApplicationFilterChain.doFilter(ApplicationFilterChain.java:166)
	at org.apache.catalina.core.StandardWrapperValve.invoke(StandardWrapperValve.java:202)
	at org.apache.catalina.core.StandardContextValve.invoke(StandardContextValve.java:96)
	at org.apache.catalina.authenticator.AuthenticatorBase.invoke(AuthenticatorBase.java:541)
	at org.apache.catalina.core.StandardHostValve.invoke(StandardHostValve.java:139)
	at org.apache.catalina.valves.ErrorReportValve.invoke(ErrorReportValve.java:92)
	at org.apache.catalina.core.StandardEngineValve.invoke(StandardEngineValve.java:74)
	at org.apache.catalina.connector.CoyoteAdapter.service(CoyoteAdapter.java:343)
	at org.apache.coyote.http11.Http11Processor.service(Http11Processor.java:373)
	at org.apache.coyote.AbstractProcessorLight.process(AbstractProcessorLight.java:65)
	at org.apache.coyote.AbstractProtocol$ConnectionHandler.process(AbstractProtocol.java:868)
	at org.apache.tomcat.util.net.NioEndpoint$SocketProcessor.doRun(NioEndpoint.java:1590)
	at org.apache.tomcat.util.net.SocketProcessorBase.run(SocketProcessorBase.java:49)
	at java.util.concurrent.ThreadPoolExecutor.runWorker(ThreadPoolExecutor.java:1149)
	at java.util.concurrent.ThreadPoolExecutor$Worker.run(ThreadPoolExecutor.java:624)
	at org.apache.tomcat.util.threads.TaskThread$WrappingRunnable.run(TaskThread.java:61)
	at java.lang.Thread.run(Thread.java:748)
Caused by: org.hibernate.PropertyAccessException: Null value was assigned to a property [class fr.dawan.AppliCFABack.entities.Utilisateur.idDg2] of primitive type setter of fr.dawan.AppliCFABack.entities.Utilisateur.idDg2
	at org.hibernate.property.access.spi.SetterFieldImpl.set(SetterFieldImpl.java:58)
	at org.hibernate.tuple.entity.AbstractEntityTuplizer.setPropertyValues(AbstractEntityTuplizer.java:680)
	at org.hibernate.tuple.entity.PojoEntityTuplizer.setPropertyValues(PojoEntityTuplizer.java:144)
	at org.hibernate.persister.entity.AbstractEntityPersister.setPropertyValues(AbstractEntityPersister.java:5119)
	at org.hibernate.engine.internal.TwoPhaseLoad.doInitializeEntity(TwoPhaseLoad.java:253)
	at org.hibernate.engine.internal.TwoPhaseLoad.initializeEntity(TwoPhaseLoad.java:163)
	at org.hibernate.loader.Loader.initializeEntitiesAndCollections(Loader.java:1177)
	at org.hibernate.loader.Loader.processResultSet(Loader.java:1026)
	at org.hibernate.loader.Loader.doQuery(Loader.java:962)
	at org.hibernate.loader.Loader.doQueryAndInitializeNonLazyCollections(Loader.java:352)
	at org.hibernate.loader.Loader.doList(Loader.java:2831)
	at org.hibernate.loader.Loader.doList(Loader.java:2813)
	at org.hibernate.loader.Loader.listIgnoreQueryCache(Loader.java:2645)
	at org.hibernate.loader.Loader.list(Loader.java:2640)
	at org.hibernate.loader.hql.QueryLoader.list(QueryLoader.java:506)
	at org.hibernate.hql.internal.ast.QueryTranslatorImpl.list(QueryTranslatorImpl.java:400)
	at org.hibernate.engine.query.spi.HQLQueryPlan.performList(HQLQueryPlan.java:219)
	at org.hibernate.internal.SessionImpl.list(SessionImpl.java:1412)
	at org.hibernate.query.internal.AbstractProducedQuery.doList(AbstractProducedQuery.java:1565)
	at org.hibernate.query.internal.AbstractProducedQuery.list(AbstractProducedQuery.java:1533)
	at org.hibernate.query.Query.getResultList(Query.java:165)
	at org.hibernate.query.criteria.internal.compile.CriteriaQueryTypeQueryAdapter.getResultList(CriteriaQueryTypeQueryAdapter.java:76)
	at org.springframework.data.jpa.repository.query.JpaQueryExecution$PagedExecution.doExecute(JpaQueryExecution.java:177)
	at org.springframework.data.jpa.repository.query.JpaQueryExecution.execute(JpaQueryExecution.java:88)
	at org.springframework.data.jpa.repository.query.AbstractJpaQuery.doExecute(AbstractJpaQuery.java:154)
	at org.springframework.data.jpa.repository.query.AbstractJpaQuery.execute(AbstractJpaQuery.java:142)
	at org.springframework.data.repository.core.support.QueryExecutorMethodInterceptor$QueryMethodInvoker.invoke(QueryExecutorMethodInterceptor.java:195)
	at org.springframework.data.repository.core.support.QueryExecutorMethodInterceptor.doInvoke(QueryExecutorMethodInterceptor.java:152)
	at org.springframework.data.repository.core.support.QueryExecutorMethodInterceptor.invoke(QueryExecutorMethodInterceptor.java:130)
	at org.springframework.aop.framework.ReflectiveMethodInvocation.proceed(ReflectiveMethodInvocation.java:186)
	at org.springframework.data.projection.DefaultMethodInvokingMethodInterceptor.invoke(DefaultMethodInvokingMethodInterceptor.java:80)
	at org.springframework.aop.framework.ReflectiveMethodInvocation.proceed(ReflectiveMethodInvocation.java:186)
	at org.springframework.transaction.interceptor.TransactionAspectSupport.invokeWithinTransaction(TransactionAspectSupport.java:367)
	at org.springframework.transaction.interceptor.TransactionInterceptor.invoke(TransactionInterceptor.java:118)
	at org.springframework.aop.framework.ReflectiveMethodInvocation.proceed(ReflectiveMethodInvocation.java:186)
	at org.springframework.dao.support.PersistenceExceptionTranslationInterceptor.invoke(PersistenceExceptionTranslationInterceptor.java:139)
	... 84 more
Caused by: java.lang.IllegalArgumentException: Can not set long field fr.dawan.AppliCFABack.entities.Utilisateur.idDg2 to null value
	at sun.reflect.UnsafeFieldAccessorImpl.throwSetIllegalArgumentException(UnsafeFieldAccessorImpl.java:167)
	at sun.reflect.UnsafeFieldAccessorImpl.throwSetIllegalArgumentException(UnsafeFieldAccessorImpl.java:171)
	at sun.reflect.UnsafeLongFieldAccessorImpl.set(UnsafeLongFieldAccessorImpl.java:80)
	at java.lang.reflect.Field.set(Field.java:764)
	at org.hibernate.property.access.spi.SetterFieldImpl.set(SetterFieldImpl.java:52)
	... 119 more

2022-10-14 17:04:12.593 ERROR 13840 --- [http-nio-8080-exec-1] unknown.jul.logger                       : org.springframework.orm.jpa.JpaSystemException: Null value was assigned to a property [class fr.dawan.AppliCFABack.entities.Utilisateur.idDg2] of primitive type setter of fr.dawan.AppliCFABack.entities.Utilisateur.idDg2; nested exception is org.hibernate.PropertyAccessException: Null value was assigned to a property [class fr.dawan.AppliCFABack.entities.Utilisateur.idDg2] of primitive type setter of fr.dawan.AppliCFABack.entities.Utilisateur.idDg2
	at org.springframework.orm.jpa.vendor.HibernateJpaDialect.convertHibernateAccessException(HibernateJpaDialect.java:353)
	at org.springframework.orm.jpa.vendor.HibernateJpaDialect.translateExceptionIfPossible(HibernateJpaDialect.java:255)
	at org.springframework.orm.jpa.AbstractEntityManagerFactoryBean.translateExceptionIfPossible(AbstractEntityManagerFactoryBean.java:528)
	at org.springframework.dao.support.ChainedPersistenceExceptionTranslator.translateExceptionIfPossible(ChainedPersistenceExceptionTranslator.java:61)
	at org.springframework.dao.support.DataAccessUtils.translateIfNecessary(DataAccessUtils.java:242)
	at org.springframework.dao.support.PersistenceExceptionTranslationInterceptor.invoke(PersistenceExceptionTranslationInterceptor.java:153)
	at org.springframework.aop.framework.ReflectiveMethodInvocation.proceed(ReflectiveMethodInvocation.java:186)
	at org.springframework.data.jpa.repository.support.CrudMethodMetadataPostProcessor$CrudMethodMetadataPopulatingMethodInterceptor.invoke(CrudMethodMetadataPostProcessor.java:149)
	at org.springframework.aop.framework.ReflectiveMethodInvocation.proceed(ReflectiveMethodInvocation.java:186)
	at org.springframework.aop.interceptor.ExposeInvocationInterceptor.invoke(ExposeInvocationInterceptor.java:95)
	at org.springframework.aop.framework.ReflectiveMethodInvocation.proceed(ReflectiveMethodInvocation.java:186)
	at org.springframework.aop.framework.JdkDynamicAopProxy.invoke(JdkDynamicAopProxy.java:212)
	at com.sun.proxy.$Proxy196.findAllByPrenomContainingIgnoringCaseOrNomContainingIgnoringCaseOrLoginContainingIgnoringCaseOrAdresseLibelleContainingIgnoringCase(Unknown Source)
	at sun.reflect.NativeMethodAccessorImpl.invoke0(Native Method)
	at sun.reflect.NativeMethodAccessorImpl.invoke(NativeMethodAccessorImpl.java:62)
	at sun.reflect.DelegatingMethodAccessorImpl.invoke(DelegatingMethodAccessorImpl.java:43)
	at java.lang.reflect.Method.invoke(Method.java:498)
	at org.springframework.aop.support.AopUtils.invokeJoinpointUsingReflection(AopUtils.java:344)
	at org.springframework.aop.framework.JdkDynamicAopProxy.invoke(JdkDynamicAopProxy.java:205)
	at com.sun.proxy.$Proxy94.findAllByPrenomContainingIgnoringCaseOrNomContainingIgnoringCaseOrLoginContainingIgnoringCaseOrAdresseLibelleContainingIgnoringCase(Unknown Source)
	at fr.dawan.AppliCFABack.services.UtilisateurServiceImpl.getAllUtilisateurs(UtilisateurServiceImpl.java:161)
	at fr.dawan.AppliCFABack.services.UtilisateurServiceImpl$$FastClassBySpringCGLIB$$7d195ba4.invoke(<generated>)
	at org.springframework.cglib.proxy.MethodProxy.invoke(MethodProxy.java:218)
	at org.springframework.aop.framework.CglibAopProxy$CglibMethodInvocation.invokeJoinpoint(CglibAopProxy.java:771)
	at org.springframework.aop.framework.ReflectiveMethodInvocation.proceed(ReflectiveMethodInvocation.java:163)
	at org.springframework.aop.framework.CglibAopProxy$CglibMethodInvocation.proceed(CglibAopProxy.java:749)
	at org.springframework.transaction.interceptor.TransactionAspectSupport.invokeWithinTransaction(TransactionAspectSupport.java:367)
	at org.springframework.transaction.interceptor.TransactionInterceptor.invoke(TransactionInterceptor.java:118)
	at org.springframework.aop.framework.ReflectiveMethodInvocation.proceed(ReflectiveMethodInvocation.java:186)
	at org.springframework.aop.framework.CglibAopProxy$CglibMethodInvocation.proceed(CglibAopProxy.java:749)
	at org.springframework.aop.framework.CglibAopProxy$DynamicAdvisedInterceptor.intercept(CglibAopProxy.java:691)
	at fr.dawan.AppliCFABack.services.UtilisateurServiceImpl$$EnhancerBySpringCGLIB$$33408035.getAllUtilisateurs(<generated>)
	at fr.dawan.AppliCFABack.controllers.UtilisateurController.getAllByPage(UtilisateurController.java:45)
	at sun.reflect.NativeMethodAccessorImpl.invoke0(Native Method)
	at sun.reflect.NativeMethodAccessorImpl.invoke(NativeMethodAccessorImpl.java:62)
	at sun.reflect.DelegatingMethodAccessorImpl.invoke(DelegatingMethodAccessorImpl.java:43)
	at java.lang.reflect.Method.invoke(Method.java:498)
	at org.springframework.web.method.support.InvocableHandlerMethod.doInvoke(InvocableHandlerMethod.java:190)
	at org.springframework.web.method.support.InvocableHandlerMethod.invokeForRequest(InvocableHandlerMethod.java:138)
	at org.springframework.web.servlet.mvc.method.annotation.ServletInvocableHandlerMethod.invokeAndHandle(ServletInvocableHandlerMethod.java:105)
	at org.springframework.web.servlet.mvc.method.annotation.RequestMappingHandlerAdapter.invokeHandlerMethod(RequestMappingHandlerAdapter.java:879)
	at org.springframework.web.servlet.mvc.method.annotation.RequestMappingHandlerAdapter.handleInternal(RequestMappingHandlerAdapter.java:793)
	at org.springframework.web.servlet.mvc.method.AbstractHandlerMethodAdapter.handle(AbstractHandlerMethodAdapter.java:87)
	at org.springframework.web.servlet.DispatcherServlet.doDispatch(DispatcherServlet.java:1040)
	at org.springframework.web.servlet.DispatcherServlet.doService(DispatcherServlet.java:943)
	at org.springframework.web.servlet.FrameworkServlet.processRequest(FrameworkServlet.java:1006)
	at org.springframework.web.servlet.FrameworkServlet.doGet(FrameworkServlet.java:898)
	at javax.servlet.http.HttpServlet.service(HttpServlet.java:634)
	at org.springframework.web.servlet.FrameworkServlet.service(FrameworkServlet.java:883)
	at javax.servlet.http.HttpServlet.service(HttpServlet.java:741)
	at org.apache.catalina.core.ApplicationFilterChain.internalDoFilter(ApplicationFilterChain.java:231)
	at org.apache.catalina.core.ApplicationFilterChain.doFilter(ApplicationFilterChain.java:166)
	at org.apache.tomcat.websocket.server.WsFilter.doFilter(WsFilter.java:53)
	at org.apache.catalina.core.ApplicationFilterChain.internalDoFilter(ApplicationFilterChain.java:193)
	at org.apache.catalina.core.ApplicationFilterChain.doFilter(ApplicationFilterChain.java:166)
	at org.springframework.web.servlet.resource.ResourceUrlEncodingFilter.doFilter(ResourceUrlEncodingFilter.java:64)
	at org.apache.catalina.core.ApplicationFilterChain.internalDoFilter(ApplicationFilterChain.java:193)
	at org.apache.catalina.core.ApplicationFilterChain.doFilter(ApplicationFilterChain.java:166)
	at org.springframework.web.filter.RequestContextFilter.doFilterInternal(RequestContextFilter.java:100)
	at org.springframework.web.filter.OncePerRequestFilter.doFilter(OncePerRequestFilter.java:119)
	at org.apache.catalina.core.ApplicationFilterChain.internalDoFilter(ApplicationFilterChain.java:193)
	at org.apache.catalina.core.ApplicationFilterChain.doFilter(ApplicationFilterChain.java:166)
	at org.springframework.web.filter.FormContentFilter.doFilterInternal(FormContentFilter.java:93)
	at org.springframework.web.filter.OncePerRequestFilter.doFilter(OncePerRequestFilter.java:119)
	at org.apache.catalina.core.ApplicationFilterChain.internalDoFilter(ApplicationFilterChain.java:193)
	at org.apache.catalina.core.ApplicationFilterChain.doFilter(ApplicationFilterChain.java:166)
	at org.springframework.boot.actuate.metrics.web.servlet.WebMvcMetricsFilter.doFilterInternal(WebMvcMetricsFilter.java:93)
	at org.springframework.web.filter.OncePerRequestFilter.doFilter(OncePerRequestFilter.java:119)
	at org.apache.catalina.core.ApplicationFilterChain.internalDoFilter(ApplicationFilterChain.java:193)
	at org.apache.catalina.core.ApplicationFilterChain.doFilter(ApplicationFilterChain.java:166)
	at org.springframework.web.filter.CharacterEncodingFilter.doFilterInternal(CharacterEncodingFilter.java:201)
	at org.springframework.web.filter.OncePerRequestFilter.doFilter(OncePerRequestFilter.java:119)
	at org.apache.catalina.core.ApplicationFilterChain.internalDoFilter(ApplicationFilterChain.java:193)
	at org.apache.catalina.core.ApplicationFilterChain.doFilter(ApplicationFilterChain.java:166)
	at org.apache.catalina.core.StandardWrapperValve.invoke(StandardWrapperValve.java:202)
	at org.apache.catalina.core.StandardContextValve.invoke(StandardContextValve.java:96)
	at org.apache.catalina.authenticator.AuthenticatorBase.invoke(AuthenticatorBase.java:541)
	at org.apache.catalina.core.StandardHostValve.invoke(StandardHostValve.java:139)
	at org.apache.catalina.valves.ErrorReportValve.invoke(ErrorReportValve.java:92)
	at org.apache.catalina.core.StandardEngineValve.invoke(StandardEngineValve.java:74)
	at org.apache.catalina.connector.CoyoteAdapter.service(CoyoteAdapter.java:343)
	at org.apache.coyote.http11.Http11Processor.service(Http11Processor.java:373)
	at org.apache.coyote.AbstractProcessorLight.process(AbstractProcessorLight.java:65)
	at org.apache.coyote.AbstractProtocol$ConnectionHandler.process(AbstractProtocol.java:868)
	at org.apache.tomcat.util.net.NioEndpoint$SocketProcessor.doRun(NioEndpoint.java:1590)
	at org.apache.tomcat.util.net.SocketProcessorBase.run(SocketProcessorBase.java:49)
	at java.util.concurrent.ThreadPoolExecutor.runWorker(ThreadPoolExecutor.java:1149)
	at java.util.concurrent.ThreadPoolExecutor$Worker.run(ThreadPoolExecutor.java:624)
	at org.apache.tomcat.util.threads.TaskThread$WrappingRunnable.run(TaskThread.java:61)
	at java.lang.Thread.run(Thread.java:748)
Caused by: org.hibernate.PropertyAccessException: Null value was assigned to a property [class fr.dawan.AppliCFABack.entities.Utilisateur.idDg2] of primitive type setter of fr.dawan.AppliCFABack.entities.Utilisateur.idDg2
	at org.hibernate.property.access.spi.SetterFieldImpl.set(SetterFieldImpl.java:58)
	at org.hibernate.tuple.entity.AbstractEntityTuplizer.setPropertyValues(AbstractEntityTuplizer.java:680)
	at org.hibernate.tuple.entity.PojoEntityTuplizer.setPropertyValues(PojoEntityTuplizer.java:144)
	at org.hibernate.persister.entity.AbstractEntityPersister.setPropertyValues(AbstractEntityPersister.java:5119)
	at org.hibernate.engine.internal.TwoPhaseLoad.doInitializeEntity(TwoPhaseLoad.java:253)
	at org.hibernate.engine.internal.TwoPhaseLoad.initializeEntity(TwoPhaseLoad.java:163)
	at org.hibernate.loader.Loader.initializeEntitiesAndCollections(Loader.java:1177)
	at org.hibernate.loader.Loader.processResultSet(Loader.java:1026)
	at org.hibernate.loader.Loader.doQuery(Loader.java:962)
	at org.hibernate.loader.Loader.doQueryAndInitializeNonLazyCollections(Loader.java:352)
	at org.hibernate.loader.Loader.doList(Loader.java:2831)
	at org.hibernate.loader.Loader.doList(Loader.java:2813)
	at org.hibernate.loader.Loader.listIgnoreQueryCache(Loader.java:2645)
	at org.hibernate.loader.Loader.list(Loader.java:2640)
	at org.hibernate.loader.hql.QueryLoader.list(QueryLoader.java:506)
	at org.hibernate.hql.internal.ast.QueryTranslatorImpl.list(QueryTranslatorImpl.java:400)
	at org.hibernate.engine.query.spi.HQLQueryPlan.performList(HQLQueryPlan.java:219)
	at org.hibernate.internal.SessionImpl.list(SessionImpl.java:1412)
	at org.hibernate.query.internal.AbstractProducedQuery.doList(AbstractProducedQuery.java:1565)
	at org.hibernate.query.internal.AbstractProducedQuery.list(AbstractProducedQuery.java:1533)
	at org.hibernate.query.Query.getResultList(Query.java:165)
	at org.hibernate.query.criteria.internal.compile.CriteriaQueryTypeQueryAdapter.getResultList(CriteriaQueryTypeQueryAdapter.java:76)
	at org.springframework.data.jpa.repository.query.JpaQueryExecution$PagedExecution.doExecute(JpaQueryExecution.java:177)
	at org.springframework.data.jpa.repository.query.JpaQueryExecution.execute(JpaQueryExecution.java:88)
	at org.springframework.data.jpa.repository.query.AbstractJpaQuery.doExecute(AbstractJpaQuery.java:154)
	at org.springframework.data.jpa.repository.query.AbstractJpaQuery.execute(AbstractJpaQuery.java:142)
	at org.springframework.data.repository.core.support.QueryExecutorMethodInterceptor$QueryMethodInvoker.invoke(QueryExecutorMethodInterceptor.java:195)
	at org.springframework.data.repository.core.support.QueryExecutorMethodInterceptor.doInvoke(QueryExecutorMethodInterceptor.java:152)
	at org.springframework.data.repository.core.support.QueryExecutorMethodInterceptor.invoke(QueryExecutorMethodInterceptor.java:130)
	at org.springframework.aop.framework.ReflectiveMethodInvocation.proceed(ReflectiveMethodInvocation.java:186)
	at org.springframework.data.projection.DefaultMethodInvokingMethodInterceptor.invoke(DefaultMethodInvokingMethodInterceptor.java:80)
	at org.springframework.aop.framework.ReflectiveMethodInvocation.proceed(ReflectiveMethodInvocation.java:186)
	at org.springframework.transaction.interceptor.TransactionAspectSupport.invokeWithinTransaction(TransactionAspectSupport.java:367)
	at org.springframework.transaction.interceptor.TransactionInterceptor.invoke(TransactionInterceptor.java:118)
	at org.springframework.aop.framework.ReflectiveMethodInvocation.proceed(ReflectiveMethodInvocation.java:186)
	at org.springframework.dao.support.PersistenceExceptionTranslationInterceptor.invoke(PersistenceExceptionTranslationInterceptor.java:139)
	... 84 more
Caused by: java.lang.IllegalArgumentException: Can not set long field fr.dawan.AppliCFABack.entities.Utilisateur.idDg2 to null value
	at sun.reflect.UnsafeFieldAccessorImpl.throwSetIllegalArgumentException(UnsafeFieldAccessorImpl.java:167)
	at sun.reflect.UnsafeFieldAccessorImpl.throwSetIllegalArgumentException(UnsafeFieldAccessorImpl.java:171)
	at sun.reflect.UnsafeLongFieldAccessorImpl.set(UnsafeLongFieldAccessorImpl.java:80)
	at java.lang.reflect.Field.set(Field.java:764)
	at org.hibernate.property.access.spi.SetterFieldImpl.set(SetterFieldImpl.java:52)
	... 119 more

2022-10-14 17:04:18.805 ERROR 13840 --- [http-nio-8080-exec-2] unknown.jul.logger                       : org.springframework.orm.jpa.JpaSystemException: Null value was assigned to a property [class fr.dawan.AppliCFABack.entities.Utilisateur.idDg2] of primitive type setter of fr.dawan.AppliCFABack.entities.Utilisateur.idDg2; nested exception is org.hibernate.PropertyAccessException: Null value was assigned to a property [class fr.dawan.AppliCFABack.entities.Utilisateur.idDg2] of primitive type setter of fr.dawan.AppliCFABack.entities.Utilisateur.idDg2
	at org.springframework.orm.jpa.vendor.HibernateJpaDialect.convertHibernateAccessException(HibernateJpaDialect.java:353)
	at org.springframework.orm.jpa.vendor.HibernateJpaDialect.translateExceptionIfPossible(HibernateJpaDialect.java:255)
	at org.springframework.orm.jpa.AbstractEntityManagerFactoryBean.translateExceptionIfPossible(AbstractEntityManagerFactoryBean.java:528)
	at org.springframework.dao.support.ChainedPersistenceExceptionTranslator.translateExceptionIfPossible(ChainedPersistenceExceptionTranslator.java:61)
	at org.springframework.dao.support.DataAccessUtils.translateIfNecessary(DataAccessUtils.java:242)
	at org.springframework.dao.support.PersistenceExceptionTranslationInterceptor.invoke(PersistenceExceptionTranslationInterceptor.java:153)
	at org.springframework.aop.framework.ReflectiveMethodInvocation.proceed(ReflectiveMethodInvocation.java:186)
	at org.springframework.data.jpa.repository.support.CrudMethodMetadataPostProcessor$CrudMethodMetadataPopulatingMethodInterceptor.invoke(CrudMethodMetadataPostProcessor.java:149)
	at org.springframework.aop.framework.ReflectiveMethodInvocation.proceed(ReflectiveMethodInvocation.java:186)
	at org.springframework.aop.interceptor.ExposeInvocationInterceptor.invoke(ExposeInvocationInterceptor.java:95)
	at org.springframework.aop.framework.ReflectiveMethodInvocation.proceed(ReflectiveMethodInvocation.java:186)
	at org.springframework.aop.framework.JdkDynamicAopProxy.invoke(JdkDynamicAopProxy.java:212)
	at com.sun.proxy.$Proxy196.findAllByPrenomContainingIgnoringCaseOrNomContainingIgnoringCaseOrLoginContainingIgnoringCaseOrAdresseLibelleContainingIgnoringCase(Unknown Source)
	at sun.reflect.NativeMethodAccessorImpl.invoke0(Native Method)
	at sun.reflect.NativeMethodAccessorImpl.invoke(NativeMethodAccessorImpl.java:62)
	at sun.reflect.DelegatingMethodAccessorImpl.invoke(DelegatingMethodAccessorImpl.java:43)
	at java.lang.reflect.Method.invoke(Method.java:498)
	at org.springframework.aop.support.AopUtils.invokeJoinpointUsingReflection(AopUtils.java:344)
	at org.springframework.aop.framework.JdkDynamicAopProxy.invoke(JdkDynamicAopProxy.java:205)
	at com.sun.proxy.$Proxy94.findAllByPrenomContainingIgnoringCaseOrNomContainingIgnoringCaseOrLoginContainingIgnoringCaseOrAdresseLibelleContainingIgnoringCase(Unknown Source)
	at fr.dawan.AppliCFABack.services.UtilisateurServiceImpl.getAllUtilisateurs(UtilisateurServiceImpl.java:161)
	at fr.dawan.AppliCFABack.services.UtilisateurServiceImpl$$FastClassBySpringCGLIB$$7d195ba4.invoke(<generated>)
	at org.springframework.cglib.proxy.MethodProxy.invoke(MethodProxy.java:218)
	at org.springframework.aop.framework.CglibAopProxy$CglibMethodInvocation.invokeJoinpoint(CglibAopProxy.java:771)
	at org.springframework.aop.framework.ReflectiveMethodInvocation.proceed(ReflectiveMethodInvocation.java:163)
	at org.springframework.aop.framework.CglibAopProxy$CglibMethodInvocation.proceed(CglibAopProxy.java:749)
	at org.springframework.transaction.interceptor.TransactionAspectSupport.invokeWithinTransaction(TransactionAspectSupport.java:367)
	at org.springframework.transaction.interceptor.TransactionInterceptor.invoke(TransactionInterceptor.java:118)
	at org.springframework.aop.framework.ReflectiveMethodInvocation.proceed(ReflectiveMethodInvocation.java:186)
	at org.springframework.aop.framework.CglibAopProxy$CglibMethodInvocation.proceed(CglibAopProxy.java:749)
	at org.springframework.aop.framework.CglibAopProxy$DynamicAdvisedInterceptor.intercept(CglibAopProxy.java:691)
	at fr.dawan.AppliCFABack.services.UtilisateurServiceImpl$$EnhancerBySpringCGLIB$$33408035.getAllUtilisateurs(<generated>)
	at fr.dawan.AppliCFABack.controllers.UtilisateurController.getAllByPage(UtilisateurController.java:45)
	at sun.reflect.NativeMethodAccessorImpl.invoke0(Native Method)
	at sun.reflect.NativeMethodAccessorImpl.invoke(NativeMethodAccessorImpl.java:62)
	at sun.reflect.DelegatingMethodAccessorImpl.invoke(DelegatingMethodAccessorImpl.java:43)
	at java.lang.reflect.Method.invoke(Method.java:498)
	at org.springframework.web.method.support.InvocableHandlerMethod.doInvoke(InvocableHandlerMethod.java:190)
	at org.springframework.web.method.support.InvocableHandlerMethod.invokeForRequest(InvocableHandlerMethod.java:138)
	at org.springframework.web.servlet.mvc.method.annotation.ServletInvocableHandlerMethod.invokeAndHandle(ServletInvocableHandlerMethod.java:105)
	at org.springframework.web.servlet.mvc.method.annotation.RequestMappingHandlerAdapter.invokeHandlerMethod(RequestMappingHandlerAdapter.java:879)
	at org.springframework.web.servlet.mvc.method.annotation.RequestMappingHandlerAdapter.handleInternal(RequestMappingHandlerAdapter.java:793)
	at org.springframework.web.servlet.mvc.method.AbstractHandlerMethodAdapter.handle(AbstractHandlerMethodAdapter.java:87)
	at org.springframework.web.servlet.DispatcherServlet.doDispatch(DispatcherServlet.java:1040)
	at org.springframework.web.servlet.DispatcherServlet.doService(DispatcherServlet.java:943)
	at org.springframework.web.servlet.FrameworkServlet.processRequest(FrameworkServlet.java:1006)
	at org.springframework.web.servlet.FrameworkServlet.doGet(FrameworkServlet.java:898)
	at javax.servlet.http.HttpServlet.service(HttpServlet.java:634)
	at org.springframework.web.servlet.FrameworkServlet.service(FrameworkServlet.java:883)
	at javax.servlet.http.HttpServlet.service(HttpServlet.java:741)
	at org.apache.catalina.core.ApplicationFilterChain.internalDoFilter(ApplicationFilterChain.java:231)
	at org.apache.catalina.core.ApplicationFilterChain.doFilter(ApplicationFilterChain.java:166)
	at org.apache.tomcat.websocket.server.WsFilter.doFilter(WsFilter.java:53)
	at org.apache.catalina.core.ApplicationFilterChain.internalDoFilter(ApplicationFilterChain.java:193)
	at org.apache.catalina.core.ApplicationFilterChain.doFilter(ApplicationFilterChain.java:166)
	at org.springframework.web.servlet.resource.ResourceUrlEncodingFilter.doFilter(ResourceUrlEncodingFilter.java:64)
	at org.apache.catalina.core.ApplicationFilterChain.internalDoFilter(ApplicationFilterChain.java:193)
	at org.apache.catalina.core.ApplicationFilterChain.doFilter(ApplicationFilterChain.java:166)
	at org.springframework.web.filter.RequestContextFilter.doFilterInternal(RequestContextFilter.java:100)
	at org.springframework.web.filter.OncePerRequestFilter.doFilter(OncePerRequestFilter.java:119)
	at org.apache.catalina.core.ApplicationFilterChain.internalDoFilter(ApplicationFilterChain.java:193)
	at org.apache.catalina.core.ApplicationFilterChain.doFilter(ApplicationFilterChain.java:166)
	at org.springframework.web.filter.FormContentFilter.doFilterInternal(FormContentFilter.java:93)
	at org.springframework.web.filter.OncePerRequestFilter.doFilter(OncePerRequestFilter.java:119)
	at org.apache.catalina.core.ApplicationFilterChain.internalDoFilter(ApplicationFilterChain.java:193)
	at org.apache.catalina.core.ApplicationFilterChain.doFilter(ApplicationFilterChain.java:166)
	at org.springframework.boot.actuate.metrics.web.servlet.WebMvcMetricsFilter.doFilterInternal(WebMvcMetricsFilter.java:93)
	at org.springframework.web.filter.OncePerRequestFilter.doFilter(OncePerRequestFilter.java:119)
	at org.apache.catalina.core.ApplicationFilterChain.internalDoFilter(ApplicationFilterChain.java:193)
	at org.apache.catalina.core.ApplicationFilterChain.doFilter(ApplicationFilterChain.java:166)
	at org.springframework.web.filter.CharacterEncodingFilter.doFilterInternal(CharacterEncodingFilter.java:201)
	at org.springframework.web.filter.OncePerRequestFilter.doFilter(OncePerRequestFilter.java:119)
	at org.apache.catalina.core.ApplicationFilterChain.internalDoFilter(ApplicationFilterChain.java:193)
	at org.apache.catalina.core.ApplicationFilterChain.doFilter(ApplicationFilterChain.java:166)
	at org.apache.catalina.core.StandardWrapperValve.invoke(StandardWrapperValve.java:202)
	at org.apache.catalina.core.StandardContextValve.invoke(StandardContextValve.java:96)
	at org.apache.catalina.authenticator.AuthenticatorBase.invoke(AuthenticatorBase.java:541)
	at org.apache.catalina.core.StandardHostValve.invoke(StandardHostValve.java:139)
	at org.apache.catalina.valves.ErrorReportValve.invoke(ErrorReportValve.java:92)
	at org.apache.catalina.core.StandardEngineValve.invoke(StandardEngineValve.java:74)
	at org.apache.catalina.connector.CoyoteAdapter.service(CoyoteAdapter.java:343)
	at org.apache.coyote.http11.Http11Processor.service(Http11Processor.java:373)
	at org.apache.coyote.AbstractProcessorLight.process(AbstractProcessorLight.java:65)
	at org.apache.coyote.AbstractProtocol$ConnectionHandler.process(AbstractProtocol.java:868)
	at org.apache.tomcat.util.net.NioEndpoint$SocketProcessor.doRun(NioEndpoint.java:1590)
	at org.apache.tomcat.util.net.SocketProcessorBase.run(SocketProcessorBase.java:49)
	at java.util.concurrent.ThreadPoolExecutor.runWorker(ThreadPoolExecutor.java:1149)
	at java.util.concurrent.ThreadPoolExecutor$Worker.run(ThreadPoolExecutor.java:624)
	at org.apache.tomcat.util.threads.TaskThread$WrappingRunnable.run(TaskThread.java:61)
	at java.lang.Thread.run(Thread.java:748)
Caused by: org.hibernate.PropertyAccessException: Null value was assigned to a property [class fr.dawan.AppliCFABack.entities.Utilisateur.idDg2] of primitive type setter of fr.dawan.AppliCFABack.entities.Utilisateur.idDg2
	at org.hibernate.property.access.spi.SetterFieldImpl.set(SetterFieldImpl.java:58)
	at org.hibernate.tuple.entity.AbstractEntityTuplizer.setPropertyValues(AbstractEntityTuplizer.java:680)
	at org.hibernate.tuple.entity.PojoEntityTuplizer.setPropertyValues(PojoEntityTuplizer.java:144)
	at org.hibernate.persister.entity.AbstractEntityPersister.setPropertyValues(AbstractEntityPersister.java:5119)
	at org.hibernate.engine.internal.TwoPhaseLoad.doInitializeEntity(TwoPhaseLoad.java:253)
	at org.hibernate.engine.internal.TwoPhaseLoad.initializeEntity(TwoPhaseLoad.java:163)
	at org.hibernate.loader.Loader.initializeEntitiesAndCollections(Loader.java:1177)
	at org.hibernate.loader.Loader.processResultSet(Loader.java:1026)
	at org.hibernate.loader.Loader.doQuery(Loader.java:962)
	at org.hibernate.loader.Loader.doQueryAndInitializeNonLazyCollections(Loader.java:352)
	at org.hibernate.loader.Loader.doList(Loader.java:2831)
	at org.hibernate.loader.Loader.doList(Loader.java:2813)
	at org.hibernate.loader.Loader.listIgnoreQueryCache(Loader.java:2645)
	at org.hibernate.loader.Loader.list(Loader.java:2640)
	at org.hibernate.loader.hql.QueryLoader.list(QueryLoader.java:506)
	at org.hibernate.hql.internal.ast.QueryTranslatorImpl.list(QueryTranslatorImpl.java:400)
	at org.hibernate.engine.query.spi.HQLQueryPlan.performList(HQLQueryPlan.java:219)
	at org.hibernate.internal.SessionImpl.list(SessionImpl.java:1412)
	at org.hibernate.query.internal.AbstractProducedQuery.doList(AbstractProducedQuery.java:1565)
	at org.hibernate.query.internal.AbstractProducedQuery.list(AbstractProducedQuery.java:1533)
	at org.hibernate.query.Query.getResultList(Query.java:165)
	at org.hibernate.query.criteria.internal.compile.CriteriaQueryTypeQueryAdapter.getResultList(CriteriaQueryTypeQueryAdapter.java:76)
	at org.springframework.data.jpa.repository.query.JpaQueryExecution$PagedExecution.doExecute(JpaQueryExecution.java:177)
	at org.springframework.data.jpa.repository.query.JpaQueryExecution.execute(JpaQueryExecution.java:88)
	at org.springframework.data.jpa.repository.query.AbstractJpaQuery.doExecute(AbstractJpaQuery.java:154)
	at org.springframework.data.jpa.repository.query.AbstractJpaQuery.execute(AbstractJpaQuery.java:142)
	at org.springframework.data.repository.core.support.QueryExecutorMethodInterceptor$QueryMethodInvoker.invoke(QueryExecutorMethodInterceptor.java:195)
	at org.springframework.data.repository.core.support.QueryExecutorMethodInterceptor.doInvoke(QueryExecutorMethodInterceptor.java:152)
	at org.springframework.data.repository.core.support.QueryExecutorMethodInterceptor.invoke(QueryExecutorMethodInterceptor.java:130)
	at org.springframework.aop.framework.ReflectiveMethodInvocation.proceed(ReflectiveMethodInvocation.java:186)
	at org.springframework.data.projection.DefaultMethodInvokingMethodInterceptor.invoke(DefaultMethodInvokingMethodInterceptor.java:80)
	at org.springframework.aop.framework.ReflectiveMethodInvocation.proceed(ReflectiveMethodInvocation.java:186)
	at org.springframework.transaction.interceptor.TransactionAspectSupport.invokeWithinTransaction(TransactionAspectSupport.java:367)
	at org.springframework.transaction.interceptor.TransactionInterceptor.invoke(TransactionInterceptor.java:118)
	at org.springframework.aop.framework.ReflectiveMethodInvocation.proceed(ReflectiveMethodInvocation.java:186)
	at org.springframework.dao.support.PersistenceExceptionTranslationInterceptor.invoke(PersistenceExceptionTranslationInterceptor.java:139)
	... 84 more
Caused by: java.lang.IllegalArgumentException: Can not set long field fr.dawan.AppliCFABack.entities.Utilisateur.idDg2 to null value
	at sun.reflect.UnsafeFieldAccessorImpl.throwSetIllegalArgumentException(UnsafeFieldAccessorImpl.java:167)
	at sun.reflect.UnsafeFieldAccessorImpl.throwSetIllegalArgumentException(UnsafeFieldAccessorImpl.java:171)
	at sun.reflect.UnsafeLongFieldAccessorImpl.set(UnsafeLongFieldAccessorImpl.java:80)
	at java.lang.reflect.Field.set(Field.java:764)
	at org.hibernate.property.access.spi.SetterFieldImpl.set(SetterFieldImpl.java:52)
	... 119 more

2022-10-14 18:36:12.759  INFO 13840 --- [RMI TCP Connection(344)-127.0.0.1] inMXBeanRegistrar$SpringApplicationAdmin : Application shutdown requested.
2022-10-14 18:36:13.078  INFO 13840 --- [RMI TCP Connection(344)-127.0.0.1] j.LocalContainerEntityManagerFactoryBean : Closing JPA EntityManagerFactory for persistence unit 'default'
2022-10-14 18:36:13.080  INFO 13840 --- [RMI TCP Connection(344)-127.0.0.1] o.s.s.concurrent.ThreadPoolTaskExecutor  : Shutting down ExecutorService 'applicationTaskExecutor'
2022-10-14 18:36:13.080  INFO 13840 --- [RMI TCP Connection(344)-127.0.0.1] com.zaxxer.hikari.HikariDataSource       : HikariPool-1 - Shutdown initiated...
2022-10-14 18:36:13.084  INFO 13840 --- [RMI TCP Connection(344)-127.0.0.1] com.zaxxer.hikari.HikariDataSource       : HikariPool-1 - Shutdown completed.
