2022-11-27 11:38:20.350  INFO 11908 --- [main] f.d.A.AppliCfaBackApplication            : Starting AppliCfaBackApplication on PG77700-BJLMHX2 with PID 11908 (C:\Users\Admin stagiaire.DESKTOP-8967908\Desktop\cfa-portal-api\target\classes started by Admin stagiaire in C:\Users\Admin stagiaire.DESKTOP-8967908\Desktop\cfa-portal-api)
2022-11-27 11:38:20.354  INFO 11908 --- [main] f.d.A.AppliCfaBackApplication            : No active profile set, falling back to default profiles: default
2022-11-27 11:38:21.341  INFO 11908 --- [main] .s.d.r.c.RepositoryConfigurationDelegate : Bootstrapping Spring Data JPA repositories in DEFERRED mode.
2022-11-27 11:38:21.548  INFO 11908 --- [main] .s.d.r.c.RepositoryConfigurationDelegate : Finished Spring Data repository scanning in 197ms. Found 36 JPA repository interfaces.
2022-11-27 11:38:22.074  INFO 11908 --- [main] o.s.b.w.embedded.tomcat.TomcatWebServer  : Tomcat initialized with port(s): 8085 (http)
2022-11-27 11:38:22.082  INFO 11908 --- [main] o.apache.catalina.core.StandardService   : Starting service [Tomcat]
2022-11-27 11:38:22.082  INFO 11908 --- [main] org.apache.catalina.core.StandardEngine  : Starting Servlet engine: [Apache Tomcat/9.0.36]
2022-11-27 11:38:22.226  INFO 11908 --- [main] o.a.c.c.C.[Tomcat].[localhost].[/]       : Initializing Spring embedded WebApplicationContext
2022-11-27 11:38:22.226  INFO 11908 --- [main] w.s.c.ServletWebServerApplicationContext : Root WebApplicationContext: initialization completed in 1840 ms
2022-11-27 11:38:22.424  INFO 11908 --- [main] o.s.s.concurrent.ThreadPoolTaskExecutor  : Initializing ExecutorService 'applicationTaskExecutor'
2022-11-27 11:38:22.500  INFO 11908 --- [task-1] o.hibernate.jpa.internal.util.LogHelper  : HHH000204: Processing PersistenceUnitInfo [name: default]
2022-11-27 11:38:22.567  INFO 11908 --- [task-1] org.hibernate.Version                    : HHH000412: Hibernate ORM core version 5.4.17.Final
2022-11-27 11:38:22.728  INFO 11908 --- [task-1] o.hibernate.annotations.common.Version   : HCANN000001: Hibernate Commons Annotations {5.1.0.Final}
2022-11-27 11:38:22.834  INFO 11908 --- [task-1] com.zaxxer.hikari.HikariDataSource       : HikariPool-1 - Starting...
2022-11-27 11:38:22.919  INFO 11908 --- [task-1] com.zaxxer.hikari.HikariDataSource       : HikariPool-1 - Start completed.
2022-11-27 11:38:22.939  INFO 11908 --- [task-1] org.hibernate.dialect.Dialect            : HHH000400: Using dialect: org.hibernate.dialect.MariaDBDialect
2022-11-27 11:38:23.012  WARN 11908 --- [main] JpaBaseConfiguration$JpaWebConfiguration : spring.jpa.open-in-view is enabled by default. Therefore, database queries may be performed during view rendering. Explicitly configure spring.jpa.open-in-view to disable this warning
2022-11-27 11:38:24.490  INFO 11908 --- [task-1] o.h.e.t.j.p.i.JtaPlatformInitiator       : HHH000490: Using JtaPlatform implementation: [org.hibernate.engine.transaction.jta.platform.internal.NoJtaPlatform]
2022-11-27 11:38:24.496  INFO 11908 --- [task-1] j.LocalContainerEntityManagerFactoryBean : Initialized JPA EntityManagerFactory for persistence unit 'default'
2022-11-27 11:38:24.617  INFO 11908 --- [main] o.s.b.w.embedded.tomcat.TomcatWebServer  : Tomcat started on port(s): 8085 (http) with context path ''
2022-11-27 11:38:24.676  INFO 11908 --- [main] o.s.b.w.embedded.tomcat.TomcatWebServer  : Tomcat initialized with port(s): 8086 (http)
2022-11-27 11:38:24.677  INFO 11908 --- [main] o.apache.catalina.core.StandardService   : Starting service [Tomcat]
2022-11-27 11:38:24.677  INFO 11908 --- [main] org.apache.catalina.core.StandardEngine  : Starting Servlet engine: [Apache Tomcat/9.0.36]
2022-11-27 11:38:24.708  INFO 11908 --- [main] o.a.c.c.C.[Tomcat-1].[localhost].[/]     : Initializing Spring embedded WebApplicationContext
2022-11-27 11:38:24.708  INFO 11908 --- [main] w.s.c.ServletWebServerApplicationContext : Root WebApplicationContext: initialization completed in 88 ms
2022-11-27 11:38:24.719  INFO 11908 --- [main] o.s.b.a.e.web.EndpointLinksResolver      : Exposing 14 endpoint(s) beneath base path '/actuator'
2022-11-27 11:38:24.939  INFO 11908 --- [main] o.s.b.w.embedded.tomcat.TomcatWebServer  : Tomcat started on port(s): 8086 (http) with context path ''
2022-11-27 11:38:24.940  INFO 11908 --- [main] DeferredRepositoryInitializationListener : Triggering deferred initialization of Spring Data repositories…
2022-11-27 11:38:26.017  INFO 11908 --- [main] DeferredRepositoryInitializationListener : Spring Data repositories initialized!
2022-11-27 11:38:26.019  INFO 11908 --- [main] DeferredRepositoryInitializationListener : Triggering deferred initialization of Spring Data repositories…
2022-11-27 11:38:26.019  INFO 11908 --- [main] DeferredRepositoryInitializationListener : Spring Data repositories initialized!
2022-11-27 11:38:26.020  INFO 11908 --- [RMI TCP Connection(3)-127.0.0.1] o.a.c.c.C.[Tomcat].[localhost].[/]       : Initializing Spring DispatcherServlet 'dispatcherServlet'
2022-11-27 11:38:26.020  INFO 11908 --- [RMI TCP Connection(3)-127.0.0.1] o.s.web.servlet.DispatcherServlet        : Initializing Servlet 'dispatcherServlet'
2022-11-27 11:38:26.021  INFO 11908 --- [main] f.d.A.AppliCfaBackApplication            : Started AppliCfaBackApplication in 5.907 seconds (JVM running for 6.637)
2022-11-27 11:38:26.026  INFO 11908 --- [RMI TCP Connection(3)-127.0.0.1] o.s.web.servlet.DispatcherServlet        : Completed initialization in 5 ms
2022-11-27 11:58:32.658  WARN 11908 --- [HikariPool-1 housekeeper] com.zaxxer.hikari.pool.HikariPool        : HikariPool-1 - Thread starvation or clock leap detected (housekeeper delta=5m39s406ms385µs700ns).
2022-11-27 12:55:26.111  WARN 11908 --- [HikariPool-1 housekeeper] com.zaxxer.hikari.pool.HikariPool        : HikariPool-1 - Thread starvation or clock leap detected (housekeeper delta=45m53s249ms52µs).
2022-11-27 13:35:23.712  WARN 11908 --- [HikariPool-1 housekeeper] com.zaxxer.hikari.pool.HikariPool        : HikariPool-1 - Thread starvation or clock leap detected (housekeeper delta=35m27s500ms728µs600ns).
2022-11-27 15:13:14.166  WARN 11908 --- [HikariPool-1 housekeeper] com.zaxxer.hikari.pool.HikariPool        : HikariPool-1 - Thread starvation or clock leap detected (housekeeper delta=1h37m50s454ms445µs800ns).
2022-11-27 16:30:24.384  WARN 11908 --- [HikariPool-1 housekeeper] com.zaxxer.hikari.pool.HikariPool        : HikariPool-1 - Thread starvation or clock leap detected (housekeeper delta=18m9s337ms714µs301ns).
2022-11-27 18:13:55.049  WARN 11908 --- [HikariPool-1 housekeeper] com.zaxxer.hikari.pool.HikariPool        : HikariPool-1 - Thread starvation or clock leap detected (housekeeper delta=1h21ms615µs100ns).
2022-11-27 23:22:32.943  WARN 11908 --- [HikariPool-1 housekeeper] com.zaxxer.hikari.pool.HikariPool        : HikariPool-1 - Thread starvation or clock leap detected (housekeeper delta=5h8m37s893ms952µs700ns).
