2022-11-24 09:21:54.659  INFO 24028 --- [main] f.d.A.AppliCfaBackApplication            : Starting AppliCfaBackApplication on P7730-69C6 with PID 24028 (C:\CODE BACK\cfa-portal-api\target\classes started by Admin-Stagiaire in C:\CODE BACK\cfa-portal-api)
2022-11-24 09:21:54.662  INFO 24028 --- [main] f.d.A.AppliCfaBackApplication            : No active profile set, falling back to default profiles: default
2022-11-24 09:21:55.839  INFO 24028 --- [main] .s.d.r.c.RepositoryConfigurationDelegate : Bootstrapping Spring Data JPA repositories in DEFERRED mode.
2022-11-24 09:21:56.061  INFO 24028 --- [main] .s.d.r.c.RepositoryConfigurationDelegate : Finished Spring Data repository scanning in 214ms. Found 36 JPA repository interfaces.
2022-11-24 09:21:56.586  INFO 24028 --- [main] o.s.b.w.embedded.tomcat.TomcatWebServer  : Tomcat initialized with port(s): 8080 (http)
2022-11-24 09:21:56.631  INFO 24028 --- [main] o.apache.catalina.core.StandardService   : Starting service [Tomcat]
2022-11-24 09:21:56.632  INFO 24028 --- [main] org.apache.catalina.core.StandardEngine  : Starting Servlet engine: [Apache Tomcat/9.0.36]
2022-11-24 09:21:56.771  INFO 24028 --- [main] o.a.c.c.C.[Tomcat].[localhost].[/]       : Initializing Spring embedded WebApplicationContext
2022-11-24 09:21:56.771  INFO 24028 --- [main] w.s.c.ServletWebServerApplicationContext : Root WebApplicationContext: initialization completed in 2069 ms
2022-11-24 09:21:57.027  INFO 24028 --- [main] o.s.s.concurrent.ThreadPoolTaskExecutor  : Initializing ExecutorService 'applicationTaskExecutor'
2022-11-24 09:21:57.096  INFO 24028 --- [task-1] o.hibernate.jpa.internal.util.LogHelper  : HHH000204: Processing PersistenceUnitInfo [name: default]
2022-11-24 09:21:57.163  INFO 24028 --- [task-1] org.hibernate.Version                    : HHH000412: Hibernate ORM core version 5.4.17.Final
2022-11-24 09:21:57.342  INFO 24028 --- [task-1] o.hibernate.annotations.common.Version   : HCANN000001: Hibernate Commons Annotations {5.1.0.Final}
2022-11-24 09:21:57.460  INFO 24028 --- [task-1] com.zaxxer.hikari.HikariDataSource       : HikariPool-1 - Starting...
2022-11-24 09:21:57.536  INFO 24028 --- [task-1] com.zaxxer.hikari.HikariDataSource       : HikariPool-1 - Start completed.
2022-11-24 09:21:57.557  INFO 24028 --- [task-1] org.hibernate.dialect.Dialect            : HHH000400: Using dialect: org.hibernate.dialect.MariaDBDialect
2022-11-24 09:21:57.648  WARN 24028 --- [main] JpaBaseConfiguration$JpaWebConfiguration : spring.jpa.open-in-view is enabled by default. Therefore, database queries may be performed during view rendering. Explicitly configure spring.jpa.open-in-view to disable this warning
2022-11-24 09:21:59.090  INFO 24028 --- [task-1] o.h.e.t.j.p.i.JtaPlatformInitiator       : HHH000490: Using JtaPlatform implementation: [org.hibernate.engine.transaction.jta.platform.internal.NoJtaPlatform]
2022-11-24 09:21:59.097  INFO 24028 --- [task-1] j.LocalContainerEntityManagerFactoryBean : Initialized JPA EntityManagerFactory for persistence unit 'default'
2022-11-24 09:21:59.190  INFO 24028 --- [main] o.s.b.w.embedded.tomcat.TomcatWebServer  : Tomcat started on port(s): 8080 (http) with context path ''
2022-11-24 09:21:59.251  INFO 24028 --- [main] o.s.b.w.embedded.tomcat.TomcatWebServer  : Tomcat initialized with port(s): 8086 (http)
2022-11-24 09:21:59.251  INFO 24028 --- [main] o.apache.catalina.core.StandardService   : Starting service [Tomcat]
2022-11-24 09:21:59.251  INFO 24028 --- [main] org.apache.catalina.core.StandardEngine  : Starting Servlet engine: [Apache Tomcat/9.0.36]
2022-11-24 09:21:59.271  INFO 24028 --- [main] o.a.c.c.C.[Tomcat-1].[localhost].[/]     : Initializing Spring embedded WebApplicationContext
2022-11-24 09:21:59.271  INFO 24028 --- [main] w.s.c.ServletWebServerApplicationContext : Root WebApplicationContext: initialization completed in 77 ms
2022-11-24 09:21:59.282  INFO 24028 --- [main] o.s.b.a.e.web.EndpointLinksResolver      : Exposing 14 endpoint(s) beneath base path '/actuator'
2022-11-24 09:21:59.486  INFO 24028 --- [main] o.s.b.w.embedded.tomcat.TomcatWebServer  : Tomcat started on port(s): 8086 (http) with context path ''
2022-11-24 09:21:59.487  INFO 24028 --- [main] DeferredRepositoryInitializationListener : Triggering deferred initialization of Spring Data repositories…
2022-11-24 09:22:00.418  INFO 24028 --- [RMI TCP Connection(4)-127.0.0.1] o.a.c.c.C.[Tomcat].[localhost].[/]       : Initializing Spring DispatcherServlet 'dispatcherServlet'
2022-11-24 09:22:00.419  INFO 24028 --- [RMI TCP Connection(4)-127.0.0.1] o.s.web.servlet.DispatcherServlet        : Initializing Servlet 'dispatcherServlet'
2022-11-24 09:22:00.437  INFO 24028 --- [RMI TCP Connection(4)-127.0.0.1] o.s.web.servlet.DispatcherServlet        : Completed initialization in 6 ms
2022-11-24 09:22:00.455  INFO 24028 --- [main] DeferredRepositoryInitializationListener : Spring Data repositories initialized!
2022-11-24 09:22:00.456  INFO 24028 --- [main] DeferredRepositoryInitializationListener : Triggering deferred initialization of Spring Data repositories…
2022-11-24 09:22:00.456  INFO 24028 --- [main] DeferredRepositoryInitializationListener : Spring Data repositories initialized!
2022-11-24 09:22:00.457  INFO 24028 --- [main] f.d.A.AppliCfaBackApplication            : Started AppliCfaBackApplication in 6.107 seconds (JVM running for 6.91)
2022-11-24 10:48:19.091  INFO 24028 --- [RMI TCP Connection(92)-127.0.0.1] inMXBeanRegistrar$SpringApplicationAdmin : Application shutdown requested.
2022-11-24 10:48:19.524  INFO 24028 --- [RMI TCP Connection(92)-127.0.0.1] j.LocalContainerEntityManagerFactoryBean : Closing JPA EntityManagerFactory for persistence unit 'default'
2022-11-24 10:48:19.526  INFO 24028 --- [RMI TCP Connection(92)-127.0.0.1] o.s.s.concurrent.ThreadPoolTaskExecutor  : Shutting down ExecutorService 'applicationTaskExecutor'
2022-11-24 10:48:19.526  INFO 24028 --- [RMI TCP Connection(92)-127.0.0.1] com.zaxxer.hikari.HikariDataSource       : HikariPool-1 - Shutdown initiated...
2022-11-24 10:48:19.532  INFO 24028 --- [RMI TCP Connection(92)-127.0.0.1] com.zaxxer.hikari.HikariDataSource       : HikariPool-1 - Shutdown completed.
2022-11-24 10:52:36.711  INFO 6588 --- [main] f.d.A.AppliCfaBackApplication            : Starting AppliCfaBackApplication on P7730-69C6 with PID 6588 (C:\CODE BACK\cfa-portal-api\target\classes started by Admin-Stagiaire in C:\CODE BACK\cfa-portal-api)
2022-11-24 10:52:36.714  INFO 6588 --- [main] f.d.A.AppliCfaBackApplication            : No active profile set, falling back to default profiles: default
2022-11-24 10:52:37.651  INFO 6588 --- [main] .s.d.r.c.RepositoryConfigurationDelegate : Bootstrapping Spring Data JPA repositories in DEFERRED mode.
2022-11-24 10:52:37.850  INFO 6588 --- [main] .s.d.r.c.RepositoryConfigurationDelegate : Finished Spring Data repository scanning in 193ms. Found 36 JPA repository interfaces.
2022-11-24 10:52:38.319  INFO 6588 --- [main] o.s.b.w.embedded.tomcat.TomcatWebServer  : Tomcat initialized with port(s): 8080 (http)
2022-11-24 10:52:38.361  INFO 6588 --- [main] o.apache.catalina.core.StandardService   : Starting service [Tomcat]
2022-11-24 10:52:38.361  INFO 6588 --- [main] org.apache.catalina.core.StandardEngine  : Starting Servlet engine: [Apache Tomcat/9.0.36]
2022-11-24 10:52:38.459  INFO 6588 --- [main] o.a.c.c.C.[Tomcat].[localhost].[/]       : Initializing Spring embedded WebApplicationContext
2022-11-24 10:52:38.459  INFO 6588 --- [main] w.s.c.ServletWebServerApplicationContext : Root WebApplicationContext: initialization completed in 1685 ms
2022-11-24 10:52:38.651  INFO 6588 --- [main] o.s.s.concurrent.ThreadPoolTaskExecutor  : Initializing ExecutorService 'applicationTaskExecutor'
2022-11-24 10:52:38.711  INFO 6588 --- [task-1] o.hibernate.jpa.internal.util.LogHelper  : HHH000204: Processing PersistenceUnitInfo [name: default]
2022-11-24 10:52:38.758  INFO 6588 --- [task-1] org.hibernate.Version                    : HHH000412: Hibernate ORM core version 5.4.17.Final
2022-11-24 10:52:38.881  INFO 6588 --- [task-1] o.hibernate.annotations.common.Version   : HCANN000001: Hibernate Commons Annotations {5.1.0.Final}
2022-11-24 10:52:38.975  INFO 6588 --- [task-1] com.zaxxer.hikari.HikariDataSource       : HikariPool-1 - Starting...
2022-11-24 10:52:39.024  INFO 6588 --- [task-1] com.zaxxer.hikari.HikariDataSource       : HikariPool-1 - Start completed.
2022-11-24 10:52:39.041  INFO 6588 --- [task-1] org.hibernate.dialect.Dialect            : HHH000400: Using dialect: org.hibernate.dialect.MariaDBDialect
2022-11-24 10:52:39.211  WARN 6588 --- [main] JpaBaseConfiguration$JpaWebConfiguration : spring.jpa.open-in-view is enabled by default. Therefore, database queries may be performed during view rendering. Explicitly configure spring.jpa.open-in-view to disable this warning
2022-11-24 10:52:40.544  INFO 6588 --- [task-1] o.h.e.t.j.p.i.JtaPlatformInitiator       : HHH000490: Using JtaPlatform implementation: [org.hibernate.engine.transaction.jta.platform.internal.NoJtaPlatform]
2022-11-24 10:52:40.550  INFO 6588 --- [task-1] j.LocalContainerEntityManagerFactoryBean : Initialized JPA EntityManagerFactory for persistence unit 'default'
2022-11-24 10:52:40.631  INFO 6588 --- [main] o.s.b.w.embedded.tomcat.TomcatWebServer  : Tomcat started on port(s): 8080 (http) with context path ''
2022-11-24 10:52:40.690  INFO 6588 --- [main] o.s.b.w.embedded.tomcat.TomcatWebServer  : Tomcat initialized with port(s): 8086 (http)
2022-11-24 10:52:40.690  INFO 6588 --- [main] o.apache.catalina.core.StandardService   : Starting service [Tomcat]
2022-11-24 10:52:40.690  INFO 6588 --- [main] org.apache.catalina.core.StandardEngine  : Starting Servlet engine: [Apache Tomcat/9.0.36]
2022-11-24 10:52:40.713  INFO 6588 --- [main] o.a.c.c.C.[Tomcat-1].[localhost].[/]     : Initializing Spring embedded WebApplicationContext
2022-11-24 10:52:40.713  INFO 6588 --- [main] w.s.c.ServletWebServerApplicationContext : Root WebApplicationContext: initialization completed in 79 ms
2022-11-24 10:52:40.722  INFO 6588 --- [main] o.s.b.a.e.web.EndpointLinksResolver      : Exposing 14 endpoint(s) beneath base path '/actuator'
2022-11-24 10:52:40.922  INFO 6588 --- [main] o.s.b.w.embedded.tomcat.TomcatWebServer  : Tomcat started on port(s): 8086 (http) with context path ''
2022-11-24 10:52:40.923  INFO 6588 --- [main] DeferredRepositoryInitializationListener : Triggering deferred initialization of Spring Data repositories…
2022-11-24 10:52:41.874  INFO 6588 --- [main] DeferredRepositoryInitializationListener : Spring Data repositories initialized!
2022-11-24 10:52:41.876  INFO 6588 --- [main] DeferredRepositoryInitializationListener : Triggering deferred initialization of Spring Data repositories…
2022-11-24 10:52:41.876  INFO 6588 --- [main] DeferredRepositoryInitializationListener : Spring Data repositories initialized!
2022-11-24 10:52:41.883  INFO 6588 --- [main] f.d.A.AppliCfaBackApplication            : Started AppliCfaBackApplication in 5.42 seconds (JVM running for 6.213)
2022-11-24 10:52:42.411  INFO 6588 --- [RMI TCP Connection(1)-127.0.0.1] o.a.c.c.C.[Tomcat].[localhost].[/]       : Initializing Spring DispatcherServlet 'dispatcherServlet'
2022-11-24 10:52:42.411  INFO 6588 --- [RMI TCP Connection(1)-127.0.0.1] o.s.web.servlet.DispatcherServlet        : Initializing Servlet 'dispatcherServlet'
2022-11-24 10:52:42.416  INFO 6588 --- [RMI TCP Connection(1)-127.0.0.1] o.s.web.servlet.DispatcherServlet        : Completed initialization in 5 ms
2022-11-24 11:06:32.186  INFO 6588 --- [RMI TCP Connection(18)-127.0.0.1] inMXBeanRegistrar$SpringApplicationAdmin : Application shutdown requested.
2022-11-24 11:06:32.617  INFO 6588 --- [RMI TCP Connection(18)-127.0.0.1] j.LocalContainerEntityManagerFactoryBean : Closing JPA EntityManagerFactory for persistence unit 'default'
2022-11-24 11:06:32.619  INFO 6588 --- [RMI TCP Connection(18)-127.0.0.1] o.s.s.concurrent.ThreadPoolTaskExecutor  : Shutting down ExecutorService 'applicationTaskExecutor'
2022-11-24 11:06:32.619  INFO 6588 --- [RMI TCP Connection(18)-127.0.0.1] com.zaxxer.hikari.HikariDataSource       : HikariPool-1 - Shutdown initiated...
2022-11-24 11:06:32.622  INFO 6588 --- [RMI TCP Connection(18)-127.0.0.1] com.zaxxer.hikari.HikariDataSource       : HikariPool-1 - Shutdown completed.
2022-11-24 11:06:36.931  INFO 14916 --- [main] f.d.A.AppliCfaBackApplication            : Starting AppliCfaBackApplication on P7730-69C6 with PID 14916 (C:\CODE BACK\cfa-portal-api\target\classes started by Admin-Stagiaire in C:\CODE BACK\cfa-portal-api)
2022-11-24 11:06:36.933  INFO 14916 --- [main] f.d.A.AppliCfaBackApplication            : No active profile set, falling back to default profiles: default
2022-11-24 11:06:37.931  INFO 14916 --- [main] .s.d.r.c.RepositoryConfigurationDelegate : Bootstrapping Spring Data JPA repositories in DEFERRED mode.
2022-11-24 11:06:38.152  INFO 14916 --- [main] .s.d.r.c.RepositoryConfigurationDelegate : Finished Spring Data repository scanning in 213ms. Found 36 JPA repository interfaces.
2022-11-24 11:06:38.620  INFO 14916 --- [main] o.s.b.w.embedded.tomcat.TomcatWebServer  : Tomcat initialized with port(s): 8080 (http)
2022-11-24 11:06:38.631  INFO 14916 --- [main] o.apache.catalina.core.StandardService   : Starting service [Tomcat]
2022-11-24 11:06:38.632  INFO 14916 --- [main] org.apache.catalina.core.StandardEngine  : Starting Servlet engine: [Apache Tomcat/9.0.36]
2022-11-24 11:06:38.800  INFO 14916 --- [main] o.a.c.c.C.[Tomcat].[localhost].[/]       : Initializing Spring embedded WebApplicationContext
2022-11-24 11:06:38.801  INFO 14916 --- [main] w.s.c.ServletWebServerApplicationContext : Root WebApplicationContext: initialization completed in 1835 ms
2022-11-24 11:06:39.001  INFO 14916 --- [main] o.s.s.concurrent.ThreadPoolTaskExecutor  : Initializing ExecutorService 'applicationTaskExecutor'
2022-11-24 11:06:39.061  INFO 14916 --- [task-1] o.hibernate.jpa.internal.util.LogHelper  : HHH000204: Processing PersistenceUnitInfo [name: default]
2022-11-24 11:06:39.115  INFO 14916 --- [task-1] org.hibernate.Version                    : HHH000412: Hibernate ORM core version 5.4.17.Final
2022-11-24 11:06:39.244  INFO 14916 --- [task-1] o.hibernate.annotations.common.Version   : HCANN000001: Hibernate Commons Annotations {5.1.0.Final}
2022-11-24 11:06:39.340  INFO 14916 --- [task-1] com.zaxxer.hikari.HikariDataSource       : HikariPool-1 - Starting...
2022-11-24 11:06:39.393  INFO 14916 --- [task-1] com.zaxxer.hikari.HikariDataSource       : HikariPool-1 - Start completed.
2022-11-24 11:06:39.411  INFO 14916 --- [task-1] org.hibernate.dialect.Dialect            : HHH000400: Using dialect: org.hibernate.dialect.MariaDBDialect
2022-11-24 11:06:39.584  WARN 14916 --- [main] JpaBaseConfiguration$JpaWebConfiguration : spring.jpa.open-in-view is enabled by default. Therefore, database queries may be performed during view rendering. Explicitly configure spring.jpa.open-in-view to disable this warning
2022-11-24 11:06:40.948  INFO 14916 --- [task-1] o.h.e.t.j.p.i.JtaPlatformInitiator       : HHH000490: Using JtaPlatform implementation: [org.hibernate.engine.transaction.jta.platform.internal.NoJtaPlatform]
2022-11-24 11:06:40.954  INFO 14916 --- [task-1] j.LocalContainerEntityManagerFactoryBean : Initialized JPA EntityManagerFactory for persistence unit 'default'
2022-11-24 11:06:41.030  INFO 14916 --- [main] o.s.b.w.embedded.tomcat.TomcatWebServer  : Tomcat started on port(s): 8080 (http) with context path ''
2022-11-24 11:06:41.108  INFO 14916 --- [main] o.s.b.w.embedded.tomcat.TomcatWebServer  : Tomcat initialized with port(s): 8086 (http)
2022-11-24 11:06:41.109  INFO 14916 --- [main] o.apache.catalina.core.StandardService   : Starting service [Tomcat]
2022-11-24 11:06:41.109  INFO 14916 --- [main] org.apache.catalina.core.StandardEngine  : Starting Servlet engine: [Apache Tomcat/9.0.36]
2022-11-24 11:06:41.135  INFO 14916 --- [main] o.a.c.c.C.[Tomcat-1].[localhost].[/]     : Initializing Spring embedded WebApplicationContext
2022-11-24 11:06:41.135  INFO 14916 --- [main] w.s.c.ServletWebServerApplicationContext : Root WebApplicationContext: initialization completed in 102 ms
2022-11-24 11:06:41.146  INFO 14916 --- [main] o.s.b.a.e.web.EndpointLinksResolver      : Exposing 14 endpoint(s) beneath base path '/actuator'
2022-11-24 11:06:41.374  INFO 14916 --- [main] o.s.b.w.embedded.tomcat.TomcatWebServer  : Tomcat started on port(s): 8086 (http) with context path ''
2022-11-24 11:06:41.374  INFO 14916 --- [main] DeferredRepositoryInitializationListener : Triggering deferred initialization of Spring Data repositories…
2022-11-24 11:06:41.407  INFO 14916 --- [http-nio-8080-exec-1] o.a.c.c.C.[Tomcat].[localhost].[/]       : Initializing Spring DispatcherServlet 'dispatcherServlet'
2022-11-24 11:06:41.407  INFO 14916 --- [http-nio-8080-exec-1] o.s.web.servlet.DispatcherServlet        : Initializing Servlet 'dispatcherServlet'
2022-11-24 11:06:42.436  INFO 14916 --- [main] DeferredRepositoryInitializationListener : Spring Data repositories initialized!
2022-11-24 11:06:42.438  INFO 14916 --- [main] DeferredRepositoryInitializationListener : Triggering deferred initialization of Spring Data repositories…
2022-11-24 11:06:42.438  INFO 14916 --- [main] DeferredRepositoryInitializationListener : Spring Data repositories initialized!
2022-11-24 11:06:42.439  INFO 14916 --- [http-nio-8080-exec-1] o.s.web.servlet.DispatcherServlet        : Completed initialization in 1032 ms
2022-11-24 11:06:42.448  INFO 14916 --- [main] f.d.A.AppliCfaBackApplication            : Started AppliCfaBackApplication in 5.794 seconds (JVM running for 6.612)
2022-11-24 17:28:04.948  INFO 14916 --- [RMI TCP Connection(386)-127.0.0.1] inMXBeanRegistrar$SpringApplicationAdmin : Application shutdown requested.
2022-11-24 17:28:05.367  INFO 14916 --- [RMI TCP Connection(386)-127.0.0.1] j.LocalContainerEntityManagerFactoryBean : Closing JPA EntityManagerFactory for persistence unit 'default'
2022-11-24 17:28:05.369  INFO 14916 --- [RMI TCP Connection(386)-127.0.0.1] o.s.s.concurrent.ThreadPoolTaskExecutor  : Shutting down ExecutorService 'applicationTaskExecutor'
2022-11-24 17:28:05.370  INFO 14916 --- [RMI TCP Connection(386)-127.0.0.1] com.zaxxer.hikari.HikariDataSource       : HikariPool-1 - Shutdown initiated...
2022-11-24 17:28:05.375  INFO 14916 --- [RMI TCP Connection(386)-127.0.0.1] com.zaxxer.hikari.HikariDataSource       : HikariPool-1 - Shutdown completed.
