2022-07-13 12:05:58.657  INFO 13048 --- [main] f.d.A.AppliCfaBackApplication            : Starting AppliCfaBackApplication on HPZF17G7-QNG with PID 13048 (C:\Users\Stagiaire\Desktop\cfa-portal-api\target\classes started by Stagiaire in C:\Users\Stagiaire\Desktop\cfa-portal-api)
2022-07-13 12:05:58.660  INFO 13048 --- [main] f.d.A.AppliCfaBackApplication            : No active profile set, falling back to default profiles: default
2022-07-13 12:05:59.494  INFO 13048 --- [main] .s.d.r.c.RepositoryConfigurationDelegate : Bootstrapping Spring Data JPA repositories in DEFERRED mode.
2022-07-13 12:05:59.687  INFO 13048 --- [main] .s.d.r.c.RepositoryConfigurationDelegate : Finished Spring Data repository scanning in 185ms. Found 36 JPA repository interfaces.
2022-07-13 12:06:00.034  INFO 13048 --- [main] o.s.b.w.embedded.tomcat.TomcatWebServer  : Tomcat initialized with port(s): 8085 (http)
2022-07-13 12:06:00.039  INFO 13048 --- [main] o.apache.catalina.core.StandardService   : Starting service [Tomcat]
2022-07-13 12:06:00.040  INFO 13048 --- [main] org.apache.catalina.core.StandardEngine  : Starting Servlet engine: [Apache Tomcat/9.0.36]
2022-07-13 12:06:00.115  INFO 13048 --- [main] o.a.c.c.C.[Tomcat].[localhost].[/]       : Initializing Spring embedded WebApplicationContext
2022-07-13 12:06:00.115  INFO 13048 --- [main] w.s.c.ServletWebServerApplicationContext : Root WebApplicationContext: initialization completed in 1432 ms
2022-07-13 12:06:00.285  INFO 13048 --- [main] o.s.s.concurrent.ThreadPoolTaskExecutor  : Initializing ExecutorService 'applicationTaskExecutor'
2022-07-13 12:06:00.336  INFO 13048 --- [task-1] o.hibernate.jpa.internal.util.LogHelper  : HHH000204: Processing PersistenceUnitInfo [name: default]
2022-07-13 12:06:00.394  INFO 13048 --- [task-1] org.hibernate.Version                    : HHH000412: Hibernate ORM core version 5.4.17.Final
2022-07-13 12:06:00.486  INFO 13048 --- [task-1] o.hibernate.annotations.common.Version   : HCANN000001: Hibernate Commons Annotations {5.1.0.Final}
2022-07-13 12:06:00.558  INFO 13048 --- [task-1] com.zaxxer.hikari.HikariDataSource       : HikariPool-1 - Starting...
2022-07-13 12:06:00.596  INFO 13048 --- [task-1] com.zaxxer.hikari.HikariDataSource       : HikariPool-1 - Start completed.
2022-07-13 12:06:00.606  INFO 13048 --- [task-1] org.hibernate.dialect.Dialect            : HHH000400: Using dialect: org.hibernate.dialect.MariaDBDialect
2022-07-13 12:06:00.793  WARN 13048 --- [main] JpaBaseConfiguration$JpaWebConfiguration : spring.jpa.open-in-view is enabled by default. Therefore, database queries may be performed during view rendering. Explicitly configure spring.jpa.open-in-view to disable this warning
2022-07-13 12:06:01.719  INFO 13048 --- [task-1] o.h.e.t.j.p.i.JtaPlatformInitiator       : HHH000490: Using JtaPlatform implementation: [org.hibernate.engine.transaction.jta.platform.internal.NoJtaPlatform]
2022-07-13 12:06:01.724  INFO 13048 --- [task-1] j.LocalContainerEntityManagerFactoryBean : Initialized JPA EntityManagerFactory for persistence unit 'default'
2022-07-13 12:06:01.794  INFO 13048 --- [main] o.s.b.w.embedded.tomcat.TomcatWebServer  : Tomcat started on port(s): 8085 (http) with context path ''
2022-07-13 12:06:01.844  INFO 13048 --- [main] o.s.b.w.embedded.tomcat.TomcatWebServer  : Tomcat initialized with port(s): 8086 (http)
2022-07-13 12:06:01.845  INFO 13048 --- [main] o.apache.catalina.core.StandardService   : Starting service [Tomcat]
2022-07-13 12:06:01.845  INFO 13048 --- [main] org.apache.catalina.core.StandardEngine  : Starting Servlet engine: [Apache Tomcat/9.0.36]
2022-07-13 12:06:01.863  INFO 13048 --- [main] o.a.c.c.C.[Tomcat-1].[localhost].[/]     : Initializing Spring embedded WebApplicationContext
2022-07-13 12:06:01.863  INFO 13048 --- [main] w.s.c.ServletWebServerApplicationContext : Root WebApplicationContext: initialization completed in 67 ms
2022-07-13 12:06:01.871  INFO 13048 --- [main] o.s.b.a.e.web.EndpointLinksResolver      : Exposing 14 endpoint(s) beneath base path '/actuator'
2022-07-13 12:06:02.031  INFO 13048 --- [main] o.s.b.w.embedded.tomcat.TomcatWebServer  : Tomcat started on port(s): 8086 (http) with context path ''
2022-07-13 12:06:02.031  INFO 13048 --- [main] DeferredRepositoryInitializationListener : Triggering deferred initialization of Spring Data repositories…
2022-07-13 12:06:02.759  INFO 13048 --- [main] DeferredRepositoryInitializationListener : Spring Data repositories initialized!
2022-07-13 12:06:02.762  INFO 13048 --- [main] DeferredRepositoryInitializationListener : Triggering deferred initialization of Spring Data repositories…
2022-07-13 12:06:02.762  INFO 13048 --- [main] DeferredRepositoryInitializationListener : Spring Data repositories initialized!
2022-07-13 12:06:02.770  INFO 13048 --- [main] f.d.A.AppliCfaBackApplication            : Started AppliCfaBackApplication in 4.326 seconds (JVM running for 5.212)
2022-07-13 12:06:03.109  INFO 13048 --- [RMI TCP Connection(1)-192.168.56.1] o.a.c.c.C.[Tomcat].[localhost].[/]       : Initializing Spring DispatcherServlet 'dispatcherServlet'
2022-07-13 12:06:03.109  INFO 13048 --- [RMI TCP Connection(1)-192.168.56.1] o.s.web.servlet.DispatcherServlet        : Initializing Servlet 'dispatcherServlet'
2022-07-13 12:06:03.113  INFO 13048 --- [RMI TCP Connection(1)-192.168.56.1] o.s.web.servlet.DispatcherServlet        : Completed initialization in 4 ms
2022-07-13 12:06:06.358  INFO 13048 --- [SpringContextShutdownHook] j.LocalContainerEntityManagerFactoryBean : Closing JPA EntityManagerFactory for persistence unit 'default'
2022-07-13 12:06:06.360  INFO 13048 --- [SpringContextShutdownHook] o.s.s.concurrent.ThreadPoolTaskExecutor  : Shutting down ExecutorService 'applicationTaskExecutor'
2022-07-13 12:06:06.361  INFO 13048 --- [SpringContextShutdownHook] com.zaxxer.hikari.HikariDataSource       : HikariPool-1 - Shutdown initiated...
2022-07-13 12:06:06.364  INFO 13048 --- [SpringContextShutdownHook] com.zaxxer.hikari.HikariDataSource       : HikariPool-1 - Shutdown completed.
2022-07-13 12:13:22.604  INFO 10468 --- [main] f.d.A.AppliCfaBackApplication            : Starting AppliCfaBackApplication on HPZF17G7-QNG with PID 10468 (C:\Users\Stagiaire\Desktop\cfa-portal-api\target\classes started by Stagiaire in C:\Users\Stagiaire\Desktop\cfa-portal-api)
2022-07-13 12:13:22.605  INFO 10468 --- [main] f.d.A.AppliCfaBackApplication            : No active profile set, falling back to default profiles: default
2022-07-13 12:13:23.362  INFO 10468 --- [main] .s.d.r.c.RepositoryConfigurationDelegate : Bootstrapping Spring Data JPA repositories in DEFERRED mode.
2022-07-13 12:13:23.539  INFO 10468 --- [main] .s.d.r.c.RepositoryConfigurationDelegate : Finished Spring Data repository scanning in 171ms. Found 36 JPA repository interfaces.
2022-07-13 12:13:23.862  INFO 10468 --- [main] o.s.b.w.embedded.tomcat.TomcatWebServer  : Tomcat initialized with port(s): 8085 (http)
2022-07-13 12:13:23.867  INFO 10468 --- [main] o.apache.catalina.core.StandardService   : Starting service [Tomcat]
2022-07-13 12:13:23.867  INFO 10468 --- [main] org.apache.catalina.core.StandardEngine  : Starting Servlet engine: [Apache Tomcat/9.0.36]
2022-07-13 12:13:23.979  INFO 10468 --- [main] o.a.c.c.C.[Tomcat].[localhost].[/]       : Initializing Spring embedded WebApplicationContext
2022-07-13 12:13:23.979  INFO 10468 --- [main] w.s.c.ServletWebServerApplicationContext : Root WebApplicationContext: initialization completed in 1347 ms
2022-07-13 12:13:24.138  INFO 10468 --- [main] o.s.s.concurrent.ThreadPoolTaskExecutor  : Initializing ExecutorService 'applicationTaskExecutor'
2022-07-13 12:13:24.184  INFO 10468 --- [task-1] o.hibernate.jpa.internal.util.LogHelper  : HHH000204: Processing PersistenceUnitInfo [name: default]
2022-07-13 12:13:24.211  INFO 10468 --- [task-1] org.hibernate.Version                    : HHH000412: Hibernate ORM core version 5.4.17.Final
2022-07-13 12:13:24.281  INFO 10468 --- [task-1] o.hibernate.annotations.common.Version   : HCANN000001: Hibernate Commons Annotations {5.1.0.Final}
2022-07-13 12:13:24.337  INFO 10468 --- [task-1] com.zaxxer.hikari.HikariDataSource       : HikariPool-1 - Starting...
2022-07-13 12:13:24.383  INFO 10468 --- [task-1] com.zaxxer.hikari.HikariDataSource       : HikariPool-1 - Start completed.
2022-07-13 12:13:24.393  INFO 10468 --- [task-1] org.hibernate.dialect.Dialect            : HHH000400: Using dialect: org.hibernate.dialect.MariaDBDialect
2022-07-13 12:13:24.571  WARN 10468 --- [main] JpaBaseConfiguration$JpaWebConfiguration : spring.jpa.open-in-view is enabled by default. Therefore, database queries may be performed during view rendering. Explicitly configure spring.jpa.open-in-view to disable this warning
2022-07-13 12:13:25.516  INFO 10468 --- [task-1] o.h.e.t.j.p.i.JtaPlatformInitiator       : HHH000490: Using JtaPlatform implementation: [org.hibernate.engine.transaction.jta.platform.internal.NoJtaPlatform]
2022-07-13 12:13:25.521  INFO 10468 --- [task-1] j.LocalContainerEntityManagerFactoryBean : Initialized JPA EntityManagerFactory for persistence unit 'default'
2022-07-13 12:13:25.595  INFO 10468 --- [main] o.s.b.w.embedded.tomcat.TomcatWebServer  : Tomcat started on port(s): 8085 (http) with context path ''
2022-07-13 12:13:25.650  INFO 10468 --- [main] o.s.b.w.embedded.tomcat.TomcatWebServer  : Tomcat initialized with port(s): 8086 (http)
2022-07-13 12:13:25.650  INFO 10468 --- [main] o.apache.catalina.core.StandardService   : Starting service [Tomcat]
2022-07-13 12:13:25.651  INFO 10468 --- [main] org.apache.catalina.core.StandardEngine  : Starting Servlet engine: [Apache Tomcat/9.0.36]
2022-07-13 12:13:25.668  INFO 10468 --- [main] o.a.c.c.C.[Tomcat-1].[localhost].[/]     : Initializing Spring embedded WebApplicationContext
2022-07-13 12:13:25.669  INFO 10468 --- [main] w.s.c.ServletWebServerApplicationContext : Root WebApplicationContext: initialization completed in 71 ms
2022-07-13 12:13:25.677  INFO 10468 --- [main] o.s.b.a.e.web.EndpointLinksResolver      : Exposing 14 endpoint(s) beneath base path '/actuator'
2022-07-13 12:13:25.833  INFO 10468 --- [main] o.s.b.w.embedded.tomcat.TomcatWebServer  : Tomcat started on port(s): 8086 (http) with context path ''
2022-07-13 12:13:25.834  INFO 10468 --- [main] DeferredRepositoryInitializationListener : Triggering deferred initialization of Spring Data repositories…
2022-07-13 12:13:26.527  INFO 10468 --- [main] DeferredRepositoryInitializationListener : Spring Data repositories initialized!
2022-07-13 12:13:26.530  INFO 10468 --- [main] DeferredRepositoryInitializationListener : Triggering deferred initialization of Spring Data repositories…
2022-07-13 12:13:26.530  INFO 10468 --- [main] DeferredRepositoryInitializationListener : Spring Data repositories initialized!
2022-07-13 12:13:26.538  INFO 10468 --- [main] f.d.A.AppliCfaBackApplication            : Started AppliCfaBackApplication in 4.134 seconds (JVM running for 4.883)
2022-07-13 12:13:27.018  INFO 10468 --- [RMI TCP Connection(2)-192.168.56.1] o.a.c.c.C.[Tomcat].[localhost].[/]       : Initializing Spring DispatcherServlet 'dispatcherServlet'
2022-07-13 12:13:27.018  INFO 10468 --- [RMI TCP Connection(2)-192.168.56.1] o.s.web.servlet.DispatcherServlet        : Initializing Servlet 'dispatcherServlet'
2022-07-13 12:13:27.023  INFO 10468 --- [RMI TCP Connection(2)-192.168.56.1] o.s.web.servlet.DispatcherServlet        : Completed initialization in 5 ms
2022-07-13 12:13:32.280  WARN 10468 --- [RMI TCP Connection(3)-192.168.56.1] o.s.b.actuate.mail.MailHealthIndicator   : Mail health check failed

javax.mail.AuthenticationFailedException: 535-5.7.8 Username and Password not accepted. Learn more at
535 5.7.8  https://support.google.com/mail/?p=BadCredentials i16-20020a05600c355000b003a2f88b2559sm1531011wmq.44 - gsmtp

	at com.sun.mail.smtp.SMTPTransport$Authenticator.authenticate(SMTPTransport.java:947)
	at com.sun.mail.smtp.SMTPTransport.authenticate(SMTPTransport.java:858)
	at com.sun.mail.smtp.SMTPTransport.protocolConnect(SMTPTransport.java:762)
	at javax.mail.Service.connect(Service.java:342)
	at org.springframework.mail.javamail.JavaMailSenderImpl.connectTransport(JavaMailSenderImpl.java:518)
	at org.springframework.mail.javamail.JavaMailSenderImpl.testConnection(JavaMailSenderImpl.java:398)
	at org.springframework.boot.actuate.mail.MailHealthIndicator.doHealthCheck(MailHealthIndicator.java:42)
	at org.springframework.boot.actuate.health.AbstractHealthIndicator.health(AbstractHealthIndicator.java:82)
	at org.springframework.boot.actuate.health.HealthIndicator.getHealth(HealthIndicator.java:37)
	at org.springframework.boot.actuate.health.HealthEndpoint.getHealth(HealthEndpoint.java:71)
	at org.springframework.boot.actuate.health.HealthEndpoint.getHealth(HealthEndpoint.java:39)
	at org.springframework.boot.actuate.health.HealthEndpointSupport.getContribution(HealthEndpointSupport.java:99)
	at org.springframework.boot.actuate.health.HealthEndpointSupport.getAggregateHealth(HealthEndpointSupport.java:110)
	at org.springframework.boot.actuate.health.HealthEndpointSupport.getContribution(HealthEndpointSupport.java:96)
	at org.springframework.boot.actuate.health.HealthEndpointSupport.getHealth(HealthEndpointSupport.java:74)
	at org.springframework.boot.actuate.health.HealthEndpointSupport.getHealth(HealthEndpointSupport.java:61)
	at org.springframework.boot.actuate.health.HealthEndpoint.health(HealthEndpoint.java:65)
	at org.springframework.boot.actuate.health.HealthEndpoint.health(HealthEndpoint.java:55)
	at java.base/jdk.internal.reflect.NativeMethodAccessorImpl.invoke0(Native Method)
	at java.base/jdk.internal.reflect.NativeMethodAccessorImpl.invoke(NativeMethodAccessorImpl.java:62)
	at java.base/jdk.internal.reflect.DelegatingMethodAccessorImpl.invoke(DelegatingMethodAccessorImpl.java:43)
	at java.base/java.lang.reflect.Method.invoke(Method.java:566)
	at org.springframework.util.ReflectionUtils.invokeMethod(ReflectionUtils.java:282)
	at org.springframework.boot.actuate.endpoint.invoke.reflect.ReflectiveOperationInvoker.invoke(ReflectiveOperationInvoker.java:77)
	at org.springframework.boot.actuate.endpoint.annotation.AbstractDiscoveredOperation.invoke(AbstractDiscoveredOperation.java:60)
	at org.springframework.boot.actuate.endpoint.jmx.EndpointMBean.invoke(EndpointMBean.java:121)
	at org.springframework.boot.actuate.endpoint.jmx.EndpointMBean.invoke(EndpointMBean.java:96)
	at java.management/com.sun.jmx.interceptor.DefaultMBeanServerInterceptor.invoke(DefaultMBeanServerInterceptor.java:809)
	at java.management/com.sun.jmx.mbeanserver.JmxMBeanServer.invoke(JmxMBeanServer.java:801)
	at java.management.rmi/javax.management.remote.rmi.RMIConnectionImpl.doOperation(RMIConnectionImpl.java:1466)
	at java.management.rmi/javax.management.remote.rmi.RMIConnectionImpl$PrivilegedOperation.run(RMIConnectionImpl.java:1307)
	at java.management.rmi/javax.management.remote.rmi.RMIConnectionImpl.doPrivilegedOperation(RMIConnectionImpl.java:1399)
	at java.management.rmi/javax.management.remote.rmi.RMIConnectionImpl.invoke(RMIConnectionImpl.java:827)
	at java.base/jdk.internal.reflect.GeneratedMethodAccessor186.invoke(Unknown Source)
	at java.base/jdk.internal.reflect.DelegatingMethodAccessorImpl.invoke(DelegatingMethodAccessorImpl.java:43)
	at java.base/java.lang.reflect.Method.invoke(Method.java:566)
	at java.rmi/sun.rmi.server.UnicastServerRef.dispatch(UnicastServerRef.java:359)
	at java.rmi/sun.rmi.transport.Transport$1.run(Transport.java:200)
	at java.rmi/sun.rmi.transport.Transport$1.run(Transport.java:197)
	at java.base/java.security.AccessController.doPrivileged(Native Method)
	at java.rmi/sun.rmi.transport.Transport.serviceCall(Transport.java:196)
	at java.rmi/sun.rmi.transport.tcp.TCPTransport.handleMessages(TCPTransport.java:562)
	at java.rmi/sun.rmi.transport.tcp.TCPTransport$ConnectionHandler.run0(TCPTransport.java:796)
	at java.rmi/sun.rmi.transport.tcp.TCPTransport$ConnectionHandler.lambda$run$0(TCPTransport.java:677)
	at java.base/java.security.AccessController.doPrivileged(Native Method)
	at java.rmi/sun.rmi.transport.tcp.TCPTransport$ConnectionHandler.run(TCPTransport.java:676)
	at java.base/java.util.concurrent.ThreadPoolExecutor.runWorker(ThreadPoolExecutor.java:1128)
	at java.base/java.util.concurrent.ThreadPoolExecutor$Worker.run(ThreadPoolExecutor.java:628)
	at java.base/java.lang.Thread.run(Thread.java:829)

2022-07-13 12:24:54.043  INFO 10468 --- [SpringContextShutdownHook] j.LocalContainerEntityManagerFactoryBean : Closing JPA EntityManagerFactory for persistence unit 'default'
2022-07-13 12:24:54.045  INFO 10468 --- [SpringContextShutdownHook] o.s.s.concurrent.ThreadPoolTaskExecutor  : Shutting down ExecutorService 'applicationTaskExecutor'
2022-07-13 12:24:54.046  INFO 10468 --- [SpringContextShutdownHook] com.zaxxer.hikari.HikariDataSource       : HikariPool-1 - Shutdown initiated...
2022-07-13 12:24:54.054  INFO 10468 --- [SpringContextShutdownHook] com.zaxxer.hikari.HikariDataSource       : HikariPool-1 - Shutdown completed.
2022-07-13 13:54:47.248  INFO 17320 --- [main] f.d.A.AppliCfaBackApplication            : Starting AppliCfaBackApplication on HPZF17G7-QNG with PID 17320 (C:\Users\Stagiaire\Desktop\cfa-portal-api\target\classes started by Stagiaire in C:\Users\Stagiaire\Desktop\cfa-portal-api)
2022-07-13 13:54:47.251  INFO 17320 --- [main] f.d.A.AppliCfaBackApplication            : No active profile set, falling back to default profiles: default
2022-07-13 13:54:48.791  INFO 17320 --- [main] .s.d.r.c.RepositoryConfigurationDelegate : Bootstrapping Spring Data JPA repositories in DEFERRED mode.
2022-07-13 13:54:48.979  INFO 17320 --- [main] .s.d.r.c.RepositoryConfigurationDelegate : Finished Spring Data repository scanning in 183ms. Found 36 JPA repository interfaces.
2022-07-13 13:54:49.612  INFO 17320 --- [main] o.s.b.w.embedded.tomcat.TomcatWebServer  : Tomcat initialized with port(s): 8085 (http)
2022-07-13 13:54:49.619  INFO 17320 --- [main] o.apache.catalina.core.StandardService   : Starting service [Tomcat]
2022-07-13 13:54:49.619  INFO 17320 --- [main] org.apache.catalina.core.StandardEngine  : Starting Servlet engine: [Apache Tomcat/9.0.36]
2022-07-13 13:54:49.904  INFO 17320 --- [main] o.a.c.c.C.[Tomcat].[localhost].[/]       : Initializing Spring embedded WebApplicationContext
2022-07-13 13:54:49.906  INFO 17320 --- [main] w.s.c.ServletWebServerApplicationContext : Root WebApplicationContext: initialization completed in 2606 ms
2022-07-13 13:54:50.275  INFO 17320 --- [main] o.s.s.concurrent.ThreadPoolTaskExecutor  : Initializing ExecutorService 'applicationTaskExecutor'
2022-07-13 13:54:50.360  INFO 17320 --- [task-1] o.hibernate.jpa.internal.util.LogHelper  : HHH000204: Processing PersistenceUnitInfo [name: default]
2022-07-13 13:54:50.398  INFO 17320 --- [task-1] org.hibernate.Version                    : HHH000412: Hibernate ORM core version 5.4.17.Final
2022-07-13 13:54:50.529  INFO 17320 --- [task-1] o.hibernate.annotations.common.Version   : HCANN000001: Hibernate Commons Annotations {5.1.0.Final}
2022-07-13 13:54:50.619  INFO 17320 --- [task-1] com.zaxxer.hikari.HikariDataSource       : HikariPool-1 - Starting...
2022-07-13 13:54:50.670  INFO 17320 --- [task-1] com.zaxxer.hikari.HikariDataSource       : HikariPool-1 - Start completed.
2022-07-13 13:54:50.682  INFO 17320 --- [task-1] org.hibernate.dialect.Dialect            : HHH000400: Using dialect: org.hibernate.dialect.MariaDBDialect
2022-07-13 13:54:51.066  WARN 17320 --- [main] JpaBaseConfiguration$JpaWebConfiguration : spring.jpa.open-in-view is enabled by default. Therefore, database queries may be performed during view rendering. Explicitly configure spring.jpa.open-in-view to disable this warning
2022-07-13 13:54:52.362  INFO 17320 --- [task-1] o.h.e.t.j.p.i.JtaPlatformInitiator       : HHH000490: Using JtaPlatform implementation: [org.hibernate.engine.transaction.jta.platform.internal.NoJtaPlatform]
2022-07-13 13:54:52.368  INFO 17320 --- [task-1] j.LocalContainerEntityManagerFactoryBean : Initialized JPA EntityManagerFactory for persistence unit 'default'
2022-07-13 13:54:52.443  INFO 17320 --- [main] o.s.b.w.embedded.tomcat.TomcatWebServer  : Tomcat started on port(s): 8085 (http) with context path ''
2022-07-13 13:54:52.503  INFO 17320 --- [main] o.s.b.w.embedded.tomcat.TomcatWebServer  : Tomcat initialized with port(s): 8086 (http)
2022-07-13 13:54:52.504  INFO 17320 --- [main] o.apache.catalina.core.StandardService   : Starting service [Tomcat]
2022-07-13 13:54:52.504  INFO 17320 --- [main] org.apache.catalina.core.StandardEngine  : Starting Servlet engine: [Apache Tomcat/9.0.36]
2022-07-13 13:54:52.522  INFO 17320 --- [main] o.a.c.c.C.[Tomcat-1].[localhost].[/]     : Initializing Spring embedded WebApplicationContext
2022-07-13 13:54:52.522  INFO 17320 --- [main] w.s.c.ServletWebServerApplicationContext : Root WebApplicationContext: initialization completed in 75 ms
2022-07-13 13:54:52.531  INFO 17320 --- [main] o.s.b.a.e.web.EndpointLinksResolver      : Exposing 14 endpoint(s) beneath base path '/actuator'
2022-07-13 13:54:52.721  INFO 17320 --- [main] o.s.b.w.embedded.tomcat.TomcatWebServer  : Tomcat started on port(s): 8086 (http) with context path ''
2022-07-13 13:54:52.721  INFO 17320 --- [main] DeferredRepositoryInitializationListener : Triggering deferred initialization of Spring Data repositories…
2022-07-13 13:54:53.593  INFO 17320 --- [main] DeferredRepositoryInitializationListener : Spring Data repositories initialized!
2022-07-13 13:54:53.595  INFO 17320 --- [main] DeferredRepositoryInitializationListener : Triggering deferred initialization of Spring Data repositories…
2022-07-13 13:54:53.595  INFO 17320 --- [main] DeferredRepositoryInitializationListener : Spring Data repositories initialized!
2022-07-13 13:54:53.604  INFO 17320 --- [main] f.d.A.AppliCfaBackApplication            : Started AppliCfaBackApplication in 6.745 seconds (JVM running for 7.838)
2022-07-13 13:54:54.347  INFO 17320 --- [RMI TCP Connection(4)-192.168.56.1] o.a.c.c.C.[Tomcat].[localhost].[/]       : Initializing Spring DispatcherServlet 'dispatcherServlet'
2022-07-13 13:54:54.347  INFO 17320 --- [RMI TCP Connection(4)-192.168.56.1] o.s.web.servlet.DispatcherServlet        : Initializing Servlet 'dispatcherServlet'
2022-07-13 13:54:54.354  INFO 17320 --- [RMI TCP Connection(4)-192.168.56.1] o.s.web.servlet.DispatcherServlet        : Completed initialization in 7 ms
2022-07-13 13:54:59.587  WARN 17320 --- [RMI TCP Connection(3)-192.168.56.1] o.s.b.actuate.mail.MailHealthIndicator   : Mail health check failed

javax.mail.AuthenticationFailedException: 535-5.7.8 Username and Password not accepted. Learn more at
535 5.7.8  https://support.google.com/mail/?p=BadCredentials g20-20020a05600c4ed400b003a2cfb9f5basm2352729wmq.16 - gsmtp

	at com.sun.mail.smtp.SMTPTransport$Authenticator.authenticate(SMTPTransport.java:947)
	at com.sun.mail.smtp.SMTPTransport.authenticate(SMTPTransport.java:858)
	at com.sun.mail.smtp.SMTPTransport.protocolConnect(SMTPTransport.java:762)
	at javax.mail.Service.connect(Service.java:342)
	at org.springframework.mail.javamail.JavaMailSenderImpl.connectTransport(JavaMailSenderImpl.java:518)
	at org.springframework.mail.javamail.JavaMailSenderImpl.testConnection(JavaMailSenderImpl.java:398)
	at org.springframework.boot.actuate.mail.MailHealthIndicator.doHealthCheck(MailHealthIndicator.java:42)
	at org.springframework.boot.actuate.health.AbstractHealthIndicator.health(AbstractHealthIndicator.java:82)
	at org.springframework.boot.actuate.health.HealthIndicator.getHealth(HealthIndicator.java:37)
	at org.springframework.boot.actuate.health.HealthEndpoint.getHealth(HealthEndpoint.java:71)
	at org.springframework.boot.actuate.health.HealthEndpoint.getHealth(HealthEndpoint.java:39)
	at org.springframework.boot.actuate.health.HealthEndpointSupport.getContribution(HealthEndpointSupport.java:99)
	at org.springframework.boot.actuate.health.HealthEndpointSupport.getAggregateHealth(HealthEndpointSupport.java:110)
	at org.springframework.boot.actuate.health.HealthEndpointSupport.getContribution(HealthEndpointSupport.java:96)
	at org.springframework.boot.actuate.health.HealthEndpointSupport.getHealth(HealthEndpointSupport.java:74)
	at org.springframework.boot.actuate.health.HealthEndpointSupport.getHealth(HealthEndpointSupport.java:61)
	at org.springframework.boot.actuate.health.HealthEndpoint.health(HealthEndpoint.java:65)
	at org.springframework.boot.actuate.health.HealthEndpoint.health(HealthEndpoint.java:55)
	at java.base/jdk.internal.reflect.NativeMethodAccessorImpl.invoke0(Native Method)
	at java.base/jdk.internal.reflect.NativeMethodAccessorImpl.invoke(NativeMethodAccessorImpl.java:62)
	at java.base/jdk.internal.reflect.DelegatingMethodAccessorImpl.invoke(DelegatingMethodAccessorImpl.java:43)
	at java.base/java.lang.reflect.Method.invoke(Method.java:566)
	at org.springframework.util.ReflectionUtils.invokeMethod(ReflectionUtils.java:282)
	at org.springframework.boot.actuate.endpoint.invoke.reflect.ReflectiveOperationInvoker.invoke(ReflectiveOperationInvoker.java:77)
	at org.springframework.boot.actuate.endpoint.annotation.AbstractDiscoveredOperation.invoke(AbstractDiscoveredOperation.java:60)
	at org.springframework.boot.actuate.endpoint.jmx.EndpointMBean.invoke(EndpointMBean.java:121)
	at org.springframework.boot.actuate.endpoint.jmx.EndpointMBean.invoke(EndpointMBean.java:96)
	at java.management/com.sun.jmx.interceptor.DefaultMBeanServerInterceptor.invoke(DefaultMBeanServerInterceptor.java:809)
	at java.management/com.sun.jmx.mbeanserver.JmxMBeanServer.invoke(JmxMBeanServer.java:801)
	at java.management.rmi/javax.management.remote.rmi.RMIConnectionImpl.doOperation(RMIConnectionImpl.java:1466)
	at java.management.rmi/javax.management.remote.rmi.RMIConnectionImpl$PrivilegedOperation.run(RMIConnectionImpl.java:1307)
	at java.management.rmi/javax.management.remote.rmi.RMIConnectionImpl.doPrivilegedOperation(RMIConnectionImpl.java:1399)
	at java.management.rmi/javax.management.remote.rmi.RMIConnectionImpl.invoke(RMIConnectionImpl.java:827)
	at java.base/jdk.internal.reflect.GeneratedMethodAccessor187.invoke(Unknown Source)
	at java.base/jdk.internal.reflect.DelegatingMethodAccessorImpl.invoke(DelegatingMethodAccessorImpl.java:43)
	at java.base/java.lang.reflect.Method.invoke(Method.java:566)
	at java.rmi/sun.rmi.server.UnicastServerRef.dispatch(UnicastServerRef.java:359)
	at java.rmi/sun.rmi.transport.Transport$1.run(Transport.java:200)
	at java.rmi/sun.rmi.transport.Transport$1.run(Transport.java:197)
	at java.base/java.security.AccessController.doPrivileged(Native Method)
	at java.rmi/sun.rmi.transport.Transport.serviceCall(Transport.java:196)
	at java.rmi/sun.rmi.transport.tcp.TCPTransport.handleMessages(TCPTransport.java:562)
	at java.rmi/sun.rmi.transport.tcp.TCPTransport$ConnectionHandler.run0(TCPTransport.java:796)
	at java.rmi/sun.rmi.transport.tcp.TCPTransport$ConnectionHandler.lambda$run$0(TCPTransport.java:677)
	at java.base/java.security.AccessController.doPrivileged(Native Method)
	at java.rmi/sun.rmi.transport.tcp.TCPTransport$ConnectionHandler.run(TCPTransport.java:676)
	at java.base/java.util.concurrent.ThreadPoolExecutor.runWorker(ThreadPoolExecutor.java:1128)
	at java.base/java.util.concurrent.ThreadPoolExecutor$Worker.run(ThreadPoolExecutor.java:628)
	at java.base/java.lang.Thread.run(Thread.java:829)

2022-07-13 14:55:08.540  INFO 14032 --- [main] f.d.A.Controller.CursusControllerTests   : Starting CursusControllerTests on HPZF17G7-QNG with PID 14032 (started by Stagiaire in C:\Users\Stagiaire\Desktop\cfa-portal-api)
2022-07-13 14:55:08.541  INFO 14032 --- [main] f.d.A.Controller.CursusControllerTests   : No active profile set, falling back to default profiles: default
2022-07-13 14:55:09.719  INFO 14032 --- [main] .s.d.r.c.RepositoryConfigurationDelegate : Bootstrapping Spring Data JPA repositories in DEFERRED mode.
2022-07-13 14:55:09.975  INFO 14032 --- [main] .s.d.r.c.RepositoryConfigurationDelegate : Finished Spring Data repository scanning in 246ms. Found 36 JPA repository interfaces.
2022-07-13 14:55:10.580  INFO 14032 --- [main] o.s.s.concurrent.ThreadPoolTaskExecutor  : Initializing ExecutorService 'applicationTaskExecutor'
2022-07-13 14:55:10.662  INFO 14032 --- [task-1] o.hibernate.jpa.internal.util.LogHelper  : HHH000204: Processing PersistenceUnitInfo [name: default]
2022-07-13 14:55:10.717  INFO 14032 --- [task-1] org.hibernate.Version                    : HHH000412: Hibernate ORM core version 5.4.17.Final
2022-07-13 14:55:10.867  INFO 14032 --- [task-1] o.hibernate.annotations.common.Version   : HCANN000001: Hibernate Commons Annotations {5.1.0.Final}
2022-07-13 14:55:11.201  INFO 14032 --- [task-1] com.zaxxer.hikari.HikariDataSource       : HikariPool-1 - Starting...
2022-07-13 14:55:11.273  INFO 14032 --- [task-1] com.zaxxer.hikari.HikariDataSource       : HikariPool-1 - Start completed.
2022-07-13 14:55:11.293  INFO 14032 --- [task-1] org.hibernate.dialect.Dialect            : HHH000400: Using dialect: org.hibernate.dialect.MariaDBDialect
2022-07-13 14:55:11.666  WARN 14032 --- [main] JpaBaseConfiguration$JpaWebConfiguration : spring.jpa.open-in-view is enabled by default. Therefore, database queries may be performed during view rendering. Explicitly configure spring.jpa.open-in-view to disable this warning
2022-07-13 14:55:13.081  INFO 14032 --- [task-1] o.h.e.t.j.p.i.JtaPlatformInitiator       : HHH000490: Using JtaPlatform implementation: [org.hibernate.engine.transaction.jta.platform.internal.NoJtaPlatform]
2022-07-13 14:55:13.089  INFO 14032 --- [task-1] j.LocalContainerEntityManagerFactoryBean : Initialized JPA EntityManagerFactory for persistence unit 'default'
2022-07-13 14:55:13.294  INFO 14032 --- [main] o.s.b.t.m.w.SpringBootMockServletContext : Initializing Spring TestDispatcherServlet ''
2022-07-13 14:55:13.295  INFO 14032 --- [main] o.s.t.web.servlet.TestDispatcherServlet  : Initializing Servlet ''
2022-07-13 14:55:13.311  INFO 14032 --- [main] o.s.t.web.servlet.TestDispatcherServlet  : Completed initialization in 16 ms
2022-07-13 14:55:13.334  INFO 14032 --- [main] DeferredRepositoryInitializationListener : Triggering deferred initialization of Spring Data repositories…
2022-07-13 14:55:14.386  INFO 14032 --- [main] DeferredRepositoryInitializationListener : Spring Data repositories initialized!
2022-07-13 14:55:14.397  INFO 14032 --- [main] f.d.A.Controller.CursusControllerTests   : Started CursusControllerTests in 6.116 seconds (JVM running for 7.567)
2022-07-13 14:55:14.782  INFO 14032 --- [SpringContextShutdownHook] j.LocalContainerEntityManagerFactoryBean : Closing JPA EntityManagerFactory for persistence unit 'default'
2022-07-13 14:55:14.784  INFO 14032 --- [SpringContextShutdownHook] o.s.s.concurrent.ThreadPoolTaskExecutor  : Shutting down ExecutorService 'applicationTaskExecutor'
2022-07-13 14:55:14.784  INFO 14032 --- [SpringContextShutdownHook] com.zaxxer.hikari.HikariDataSource       : HikariPool-1 - Shutdown initiated...
2022-07-13 14:55:14.788  INFO 14032 --- [SpringContextShutdownHook] com.zaxxer.hikari.HikariDataSource       : HikariPool-1 - Shutdown completed.
2022-07-13 15:05:06.054  INFO 15188 --- [main] f.d.A.Controller.CursusControllerTests   : Starting CursusControllerTests on HPZF17G7-QNG with PID 15188 (started by Stagiaire in C:\Users\Stagiaire\Desktop\cfa-portal-api)
2022-07-13 15:05:06.055  INFO 15188 --- [main] f.d.A.Controller.CursusControllerTests   : No active profile set, falling back to default profiles: default
2022-07-13 15:05:07.319  INFO 15188 --- [main] .s.d.r.c.RepositoryConfigurationDelegate : Bootstrapping Spring Data JPA repositories in DEFERRED mode.
2022-07-13 15:05:07.594  INFO 15188 --- [main] .s.d.r.c.RepositoryConfigurationDelegate : Finished Spring Data repository scanning in 255ms. Found 36 JPA repository interfaces.
2022-07-13 15:05:08.179  INFO 15188 --- [main] o.s.s.concurrent.ThreadPoolTaskExecutor  : Initializing ExecutorService 'applicationTaskExecutor'
2022-07-13 15:05:08.260  INFO 15188 --- [task-1] o.hibernate.jpa.internal.util.LogHelper  : HHH000204: Processing PersistenceUnitInfo [name: default]
2022-07-13 15:05:08.311  INFO 15188 --- [task-1] org.hibernate.Version                    : HHH000412: Hibernate ORM core version 5.4.17.Final
2022-07-13 15:05:08.448  INFO 15188 --- [task-1] o.hibernate.annotations.common.Version   : HCANN000001: Hibernate Commons Annotations {5.1.0.Final}
2022-07-13 15:05:08.803  INFO 15188 --- [task-1] com.zaxxer.hikari.HikariDataSource       : HikariPool-1 - Starting...
2022-07-13 15:05:08.887  INFO 15188 --- [task-1] com.zaxxer.hikari.HikariDataSource       : HikariPool-1 - Start completed.
2022-07-13 15:05:08.907  INFO 15188 --- [task-1] org.hibernate.dialect.Dialect            : HHH000400: Using dialect: org.hibernate.dialect.MariaDBDialect
2022-07-13 15:05:09.251  WARN 15188 --- [main] JpaBaseConfiguration$JpaWebConfiguration : spring.jpa.open-in-view is enabled by default. Therefore, database queries may be performed during view rendering. Explicitly configure spring.jpa.open-in-view to disable this warning
2022-07-13 15:05:10.592  INFO 15188 --- [task-1] o.h.e.t.j.p.i.JtaPlatformInitiator       : HHH000490: Using JtaPlatform implementation: [org.hibernate.engine.transaction.jta.platform.internal.NoJtaPlatform]
2022-07-13 15:05:10.600  INFO 15188 --- [task-1] j.LocalContainerEntityManagerFactoryBean : Initialized JPA EntityManagerFactory for persistence unit 'default'
2022-07-13 15:05:10.770  INFO 15188 --- [main] o.s.b.t.m.w.SpringBootMockServletContext : Initializing Spring TestDispatcherServlet ''
2022-07-13 15:05:10.771  INFO 15188 --- [main] o.s.t.web.servlet.TestDispatcherServlet  : Initializing Servlet ''
2022-07-13 15:05:10.787  INFO 15188 --- [main] o.s.t.web.servlet.TestDispatcherServlet  : Completed initialization in 16 ms
2022-07-13 15:05:10.815  INFO 15188 --- [main] DeferredRepositoryInitializationListener : Triggering deferred initialization of Spring Data repositories…
2022-07-13 15:05:11.873  INFO 15188 --- [main] DeferredRepositoryInitializationListener : Spring Data repositories initialized!
2022-07-13 15:05:11.888  INFO 15188 --- [main] f.d.A.Controller.CursusControllerTests   : Started CursusControllerTests in 6.153 seconds (JVM running for 7.25)
2022-07-13 15:05:12.270  INFO 15188 --- [SpringContextShutdownHook] j.LocalContainerEntityManagerFactoryBean : Closing JPA EntityManagerFactory for persistence unit 'default'
2022-07-13 15:05:12.272  INFO 15188 --- [SpringContextShutdownHook] o.s.s.concurrent.ThreadPoolTaskExecutor  : Shutting down ExecutorService 'applicationTaskExecutor'
2022-07-13 15:05:12.272  INFO 15188 --- [SpringContextShutdownHook] com.zaxxer.hikari.HikariDataSource       : HikariPool-1 - Shutdown initiated...
2022-07-13 15:05:12.276  INFO 15188 --- [SpringContextShutdownHook] com.zaxxer.hikari.HikariDataSource       : HikariPool-1 - Shutdown completed.
2022-07-13 15:05:19.181  INFO 17320 --- [SpringContextShutdownHook] j.LocalContainerEntityManagerFactoryBean : Closing JPA EntityManagerFactory for persistence unit 'default'
2022-07-13 15:05:19.192  INFO 17320 --- [SpringContextShutdownHook] o.s.s.concurrent.ThreadPoolTaskExecutor  : Shutting down ExecutorService 'applicationTaskExecutor'
2022-07-13 15:05:19.193  INFO 17320 --- [SpringContextShutdownHook] com.zaxxer.hikari.HikariDataSource       : HikariPool-1 - Shutdown initiated...
2022-07-13 15:05:19.197  INFO 17320 --- [SpringContextShutdownHook] com.zaxxer.hikari.HikariDataSource       : HikariPool-1 - Shutdown completed.
2022-07-13 15:05:21.899  INFO 5440 --- [main] f.d.A.AppliCfaBackApplication            : Starting AppliCfaBackApplication on HPZF17G7-QNG with PID 5440 (C:\Users\Stagiaire\Desktop\cfa-portal-api\target\classes started by Stagiaire in C:\Users\Stagiaire\Desktop\cfa-portal-api)
2022-07-13 15:05:21.901  INFO 5440 --- [main] f.d.A.AppliCfaBackApplication            : No active profile set, falling back to default profiles: default
2022-07-13 15:05:22.690  INFO 5440 --- [main] .s.d.r.c.RepositoryConfigurationDelegate : Bootstrapping Spring Data JPA repositories in DEFERRED mode.
2022-07-13 15:05:22.868  INFO 5440 --- [main] .s.d.r.c.RepositoryConfigurationDelegate : Finished Spring Data repository scanning in 172ms. Found 36 JPA repository interfaces.
2022-07-13 15:05:23.213  INFO 5440 --- [main] o.s.b.w.embedded.tomcat.TomcatWebServer  : Tomcat initialized with port(s): 8085 (http)
2022-07-13 15:05:23.219  INFO 5440 --- [main] o.apache.catalina.core.StandardService   : Starting service [Tomcat]
2022-07-13 15:05:23.219  INFO 5440 --- [main] org.apache.catalina.core.StandardEngine  : Starting Servlet engine: [Apache Tomcat/9.0.36]
2022-07-13 15:05:23.294  INFO 5440 --- [main] o.a.c.c.C.[Tomcat].[localhost].[/]       : Initializing Spring embedded WebApplicationContext
2022-07-13 15:05:23.295  INFO 5440 --- [main] w.s.c.ServletWebServerApplicationContext : Root WebApplicationContext: initialization completed in 1363 ms
2022-07-13 15:05:23.453  INFO 5440 --- [main] o.s.s.concurrent.ThreadPoolTaskExecutor  : Initializing ExecutorService 'applicationTaskExecutor'
2022-07-13 15:05:23.500  INFO 5440 --- [task-1] o.hibernate.jpa.internal.util.LogHelper  : HHH000204: Processing PersistenceUnitInfo [name: default]
2022-07-13 15:05:23.531  INFO 5440 --- [task-1] org.hibernate.Version                    : HHH000412: Hibernate ORM core version 5.4.17.Final
2022-07-13 15:05:23.606  INFO 5440 --- [task-1] o.hibernate.annotations.common.Version   : HCANN000001: Hibernate Commons Annotations {5.1.0.Final}
2022-07-13 15:05:23.673  INFO 5440 --- [task-1] com.zaxxer.hikari.HikariDataSource       : HikariPool-1 - Starting...
2022-07-13 15:05:23.711  INFO 5440 --- [task-1] com.zaxxer.hikari.HikariDataSource       : HikariPool-1 - Start completed.
2022-07-13 15:05:23.721  INFO 5440 --- [task-1] org.hibernate.dialect.Dialect            : HHH000400: Using dialect: org.hibernate.dialect.MariaDBDialect
2022-07-13 15:05:23.929  WARN 5440 --- [main] JpaBaseConfiguration$JpaWebConfiguration : spring.jpa.open-in-view is enabled by default. Therefore, database queries may be performed during view rendering. Explicitly configure spring.jpa.open-in-view to disable this warning
2022-07-13 15:05:24.857  INFO 5440 --- [task-1] o.h.e.t.j.p.i.JtaPlatformInitiator       : HHH000490: Using JtaPlatform implementation: [org.hibernate.engine.transaction.jta.platform.internal.NoJtaPlatform]
2022-07-13 15:05:24.862  INFO 5440 --- [task-1] j.LocalContainerEntityManagerFactoryBean : Initialized JPA EntityManagerFactory for persistence unit 'default'
2022-07-13 15:05:24.932  INFO 5440 --- [main] o.s.b.w.embedded.tomcat.TomcatWebServer  : Tomcat started on port(s): 8085 (http) with context path ''
2022-07-13 15:05:24.981  INFO 5440 --- [main] o.s.b.w.embedded.tomcat.TomcatWebServer  : Tomcat initialized with port(s): 8086 (http)
2022-07-13 15:05:24.982  INFO 5440 --- [main] o.apache.catalina.core.StandardService   : Starting service [Tomcat]
2022-07-13 15:05:24.982  INFO 5440 --- [main] org.apache.catalina.core.StandardEngine  : Starting Servlet engine: [Apache Tomcat/9.0.36]
2022-07-13 15:05:24.998  INFO 5440 --- [main] o.a.c.c.C.[Tomcat-1].[localhost].[/]     : Initializing Spring embedded WebApplicationContext
2022-07-13 15:05:24.998  INFO 5440 --- [main] w.s.c.ServletWebServerApplicationContext : Root WebApplicationContext: initialization completed in 63 ms
2022-07-13 15:05:25.005  INFO 5440 --- [main] o.s.b.a.e.web.EndpointLinksResolver      : Exposing 14 endpoint(s) beneath base path '/actuator'
2022-07-13 15:05:25.146  INFO 5440 --- [main] o.s.b.w.embedded.tomcat.TomcatWebServer  : Tomcat started on port(s): 8086 (http) with context path ''
2022-07-13 15:05:25.147  INFO 5440 --- [main] DeferredRepositoryInitializationListener : Triggering deferred initialization of Spring Data repositories…
2022-07-13 15:05:25.873  INFO 5440 --- [main] DeferredRepositoryInitializationListener : Spring Data repositories initialized!
2022-07-13 15:05:25.875  INFO 5440 --- [main] DeferredRepositoryInitializationListener : Triggering deferred initialization of Spring Data repositories…
2022-07-13 15:05:25.875  INFO 5440 --- [main] DeferredRepositoryInitializationListener : Spring Data repositories initialized!
2022-07-13 15:05:25.883  INFO 5440 --- [main] f.d.A.AppliCfaBackApplication            : Started AppliCfaBackApplication in 4.185 seconds (JVM running for 4.968)
2022-07-13 15:05:26.684  INFO 5440 --- [RMI TCP Connection(3)-192.168.56.1] o.a.c.c.C.[Tomcat].[localhost].[/]       : Initializing Spring DispatcherServlet 'dispatcherServlet'
2022-07-13 15:05:26.684  INFO 5440 --- [RMI TCP Connection(3)-192.168.56.1] o.s.web.servlet.DispatcherServlet        : Initializing Servlet 'dispatcherServlet'
2022-07-13 15:05:26.688  INFO 5440 --- [RMI TCP Connection(3)-192.168.56.1] o.s.web.servlet.DispatcherServlet        : Completed initialization in 3 ms
2022-07-13 15:05:31.808  WARN 5440 --- [RMI TCP Connection(1)-192.168.56.1] o.s.b.actuate.mail.MailHealthIndicator   : Mail health check failed

javax.mail.AuthenticationFailedException: 535-5.7.8 Username and Password not accepted. Learn more at
535 5.7.8  https://support.google.com/mail/?p=BadCredentials l13-20020a05600c2ccd00b003a2f2bb72d5sm676701wmc.45 - gsmtp

	at com.sun.mail.smtp.SMTPTransport$Authenticator.authenticate(SMTPTransport.java:947)
	at com.sun.mail.smtp.SMTPTransport.authenticate(SMTPTransport.java:858)
	at com.sun.mail.smtp.SMTPTransport.protocolConnect(SMTPTransport.java:762)
	at javax.mail.Service.connect(Service.java:342)
	at org.springframework.mail.javamail.JavaMailSenderImpl.connectTransport(JavaMailSenderImpl.java:518)
	at org.springframework.mail.javamail.JavaMailSenderImpl.testConnection(JavaMailSenderImpl.java:398)
	at org.springframework.boot.actuate.mail.MailHealthIndicator.doHealthCheck(MailHealthIndicator.java:42)
	at org.springframework.boot.actuate.health.AbstractHealthIndicator.health(AbstractHealthIndicator.java:82)
	at org.springframework.boot.actuate.health.HealthIndicator.getHealth(HealthIndicator.java:37)
	at org.springframework.boot.actuate.health.HealthEndpoint.getHealth(HealthEndpoint.java:71)
	at org.springframework.boot.actuate.health.HealthEndpoint.getHealth(HealthEndpoint.java:39)
	at org.springframework.boot.actuate.health.HealthEndpointSupport.getContribution(HealthEndpointSupport.java:99)
	at org.springframework.boot.actuate.health.HealthEndpointSupport.getAggregateHealth(HealthEndpointSupport.java:110)
	at org.springframework.boot.actuate.health.HealthEndpointSupport.getContribution(HealthEndpointSupport.java:96)
	at org.springframework.boot.actuate.health.HealthEndpointSupport.getHealth(HealthEndpointSupport.java:74)
	at org.springframework.boot.actuate.health.HealthEndpointSupport.getHealth(HealthEndpointSupport.java:61)
	at org.springframework.boot.actuate.health.HealthEndpoint.health(HealthEndpoint.java:65)
	at org.springframework.boot.actuate.health.HealthEndpoint.health(HealthEndpoint.java:55)
	at java.base/jdk.internal.reflect.NativeMethodAccessorImpl.invoke0(Native Method)
	at java.base/jdk.internal.reflect.NativeMethodAccessorImpl.invoke(NativeMethodAccessorImpl.java:62)
	at java.base/jdk.internal.reflect.DelegatingMethodAccessorImpl.invoke(DelegatingMethodAccessorImpl.java:43)
	at java.base/java.lang.reflect.Method.invoke(Method.java:566)
	at org.springframework.util.ReflectionUtils.invokeMethod(ReflectionUtils.java:282)
	at org.springframework.boot.actuate.endpoint.invoke.reflect.ReflectiveOperationInvoker.invoke(ReflectiveOperationInvoker.java:77)
	at org.springframework.boot.actuate.endpoint.annotation.AbstractDiscoveredOperation.invoke(AbstractDiscoveredOperation.java:60)
	at org.springframework.boot.actuate.endpoint.jmx.EndpointMBean.invoke(EndpointMBean.java:121)
	at org.springframework.boot.actuate.endpoint.jmx.EndpointMBean.invoke(EndpointMBean.java:96)
	at java.management/com.sun.jmx.interceptor.DefaultMBeanServerInterceptor.invoke(DefaultMBeanServerInterceptor.java:809)
	at java.management/com.sun.jmx.mbeanserver.JmxMBeanServer.invoke(JmxMBeanServer.java:801)
	at java.management.rmi/javax.management.remote.rmi.RMIConnectionImpl.doOperation(RMIConnectionImpl.java:1466)
	at java.management.rmi/javax.management.remote.rmi.RMIConnectionImpl$PrivilegedOperation.run(RMIConnectionImpl.java:1307)
	at java.management.rmi/javax.management.remote.rmi.RMIConnectionImpl.doPrivilegedOperation(RMIConnectionImpl.java:1399)
	at java.management.rmi/javax.management.remote.rmi.RMIConnectionImpl.invoke(RMIConnectionImpl.java:827)
	at java.base/jdk.internal.reflect.NativeMethodAccessorImpl.invoke0(Native Method)
	at java.base/jdk.internal.reflect.NativeMethodAccessorImpl.invoke(NativeMethodAccessorImpl.java:62)
	at java.base/jdk.internal.reflect.DelegatingMethodAccessorImpl.invoke(DelegatingMethodAccessorImpl.java:43)
	at java.base/java.lang.reflect.Method.invoke(Method.java:566)
	at java.rmi/sun.rmi.server.UnicastServerRef.dispatch(UnicastServerRef.java:359)
	at java.rmi/sun.rmi.transport.Transport$1.run(Transport.java:200)
	at java.rmi/sun.rmi.transport.Transport$1.run(Transport.java:197)
	at java.base/java.security.AccessController.doPrivileged(Native Method)
	at java.rmi/sun.rmi.transport.Transport.serviceCall(Transport.java:196)
	at java.rmi/sun.rmi.transport.tcp.TCPTransport.handleMessages(TCPTransport.java:562)
	at java.rmi/sun.rmi.transport.tcp.TCPTransport$ConnectionHandler.run0(TCPTransport.java:796)
	at java.rmi/sun.rmi.transport.tcp.TCPTransport$ConnectionHandler.lambda$run$0(TCPTransport.java:677)
	at java.base/java.security.AccessController.doPrivileged(Native Method)
	at java.rmi/sun.rmi.transport.tcp.TCPTransport$ConnectionHandler.run(TCPTransport.java:676)
	at java.base/java.util.concurrent.ThreadPoolExecutor.runWorker(ThreadPoolExecutor.java:1128)
	at java.base/java.util.concurrent.ThreadPoolExecutor$Worker.run(ThreadPoolExecutor.java:628)
	at java.base/java.lang.Thread.run(Thread.java:829)

2022-07-13 16:14:26.670  INFO 16124 --- [main] f.d.A.C.PromotionControllerTests         : Starting PromotionControllerTests on HPZF17G7-QNG with PID 16124 (started by Stagiaire in C:\Users\Stagiaire\Desktop\cfa-portal-api)
2022-07-13 16:14:26.671  INFO 16124 --- [main] f.d.A.C.PromotionControllerTests         : No active profile set, falling back to default profiles: default
2022-07-13 16:14:27.792  INFO 16124 --- [main] .s.d.r.c.RepositoryConfigurationDelegate : Bootstrapping Spring Data JPA repositories in DEFERRED mode.
2022-07-13 16:14:28.045  INFO 16124 --- [main] .s.d.r.c.RepositoryConfigurationDelegate : Finished Spring Data repository scanning in 238ms. Found 36 JPA repository interfaces.
2022-07-13 16:14:28.641  INFO 16124 --- [main] o.s.s.concurrent.ThreadPoolTaskExecutor  : Initializing ExecutorService 'applicationTaskExecutor'
2022-07-13 16:14:28.730  INFO 16124 --- [task-1] o.hibernate.jpa.internal.util.LogHelper  : HHH000204: Processing PersistenceUnitInfo [name: default]
2022-07-13 16:14:28.786  INFO 16124 --- [task-1] org.hibernate.Version                    : HHH000412: Hibernate ORM core version 5.4.17.Final
2022-07-13 16:14:28.922  INFO 16124 --- [task-1] o.hibernate.annotations.common.Version   : HCANN000001: Hibernate Commons Annotations {5.1.0.Final}
2022-07-13 16:14:29.267  INFO 16124 --- [task-1] com.zaxxer.hikari.HikariDataSource       : HikariPool-1 - Starting...
2022-07-13 16:14:29.342  INFO 16124 --- [task-1] com.zaxxer.hikari.HikariDataSource       : HikariPool-1 - Start completed.
2022-07-13 16:14:29.361  INFO 16124 --- [task-1] org.hibernate.dialect.Dialect            : HHH000400: Using dialect: org.hibernate.dialect.MariaDBDialect
2022-07-13 16:14:29.775  WARN 16124 --- [main] JpaBaseConfiguration$JpaWebConfiguration : spring.jpa.open-in-view is enabled by default. Therefore, database queries may be performed during view rendering. Explicitly configure spring.jpa.open-in-view to disable this warning
2022-07-13 16:14:31.065  INFO 16124 --- [task-1] o.h.e.t.j.p.i.JtaPlatformInitiator       : HHH000490: Using JtaPlatform implementation: [org.hibernate.engine.transaction.jta.platform.internal.NoJtaPlatform]
2022-07-13 16:14:31.073  INFO 16124 --- [task-1] j.LocalContainerEntityManagerFactoryBean : Initialized JPA EntityManagerFactory for persistence unit 'default'
2022-07-13 16:14:31.327  INFO 16124 --- [main] o.s.b.t.m.w.SpringBootMockServletContext : Initializing Spring TestDispatcherServlet ''
2022-07-13 16:14:31.328  INFO 16124 --- [main] o.s.t.web.servlet.TestDispatcherServlet  : Initializing Servlet ''
2022-07-13 16:14:31.341  INFO 16124 --- [main] o.s.t.web.servlet.TestDispatcherServlet  : Completed initialization in 12 ms
2022-07-13 16:14:31.368  INFO 16124 --- [main] DeferredRepositoryInitializationListener : Triggering deferred initialization of Spring Data repositories…
2022-07-13 16:14:32.412  INFO 16124 --- [main] DeferredRepositoryInitializationListener : Spring Data repositories initialized!
2022-07-13 16:14:32.423  INFO 16124 --- [main] f.d.A.C.PromotionControllerTests         : Started PromotionControllerTests in 5.999 seconds (JVM running for 7.104)
2022-07-13 16:14:32.791  INFO 16124 --- [SpringContextShutdownHook] j.LocalContainerEntityManagerFactoryBean : Closing JPA EntityManagerFactory for persistence unit 'default'
2022-07-13 16:14:32.793  INFO 16124 --- [SpringContextShutdownHook] o.s.s.concurrent.ThreadPoolTaskExecutor  : Shutting down ExecutorService 'applicationTaskExecutor'
2022-07-13 16:14:32.794  INFO 16124 --- [SpringContextShutdownHook] com.zaxxer.hikari.HikariDataSource       : HikariPool-1 - Shutdown initiated...
2022-07-13 16:14:32.797  INFO 16124 --- [SpringContextShutdownHook] com.zaxxer.hikari.HikariDataSource       : HikariPool-1 - Shutdown completed.
2022-07-13 16:16:59.570  INFO 10644 --- [main] f.d.A.C.PromotionControllerTests         : Starting PromotionControllerTests on HPZF17G7-QNG with PID 10644 (started by Stagiaire in C:\Users\Stagiaire\Desktop\cfa-portal-api)
2022-07-13 16:16:59.571  INFO 10644 --- [main] f.d.A.C.PromotionControllerTests         : No active profile set, falling back to default profiles: default
2022-07-13 16:17:00.683  INFO 10644 --- [main] .s.d.r.c.RepositoryConfigurationDelegate : Bootstrapping Spring Data JPA repositories in DEFERRED mode.
2022-07-13 16:17:00.967  INFO 10644 --- [main] .s.d.r.c.RepositoryConfigurationDelegate : Finished Spring Data repository scanning in 262ms. Found 36 JPA repository interfaces.
2022-07-13 16:17:01.599  INFO 10644 --- [main] o.s.s.concurrent.ThreadPoolTaskExecutor  : Initializing ExecutorService 'applicationTaskExecutor'
2022-07-13 16:17:01.682  INFO 10644 --- [task-1] o.hibernate.jpa.internal.util.LogHelper  : HHH000204: Processing PersistenceUnitInfo [name: default]
2022-07-13 16:17:01.738  INFO 10644 --- [task-1] org.hibernate.Version                    : HHH000412: Hibernate ORM core version 5.4.17.Final
2022-07-13 16:17:01.879  INFO 10644 --- [task-1] o.hibernate.annotations.common.Version   : HCANN000001: Hibernate Commons Annotations {5.1.0.Final}
2022-07-13 16:17:02.224  INFO 10644 --- [task-1] com.zaxxer.hikari.HikariDataSource       : HikariPool-1 - Starting...
2022-07-13 16:17:02.310  INFO 10644 --- [task-1] com.zaxxer.hikari.HikariDataSource       : HikariPool-1 - Start completed.
2022-07-13 16:17:02.327  INFO 10644 --- [task-1] org.hibernate.dialect.Dialect            : HHH000400: Using dialect: org.hibernate.dialect.MariaDBDialect
2022-07-13 16:17:02.724  WARN 10644 --- [main] JpaBaseConfiguration$JpaWebConfiguration : spring.jpa.open-in-view is enabled by default. Therefore, database queries may be performed during view rendering. Explicitly configure spring.jpa.open-in-view to disable this warning
2022-07-13 16:17:03.983  INFO 10644 --- [task-1] o.h.e.t.j.p.i.JtaPlatformInitiator       : HHH000490: Using JtaPlatform implementation: [org.hibernate.engine.transaction.jta.platform.internal.NoJtaPlatform]
2022-07-13 16:17:03.989  INFO 10644 --- [task-1] j.LocalContainerEntityManagerFactoryBean : Initialized JPA EntityManagerFactory for persistence unit 'default'
2022-07-13 16:17:04.158  INFO 10644 --- [main] o.s.b.t.m.w.SpringBootMockServletContext : Initializing Spring TestDispatcherServlet ''
2022-07-13 16:17:04.159  INFO 10644 --- [main] o.s.t.web.servlet.TestDispatcherServlet  : Initializing Servlet ''
2022-07-13 16:17:04.171  INFO 10644 --- [main] o.s.t.web.servlet.TestDispatcherServlet  : Completed initialization in 12 ms
2022-07-13 16:17:04.196  INFO 10644 --- [main] DeferredRepositoryInitializationListener : Triggering deferred initialization of Spring Data repositories…
2022-07-13 16:17:05.270  INFO 10644 --- [main] DeferredRepositoryInitializationListener : Spring Data repositories initialized!
2022-07-13 16:17:05.280  INFO 10644 --- [main] f.d.A.C.PromotionControllerTests         : Started PromotionControllerTests in 5.953 seconds (JVM running for 6.995)
2022-07-13 16:17:05.642  INFO 10644 --- [SpringContextShutdownHook] j.LocalContainerEntityManagerFactoryBean : Closing JPA EntityManagerFactory for persistence unit 'default'
2022-07-13 16:17:05.644  INFO 10644 --- [SpringContextShutdownHook] o.s.s.concurrent.ThreadPoolTaskExecutor  : Shutting down ExecutorService 'applicationTaskExecutor'
2022-07-13 16:17:05.644  INFO 10644 --- [SpringContextShutdownHook] com.zaxxer.hikari.HikariDataSource       : HikariPool-1 - Shutdown initiated...
2022-07-13 16:17:05.648  INFO 10644 --- [SpringContextShutdownHook] com.zaxxer.hikari.HikariDataSource       : HikariPool-1 - Shutdown completed.
2022-07-13 16:18:37.176  INFO 16948 --- [main] f.d.A.C.PromotionControllerTests         : Starting PromotionControllerTests on HPZF17G7-QNG with PID 16948 (started by Stagiaire in C:\Users\Stagiaire\Desktop\cfa-portal-api)
2022-07-13 16:18:37.177  INFO 16948 --- [main] f.d.A.C.PromotionControllerTests         : No active profile set, falling back to default profiles: default
2022-07-13 16:18:38.305  INFO 16948 --- [main] .s.d.r.c.RepositoryConfigurationDelegate : Bootstrapping Spring Data JPA repositories in DEFERRED mode.
2022-07-13 16:18:38.541  INFO 16948 --- [main] .s.d.r.c.RepositoryConfigurationDelegate : Finished Spring Data repository scanning in 220ms. Found 36 JPA repository interfaces.
2022-07-13 16:18:39.141  INFO 16948 --- [main] o.s.s.concurrent.ThreadPoolTaskExecutor  : Initializing ExecutorService 'applicationTaskExecutor'
2022-07-13 16:18:39.226  INFO 16948 --- [task-1] o.hibernate.jpa.internal.util.LogHelper  : HHH000204: Processing PersistenceUnitInfo [name: default]
2022-07-13 16:18:39.282  INFO 16948 --- [task-1] org.hibernate.Version                    : HHH000412: Hibernate ORM core version 5.4.17.Final
2022-07-13 16:18:39.428  INFO 16948 --- [task-1] o.hibernate.annotations.common.Version   : HCANN000001: Hibernate Commons Annotations {5.1.0.Final}
2022-07-13 16:18:39.791  INFO 16948 --- [task-1] com.zaxxer.hikari.HikariDataSource       : HikariPool-1 - Starting...
2022-07-13 16:18:39.860  INFO 16948 --- [task-1] com.zaxxer.hikari.HikariDataSource       : HikariPool-1 - Start completed.
2022-07-13 16:18:39.880  INFO 16948 --- [task-1] org.hibernate.dialect.Dialect            : HHH000400: Using dialect: org.hibernate.dialect.MariaDBDialect
2022-07-13 16:18:40.233  WARN 16948 --- [main] JpaBaseConfiguration$JpaWebConfiguration : spring.jpa.open-in-view is enabled by default. Therefore, database queries may be performed during view rendering. Explicitly configure spring.jpa.open-in-view to disable this warning
2022-07-13 16:18:41.625  INFO 16948 --- [task-1] o.h.e.t.j.p.i.JtaPlatformInitiator       : HHH000490: Using JtaPlatform implementation: [org.hibernate.engine.transaction.jta.platform.internal.NoJtaPlatform]
2022-07-13 16:18:41.633  INFO 16948 --- [task-1] j.LocalContainerEntityManagerFactoryBean : Initialized JPA EntityManagerFactory for persistence unit 'default'
2022-07-13 16:18:41.833  INFO 16948 --- [main] o.s.b.t.m.w.SpringBootMockServletContext : Initializing Spring TestDispatcherServlet ''
2022-07-13 16:18:41.834  INFO 16948 --- [main] o.s.t.web.servlet.TestDispatcherServlet  : Initializing Servlet ''
2022-07-13 16:18:41.854  INFO 16948 --- [main] o.s.t.web.servlet.TestDispatcherServlet  : Completed initialization in 20 ms
2022-07-13 16:18:41.882  INFO 16948 --- [main] DeferredRepositoryInitializationListener : Triggering deferred initialization of Spring Data repositories…
2022-07-13 16:18:42.995  INFO 16948 --- [main] DeferredRepositoryInitializationListener : Spring Data repositories initialized!
2022-07-13 16:18:43.007  INFO 16948 --- [main] f.d.A.C.PromotionControllerTests         : Started PromotionControllerTests in 6.078 seconds (JVM running for 7.195)
2022-07-13 16:18:43.365  INFO 16948 --- [SpringContextShutdownHook] j.LocalContainerEntityManagerFactoryBean : Closing JPA EntityManagerFactory for persistence unit 'default'
2022-07-13 16:18:43.366  INFO 16948 --- [SpringContextShutdownHook] o.s.s.concurrent.ThreadPoolTaskExecutor  : Shutting down ExecutorService 'applicationTaskExecutor'
2022-07-13 16:18:43.367  INFO 16948 --- [SpringContextShutdownHook] com.zaxxer.hikari.HikariDataSource       : HikariPool-1 - Shutdown initiated...
2022-07-13 16:18:43.370  INFO 16948 --- [SpringContextShutdownHook] com.zaxxer.hikari.HikariDataSource       : HikariPool-1 - Shutdown completed.
2022-07-13 16:21:31.264  INFO 11256 --- [main] f.d.A.C.PromotionControllerTests         : Starting PromotionControllerTests on HPZF17G7-QNG with PID 11256 (started by Stagiaire in C:\Users\Stagiaire\Desktop\cfa-portal-api)
2022-07-13 16:21:31.265  INFO 11256 --- [main] f.d.A.C.PromotionControllerTests         : No active profile set, falling back to default profiles: default
2022-07-13 16:21:32.423  INFO 11256 --- [main] .s.d.r.c.RepositoryConfigurationDelegate : Bootstrapping Spring Data JPA repositories in DEFERRED mode.
2022-07-13 16:21:32.689  INFO 11256 --- [main] .s.d.r.c.RepositoryConfigurationDelegate : Finished Spring Data repository scanning in 247ms. Found 36 JPA repository interfaces.
2022-07-13 16:21:33.283  INFO 11256 --- [main] o.s.s.concurrent.ThreadPoolTaskExecutor  : Initializing ExecutorService 'applicationTaskExecutor'
2022-07-13 16:21:33.367  INFO 11256 --- [task-1] o.hibernate.jpa.internal.util.LogHelper  : HHH000204: Processing PersistenceUnitInfo [name: default]
2022-07-13 16:21:33.420  INFO 11256 --- [task-1] org.hibernate.Version                    : HHH000412: Hibernate ORM core version 5.4.17.Final
2022-07-13 16:21:33.569  INFO 11256 --- [task-1] o.hibernate.annotations.common.Version   : HCANN000001: Hibernate Commons Annotations {5.1.0.Final}
2022-07-13 16:21:33.905  INFO 11256 --- [task-1] com.zaxxer.hikari.HikariDataSource       : HikariPool-1 - Starting...
2022-07-13 16:21:33.998  INFO 11256 --- [task-1] com.zaxxer.hikari.HikariDataSource       : HikariPool-1 - Start completed.
2022-07-13 16:21:34.017  INFO 11256 --- [task-1] org.hibernate.dialect.Dialect            : HHH000400: Using dialect: org.hibernate.dialect.MariaDBDialect
2022-07-13 16:21:34.423  WARN 11256 --- [main] JpaBaseConfiguration$JpaWebConfiguration : spring.jpa.open-in-view is enabled by default. Therefore, database queries may be performed during view rendering. Explicitly configure spring.jpa.open-in-view to disable this warning
2022-07-13 16:21:35.769  INFO 11256 --- [task-1] o.h.e.t.j.p.i.JtaPlatformInitiator       : HHH000490: Using JtaPlatform implementation: [org.hibernate.engine.transaction.jta.platform.internal.NoJtaPlatform]
2022-07-13 16:21:35.777  INFO 11256 --- [task-1] j.LocalContainerEntityManagerFactoryBean : Initialized JPA EntityManagerFactory for persistence unit 'default'
2022-07-13 16:21:36.023  INFO 11256 --- [main] o.s.b.t.m.w.SpringBootMockServletContext : Initializing Spring TestDispatcherServlet ''
2022-07-13 16:21:36.024  INFO 11256 --- [main] o.s.t.web.servlet.TestDispatcherServlet  : Initializing Servlet ''
2022-07-13 16:21:36.035  INFO 11256 --- [main] o.s.t.web.servlet.TestDispatcherServlet  : Completed initialization in 11 ms
2022-07-13 16:21:36.056  INFO 11256 --- [main] DeferredRepositoryInitializationListener : Triggering deferred initialization of Spring Data repositories…
2022-07-13 16:21:37.173  INFO 11256 --- [main] DeferredRepositoryInitializationListener : Spring Data repositories initialized!
2022-07-13 16:21:37.184  INFO 11256 --- [main] f.d.A.C.PromotionControllerTests         : Started PromotionControllerTests in 6.181 seconds (JVM running for 7.281)
2022-07-13 16:21:37.556  INFO 11256 --- [SpringContextShutdownHook] j.LocalContainerEntityManagerFactoryBean : Closing JPA EntityManagerFactory for persistence unit 'default'
2022-07-13 16:21:37.559  INFO 11256 --- [SpringContextShutdownHook] o.s.s.concurrent.ThreadPoolTaskExecutor  : Shutting down ExecutorService 'applicationTaskExecutor'
2022-07-13 16:21:37.560  INFO 11256 --- [SpringContextShutdownHook] com.zaxxer.hikari.HikariDataSource       : HikariPool-1 - Shutdown initiated...
2022-07-13 16:21:37.564  INFO 11256 --- [SpringContextShutdownHook] com.zaxxer.hikari.HikariDataSource       : HikariPool-1 - Shutdown completed.
2022-07-13 16:28:04.227  INFO 2060 --- [main] f.d.A.C.PromotionControllerTests         : Starting PromotionControllerTests on HPZF17G7-QNG with PID 2060 (started by Stagiaire in C:\Users\Stagiaire\Desktop\cfa-portal-api)
2022-07-13 16:28:04.227  INFO 2060 --- [main] f.d.A.C.PromotionControllerTests         : No active profile set, falling back to default profiles: default
2022-07-13 16:28:05.443  INFO 2060 --- [main] .s.d.r.c.RepositoryConfigurationDelegate : Bootstrapping Spring Data JPA repositories in DEFERRED mode.
2022-07-13 16:28:05.688  INFO 2060 --- [main] .s.d.r.c.RepositoryConfigurationDelegate : Finished Spring Data repository scanning in 237ms. Found 36 JPA repository interfaces.
2022-07-13 16:28:06.602  INFO 2060 --- [main] o.s.s.concurrent.ThreadPoolTaskExecutor  : Initializing ExecutorService 'applicationTaskExecutor'
2022-07-13 16:28:06.689  INFO 2060 --- [task-1] o.hibernate.jpa.internal.util.LogHelper  : HHH000204: Processing PersistenceUnitInfo [name: default]
2022-07-13 16:28:06.744  INFO 2060 --- [task-1] org.hibernate.Version                    : HHH000412: Hibernate ORM core version 5.4.17.Final
2022-07-13 16:28:06.788  INFO 2060 --- [task-1] o.hibernate.annotations.common.Version   : HCANN000001: Hibernate Commons Annotations {5.1.0.Final}
2022-07-13 16:28:07.140  INFO 2060 --- [task-1] com.zaxxer.hikari.HikariDataSource       : HikariPool-1 - Starting...
2022-07-13 16:28:07.208  INFO 2060 --- [task-1] com.zaxxer.hikari.HikariDataSource       : HikariPool-1 - Start completed.
2022-07-13 16:28:07.231  INFO 2060 --- [task-1] org.hibernate.dialect.Dialect            : HHH000400: Using dialect: org.hibernate.dialect.MariaDBDialect
2022-07-13 16:28:07.737  WARN 2060 --- [main] JpaBaseConfiguration$JpaWebConfiguration : spring.jpa.open-in-view is enabled by default. Therefore, database queries may be performed during view rendering. Explicitly configure spring.jpa.open-in-view to disable this warning
2022-07-13 16:28:08.788  INFO 2060 --- [task-1] o.h.e.t.j.p.i.JtaPlatformInitiator       : HHH000490: Using JtaPlatform implementation: [org.hibernate.engine.transaction.jta.platform.internal.NoJtaPlatform]
2022-07-13 16:28:08.795  INFO 2060 --- [task-1] j.LocalContainerEntityManagerFactoryBean : Initialized JPA EntityManagerFactory for persistence unit 'default'
2022-07-13 16:28:09.174  INFO 2060 --- [main] o.s.b.t.m.w.SpringBootMockServletContext : Initializing Spring TestDispatcherServlet ''
2022-07-13 16:28:09.174  INFO 2060 --- [main] o.s.t.web.servlet.TestDispatcherServlet  : Initializing Servlet ''
2022-07-13 16:28:09.190  INFO 2060 --- [main] o.s.t.web.servlet.TestDispatcherServlet  : Completed initialization in 16 ms
2022-07-13 16:28:09.213  INFO 2060 --- [main] DeferredRepositoryInitializationListener : Triggering deferred initialization of Spring Data repositories…
2022-07-13 16:28:10.359  INFO 2060 --- [main] DeferredRepositoryInitializationListener : Spring Data repositories initialized!
2022-07-13 16:28:10.371  INFO 2060 --- [main] f.d.A.C.PromotionControllerTests         : Started PromotionControllerTests in 6.423 seconds (JVM running for 7.668)
2022-07-13 16:28:10.568  INFO 2060 --- [SpringContextShutdownHook] j.LocalContainerEntityManagerFactoryBean : Closing JPA EntityManagerFactory for persistence unit 'default'
2022-07-13 16:28:10.570  INFO 2060 --- [SpringContextShutdownHook] o.s.s.concurrent.ThreadPoolTaskExecutor  : Shutting down ExecutorService 'applicationTaskExecutor'
2022-07-13 16:28:10.571  INFO 2060 --- [SpringContextShutdownHook] com.zaxxer.hikari.HikariDataSource       : HikariPool-1 - Shutdown initiated...
2022-07-13 16:28:10.574  INFO 2060 --- [SpringContextShutdownHook] com.zaxxer.hikari.HikariDataSource       : HikariPool-1 - Shutdown completed.
2022-07-13 16:29:21.098  INFO 10816 --- [main] f.d.A.C.PromotionControllerTests         : Starting PromotionControllerTests on HPZF17G7-QNG with PID 10816 (started by Stagiaire in C:\Users\Stagiaire\Desktop\cfa-portal-api)
2022-07-13 16:29:21.100  INFO 10816 --- [main] f.d.A.C.PromotionControllerTests         : No active profile set, falling back to default profiles: default
2022-07-13 16:29:22.311  INFO 10816 --- [main] .s.d.r.c.RepositoryConfigurationDelegate : Bootstrapping Spring Data JPA repositories in DEFERRED mode.
2022-07-13 16:29:22.580  INFO 10816 --- [main] .s.d.r.c.RepositoryConfigurationDelegate : Finished Spring Data repository scanning in 262ms. Found 36 JPA repository interfaces.
2022-07-13 16:29:23.477  INFO 10816 --- [main] o.s.s.concurrent.ThreadPoolTaskExecutor  : Initializing ExecutorService 'applicationTaskExecutor'
2022-07-13 16:29:23.572  INFO 10816 --- [task-1] o.hibernate.jpa.internal.util.LogHelper  : HHH000204: Processing PersistenceUnitInfo [name: default]
2022-07-13 16:29:23.621  INFO 10816 --- [task-1] org.hibernate.Version                    : HHH000412: Hibernate ORM core version 5.4.17.Final
2022-07-13 16:29:23.661  INFO 10816 --- [task-1] o.hibernate.annotations.common.Version   : HCANN000001: Hibernate Commons Annotations {5.1.0.Final}
2022-07-13 16:29:24.015  INFO 10816 --- [task-1] com.zaxxer.hikari.HikariDataSource       : HikariPool-1 - Starting...
2022-07-13 16:29:24.098  INFO 10816 --- [task-1] com.zaxxer.hikari.HikariDataSource       : HikariPool-1 - Start completed.
2022-07-13 16:29:24.118  INFO 10816 --- [task-1] org.hibernate.dialect.Dialect            : HHH000400: Using dialect: org.hibernate.dialect.MariaDBDialect
2022-07-13 16:29:24.617  WARN 10816 --- [main] JpaBaseConfiguration$JpaWebConfiguration : spring.jpa.open-in-view is enabled by default. Therefore, database queries may be performed during view rendering. Explicitly configure spring.jpa.open-in-view to disable this warning
2022-07-13 16:29:25.758  INFO 10816 --- [task-1] o.h.e.t.j.p.i.JtaPlatformInitiator       : HHH000490: Using JtaPlatform implementation: [org.hibernate.engine.transaction.jta.platform.internal.NoJtaPlatform]
2022-07-13 16:29:25.765  INFO 10816 --- [task-1] j.LocalContainerEntityManagerFactoryBean : Initialized JPA EntityManagerFactory for persistence unit 'default'
2022-07-13 16:29:26.200  INFO 10816 --- [main] o.s.b.t.m.w.SpringBootMockServletContext : Initializing Spring TestDispatcherServlet ''
2022-07-13 16:29:26.200  INFO 10816 --- [main] o.s.t.web.servlet.TestDispatcherServlet  : Initializing Servlet ''
2022-07-13 16:29:26.214  INFO 10816 --- [main] o.s.t.web.servlet.TestDispatcherServlet  : Completed initialization in 13 ms
2022-07-13 16:29:26.239  INFO 10816 --- [main] DeferredRepositoryInitializationListener : Triggering deferred initialization of Spring Data repositories…
2022-07-13 16:29:27.345  INFO 10816 --- [main] DeferredRepositoryInitializationListener : Spring Data repositories initialized!
2022-07-13 16:29:27.357  INFO 10816 --- [main] f.d.A.C.PromotionControllerTests         : Started PromotionControllerTests in 6.518 seconds (JVM running for 7.61)
2022-07-13 16:29:27.624  INFO 10816 --- [SpringContextShutdownHook] j.LocalContainerEntityManagerFactoryBean : Closing JPA EntityManagerFactory for persistence unit 'default'
2022-07-13 16:29:27.626  INFO 10816 --- [SpringContextShutdownHook] o.s.s.concurrent.ThreadPoolTaskExecutor  : Shutting down ExecutorService 'applicationTaskExecutor'
2022-07-13 16:29:27.627  INFO 10816 --- [SpringContextShutdownHook] com.zaxxer.hikari.HikariDataSource       : HikariPool-1 - Shutdown initiated...
2022-07-13 16:29:27.632  INFO 10816 --- [SpringContextShutdownHook] com.zaxxer.hikari.HikariDataSource       : HikariPool-1 - Shutdown completed.
2022-07-13 16:30:16.810  INFO 19656 --- [main] f.d.A.C.PromotionControllerTests         : Starting PromotionControllerTests on HPZF17G7-QNG with PID 19656 (started by Stagiaire in C:\Users\Stagiaire\Desktop\cfa-portal-api)
2022-07-13 16:30:16.812  INFO 19656 --- [main] f.d.A.C.PromotionControllerTests         : No active profile set, falling back to default profiles: default
2022-07-13 16:30:18.043  INFO 19656 --- [main] .s.d.r.c.RepositoryConfigurationDelegate : Bootstrapping Spring Data JPA repositories in DEFERRED mode.
2022-07-13 16:30:18.305  INFO 19656 --- [main] .s.d.r.c.RepositoryConfigurationDelegate : Finished Spring Data repository scanning in 254ms. Found 36 JPA repository interfaces.
2022-07-13 16:30:19.218  INFO 19656 --- [main] o.s.s.concurrent.ThreadPoolTaskExecutor  : Initializing ExecutorService 'applicationTaskExecutor'
2022-07-13 16:30:19.313  INFO 19656 --- [task-1] o.hibernate.jpa.internal.util.LogHelper  : HHH000204: Processing PersistenceUnitInfo [name: default]
2022-07-13 16:30:19.367  INFO 19656 --- [task-1] org.hibernate.Version                    : HHH000412: Hibernate ORM core version 5.4.17.Final
2022-07-13 16:30:19.414  INFO 19656 --- [task-1] o.hibernate.annotations.common.Version   : HCANN000001: Hibernate Commons Annotations {5.1.0.Final}
2022-07-13 16:30:19.767  INFO 19656 --- [task-1] com.zaxxer.hikari.HikariDataSource       : HikariPool-1 - Starting...
2022-07-13 16:30:19.845  INFO 19656 --- [task-1] com.zaxxer.hikari.HikariDataSource       : HikariPool-1 - Start completed.
2022-07-13 16:30:19.864  INFO 19656 --- [task-1] org.hibernate.dialect.Dialect            : HHH000400: Using dialect: org.hibernate.dialect.MariaDBDialect
2022-07-13 16:30:20.356  WARN 19656 --- [main] JpaBaseConfiguration$JpaWebConfiguration : spring.jpa.open-in-view is enabled by default. Therefore, database queries may be performed during view rendering. Explicitly configure spring.jpa.open-in-view to disable this warning
2022-07-13 16:30:21.483  INFO 19656 --- [task-1] o.h.e.t.j.p.i.JtaPlatformInitiator       : HHH000490: Using JtaPlatform implementation: [org.hibernate.engine.transaction.jta.platform.internal.NoJtaPlatform]
2022-07-13 16:30:21.490  INFO 19656 --- [task-1] j.LocalContainerEntityManagerFactoryBean : Initialized JPA EntityManagerFactory for persistence unit 'default'
2022-07-13 16:30:21.953  INFO 19656 --- [main] o.s.b.t.m.w.SpringBootMockServletContext : Initializing Spring TestDispatcherServlet ''
2022-07-13 16:30:21.953  INFO 19656 --- [main] o.s.t.web.servlet.TestDispatcherServlet  : Initializing Servlet ''
2022-07-13 16:30:21.970  INFO 19656 --- [main] o.s.t.web.servlet.TestDispatcherServlet  : Completed initialization in 17 ms
2022-07-13 16:30:21.992  INFO 19656 --- [main] DeferredRepositoryInitializationListener : Triggering deferred initialization of Spring Data repositories…
2022-07-13 16:30:23.094  INFO 19656 --- [main] DeferredRepositoryInitializationListener : Spring Data repositories initialized!
2022-07-13 16:30:23.104  INFO 19656 --- [main] f.d.A.C.PromotionControllerTests         : Started PromotionControllerTests in 6.559 seconds (JVM running for 7.637)
2022-07-13 16:30:23.371  INFO 19656 --- [SpringContextShutdownHook] j.LocalContainerEntityManagerFactoryBean : Closing JPA EntityManagerFactory for persistence unit 'default'
2022-07-13 16:30:23.375  INFO 19656 --- [SpringContextShutdownHook] o.s.s.concurrent.ThreadPoolTaskExecutor  : Shutting down ExecutorService 'applicationTaskExecutor'
2022-07-13 16:30:23.375  INFO 19656 --- [SpringContextShutdownHook] com.zaxxer.hikari.HikariDataSource       : HikariPool-1 - Shutdown initiated...
2022-07-13 16:30:23.380  INFO 19656 --- [SpringContextShutdownHook] com.zaxxer.hikari.HikariDataSource       : HikariPool-1 - Shutdown completed.
2022-07-13 16:34:22.699  INFO 2064 --- [main] f.d.A.C.PromotionControllerTests         : Starting PromotionControllerTests on HPZF17G7-QNG with PID 2064 (started by Stagiaire in C:\Users\Stagiaire\Desktop\cfa-portal-api)
2022-07-13 16:34:22.700  INFO 2064 --- [main] f.d.A.C.PromotionControllerTests         : No active profile set, falling back to default profiles: default
2022-07-13 16:34:23.929  INFO 2064 --- [main] .s.d.r.c.RepositoryConfigurationDelegate : Bootstrapping Spring Data JPA repositories in DEFERRED mode.
2022-07-13 16:34:24.194  INFO 2064 --- [main] .s.d.r.c.RepositoryConfigurationDelegate : Finished Spring Data repository scanning in 252ms. Found 36 JPA repository interfaces.
2022-07-13 16:34:25.099  INFO 2064 --- [main] o.s.s.concurrent.ThreadPoolTaskExecutor  : Initializing ExecutorService 'applicationTaskExecutor'
2022-07-13 16:34:25.194  INFO 2064 --- [task-1] o.hibernate.jpa.internal.util.LogHelper  : HHH000204: Processing PersistenceUnitInfo [name: default]
2022-07-13 16:34:25.252  INFO 2064 --- [task-1] org.hibernate.Version                    : HHH000412: Hibernate ORM core version 5.4.17.Final
2022-07-13 16:34:25.294  INFO 2064 --- [task-1] o.hibernate.annotations.common.Version   : HCANN000001: Hibernate Commons Annotations {5.1.0.Final}
2022-07-13 16:34:25.647  INFO 2064 --- [task-1] com.zaxxer.hikari.HikariDataSource       : HikariPool-1 - Starting...
2022-07-13 16:34:25.724  INFO 2064 --- [task-1] com.zaxxer.hikari.HikariDataSource       : HikariPool-1 - Start completed.
2022-07-13 16:34:25.743  INFO 2064 --- [task-1] org.hibernate.dialect.Dialect            : HHH000400: Using dialect: org.hibernate.dialect.MariaDBDialect
2022-07-13 16:34:26.242  WARN 2064 --- [main] JpaBaseConfiguration$JpaWebConfiguration : spring.jpa.open-in-view is enabled by default. Therefore, database queries may be performed during view rendering. Explicitly configure spring.jpa.open-in-view to disable this warning
2022-07-13 16:34:27.382  INFO 2064 --- [task-1] o.h.e.t.j.p.i.JtaPlatformInitiator       : HHH000490: Using JtaPlatform implementation: [org.hibernate.engine.transaction.jta.platform.internal.NoJtaPlatform]
2022-07-13 16:34:27.389  INFO 2064 --- [task-1] j.LocalContainerEntityManagerFactoryBean : Initialized JPA EntityManagerFactory for persistence unit 'default'
2022-07-13 16:34:27.810  INFO 2064 --- [main] o.s.b.t.m.w.SpringBootMockServletContext : Initializing Spring TestDispatcherServlet ''
2022-07-13 16:34:27.810  INFO 2064 --- [main] o.s.t.web.servlet.TestDispatcherServlet  : Initializing Servlet ''
2022-07-13 16:34:27.822  INFO 2064 --- [main] o.s.t.web.servlet.TestDispatcherServlet  : Completed initialization in 11 ms
2022-07-13 16:34:27.854  INFO 2064 --- [main] DeferredRepositoryInitializationListener : Triggering deferred initialization of Spring Data repositories…
2022-07-13 16:34:28.978  INFO 2064 --- [main] DeferredRepositoryInitializationListener : Spring Data repositories initialized!
2022-07-13 16:34:28.989  INFO 2064 --- [main] f.d.A.C.PromotionControllerTests         : Started PromotionControllerTests in 6.562 seconds (JVM running for 7.678)
2022-07-13 16:34:29.261  INFO 2064 --- [SpringContextShutdownHook] j.LocalContainerEntityManagerFactoryBean : Closing JPA EntityManagerFactory for persistence unit 'default'
2022-07-13 16:34:29.264  INFO 2064 --- [SpringContextShutdownHook] o.s.s.concurrent.ThreadPoolTaskExecutor  : Shutting down ExecutorService 'applicationTaskExecutor'
2022-07-13 16:34:29.265  INFO 2064 --- [SpringContextShutdownHook] com.zaxxer.hikari.HikariDataSource       : HikariPool-1 - Shutdown initiated...
2022-07-13 16:34:29.269  INFO 2064 --- [SpringContextShutdownHook] com.zaxxer.hikari.HikariDataSource       : HikariPool-1 - Shutdown completed.
2022-07-13 16:36:05.283  INFO 17712 --- [main] f.d.A.C.PromotionControllerTests         : Starting PromotionControllerTests on HPZF17G7-QNG with PID 17712 (started by Stagiaire in C:\Users\Stagiaire\Desktop\cfa-portal-api)
2022-07-13 16:36:05.284  INFO 17712 --- [main] f.d.A.C.PromotionControllerTests         : No active profile set, falling back to default profiles: default
2022-07-13 16:36:06.427  INFO 17712 --- [main] .s.d.r.c.RepositoryConfigurationDelegate : Bootstrapping Spring Data JPA repositories in DEFERRED mode.
2022-07-13 16:36:06.727  INFO 17712 --- [main] .s.d.r.c.RepositoryConfigurationDelegate : Finished Spring Data repository scanning in 284ms. Found 36 JPA repository interfaces.
2022-07-13 16:36:07.654  INFO 17712 --- [main] o.s.s.concurrent.ThreadPoolTaskExecutor  : Initializing ExecutorService 'applicationTaskExecutor'
2022-07-13 16:36:07.740  INFO 17712 --- [task-1] o.hibernate.jpa.internal.util.LogHelper  : HHH000204: Processing PersistenceUnitInfo [name: default]
2022-07-13 16:36:07.792  INFO 17712 --- [task-1] org.hibernate.Version                    : HHH000412: Hibernate ORM core version 5.4.17.Final
2022-07-13 16:36:07.836  INFO 17712 --- [task-1] o.hibernate.annotations.common.Version   : HCANN000001: Hibernate Commons Annotations {5.1.0.Final}
2022-07-13 16:36:08.197  INFO 17712 --- [task-1] com.zaxxer.hikari.HikariDataSource       : HikariPool-1 - Starting...
2022-07-13 16:36:08.269  INFO 17712 --- [task-1] com.zaxxer.hikari.HikariDataSource       : HikariPool-1 - Start completed.
2022-07-13 16:36:08.286  INFO 17712 --- [task-1] org.hibernate.dialect.Dialect            : HHH000400: Using dialect: org.hibernate.dialect.MariaDBDialect
2022-07-13 16:36:08.756  WARN 17712 --- [main] JpaBaseConfiguration$JpaWebConfiguration : spring.jpa.open-in-view is enabled by default. Therefore, database queries may be performed during view rendering. Explicitly configure spring.jpa.open-in-view to disable this warning
2022-07-13 16:36:09.860  INFO 17712 --- [task-1] o.h.e.t.j.p.i.JtaPlatformInitiator       : HHH000490: Using JtaPlatform implementation: [org.hibernate.engine.transaction.jta.platform.internal.NoJtaPlatform]
2022-07-13 16:36:09.867  INFO 17712 --- [task-1] j.LocalContainerEntityManagerFactoryBean : Initialized JPA EntityManagerFactory for persistence unit 'default'
2022-07-13 16:36:10.263  INFO 17712 --- [main] o.s.b.t.m.w.SpringBootMockServletContext : Initializing Spring TestDispatcherServlet ''
2022-07-13 16:36:10.263  INFO 17712 --- [main] o.s.t.web.servlet.TestDispatcherServlet  : Initializing Servlet ''
2022-07-13 16:36:10.278  INFO 17712 --- [main] o.s.t.web.servlet.TestDispatcherServlet  : Completed initialization in 14 ms
2022-07-13 16:36:10.307  INFO 17712 --- [main] DeferredRepositoryInitializationListener : Triggering deferred initialization of Spring Data repositories…
2022-07-13 16:36:11.444  INFO 17712 --- [main] DeferredRepositoryInitializationListener : Spring Data repositories initialized!
2022-07-13 16:36:11.455  INFO 17712 --- [main] f.d.A.C.PromotionControllerTests         : Started PromotionControllerTests in 6.433 seconds (JVM running for 7.49)
2022-07-13 16:36:11.701  INFO 17712 --- [SpringContextShutdownHook] j.LocalContainerEntityManagerFactoryBean : Closing JPA EntityManagerFactory for persistence unit 'default'
2022-07-13 16:36:11.703  INFO 17712 --- [SpringContextShutdownHook] o.s.s.concurrent.ThreadPoolTaskExecutor  : Shutting down ExecutorService 'applicationTaskExecutor'
2022-07-13 16:36:11.704  INFO 17712 --- [SpringContextShutdownHook] com.zaxxer.hikari.HikariDataSource       : HikariPool-1 - Shutdown initiated...
2022-07-13 16:36:11.708  INFO 17712 --- [SpringContextShutdownHook] com.zaxxer.hikari.HikariDataSource       : HikariPool-1 - Shutdown completed.
2022-07-13 17:00:01.224  INFO 5440 --- [SpringContextShutdownHook] j.LocalContainerEntityManagerFactoryBean : Closing JPA EntityManagerFactory for persistence unit 'default'
2022-07-13 17:00:01.237  INFO 5440 --- [SpringContextShutdownHook] o.s.s.concurrent.ThreadPoolTaskExecutor  : Shutting down ExecutorService 'applicationTaskExecutor'
2022-07-13 17:00:01.239  INFO 5440 --- [SpringContextShutdownHook] com.zaxxer.hikari.HikariDataSource       : HikariPool-1 - Shutdown initiated...
2022-07-13 17:00:01.244  INFO 5440 --- [SpringContextShutdownHook] com.zaxxer.hikari.HikariDataSource       : HikariPool-1 - Shutdown completed.
