2022-11-22 09:07:10.185  WARN 11564 --- [HikariPool-1 housekeeper] com.zaxxer.hikari.pool.HikariPool        : HikariPool-1 - Thread starvation or clock leap detected (housekeeper delta=10h39m16s593ms630µs300ns).
2022-11-22 09:20:47.207  INFO 11564 --- [RMI TCP Connection(479)-127.0.0.1] inMXBeanRegistrar$SpringApplicationAdmin : Application shutdown requested.
2022-11-22 09:20:47.651  INFO 11564 --- [RMI TCP Connection(479)-127.0.0.1] j.LocalContainerEntityManagerFactoryBean : Closing JPA EntityManagerFactory for persistence unit 'default'
2022-11-22 09:20:47.653  INFO 11564 --- [RMI TCP Connection(479)-127.0.0.1] o.s.s.concurrent.ThreadPoolTaskExecutor  : Shutting down ExecutorService 'applicationTaskExecutor'
2022-11-22 09:20:47.654  INFO 11564 --- [RMI TCP Connection(479)-127.0.0.1] com.zaxxer.hikari.HikariDataSource       : HikariPool-1 - Shutdown initiated...
2022-11-22 09:20:47.660  INFO 11564 --- [RMI TCP Connection(479)-127.0.0.1] com.zaxxer.hikari.HikariDataSource       : HikariPool-1 - Shutdown completed.
2022-11-22 09:20:51.998  INFO 24280 --- [main] f.d.A.AppliCfaBackApplication            : Starting AppliCfaBackApplication on P7730-69C6 with PID 24280 (C:\CODE BACK\cfa-portal-api\target\classes started by Admin-Stagiaire in C:\CODE BACK\cfa-portal-api)
2022-11-22 09:20:52.001  INFO 24280 --- [main] f.d.A.AppliCfaBackApplication            : No active profile set, falling back to default profiles: default
2022-11-22 09:20:53.465  INFO 24280 --- [main] .s.d.r.c.RepositoryConfigurationDelegate : Bootstrapping Spring Data JPA repositories in DEFERRED mode.
2022-11-22 09:20:53.723  INFO 24280 --- [main] .s.d.r.c.RepositoryConfigurationDelegate : Finished Spring Data repository scanning in 250ms. Found 36 JPA repository interfaces.
2022-11-22 09:20:54.323  INFO 24280 --- [main] o.s.b.w.embedded.tomcat.TomcatWebServer  : Tomcat initialized with port(s): 8080 (http)
2022-11-22 09:20:54.372  INFO 24280 --- [main] o.apache.catalina.core.StandardService   : Starting service [Tomcat]
2022-11-22 09:20:54.372  INFO 24280 --- [main] org.apache.catalina.core.StandardEngine  : Starting Servlet engine: [Apache Tomcat/9.0.36]
2022-11-22 09:20:54.527  INFO 24280 --- [main] o.a.c.c.C.[Tomcat].[localhost].[/]       : Initializing Spring embedded WebApplicationContext
2022-11-22 09:20:54.527  INFO 24280 --- [main] w.s.c.ServletWebServerApplicationContext : Root WebApplicationContext: initialization completed in 2488 ms
2022-11-22 09:20:54.840  INFO 24280 --- [main] o.s.s.concurrent.ThreadPoolTaskExecutor  : Initializing ExecutorService 'applicationTaskExecutor'
2022-11-22 09:20:54.921  INFO 24280 --- [task-1] o.hibernate.jpa.internal.util.LogHelper  : HHH000204: Processing PersistenceUnitInfo [name: default]
2022-11-22 09:20:54.993  INFO 24280 --- [task-1] org.hibernate.Version                    : HHH000412: Hibernate ORM core version 5.4.17.Final
2022-11-22 09:20:55.226  INFO 24280 --- [task-1] o.hibernate.annotations.common.Version   : HCANN000001: Hibernate Commons Annotations {5.1.0.Final}
2022-11-22 09:20:55.355  INFO 24280 --- [task-1] com.zaxxer.hikari.HikariDataSource       : HikariPool-1 - Starting...
2022-11-22 09:20:55.457  INFO 24280 --- [task-1] com.zaxxer.hikari.HikariDataSource       : HikariPool-1 - Start completed.
2022-11-22 09:20:55.486  INFO 24280 --- [task-1] org.hibernate.dialect.Dialect            : HHH000400: Using dialect: org.hibernate.dialect.MariaDBDialect
2022-11-22 09:20:55.635  WARN 24280 --- [main] JpaBaseConfiguration$JpaWebConfiguration : spring.jpa.open-in-view is enabled by default. Therefore, database queries may be performed during view rendering. Explicitly configure spring.jpa.open-in-view to disable this warning
2022-11-22 09:20:57.317  INFO 24280 --- [task-1] o.h.e.t.j.p.i.JtaPlatformInitiator       : HHH000490: Using JtaPlatform implementation: [org.hibernate.engine.transaction.jta.platform.internal.NoJtaPlatform]
2022-11-22 09:20:57.324  INFO 24280 --- [task-1] j.LocalContainerEntityManagerFactoryBean : Initialized JPA EntityManagerFactory for persistence unit 'default'
2022-11-22 09:20:57.384  INFO 24280 --- [RMI TCP Connection(3)-127.0.0.1] o.a.c.c.C.[Tomcat].[localhost].[/]       : Initializing Spring DispatcherServlet 'dispatcherServlet'
2022-11-22 09:20:57.384  INFO 24280 --- [RMI TCP Connection(3)-127.0.0.1] o.s.web.servlet.DispatcherServlet        : Initializing Servlet 'dispatcherServlet'
2022-11-22 09:20:57.391  INFO 24280 --- [RMI TCP Connection(3)-127.0.0.1] o.s.web.servlet.DispatcherServlet        : Completed initialization in 7 ms
2022-11-22 09:20:57.423  INFO 24280 --- [main] o.s.b.w.embedded.tomcat.TomcatWebServer  : Tomcat started on port(s): 8080 (http) with context path ''
2022-11-22 09:20:57.494  INFO 24280 --- [main] o.s.b.w.embedded.tomcat.TomcatWebServer  : Tomcat initialized with port(s): 8086 (http)
2022-11-22 09:20:57.495  INFO 24280 --- [main] o.apache.catalina.core.StandardService   : Starting service [Tomcat]
2022-11-22 09:20:57.495  INFO 24280 --- [main] org.apache.catalina.core.StandardEngine  : Starting Servlet engine: [Apache Tomcat/9.0.36]
2022-11-22 09:20:57.517  INFO 24280 --- [main] o.a.c.c.C.[Tomcat-1].[localhost].[/]     : Initializing Spring embedded WebApplicationContext
2022-11-22 09:20:57.517  INFO 24280 --- [main] w.s.c.ServletWebServerApplicationContext : Root WebApplicationContext: initialization completed in 90 ms
2022-11-22 09:20:57.526  INFO 24280 --- [main] o.s.b.a.e.web.EndpointLinksResolver      : Exposing 14 endpoint(s) beneath base path '/actuator'
2022-11-22 09:20:57.719  INFO 24280 --- [main] o.s.b.w.embedded.tomcat.TomcatWebServer  : Tomcat started on port(s): 8086 (http) with context path ''
2022-11-22 09:20:57.720  INFO 24280 --- [main] DeferredRepositoryInitializationListener : Triggering deferred initialization of Spring Data repositories…
2022-11-22 09:20:58.775  INFO 24280 --- [main] DeferredRepositoryInitializationListener : Spring Data repositories initialized!
2022-11-22 09:20:58.777  INFO 24280 --- [main] DeferredRepositoryInitializationListener : Triggering deferred initialization of Spring Data repositories…
2022-11-22 09:20:58.777  INFO 24280 --- [main] DeferredRepositoryInitializationListener : Spring Data repositories initialized!
2022-11-22 09:20:58.778  INFO 24280 --- [main] f.d.A.AppliCfaBackApplication            : Started AppliCfaBackApplication in 7.086 seconds (JVM running for 7.989)
